[9.747s] Invoking command in '/home/info/ros2_ws/src/tp_turtle_regulation_Emie/turtle_regulation': DEBUGINFOD_URLS=https://debuginfod.ubuntu.com PYTHONPATH=/home/info/ros2_ws/build/turtle_regulation/prefix_override:/usr/lib/python3/dist-packages/colcon_core/task/python/colcon_distutils_commands:/home/info/ros2_ws/install/turtle_regulation/lib/python3.12/site-packages:${PYTHONPATH} /usr/bin/python3 -W ignore:setup.py install is deprecated -W ignore:easy_install command is deprecated setup.py egg_info --egg-base ../../../build/turtle_regulation build --build-base /home/info/ros2_ws/build/turtle_regulation/build install --record /home/info/ros2_ws/build/turtle_regulation/install.log --single-version-externally-managed install_data
[10.696s] running egg_info
[10.737s] writing ../../../build/turtle_regulation/turtle_regulation.egg-info/PKG-INFO
[10.737s] writing dependency_links to ../../../build/turtle_regulation/turtle_regulation.egg-info/dependency_links.txt
[10.738s] writing entry points to ../../../build/turtle_regulation/turtle_regulation.egg-info/entry_points.txt
[10.738s] writing requirements to ../../../build/turtle_regulation/turtle_regulation.egg-info/requires.txt
[10.738s] writing top-level names to ../../../build/turtle_regulation/turtle_regulation.egg-info/top_level.txt
[10.826s] reading manifest file '../../../build/turtle_regulation/turtle_regulation.egg-info/SOURCES.txt'
[10.826s] writing manifest file '../../../build/turtle_regulation/turtle_regulation.egg-info/SOURCES.txt'
[10.827s] running build
[10.827s] running build_py
[10.828s] copying turtle_regulation/set_way_point.py -> /home/info/ros2_ws/build/turtle_regulation/build/lib/turtle_regulation
[10.828s] running install
[10.843s] running install_lib
[10.890s] copying /home/info/ros2_ws/build/turtle_regulation/build/lib/turtle_regulation/set_way_point.py -> /home/info/ros2_ws/install/turtle_regulation/lib/python3.12/site-packages/turtle_regulation
[10.891s] byte-compiling /home/info/ros2_ws/install/turtle_regulation/lib/python3.12/site-packages/turtle_regulation/set_way_point.py to set_way_point.cpython-312.pyc
[10.891s] running install_data
[10.892s] running install_egg_info
[10.936s] removing '/home/info/ros2_ws/install/turtle_regulation/lib/python3.12/site-packages/turtle_regulation-0.0.0-py3.12.egg-info' (and everything under it)
[10.936s] Copying ../../../build/turtle_regulation/turtle_regulation.egg-info to /home/info/ros2_ws/install/turtle_regulation/lib/python3.12/site-packages/turtle_regulation-0.0.0-py3.12.egg-info
[10.939s] running install_scripts
[11.413s] Installing set_way_point script to /home/info/ros2_ws/install/turtle_regulation/lib/turtle_regulation
[11.414s] writing list of installed files to '/home/info/ros2_ws/build/turtle_regulation/install.log'
[11.465s] Invoked command in '/home/info/ros2_ws/src/tp_turtle_regulation_Emie/turtle_regulation' returned '0': DEBUGINFOD_URLS=https://debuginfod.ubuntu.com PYTHONPATH=/home/info/ros2_ws/build/turtle_regulation/prefix_override:/usr/lib/python3/dist-packages/colcon_core/task/python/colcon_distutils_commands:/home/info/ros2_ws/install/turtle_regulation/lib/python3.12/site-packages:${PYTHONPATH} /usr/bin/python3 -W ignore:setup.py install is deprecated -W ignore:easy_install command is deprecated setup.py egg_info --egg-base ../../../build/turtle_regulation build --build-base /home/info/ros2_ws/build/turtle_regulation/build install --record /home/info/ros2_ws/build/turtle_regulation/install.log --single-version-externally-managed install_data
