[2.882s] Invoking command in '/home/info/ros2_ws/src/ros2_tutorial/my_py_pkg': DEBUGINFOD_URLS=https://debuginfod.ubuntu.com PYTHONPATH=/home/info/ros2_ws/build/my_py_pkg/prefix_override:/usr/lib/python3/dist-packages/colcon_core/task/python/colcon_distutils_commands:/home/info/ros2_ws/install/my_py_pkg/lib/python3.12/site-packages:/home/info/ros2_ws/install/my_custom_interfaces/lib/python3.12/site-packages:/home/info/ros2_ws/install/turtle_regulation/lib/python3.12/site-packages:/home/info/ros2_ws/install/my_service_pkg/lib/python3.12/site-packages:/home/info/ros2_ws/install/my_py_pkg/lib/python3.12/site-packages:/home/info/ros2_ws/install/move_turtle/lib/python3.12/site-packages:/home/info/ros2_ws/install/move_pose/lib/python3.12/site-packages:/opt/ros/jazzy/lib/python3.12/site-packages /usr/bin/python3 -W ignore:setup.py install is deprecated -W ignore:easy_install command is deprecated setup.py egg_info --egg-base ../../../build/my_py_pkg build --build-base /home/info/ros2_ws/build/my_py_pkg/build install --record /home/info/ros2_ws/build/my_py_pkg/install.log --single-version-externally-managed install_data
[3.663s] running egg_info
[3.699s] writing ../../../build/my_py_pkg/my_py_pkg.egg-info/PKG-INFO
[3.700s] writing dependency_links to ../../../build/my_py_pkg/my_py_pkg.egg-info/dependency_links.txt
[3.701s] writing entry points to ../../../build/my_py_pkg/my_py_pkg.egg-info/entry_points.txt
[3.701s] writing requirements to ../../../build/my_py_pkg/my_py_pkg.egg-info/requires.txt
[3.701s] writing top-level names to ../../../build/my_py_pkg/my_py_pkg.egg-info/top_level.txt
[3.790s] reading manifest file '../../../build/my_py_pkg/my_py_pkg.egg-info/SOURCES.txt'
[3.791s] writing manifest file '../../../build/my_py_pkg/my_py_pkg.egg-info/SOURCES.txt'
[3.791s] running build
[3.792s] running build_py
[3.793s] running install
[3.806s] running install_lib
[3.847s] running install_data
[3.847s] running install_egg_info
[3.887s] removing '/home/info/ros2_ws/install/my_py_pkg/lib/python3.12/site-packages/my_py_pkg-0.0.0-py3.12.egg-info' (and everything under it)
[3.888s] Copying ../../../build/my_py_pkg/my_py_pkg.egg-info to /home/info/ros2_ws/install/my_py_pkg/lib/python3.12/site-packages/my_py_pkg-0.0.0-py3.12.egg-info
[3.890s] running install_scripts
[4.198s] Installing first_node script to /home/info/ros2_ws/install/my_py_pkg/lib/my_py_pkg
[4.198s] Installing first_oop_node script to /home/info/ros2_ws/install/my_py_pkg/lib/my_py_pkg
[4.198s] Installing first_pub_node script to /home/info/ros2_ws/install/my_py_pkg/lib/my_py_pkg
[4.199s] Installing first_sub_node script to /home/info/ros2_ws/install/my_py_pkg/lib/my_py_pkg
[4.199s] Installing second_pub_node script to /home/info/ros2_ws/install/my_py_pkg/lib/my_py_pkg
[4.200s] writing list of installed files to '/home/info/ros2_ws/build/my_py_pkg/install.log'
[4.238s] Invoked command in '/home/info/ros2_ws/src/ros2_tutorial/my_py_pkg' returned '0': DEBUGINFOD_URLS=https://debuginfod.ubuntu.com PYTHONPATH=/home/info/ros2_ws/build/my_py_pkg/prefix_override:/usr/lib/python3/dist-packages/colcon_core/task/python/colcon_distutils_commands:/home/info/ros2_ws/install/my_py_pkg/lib/python3.12/site-packages:/home/info/ros2_ws/install/my_custom_interfaces/lib/python3.12/site-packages:/home/info/ros2_ws/install/turtle_regulation/lib/python3.12/site-packages:/home/info/ros2_ws/install/my_service_pkg/lib/python3.12/site-packages:/home/info/ros2_ws/install/my_py_pkg/lib/python3.12/site-packages:/home/info/ros2_ws/install/move_turtle/lib/python3.12/site-packages:/home/info/ros2_ws/install/move_pose/lib/python3.12/site-packages:/opt/ros/jazzy/lib/python3.12/site-packages /usr/bin/python3 -W ignore:setup.py install is deprecated -W ignore:easy_install command is deprecated setup.py egg_info --egg-base ../../../build/my_py_pkg build --build-base /home/info/ros2_ws/build/my_py_pkg/build install --record /home/info/ros2_ws/build/my_py_pkg/install.log --single-version-externally-managed install_data
