[3.410s] Invoking command in '/home/info/ros2_ws/src/ros2_tutorial/my_py_pkg': DEBUGINFOD_URLS=https://debuginfod.ubuntu.com PYTHONPATH=/home/info/ros2_ws/build/my_py_pkg/prefix_override:/usr/lib/python3/dist-packages/colcon_core/task/python/colcon_distutils_commands:/home/info/ros2_ws/install/my_py_pkg/lib/python3.12/site-packages:/home/info/ros2_ws/install/my_custom_interfaces/lib/python3.12/site-packages:/home/info/ros2_ws/install/turtle_regulation/lib/python3.12/site-packages:/home/info/ros2_ws/install/my_service_pkg/lib/python3.12/site-packages:/home/info/ros2_ws/install/my_py_pkg/lib/python3.12/site-packages:/home/info/ros2_ws/install/move_turtle/lib/python3.12/site-packages:/home/info/ros2_ws/install/move_pose/lib/python3.12/site-packages:/opt/ros/jazzy/lib/python3.12/site-packages /usr/bin/python3 -W ignore:setup.py install is deprecated -W ignore:easy_install command is deprecated setup.py egg_info --egg-base ../../../build/my_py_pkg build --build-base /home/info/ros2_ws/build/my_py_pkg/build install --record /home/info/ros2_ws/build/my_py_pkg/install.log --single-version-externally-managed install_data
[4.196s] running egg_info
[4.236s] writing ../../../build/my_py_pkg/my_py_pkg.egg-info/PKG-INFO
[4.236s] writing dependency_links to ../../../build/my_py_pkg/my_py_pkg.egg-info/dependency_links.txt
[4.236s] writing entry points to ../../../build/my_py_pkg/my_py_pkg.egg-info/entry_points.txt
[4.237s] writing requirements to ../../../build/my_py_pkg/my_py_pkg.egg-info/requires.txt
[4.237s] writing top-level names to ../../../build/my_py_pkg/my_py_pkg.egg-info/top_level.txt
[4.331s] reading manifest file '../../../build/my_py_pkg/my_py_pkg.egg-info/SOURCES.txt'
[4.333s] writing manifest file '../../../build/my_py_pkg/my_py_pkg.egg-info/SOURCES.txt'
[4.333s] running build
[4.333s] running build_py
[4.334s] running install
[4.350s] running install_lib
[4.412s] running install_data
[4.412s] running install_egg_info
[4.460s] removing '/home/info/ros2_ws/install/my_py_pkg/lib/python3.12/site-packages/my_py_pkg-0.0.0-py3.12.egg-info' (and everything under it)
[4.461s] Copying ../../../build/my_py_pkg/my_py_pkg.egg-info to /home/info/ros2_ws/install/my_py_pkg/lib/python3.12/site-packages/my_py_pkg-0.0.0-py3.12.egg-info
[4.464s] running install_scripts
[4.782s] Installing first_node script to /home/info/ros2_ws/install/my_py_pkg/lib/my_py_pkg
[4.782s] Installing first_oop_node script to /home/info/ros2_ws/install/my_py_pkg/lib/my_py_pkg
[4.782s] Installing first_pub_node script to /home/info/ros2_ws/install/my_py_pkg/lib/my_py_pkg
[4.784s] Installing first_sub_node script to /home/info/ros2_ws/install/my_py_pkg/lib/my_py_pkg
[4.784s] Installing second_pub_node script to /home/info/ros2_ws/install/my_py_pkg/lib/my_py_pkg
[4.785s] writing list of installed files to '/home/info/ros2_ws/build/my_py_pkg/install.log'
[4.821s] Invoked command in '/home/info/ros2_ws/src/ros2_tutorial/my_py_pkg' returned '0': DEBUGINFOD_URLS=https://debuginfod.ubuntu.com PYTHONPATH=/home/info/ros2_ws/build/my_py_pkg/prefix_override:/usr/lib/python3/dist-packages/colcon_core/task/python/colcon_distutils_commands:/home/info/ros2_ws/install/my_py_pkg/lib/python3.12/site-packages:/home/info/ros2_ws/install/my_custom_interfaces/lib/python3.12/site-packages:/home/info/ros2_ws/install/turtle_regulation/lib/python3.12/site-packages:/home/info/ros2_ws/install/my_service_pkg/lib/python3.12/site-packages:/home/info/ros2_ws/install/my_py_pkg/lib/python3.12/site-packages:/home/info/ros2_ws/install/move_turtle/lib/python3.12/site-packages:/home/info/ros2_ws/install/move_pose/lib/python3.12/site-packages:/opt/ros/jazzy/lib/python3.12/site-packages /usr/bin/python3 -W ignore:setup.py install is deprecated -W ignore:easy_install command is deprecated setup.py egg_info --egg-base ../../../build/my_py_pkg build --build-base /home/info/ros2_ws/build/my_py_pkg/build install --record /home/info/ros2_ws/build/my_py_pkg/install.log --single-version-externally-managed install_data
