[4.872s] Invoking command in '/home/info/ros2_ws/tp_turtle_regulation_Emie/src/ros2_tutorial/my_service_pkg': DEBUGINFOD_URLS=https://debuginfod.ubuntu.com PYTHONPATH=/home/info/ros2_ws/build/my_service_pkg/prefix_override:/usr/lib/python3/dist-packages/colcon_core/task/python/colcon_distutils_commands:/home/info/ros2_ws/install/my_service_pkg/lib/python3.12/site-packages:${PYTHONPATH} /usr/bin/python3 -W ignore:setup.py install is deprecated -W ignore:easy_install command is deprecated setup.py egg_info --egg-base ../../../../build/my_service_pkg build --build-base /home/info/ros2_ws/build/my_service_pkg/build install --record /home/info/ros2_ws/build/my_service_pkg/install.log --single-version-externally-managed install_data
[5.984s] running egg_info
[5.985s] creating ../../../../build/my_service_pkg/my_service_pkg.egg-info
[6.027s] writing ../../../../build/my_service_pkg/my_service_pkg.egg-info/PKG-INFO
[6.027s] writing dependency_links to ../../../../build/my_service_pkg/my_service_pkg.egg-info/dependency_links.txt
[6.028s] writing entry points to ../../../../build/my_service_pkg/my_service_pkg.egg-info/entry_points.txt
[6.028s] writing requirements to ../../../../build/my_service_pkg/my_service_pkg.egg-info/requires.txt
[6.028s] writing top-level names to ../../../../build/my_service_pkg/my_service_pkg.egg-info/top_level.txt
[6.028s] writing manifest file '../../../../build/my_service_pkg/my_service_pkg.egg-info/SOURCES.txt'
[6.113s] reading manifest file '../../../../build/my_service_pkg/my_service_pkg.egg-info/SOURCES.txt'
[6.114s] writing manifest file '../../../../build/my_service_pkg/my_service_pkg.egg-info/SOURCES.txt'
[6.114s] running build
[6.114s] running build_py
[6.115s] creating /home/info/ros2_ws/build/my_service_pkg/build
[6.118s] creating /home/info/ros2_ws/build/my_service_pkg/build/lib
[6.118s] creating /home/info/ros2_ws/build/my_service_pkg/build/lib/my_service_pkg
[6.118s] copying my_service_pkg/service_client_no_oop.py -> /home/info/ros2_ws/build/my_service_pkg/build/lib/my_service_pkg
[6.120s] copying my_service_pkg/service_client_oop.py -> /home/info/ros2_ws/build/my_service_pkg/build/lib/my_service_pkg
[6.120s] copying my_service_pkg/__init__.py -> /home/info/ros2_ws/build/my_service_pkg/build/lib/my_service_pkg
[6.120s] copying my_service_pkg/my_first_service_server.py -> /home/info/ros2_ws/build/my_service_pkg/build/lib/my_service_pkg
[6.120s] running install
[6.130s] running install_lib
[6.189s] creating /home/info/ros2_ws/install/my_service_pkg/lib/python3.12/site-packages/my_service_pkg
[6.189s] copying /home/info/ros2_ws/build/my_service_pkg/build/lib/my_service_pkg/service_client_no_oop.py -> /home/info/ros2_ws/install/my_service_pkg/lib/python3.12/site-packages/my_service_pkg
[6.189s] copying /home/info/ros2_ws/build/my_service_pkg/build/lib/my_service_pkg/service_client_oop.py -> /home/info/ros2_ws/install/my_service_pkg/lib/python3.12/site-packages/my_service_pkg
[6.189s] copying /home/info/ros2_ws/build/my_service_pkg/build/lib/my_service_pkg/__init__.py -> /home/info/ros2_ws/install/my_service_pkg/lib/python3.12/site-packages/my_service_pkg
[6.190s] copying /home/info/ros2_ws/build/my_service_pkg/build/lib/my_service_pkg/my_first_service_server.py -> /home/info/ros2_ws/install/my_service_pkg/lib/python3.12/site-packages/my_service_pkg
[6.190s] byte-compiling /home/info/ros2_ws/install/my_service_pkg/lib/python3.12/site-packages/my_service_pkg/service_client_no_oop.py to service_client_no_oop.cpython-312.pyc
[6.190s] byte-compiling /home/info/ros2_ws/install/my_service_pkg/lib/python3.12/site-packages/my_service_pkg/service_client_oop.py to service_client_oop.cpython-312.pyc
[6.190s] byte-compiling /home/info/ros2_ws/install/my_service_pkg/lib/python3.12/site-packages/my_service_pkg/__init__.py to __init__.cpython-312.pyc
[6.196s] byte-compiling /home/info/ros2_ws/install/my_service_pkg/lib/python3.12/site-packages/my_service_pkg/my_first_service_server.py to my_first_service_server.cpython-312.pyc
[6.196s] running install_data
[6.196s] creating /home/info/ros2_ws/install/my_service_pkg/share/ament_index
[6.198s] creating /home/info/ros2_ws/install/my_service_pkg/share/ament_index/resource_index
[6.198s] creating /home/info/ros2_ws/install/my_service_pkg/share/ament_index/resource_index/packages
[6.198s] copying resource/my_service_pkg -> /home/info/ros2_ws/install/my_service_pkg/share/ament_index/resource_index/packages
[6.199s] copying package.xml -> /home/info/ros2_ws/install/my_service_pkg/share/my_service_pkg
[6.199s] running install_egg_info
[6.233s] Copying ../../../../build/my_service_pkg/my_service_pkg.egg-info to /home/info/ros2_ws/install/my_service_pkg/lib/python3.12/site-packages/my_service_pkg-0.0.0-py3.12.egg-info
[6.236s] running install_scripts
[6.844s] Installing add_two_int_client_no_oop_node script to /home/info/ros2_ws/install/my_service_pkg/lib/my_service_pkg
[6.844s] Installing add_two_int_client_oop_node script to /home/info/ros2_ws/install/my_service_pkg/lib/my_service_pkg
[6.844s] Installing add_two_int_server_node script to /home/info/ros2_ws/install/my_service_pkg/lib/my_service_pkg
[6.846s] writing list of installed files to '/home/info/ros2_ws/build/my_service_pkg/install.log'
[6.900s] Invoked command in '/home/info/ros2_ws/tp_turtle_regulation_Emie/src/ros2_tutorial/my_service_pkg' returned '0': DEBUGINFOD_URLS=https://debuginfod.ubuntu.com PYTHONPATH=/home/info/ros2_ws/build/my_service_pkg/prefix_override:/usr/lib/python3/dist-packages/colcon_core/task/python/colcon_distutils_commands:/home/info/ros2_ws/install/my_service_pkg/lib/python3.12/site-packages:${PYTHONPATH} /usr/bin/python3 -W ignore:setup.py install is deprecated -W ignore:easy_install command is deprecated setup.py egg_info --egg-base ../../../../build/my_service_pkg build --build-base /home/info/ros2_ws/build/my_service_pkg/build install --record /home/info/ros2_ws/build/my_service_pkg/install.log --single-version-externally-managed install_data
