[16.486s] Invoking command in '/home/info/ros2_ws/tp_turtle_regulation_Emie/src/move_turtle': DEBUGINFOD_URLS=https://debuginfod.ubuntu.com PYTHONPATH=/home/info/ros2_ws/build/move_turtle/prefix_override:/usr/lib/python3/dist-packages/colcon_core/task/python/colcon_distutils_commands:/home/info/ros2_ws/install/move_turtle/lib/python3.12/site-packages:${PYTHONPATH} /usr/bin/python3 -W ignore:setup.py install is deprecated -W ignore:easy_install command is deprecated setup.py egg_info --egg-base ../../../build/move_turtle build --build-base /home/info/ros2_ws/build/move_turtle/build install --record /home/info/ros2_ws/build/move_turtle/install.log --single-version-externally-managed install_data
[21.448s] running egg_info
[21.615s] writing ../../../build/move_turtle/move_turtle.egg-info/PKG-INFO
[21.619s] writing dependency_links to ../../../build/move_turtle/move_turtle.egg-info/dependency_links.txt
[21.619s] writing entry points to ../../../build/move_turtle/move_turtle.egg-info/entry_points.txt
[21.620s] writing requirements to ../../../build/move_turtle/move_turtle.egg-info/requires.txt
[21.620s] writing top-level names to ../../../build/move_turtle/move_turtle.egg-info/top_level.txt
[21.897s] reading manifest file '../../../build/move_turtle/move_turtle.egg-info/SOURCES.txt'
[21.944s] writing manifest file '../../../build/move_turtle/move_turtle.egg-info/SOURCES.txt'
[21.949s] running build
[21.949s] running build_py
[21.960s] running install
[21.984s] running install_lib
[22.048s] running install_data
[22.048s] running install_egg_info
[22.199s] removing '/home/info/ros2_ws/install/move_turtle/lib/python3.12/site-packages/move_turtle-0.0.0-py3.12.egg-info' (and everything under it)
[22.203s] Copying ../../../build/move_turtle/move_turtle.egg-info to /home/info/ros2_ws/install/move_turtle/lib/python3.12/site-packages/move_turtle-0.0.0-py3.12.egg-info
[22.218s] running install_scripts
[23.290s] Installing my_move_square script to /home/info/ros2_ws/install/move_turtle/lib/move_turtle
[23.291s] writing list of installed files to '/home/info/ros2_ws/build/move_turtle/install.log'
[23.496s] Invoked command in '/home/info/ros2_ws/tp_turtle_regulation_Emie/src/move_turtle' returned '0': DEBUGINFOD_URLS=https://debuginfod.ubuntu.com PYTHONPATH=/home/info/ros2_ws/build/move_turtle/prefix_override:/usr/lib/python3/dist-packages/colcon_core/task/python/colcon_distutils_commands:/home/info/ros2_ws/install/move_turtle/lib/python3.12/site-packages:${PYTHONPATH} /usr/bin/python3 -W ignore:setup.py install is deprecated -W ignore:easy_install command is deprecated setup.py egg_info --egg-base ../../../build/move_turtle build --build-base /home/info/ros2_ws/build/move_turtle/build install --record /home/info/ros2_ws/build/move_turtle/install.log --single-version-externally-managed install_data
