[7.692s] Invoking command in '/home/info/ros2_ws/src/ros2_tutorial/my_service_pkg': DEBUGINFOD_URLS=https://debuginfod.ubuntu.com PYTHONPATH=/home/info/ros2_ws/build/my_service_pkg/prefix_override:/usr/lib/python3/dist-packages/colcon_core/task/python/colcon_distutils_commands:/home/info/ros2_ws/install/my_service_pkg/lib/python3.12/site-packages:${PYTHONPATH} /usr/bin/python3 -W ignore:setup.py install is deprecated -W ignore:easy_install command is deprecated setup.py egg_info --egg-base ../../../build/my_service_pkg build --build-base /home/info/ros2_ws/build/my_service_pkg/build install --record /home/info/ros2_ws/build/my_service_pkg/install.log --single-version-externally-managed install_data
[8.706s] running egg_info
[8.747s] writing ../../../build/my_service_pkg/my_service_pkg.egg-info/PKG-INFO
[8.747s] writing dependency_links to ../../../build/my_service_pkg/my_service_pkg.egg-info/dependency_links.txt
[8.748s] writing entry points to ../../../build/my_service_pkg/my_service_pkg.egg-info/entry_points.txt
[8.748s] writing requirements to ../../../build/my_service_pkg/my_service_pkg.egg-info/requires.txt
[8.748s] writing top-level names to ../../../build/my_service_pkg/my_service_pkg.egg-info/top_level.txt
[8.838s] reading manifest file '../../../build/my_service_pkg/my_service_pkg.egg-info/SOURCES.txt'
[8.847s] writing manifest file '../../../build/my_service_pkg/my_service_pkg.egg-info/SOURCES.txt'
[8.848s] running build
[8.848s] running build_py
[8.848s] running install
[8.856s] running install_lib
[8.900s] running install_data
[8.901s] running install_egg_info
[8.946s] removing '/home/info/ros2_ws/install/my_service_pkg/lib/python3.12/site-packages/my_service_pkg-0.0.0-py3.12.egg-info' (and everything under it)
[8.947s] Copying ../../../build/my_service_pkg/my_service_pkg.egg-info to /home/info/ros2_ws/install/my_service_pkg/lib/python3.12/site-packages/my_service_pkg-0.0.0-py3.12.egg-info
[8.949s] running install_scripts
[9.415s] Installing add_two_int_client_no_oop_node script to /home/info/ros2_ws/install/my_service_pkg/lib/my_service_pkg
[9.416s] Installing add_two_int_client_oop_node script to /home/info/ros2_ws/install/my_service_pkg/lib/my_service_pkg
[9.416s] Installing add_two_int_server_node script to /home/info/ros2_ws/install/my_service_pkg/lib/my_service_pkg
[9.416s] writing list of installed files to '/home/info/ros2_ws/build/my_service_pkg/install.log'
[9.465s] Invoked command in '/home/info/ros2_ws/src/ros2_tutorial/my_service_pkg' returned '0': DEBUGINFOD_URLS=https://debuginfod.ubuntu.com PYTHONPATH=/home/info/ros2_ws/build/my_service_pkg/prefix_override:/usr/lib/python3/dist-packages/colcon_core/task/python/colcon_distutils_commands:/home/info/ros2_ws/install/my_service_pkg/lib/python3.12/site-packages:${PYTHONPATH} /usr/bin/python3 -W ignore:setup.py install is deprecated -W ignore:easy_install command is deprecated setup.py egg_info --egg-base ../../../build/my_service_pkg build --build-base /home/info/ros2_ws/build/my_service_pkg/build install --record /home/info/ros2_ws/build/my_service_pkg/install.log --single-version-externally-managed install_data
