[5.155s] Invoking command in '/home/info/ros2_ws/tp_turtle_regulation_Emie/src/tp_turtle_regulation_Emie/turtle_regulation': DEBUGINFOD_URLS=https://debuginfod.ubuntu.com PYTHONPATH=/home/info/ros2_ws/build/turtle_regulation/prefix_override:/usr/lib/python3/dist-packages/colcon_core/task/python/colcon_distutils_commands:/home/info/ros2_ws/install/turtle_regulation/lib/python3.12/site-packages:${PYTHONPATH} /usr/bin/python3 -W ignore:setup.py install is deprecated -W ignore:easy_install command is deprecated setup.py egg_info --egg-base ../../../../build/turtle_regulation build --build-base /home/info/ros2_ws/build/turtle_regulation/build install --record /home/info/ros2_ws/build/turtle_regulation/install.log --single-version-externally-managed install_data
[6.011s] running egg_info
[6.011s] creating ../../../../build/turtle_regulation/turtle_regulation.egg-info
[6.054s] writing ../../../../build/turtle_regulation/turtle_regulation.egg-info/PKG-INFO
[6.054s] writing dependency_links to ../../../../build/turtle_regulation/turtle_regulation.egg-info/dependency_links.txt
[6.055s] writing entry points to ../../../../build/turtle_regulation/turtle_regulation.egg-info/entry_points.txt
[6.055s] writing requirements to ../../../../build/turtle_regulation/turtle_regulation.egg-info/requires.txt
[6.055s] writing top-level names to ../../../../build/turtle_regulation/turtle_regulation.egg-info/top_level.txt
[6.058s] writing manifest file '../../../../build/turtle_regulation/turtle_regulation.egg-info/SOURCES.txt'
[6.141s] reading manifest file '../../../../build/turtle_regulation/turtle_regulation.egg-info/SOURCES.txt'
[6.143s] writing manifest file '../../../../build/turtle_regulation/turtle_regulation.egg-info/SOURCES.txt'
[6.144s] running build
[6.144s] running build_py
[6.144s] creating /home/info/ros2_ws/build/turtle_regulation/build
[6.149s] creating /home/info/ros2_ws/build/turtle_regulation/build/lib
[6.149s] creating /home/info/ros2_ws/build/turtle_regulation/build/lib/turtle_regulation
[6.149s] copying turtle_regulation/__init__.py -> /home/info/ros2_ws/build/turtle_regulation/build/lib/turtle_regulation
[6.149s] copying turtle_regulation/set_way_point.py -> /home/info/ros2_ws/build/turtle_regulation/build/lib/turtle_regulation
[6.149s] running install
[6.177s] running install_lib
[6.214s] creating /home/info/ros2_ws/install/turtle_regulation/lib/python3.12/site-packages/turtle_regulation
[6.215s] copying /home/info/ros2_ws/build/turtle_regulation/build/lib/turtle_regulation/__init__.py -> /home/info/ros2_ws/install/turtle_regulation/lib/python3.12/site-packages/turtle_regulation
[6.215s] copying /home/info/ros2_ws/build/turtle_regulation/build/lib/turtle_regulation/set_way_point.py -> /home/info/ros2_ws/install/turtle_regulation/lib/python3.12/site-packages/turtle_regulation
[6.216s] byte-compiling /home/info/ros2_ws/install/turtle_regulation/lib/python3.12/site-packages/turtle_regulation/__init__.py to __init__.cpython-312.pyc
[6.217s] byte-compiling /home/info/ros2_ws/install/turtle_regulation/lib/python3.12/site-packages/turtle_regulation/set_way_point.py to set_way_point.cpython-312.pyc
[6.219s] running install_data
[6.220s] creating /home/info/ros2_ws/install/turtle_regulation/share/ament_index
[6.220s] creating /home/info/ros2_ws/install/turtle_regulation/share/ament_index/resource_index
[6.220s] creating /home/info/ros2_ws/install/turtle_regulation/share/ament_index/resource_index/packages
[6.220s] copying resource/turtle_regulation -> /home/info/ros2_ws/install/turtle_regulation/share/ament_index/resource_index/packages
[6.222s] copying package.xml -> /home/info/ros2_ws/install/turtle_regulation/share/turtle_regulation
[6.222s] running install_egg_info
[6.273s] Copying ../../../../build/turtle_regulation/turtle_regulation.egg-info to /home/info/ros2_ws/install/turtle_regulation/lib/python3.12/site-packages/turtle_regulation-0.0.0-py3.12.egg-info
[6.274s] running install_scripts
[6.861s] Installing set_way_point script to /home/info/ros2_ws/install/turtle_regulation/lib/turtle_regulation
[6.862s] writing list of installed files to '/home/info/ros2_ws/build/turtle_regulation/install.log'
[6.979s] Invoked command in '/home/info/ros2_ws/tp_turtle_regulation_Emie/src/tp_turtle_regulation_Emie/turtle_regulation' returned '0': DEBUGINFOD_URLS=https://debuginfod.ubuntu.com PYTHONPATH=/home/info/ros2_ws/build/turtle_regulation/prefix_override:/usr/lib/python3/dist-packages/colcon_core/task/python/colcon_distutils_commands:/home/info/ros2_ws/install/turtle_regulation/lib/python3.12/site-packages:${PYTHONPATH} /usr/bin/python3 -W ignore:setup.py install is deprecated -W ignore:easy_install command is deprecated setup.py egg_info --egg-base ../../../../build/turtle_regulation build --build-base /home/info/ros2_ws/build/turtle_regulation/build install --record /home/info/ros2_ws/build/turtle_regulation/install.log --single-version-externally-managed install_data
