[5.964s] Invoking command in '/home/info/ros2_ws/tp_turtle_regulation_Emie/src/ros2_tutorial/my_py_pkg': AMENT_PREFIX_PATH=/home/info/ros2_ws/install/my_custom_interfaces:${AMENT_PREFIX_PATH} CMAKE_PREFIX_PATH=/home/info/ros2_ws/install/my_custom_interfaces:${CMAKE_PREFIX_PATH} DEBUGINFOD_URLS=https://debuginfod.ubuntu.com LD_LIBRARY_PATH=/home/info/ros2_ws/install/my_custom_interfaces/lib:${LD_LIBRARY_PATH} PYTHONPATH=/home/info/ros2_ws/build/my_py_pkg/prefix_override:/usr/lib/python3/dist-packages/colcon_core/task/python/colcon_distutils_commands:/home/info/ros2_ws/install/my_py_pkg/lib/python3.12/site-packages:/home/info/ros2_ws/install/my_custom_interfaces/lib/python3.12/site-packages:${PYTHONPATH} /usr/bin/python3 -W ignore:setup.py install is deprecated -W ignore:easy_install command is deprecated setup.py egg_info --egg-base ../../../../build/my_py_pkg build --build-base /home/info/ros2_ws/build/my_py_pkg/build install --record /home/info/ros2_ws/build/my_py_pkg/install.log --single-version-externally-managed install_data
[6.673s] running egg_info
[6.730s] writing ../../../../build/my_py_pkg/my_py_pkg.egg-info/PKG-INFO
[6.730s] writing dependency_links to ../../../../build/my_py_pkg/my_py_pkg.egg-info/dependency_links.txt
[6.731s] writing entry points to ../../../../build/my_py_pkg/my_py_pkg.egg-info/entry_points.txt
[6.731s] writing requirements to ../../../../build/my_py_pkg/my_py_pkg.egg-info/requires.txt
[6.731s] writing top-level names to ../../../../build/my_py_pkg/my_py_pkg.egg-info/top_level.txt
[6.808s] reading manifest file '../../../../build/my_py_pkg/my_py_pkg.egg-info/SOURCES.txt'
[6.809s] writing manifest file '../../../../build/my_py_pkg/my_py_pkg.egg-info/SOURCES.txt'
[6.810s] running build
[6.810s] running build_py
[6.811s] running install
[6.825s] running install_lib
[6.867s] running install_data
[6.867s] running install_egg_info
[6.908s] removing '/home/info/ros2_ws/install/my_py_pkg/lib/python3.12/site-packages/my_py_pkg-0.0.0-py3.12.egg-info' (and everything under it)
[6.909s] Copying ../../../../build/my_py_pkg/my_py_pkg.egg-info to /home/info/ros2_ws/install/my_py_pkg/lib/python3.12/site-packages/my_py_pkg-0.0.0-py3.12.egg-info
[6.911s] running install_scripts
[7.263s] Installing first_node script to /home/info/ros2_ws/install/my_py_pkg/lib/my_py_pkg
[7.263s] Installing first_oop_node script to /home/info/ros2_ws/install/my_py_pkg/lib/my_py_pkg
[7.264s] Installing first_pub_node script to /home/info/ros2_ws/install/my_py_pkg/lib/my_py_pkg
[7.264s] Installing first_sub_node script to /home/info/ros2_ws/install/my_py_pkg/lib/my_py_pkg
[7.264s] Installing second_pub_node script to /home/info/ros2_ws/install/my_py_pkg/lib/my_py_pkg
[7.265s] writing list of installed files to '/home/info/ros2_ws/build/my_py_pkg/install.log'
[7.302s] Invoked command in '/home/info/ros2_ws/tp_turtle_regulation_Emie/src/ros2_tutorial/my_py_pkg' returned '0': AMENT_PREFIX_PATH=/home/info/ros2_ws/install/my_custom_interfaces:${AMENT_PREFIX_PATH} CMAKE_PREFIX_PATH=/home/info/ros2_ws/install/my_custom_interfaces:${CMAKE_PREFIX_PATH} DEBUGINFOD_URLS=https://debuginfod.ubuntu.com LD_LIBRARY_PATH=/home/info/ros2_ws/install/my_custom_interfaces/lib:${LD_LIBRARY_PATH} PYTHONPATH=/home/info/ros2_ws/build/my_py_pkg/prefix_override:/usr/lib/python3/dist-packages/colcon_core/task/python/colcon_distutils_commands:/home/info/ros2_ws/install/my_py_pkg/lib/python3.12/site-packages:/home/info/ros2_ws/install/my_custom_interfaces/lib/python3.12/site-packages:${PYTHONPATH} /usr/bin/python3 -W ignore:setup.py install is deprecated -W ignore:easy_install command is deprecated setup.py egg_info --egg-base ../../../../build/my_py_pkg build --build-base /home/info/ros2_ws/build/my_py_pkg/build install --record /home/info/ros2_ws/build/my_py_pkg/install.log --single-version-externally-managed install_data
