[4.941s] Invoking command in '/home/info/ros2_ws/tp_turtle_regulation_Emie/src/move_pose': DEBUGINFOD_URLS=https://debuginfod.ubuntu.com PYTHONPATH=/home/info/ros2_ws/build/move_pose/prefix_override:/usr/lib/python3/dist-packages/colcon_core/task/python/colcon_distutils_commands:/home/info/ros2_ws/install/move_pose/lib/python3.12/site-packages:${PYTHONPATH} /usr/bin/python3 -W ignore:setup.py install is deprecated -W ignore:easy_install command is deprecated setup.py egg_info --egg-base ../../../build/move_pose build --build-base /home/info/ros2_ws/build/move_pose/build install --record /home/info/ros2_ws/build/move_pose/install.log --single-version-externally-managed install_data
[6.021s] running egg_info
[6.021s] creating ../../../build/move_pose/move_pose.egg-info
[6.071s] writing ../../../build/move_pose/move_pose.egg-info/PKG-INFO
[6.071s] writing dependency_links to ../../../build/move_pose/move_pose.egg-info/dependency_links.txt
[6.072s] writing entry points to ../../../build/move_pose/move_pose.egg-info/entry_points.txt
[6.072s] writing requirements to ../../../build/move_pose/move_pose.egg-info/requires.txt
[6.072s] writing top-level names to ../../../build/move_pose/move_pose.egg-info/top_level.txt
[6.072s] writing manifest file '../../../build/move_pose/move_pose.egg-info/SOURCES.txt'
[6.166s] reading manifest file '../../../build/move_pose/move_pose.egg-info/SOURCES.txt'
[6.167s] writing manifest file '../../../build/move_pose/move_pose.egg-info/SOURCES.txt'
[6.167s] running build
[6.168s] running build_py
[6.168s] creating /home/info/ros2_ws/build/move_pose/build
[6.168s] creating /home/info/ros2_ws/build/move_pose/build/lib
[6.168s] creating /home/info/ros2_ws/build/move_pose/build/lib/move_pose
[6.168s] copying move_pose/move_teleop.py -> /home/info/ros2_ws/build/move_pose/build/lib/move_pose
[6.168s] copying move_pose/__init__.py -> /home/info/ros2_ws/build/move_pose/build/lib/move_pose
[6.169s] copying move_pose/move_circle.py -> /home/info/ros2_ws/build/move_pose/build/lib/move_pose
[6.169s] running install
[6.185s] running install_lib
[6.234s] creating /home/info/ros2_ws/install/move_pose/lib/python3.12/site-packages/move_pose
[6.234s] copying /home/info/ros2_ws/build/move_pose/build/lib/move_pose/move_teleop.py -> /home/info/ros2_ws/install/move_pose/lib/python3.12/site-packages/move_pose
[6.235s] copying /home/info/ros2_ws/build/move_pose/build/lib/move_pose/__init__.py -> /home/info/ros2_ws/install/move_pose/lib/python3.12/site-packages/move_pose
[6.235s] copying /home/info/ros2_ws/build/move_pose/build/lib/move_pose/move_circle.py -> /home/info/ros2_ws/install/move_pose/lib/python3.12/site-packages/move_pose
[6.235s] byte-compiling /home/info/ros2_ws/install/move_pose/lib/python3.12/site-packages/move_pose/move_teleop.py to move_teleop.cpython-312.pyc
[6.249s] byte-compiling /home/info/ros2_ws/install/move_pose/lib/python3.12/site-packages/move_pose/__init__.py to __init__.cpython-312.pyc
[6.249s] byte-compiling /home/info/ros2_ws/install/move_pose/lib/python3.12/site-packages/move_pose/move_circle.py to move_circle.cpython-312.pyc
[6.259s] running install_data
[6.259s] creating /home/info/ros2_ws/install/move_pose/share/ament_index
[6.260s] creating /home/info/ros2_ws/install/move_pose/share/ament_index/resource_index
[6.260s] creating /home/info/ros2_ws/install/move_pose/share/ament_index/resource_index/packages
[6.260s] copying resource/move_pose -> /home/info/ros2_ws/install/move_pose/share/ament_index/resource_index/packages
[6.260s] copying package.xml -> /home/info/ros2_ws/install/move_pose/share/move_pose
[6.260s] running install_egg_info
[6.297s] Copying ../../../build/move_pose/move_pose.egg-info to /home/info/ros2_ws/install/move_pose/lib/python3.12/site-packages/move_pose-0.0.0-py3.12.egg-info
[6.300s] running install_scripts
[6.895s] Installing move_circle script to /home/info/ros2_ws/install/move_pose/lib/move_pose
[6.895s] Installing move_teleop script to /home/info/ros2_ws/install/move_pose/lib/move_pose
[6.895s] writing list of installed files to '/home/info/ros2_ws/build/move_pose/install.log'
[7.028s] Invoked command in '/home/info/ros2_ws/tp_turtle_regulation_Emie/src/move_pose' returned '0': DEBUGINFOD_URLS=https://debuginfod.ubuntu.com PYTHONPATH=/home/info/ros2_ws/build/move_pose/prefix_override:/usr/lib/python3/dist-packages/colcon_core/task/python/colcon_distutils_commands:/home/info/ros2_ws/install/move_pose/lib/python3.12/site-packages:${PYTHONPATH} /usr/bin/python3 -W ignore:setup.py install is deprecated -W ignore:easy_install command is deprecated setup.py egg_info --egg-base ../../../build/move_pose build --build-base /home/info/ros2_ws/build/move_pose/build install --record /home/info/ros2_ws/build/move_pose/install.log --single-version-externally-managed install_data
