running develop
running egg_info
creating move_turtle.egg-info
writing move_turtle.egg-info/PKG-INFO
writing dependency_links to move_turtle.egg-info/dependency_links.txt
writing entry points to move_turtle.egg-info/entry_points.txt
writing requirements to move_turtle.egg-info/requires.txt
writing top-level names to move_turtle.egg-info/top_level.txt
writing manifest file 'move_turtle.egg-info/SOURCES.txt'
reading manifest file 'move_turtle.egg-info/SOURCES.txt'
writing manifest file 'move_turtle.egg-info/SOURCES.txt'
running build_ext
Creating /home/info/ros2_ws/install/move_turtle/lib/python3.12/site-packages/move-turtle.egg-link (link to .)
Installing my_move_square script to /home/info/ros2_ws/install/move_turtle/lib/move_turtle

Installed /home/info/ros2_ws/build/move_turtle
running symlink_data
creating /home/info/ros2_ws/install/move_turtle/share/ament_index
creating /home/info/ros2_ws/install/move_turtle/share/ament_index/resource_index
creating /home/info/ros2_ws/install/move_turtle/share/ament_index/resource_index/packages
symbolically linking /home/info/ros2_ws/build/move_turtle/resource/move_turtle -> /home/info/ros2_ws/install/move_turtle/share/ament_index/resource_index/packages
symbolically linking /home/info/ros2_ws/build/move_turtle/package.xml -> /home/info/ros2_ws/install/move_turtle/share/move_turtle
