[14.257s] Invoking command in '/home/info/ros2_ws/tp_turtle_regulation_Emie/src/move_turtle': DEBUGINFOD_URLS=https://debuginfod.ubuntu.com PYTHONPATH=/home/info/ros2_ws/build/move_turtle/prefix_override:/usr/lib/python3/dist-packages/colcon_core/task/python/colcon_distutils_commands:/home/info/ros2_ws/install/move_turtle/lib/python3.12/site-packages:${PYTHONPATH} /usr/bin/python3 -W ignore:setup.py install is deprecated -W ignore:easy_install command is deprecated setup.py egg_info --egg-base ../../../build/move_turtle build --build-base /home/info/ros2_ws/build/move_turtle/build install --record /home/info/ros2_ws/build/move_turtle/install.log --single-version-externally-managed install_data
[16.238s] running egg_info
[16.297s] writing ../../../build/move_turtle/move_turtle.egg-info/PKG-INFO
[16.298s] writing dependency_links to ../../../build/move_turtle/move_turtle.egg-info/dependency_links.txt
[16.299s] writing entry points to ../../../build/move_turtle/move_turtle.egg-info/entry_points.txt
[16.299s] writing requirements to ../../../build/move_turtle/move_turtle.egg-info/requires.txt
[16.299s] writing top-level names to ../../../build/move_turtle/move_turtle.egg-info/top_level.txt
[16.398s] reading manifest file '../../../build/move_turtle/move_turtle.egg-info/SOURCES.txt'
[16.398s] writing manifest file '../../../build/move_turtle/move_turtle.egg-info/SOURCES.txt'
[16.401s] running build
[16.401s] running build_py
[16.401s] running install
[16.419s] running install_lib
[16.470s] running install_data
[16.470s] running install_egg_info
[16.514s] removing '/home/info/ros2_ws/install/move_turtle/lib/python3.12/site-packages/move_turtle-0.0.0-py3.12.egg-info' (and everything under it)
[16.515s] Copying ../../../build/move_turtle/move_turtle.egg-info to /home/info/ros2_ws/install/move_turtle/lib/python3.12/site-packages/move_turtle-0.0.0-py3.12.egg-info
[16.517s] running install_scripts
[16.925s] Installing my_move_square script to /home/info/ros2_ws/install/move_turtle/lib/move_turtle
[16.926s] writing list of installed files to '/home/info/ros2_ws/build/move_turtle/install.log'
[16.998s] Invoked command in '/home/info/ros2_ws/tp_turtle_regulation_Emie/src/move_turtle' returned '0': DEBUGINFOD_URLS=https://debuginfod.ubuntu.com PYTHONPATH=/home/info/ros2_ws/build/move_turtle/prefix_override:/usr/lib/python3/dist-packages/colcon_core/task/python/colcon_distutils_commands:/home/info/ros2_ws/install/move_turtle/lib/python3.12/site-packages:${PYTHONPATH} /usr/bin/python3 -W ignore:setup.py install is deprecated -W ignore:easy_install command is deprecated setup.py egg_info --egg-base ../../../build/move_turtle build --build-base /home/info/ros2_ws/build/move_turtle/build install --record /home/info/ros2_ws/build/move_turtle/install.log --single-version-externally-managed install_data
