[7.286s] Invoking command in '/home/info/ros2_ws/build/turtle_interfaces': CMAKE_PREFIX_PATH=${CMAKE_PREFIX_PATH}:/opt/ros/jazzy DEBUGINFOD_URLS=https://debuginfod.ubuntu.com /usr/bin/cmake --build /home/info/ros2_ws/build/turtle_interfaces -- -j6 -l6
[8.435s] [  2%] Built target turtle_interfaces__rosidl_generator_type_description
[8.947s] [  2%] Built target ament_cmake_python_symlink_turtle_interfaces
[10.131s] [ 17%] Built target turtle_interfaces__rosidl_generator_c
[12.856s] running egg_info
[12.921s] writing turtle_interfaces.egg-info/PKG-INFO
[12.923s] writing dependency_links to turtle_interfaces.egg-info/dependency_links.txt
[12.924s] writing top-level names to turtle_interfaces.egg-info/top_level.txt
[13.110s] reading manifest file 'turtle_interfaces.egg-info/SOURCES.txt'
[13.112s] writing manifest file 'turtle_interfaces.egg-info/SOURCES.txt'
[13.383s] [ 17%] Built target ament_cmake_python_build_turtle_interfaces_egg
[15.077s] [ 26%] Built target turtle_interfaces__rosidl_typesupport_c
[16.000s] [ 35%] Built target turtle_interfaces__rosidl_typesupport_introspection_c
[16.964s] [ 44%] Built target turtle_interfaces__rosidl_typesupport_fastrtps_c
[17.971s] [ 47%] Built target turtle_interfaces__cpp
[18.898s] [ 55%] Built target turtle_interfaces__rosidl_typesupport_cpp
[20.366s] [ 64%] Built target turtle_interfaces__rosidl_typesupport_introspection_cpp
[20.693s] [ 73%] Built target turtle_interfaces__rosidl_typesupport_fastrtps_cpp
[20.959s] [ 73%] Built target turtle_interfaces
[21.263s] [ 76%] Built target turtle_interfaces__py
[21.558s] [ 82%] Built target turtle_interfaces__rosidl_generator_py
[21.877s] [ 88%] Built target turtle_interfaces_s__rosidl_typesupport_fastrtps_c
[22.009s] [ 94%] Built target turtle_interfaces_s__rosidl_typesupport_c
[22.289s] [100%] Built target turtle_interfaces_s__rosidl_typesupport_introspection_c
[22.795s] Invoked command in '/home/info/ros2_ws/build/turtle_interfaces' returned '0': CMAKE_PREFIX_PATH=${CMAKE_PREFIX_PATH}:/opt/ros/jazzy DEBUGINFOD_URLS=https://debuginfod.ubuntu.com /usr/bin/cmake --build /home/info/ros2_ws/build/turtle_interfaces -- -j6 -l6
[22.799s] Invoking command in '/home/info/ros2_ws/build/turtle_interfaces': CMAKE_PREFIX_PATH=${CMAKE_PREFIX_PATH}:/opt/ros/jazzy DEBUGINFOD_URLS=https://debuginfod.ubuntu.com /usr/bin/cmake --install /home/info/ros2_ws/build/turtle_interfaces
[22.910s] -- Install configuration: ""
[22.912s] -- Execute custom install script
[22.918s] -- Up-to-date symlink: /home/info/ros2_ws/install/turtle_interfaces/include/turtle_interfaces/turtle_interfaces/msg/rosidl_typesupport_fastrtps_c__visibility_control.h
[22.919s] -- Up-to-date symlink: /home/info/ros2_ws/install/turtle_interfaces/include/turtle_interfaces/turtle_interfaces/srv/detail/set_way_point__rosidl_typesupport_fastrtps_c.h
[22.923s] -- Up-to-date symlink: /home/info/ros2_ws/install/turtle_interfaces/include/turtle_interfaces/turtle_interfaces/msg/rosidl_typesupport_introspection_c__visibility_control.h
[22.923s] -- Up-to-date symlink: /home/info/ros2_ws/install/turtle_interfaces/include/turtle_interfaces/turtle_interfaces/srv/detail/set_way_point__rosidl_typesupport_introspection_c.h
[22.929s] -- Up-to-date symlink: /home/info/ros2_ws/install/turtle_interfaces/include/turtle_interfaces/turtle_interfaces/msg/rosidl_generator_cpp__visibility_control.hpp
[22.930s] -- Up-to-date symlink: /home/info/ros2_ws/install/turtle_interfaces/include/turtle_interfaces/turtle_interfaces/srv/detail/set_way_point__builder.hpp
[22.933s] -- Up-to-date symlink: /home/info/ros2_ws/install/turtle_interfaces/include/turtle_interfaces/turtle_interfaces/srv/detail/set_way_point__struct.hpp
[22.933s] -- Up-to-date symlink: /home/info/ros2_ws/install/turtle_interfaces/include/turtle_interfaces/turtle_interfaces/srv/detail/set_way_point__traits.hpp
[22.940s] -- Up-to-date symlink: /home/info/ros2_ws/install/turtle_interfaces/include/turtle_interfaces/turtle_interfaces/srv/detail/set_way_point__type_support.hpp
[22.942s] -- Up-to-date symlink: /home/info/ros2_ws/install/turtle_interfaces/include/turtle_interfaces/turtle_interfaces/srv/set_way_point.hpp
[22.943s] -- Up-to-date symlink: /home/info/ros2_ws/install/turtle_interfaces/share/ament_index/resource_index/rosidl_interfaces/turtle_interfaces
[22.946s] -- Up-to-date symlink: /home/info/ros2_ws/install/turtle_interfaces/include/turtle_interfaces/turtle_interfaces/msg/rosidl_typesupport_fastrtps_cpp__visibility_control.h
[22.947s] -- Up-to-date symlink: /home/info/ros2_ws/install/turtle_interfaces/include/turtle_interfaces/turtle_interfaces/srv/detail/set_way_point__rosidl_typesupport_fastrtps_cpp.hpp
[22.950s] -- Up-to-date symlink: /home/info/ros2_ws/install/turtle_interfaces/share/turtle_interfaces/srv/SetWayPoint.json
[22.951s] -- Up-to-date symlink: /home/info/ros2_ws/install/turtle_interfaces/include/turtle_interfaces/turtle_interfaces/srv/detail/set_way_point__rosidl_typesupport_introspection_cpp.hpp
[22.960s] -- Up-to-date symlink: /home/info/ros2_ws/install/turtle_interfaces/include/turtle_interfaces/turtle_interfaces/msg/rosidl_generator_c__visibility_control.h
[22.961s] -- Up-to-date symlink: /home/info/ros2_ws/install/turtle_interfaces/include/turtle_interfaces/turtle_interfaces/srv/detail/set_way_point__functions.h
[22.963s] -- Up-to-date symlink: /home/info/ros2_ws/install/turtle_interfaces/include/turtle_interfaces/turtle_interfaces/srv/detail/set_way_point__struct.h
[22.963s] -- Up-to-date symlink: /home/info/ros2_ws/install/turtle_interfaces/include/turtle_interfaces/turtle_interfaces/srv/detail/set_way_point__type_support.h
[22.963s] -- Up-to-date symlink: /home/info/ros2_ws/install/turtle_interfaces/include/turtle_interfaces/turtle_interfaces/srv/set_way_point.h
[22.964s] -- Up-to-date symlink: /home/info/ros2_ws/install/turtle_interfaces/share/turtle_interfaces/environment/library_path.sh
[22.965s] -- Up-to-date symlink: /home/info/ros2_ws/install/turtle_interfaces/share/turtle_interfaces/environment/library_path.dsv
[22.965s] -- Up-to-date symlink: /home/info/ros2_ws/install/turtle_interfaces/include/turtle_interfaces/turtle_interfaces/msg/rosidl_typesupport_fastrtps_c__visibility_control.h
[22.965s] -- Up-to-date symlink: /home/info/ros2_ws/install/turtle_interfaces/include/turtle_interfaces/turtle_interfaces/srv/detail/set_way_point__rosidl_typesupport_fastrtps_c.h
[22.966s] -- Up-to-date symlink: /home/info/ros2_ws/install/turtle_interfaces/include/turtle_interfaces/turtle_interfaces/msg/rosidl_typesupport_introspection_c__visibility_control.h
[22.966s] -- Up-to-date symlink: /home/info/ros2_ws/install/turtle_interfaces/include/turtle_interfaces/turtle_interfaces/srv/detail/set_way_point__rosidl_typesupport_introspection_c.h
[22.967s] -- Up-to-date symlink: /home/info/ros2_ws/install/turtle_interfaces/include/turtle_interfaces/turtle_interfaces/msg/rosidl_generator_cpp__visibility_control.hpp
[22.968s] -- Up-to-date symlink: /home/info/ros2_ws/install/turtle_interfaces/include/turtle_interfaces/turtle_interfaces/srv/detail/set_way_point__builder.hpp
[22.968s] -- Up-to-date symlink: /home/info/ros2_ws/install/turtle_interfaces/include/turtle_interfaces/turtle_interfaces/srv/detail/set_way_point__struct.hpp
[22.969s] -- Up-to-date symlink: /home/info/ros2_ws/install/turtle_interfaces/include/turtle_interfaces/turtle_interfaces/srv/detail/set_way_point__traits.hpp
[22.970s] -- Up-to-date symlink: /home/info/ros2_ws/install/turtle_interfaces/include/turtle_interfaces/turtle_interfaces/srv/detail/set_way_point__type_support.hpp
[22.973s] -- Up-to-date symlink: /home/info/ros2_ws/install/turtle_interfaces/include/turtle_interfaces/turtle_interfaces/srv/set_way_point.hpp
[22.974s] -- Up-to-date symlink: /home/info/ros2_ws/install/turtle_interfaces/include/turtle_interfaces/turtle_interfaces/msg/rosidl_typesupport_fastrtps_cpp__visibility_control.h
[22.974s] -- Up-to-date symlink: /home/info/ros2_ws/install/turtle_interfaces/include/turtle_interfaces/turtle_interfaces/srv/detail/set_way_point__rosidl_typesupport_fastrtps_cpp.hpp
[22.974s] -- Up-to-date symlink: /home/info/ros2_ws/install/turtle_interfaces/share/turtle_interfaces/environment/pythonpath.sh
[22.974s] -- Up-to-date symlink: /home/info/ros2_ws/install/turtle_interfaces/share/turtle_interfaces/environment/pythonpath.dsv
[22.974s] -- Up-to-date symlink: /home/info/ros2_ws/install/turtle_interfaces/lib/python3.12/site-packages/turtle_interfaces-0.0.0-py3.12.egg-info/PKG-INFO
[22.974s] -- Up-to-date symlink: /home/info/ros2_ws/install/turtle_interfaces/lib/python3.12/site-packages/turtle_interfaces-0.0.0-py3.12.egg-info/SOURCES.txt
[22.975s] -- Up-to-date symlink: /home/info/ros2_ws/install/turtle_interfaces/lib/python3.12/site-packages/turtle_interfaces-0.0.0-py3.12.egg-info/dependency_links.txt
[22.975s] -- Up-to-date symlink: /home/info/ros2_ws/install/turtle_interfaces/lib/python3.12/site-packages/turtle_interfaces-0.0.0-py3.12.egg-info/top_level.txt
[22.977s] -- Up-to-date symlink: /home/info/ros2_ws/install/turtle_interfaces/lib/python3.12/site-packages/turtle_interfaces/__init__.py
[22.977s] -- Up-to-date symlink: /home/info/ros2_ws/install/turtle_interfaces/lib/python3.12/site-packages/turtle_interfaces/_turtle_interfaces_s.ep.rosidl_typesupport_c.c
[22.978s] -- Up-to-date symlink: /home/info/ros2_ws/install/turtle_interfaces/lib/python3.12/site-packages/turtle_interfaces/_turtle_interfaces_s.ep.rosidl_typesupport_fastrtps_c.c
[22.978s] -- Up-to-date symlink: /home/info/ros2_ws/install/turtle_interfaces/lib/python3.12/site-packages/turtle_interfaces/_turtle_interfaces_s.ep.rosidl_typesupport_introspection_c.c
[22.978s] -- Up-to-date symlink: /home/info/ros2_ws/install/turtle_interfaces/lib/python3.12/site-packages/turtle_interfaces/srv/__init__.py
[22.979s] -- Up-to-date symlink: /home/info/ros2_ws/install/turtle_interfaces/lib/python3.12/site-packages/turtle_interfaces/srv/_set_way_point.py
[22.979s] -- Up-to-date symlink: /home/info/ros2_ws/install/turtle_interfaces/lib/python3.12/site-packages/turtle_interfaces/srv/_set_way_point_s.c
[22.980s] -- Up-to-date symlink: /home/info/ros2_ws/install/turtle_interfaces/lib/python3.12/site-packages/turtle_interfaces/turtle_interfaces_s__rosidl_typesupport_c.so
[22.980s] -- Up-to-date symlink: /home/info/ros2_ws/install/turtle_interfaces/lib/python3.12/site-packages/turtle_interfaces/turtle_interfaces_s__rosidl_typesupport_fastrtps_c.so
[22.981s] -- Up-to-date symlink: /home/info/ros2_ws/install/turtle_interfaces/lib/python3.12/site-packages/turtle_interfaces/turtle_interfaces_s__rosidl_typesupport_introspection_c.so
[22.982s] -- Up-to-date symlink: /home/info/ros2_ws/install/turtle_interfaces/lib/python3.12/site-packages/turtle_interfaces/turtle_interfaces_s__rosidl_typesupport_fastrtps_c.so
[22.983s] -- Up-to-date symlink: /home/info/ros2_ws/install/turtle_interfaces/lib/python3.12/site-packages/turtle_interfaces/turtle_interfaces_s__rosidl_typesupport_introspection_c.so
[22.983s] -- Up-to-date symlink: /home/info/ros2_ws/install/turtle_interfaces/lib/python3.12/site-packages/turtle_interfaces/turtle_interfaces_s__rosidl_typesupport_c.so
[22.984s] -- Up-to-date symlink: /home/info/ros2_ws/install/turtle_interfaces/share/turtle_interfaces/srv/SetWayPoint.idl
[22.984s] -- Up-to-date symlink: /home/info/ros2_ws/install/turtle_interfaces/share/turtle_interfaces/srv/SetWayPoint.srv
[22.985s] -- Up-to-date symlink: /home/info/ros2_ws/install/turtle_interfaces/share/ament_index/resource_index/package_run_dependencies/turtle_interfaces
[22.985s] -- Up-to-date symlink: /home/info/ros2_ws/install/turtle_interfaces/share/ament_index/resource_index/parent_prefix_path/turtle_interfaces
[22.986s] -- Up-to-date symlink: /home/info/ros2_ws/install/turtle_interfaces/share/turtle_interfaces/environment/ament_prefix_path.sh
[22.986s] -- Up-to-date symlink: /home/info/ros2_ws/install/turtle_interfaces/share/turtle_interfaces/environment/ament_prefix_path.dsv
[22.987s] -- Up-to-date symlink: /home/info/ros2_ws/install/turtle_interfaces/share/turtle_interfaces/environment/path.sh
[22.987s] -- Up-to-date symlink: /home/info/ros2_ws/install/turtle_interfaces/share/turtle_interfaces/environment/path.dsv
[22.988s] -- Up-to-date symlink: /home/info/ros2_ws/install/turtle_interfaces/share/turtle_interfaces/local_setup.bash
[22.988s] -- Up-to-date symlink: /home/info/ros2_ws/install/turtle_interfaces/share/turtle_interfaces/local_setup.sh
[22.989s] -- Up-to-date symlink: /home/info/ros2_ws/install/turtle_interfaces/share/turtle_interfaces/local_setup.zsh
[22.989s] -- Up-to-date symlink: /home/info/ros2_ws/install/turtle_interfaces/share/turtle_interfaces/local_setup.dsv
[22.990s] -- Symlinking: /home/info/ros2_ws/install/turtle_interfaces/share/turtle_interfaces/package.dsv
[23.138s] -- Up-to-date symlink: /home/info/ros2_ws/install/turtle_interfaces/share/ament_index/resource_index/packages/turtle_interfaces
[23.138s] -- Up-to-date symlink: /home/info/ros2_ws/install/turtle_interfaces/share/turtle_interfaces/cmake/rosidl_cmake-extras.cmake
[23.159s] -- Up-to-date symlink: /home/info/ros2_ws/install/turtle_interfaces/share/turtle_interfaces/cmake/ament_cmake_export_dependencies-extras.cmake
[23.159s] -- Up-to-date symlink: /home/info/ros2_ws/install/turtle_interfaces/share/turtle_interfaces/cmake/ament_cmake_export_include_directories-extras.cmake
[23.159s] -- Up-to-date symlink: /home/info/ros2_ws/install/turtle_interfaces/share/turtle_interfaces/cmake/ament_cmake_export_libraries-extras.cmake
[23.159s] -- Up-to-date symlink: /home/info/ros2_ws/install/turtle_interfaces/share/turtle_interfaces/cmake/ament_cmake_export_targets-extras.cmake
[23.160s] -- Up-to-date symlink: /home/info/ros2_ws/install/turtle_interfaces/share/turtle_interfaces/cmake/rosidl_cmake_export_typesupport_targets-extras.cmake
[23.160s] -- Up-to-date symlink: /home/info/ros2_ws/install/turtle_interfaces/share/turtle_interfaces/cmake/rosidl_cmake_export_typesupport_libraries-extras.cmake
[23.161s] -- Up-to-date symlink: /home/info/ros2_ws/install/turtle_interfaces/share/turtle_interfaces/cmake/turtle_interfacesConfig.cmake
[23.162s] -- Up-to-date symlink: /home/info/ros2_ws/install/turtle_interfaces/share/turtle_interfaces/cmake/turtle_interfacesConfig-version.cmake
[23.162s] -- Up-to-date symlink: /home/info/ros2_ws/install/turtle_interfaces/share/turtle_interfaces/package.xml
[23.163s] -- Up-to-date symlink: /home/info/ros2_ws/install/turtle_interfaces/include/turtle_interfaces/turtle_interfaces/srv/detail/set_way_point__rosidl_typesupport_introspection_cpp.hpp
[23.163s] -- Up-to-date symlink: /home/info/ros2_ws/install/turtle_interfaces/share/turtle_interfaces/environment/pythonpath.sh
[23.164s] -- Up-to-date symlink: /home/info/ros2_ws/install/turtle_interfaces/share/turtle_interfaces/environment/pythonpath.dsv
[23.165s] -- Up-to-date symlink: /home/info/ros2_ws/install/turtle_interfaces/lib/python3.12/site-packages/turtle_interfaces-0.0.0-py3.12.egg-info/PKG-INFO
[23.165s] -- Up-to-date symlink: /home/info/ros2_ws/install/turtle_interfaces/lib/python3.12/site-packages/turtle_interfaces-0.0.0-py3.12.egg-info/SOURCES.txt
[23.166s] -- Up-to-date symlink: /home/info/ros2_ws/install/turtle_interfaces/lib/python3.12/site-packages/turtle_interfaces-0.0.0-py3.12.egg-info/dependency_links.txt
[23.166s] -- Up-to-date symlink: /home/info/ros2_ws/install/turtle_interfaces/lib/python3.12/site-packages/turtle_interfaces-0.0.0-py3.12.egg-info/top_level.txt
[23.168s] -- Up-to-date symlink: /home/info/ros2_ws/install/turtle_interfaces/lib/python3.12/site-packages/turtle_interfaces/__init__.py
[23.168s] -- Up-to-date symlink: /home/info/ros2_ws/install/turtle_interfaces/lib/python3.12/site-packages/turtle_interfaces/_turtle_interfaces_s.ep.rosidl_typesupport_c.c
[23.168s] -- Up-to-date symlink: /home/info/ros2_ws/install/turtle_interfaces/lib/python3.12/site-packages/turtle_interfaces/_turtle_interfaces_s.ep.rosidl_typesupport_fastrtps_c.c
[23.169s] -- Up-to-date symlink: /home/info/ros2_ws/install/turtle_interfaces/lib/python3.12/site-packages/turtle_interfaces/_turtle_interfaces_s.ep.rosidl_typesupport_introspection_c.c
[23.169s] -- Up-to-date symlink: /home/info/ros2_ws/install/turtle_interfaces/lib/python3.12/site-packages/turtle_interfaces/srv/__init__.py
[23.170s] -- Up-to-date symlink: /home/info/ros2_ws/install/turtle_interfaces/lib/python3.12/site-packages/turtle_interfaces/srv/_set_way_point.py
[23.170s] -- Up-to-date symlink: /home/info/ros2_ws/install/turtle_interfaces/lib/python3.12/site-packages/turtle_interfaces/srv/_set_way_point_s.c
[23.171s] -- Up-to-date symlink: /home/info/ros2_ws/install/turtle_interfaces/lib/python3.12/site-packages/turtle_interfaces/turtle_interfaces_s__rosidl_typesupport_c.so
[23.171s] -- Up-to-date symlink: /home/info/ros2_ws/install/turtle_interfaces/lib/python3.12/site-packages/turtle_interfaces/turtle_interfaces_s__rosidl_typesupport_fastrtps_c.so
[23.171s] -- Up-to-date symlink: /home/info/ros2_ws/install/turtle_interfaces/lib/python3.12/site-packages/turtle_interfaces/turtle_interfaces_s__rosidl_typesupport_introspection_c.so
[23.172s] -- Up-to-date symlink: /home/info/ros2_ws/install/turtle_interfaces/lib/python3.12/site-packages/turtle_interfaces/turtle_interfaces_s__rosidl_typesupport_fastrtps_c.so
[23.173s] -- Up-to-date symlink: /home/info/ros2_ws/install/turtle_interfaces/lib/python3.12/site-packages/turtle_interfaces/turtle_interfaces_s__rosidl_typesupport_introspection_c.so
[23.173s] -- Up-to-date symlink: /home/info/ros2_ws/install/turtle_interfaces/lib/python3.12/site-packages/turtle_interfaces/turtle_interfaces_s__rosidl_typesupport_c.so
[23.174s] -- Up-to-date symlink: /home/info/ros2_ws/install/turtle_interfaces/share/turtle_interfaces/srv/SetWayPoint.idl
[23.175s] -- Up-to-date symlink: /home/info/ros2_ws/install/turtle_interfaces/share/turtle_interfaces/srv/SetWayPoint.srv
[23.175s] -- Up-to-date symlink: /home/info/ros2_ws/install/turtle_interfaces/share/ament_index/resource_index/package_run_dependencies/turtle_interfaces
[23.176s] -- Up-to-date symlink: /home/info/ros2_ws/install/turtle_interfaces/share/ament_index/resource_index/parent_prefix_path/turtle_interfaces
[23.176s] -- Up-to-date symlink: /home/info/ros2_ws/install/turtle_interfaces/share/turtle_interfaces/environment/ament_prefix_path.sh
[23.177s] -- Up-to-date symlink: /home/info/ros2_ws/install/turtle_interfaces/share/turtle_interfaces/environment/ament_prefix_path.dsv
[23.177s] -- Up-to-date symlink: /home/info/ros2_ws/install/turtle_interfaces/share/turtle_interfaces/environment/path.sh
[23.178s] -- Up-to-date symlink: /home/info/ros2_ws/install/turtle_interfaces/share/turtle_interfaces/environment/path.dsv
[23.178s] -- Up-to-date symlink: /home/info/ros2_ws/install/turtle_interfaces/share/turtle_interfaces/local_setup.bash
[23.179s] -- Up-to-date symlink: /home/info/ros2_ws/install/turtle_interfaces/share/turtle_interfaces/local_setup.sh
[23.179s] -- Up-to-date symlink: /home/info/ros2_ws/install/turtle_interfaces/share/turtle_interfaces/local_setup.zsh
[23.179s] -- Up-to-date symlink: /home/info/ros2_ws/install/turtle_interfaces/share/turtle_interfaces/local_setup.dsv
[23.180s] -- Up-to-date symlink: /home/info/ros2_ws/install/turtle_interfaces/share/turtle_interfaces/package.dsv
[23.181s] -- Up-to-date symlink: /home/info/ros2_ws/install/turtle_interfaces/share/ament_index/resource_index/packages/turtle_interfaces
[23.181s] -- Up-to-date symlink: /home/info/ros2_ws/install/turtle_interfaces/share/turtle_interfaces/cmake/rosidl_cmake-extras.cmake
[23.181s] -- Up-to-date symlink: /home/info/ros2_ws/install/turtle_interfaces/share/turtle_interfaces/cmake/ament_cmake_export_dependencies-extras.cmake
[23.182s] -- Up-to-date symlink: /home/info/ros2_ws/install/turtle_interfaces/share/turtle_interfaces/cmake/ament_cmake_export_include_directories-extras.cmake
[23.182s] -- Up-to-date symlink: /home/info/ros2_ws/install/turtle_interfaces/share/turtle_interfaces/cmake/ament_cmake_export_libraries-extras.cmake
[23.183s] -- Up-to-date symlink: /home/info/ros2_ws/install/turtle_interfaces/share/turtle_interfaces/cmake/ament_cmake_export_targets-extras.cmake
[23.183s] -- Up-to-date symlink: /home/info/ros2_ws/install/turtle_interfaces/share/turtle_interfaces/cmake/rosidl_cmake_export_typesupport_targets-extras.cmake
[23.184s] -- Up-to-date symlink: /home/info/ros2_ws/install/turtle_interfaces/share/turtle_interfaces/cmake/rosidl_cmake_export_typesupport_libraries-extras.cmake
[23.184s] -- Up-to-date symlink: /home/info/ros2_ws/install/turtle_interfaces/share/turtle_interfaces/cmake/turtle_interfacesConfig.cmake
[23.185s] -- Up-to-date symlink: /home/info/ros2_ws/install/turtle_interfaces/share/turtle_interfaces/cmake/turtle_interfacesConfig-version.cmake
[23.185s] -- Up-to-date symlink: /home/info/ros2_ws/install/turtle_interfaces/share/turtle_interfaces/package.xml
[23.187s] -- Up-to-date: /home/info/ros2_ws/install/turtle_interfaces/lib/libturtle_interfaces__rosidl_generator_c.so
[23.189s] -- Up-to-date: /home/info/ros2_ws/install/turtle_interfaces/lib/libturtle_interfaces__rosidl_typesupport_fastrtps_c.so
[23.190s] -- Up-to-date: /home/info/ros2_ws/install/turtle_interfaces/lib/libturtle_interfaces__rosidl_typesupport_introspection_c.so
[23.192s] -- Up-to-date: /home/info/ros2_ws/install/turtle_interfaces/lib/libturtle_interfaces__rosidl_typesupport_c.so
[23.194s] -- Up-to-date: /home/info/ros2_ws/install/turtle_interfaces/lib/libturtle_interfaces__rosidl_typesupport_fastrtps_cpp.so
[23.196s] -- Up-to-date: /home/info/ros2_ws/install/turtle_interfaces/lib/libturtle_interfaces__rosidl_typesupport_introspection_cpp.so
[23.199s] -- Up-to-date: /home/info/ros2_ws/install/turtle_interfaces/lib/libturtle_interfaces__rosidl_typesupport_cpp.so
[23.326s] Listing '/home/info/ros2_ws/install/turtle_interfaces/lib/python3.12/site-packages/turtle_interfaces'...
[23.326s] Listing '/home/info/ros2_ws/install/turtle_interfaces/lib/python3.12/site-packages/turtle_interfaces/srv'...
[23.343s] -- Up-to-date: /home/info/ros2_ws/install/turtle_interfaces/lib/libturtle_interfaces__rosidl_generator_py.so
[23.343s] -- Up-to-date: /home/info/ros2_ws/install/turtle_interfaces/share/turtle_interfaces/cmake/export_turtle_interfaces__rosidl_generator_cExport.cmake
[23.343s] -- Up-to-date: /home/info/ros2_ws/install/turtle_interfaces/share/turtle_interfaces/cmake/export_turtle_interfaces__rosidl_generator_cExport-noconfig.cmake
[23.343s] -- Up-to-date: /home/info/ros2_ws/install/turtle_interfaces/share/turtle_interfaces/cmake/export_turtle_interfaces__rosidl_typesupport_fastrtps_cExport.cmake
[23.343s] -- Up-to-date: /home/info/ros2_ws/install/turtle_interfaces/share/turtle_interfaces/cmake/export_turtle_interfaces__rosidl_typesupport_fastrtps_cExport-noconfig.cmake
[23.344s] -- Up-to-date: /home/info/ros2_ws/install/turtle_interfaces/share/turtle_interfaces/cmake/turtle_interfaces__rosidl_typesupport_introspection_cExport.cmake
[23.344s] -- Up-to-date: /home/info/ros2_ws/install/turtle_interfaces/share/turtle_interfaces/cmake/turtle_interfaces__rosidl_typesupport_introspection_cExport-noconfig.cmake
[23.344s] -- Up-to-date: /home/info/ros2_ws/install/turtle_interfaces/share/turtle_interfaces/cmake/turtle_interfaces__rosidl_typesupport_cExport.cmake
[23.344s] -- Up-to-date: /home/info/ros2_ws/install/turtle_interfaces/share/turtle_interfaces/cmake/turtle_interfaces__rosidl_typesupport_cExport-noconfig.cmake
[23.345s] -- Up-to-date: /home/info/ros2_ws/install/turtle_interfaces/share/turtle_interfaces/cmake/export_turtle_interfaces__rosidl_generator_cppExport.cmake
[23.345s] -- Up-to-date: /home/info/ros2_ws/install/turtle_interfaces/share/turtle_interfaces/cmake/export_turtle_interfaces__rosidl_typesupport_fastrtps_cppExport.cmake
[23.345s] -- Up-to-date: /home/info/ros2_ws/install/turtle_interfaces/share/turtle_interfaces/cmake/export_turtle_interfaces__rosidl_typesupport_fastrtps_cppExport-noconfig.cmake
[23.346s] -- Up-to-date: /home/info/ros2_ws/install/turtle_interfaces/share/turtle_interfaces/cmake/turtle_interfaces__rosidl_typesupport_introspection_cppExport.cmake
[23.346s] -- Up-to-date: /home/info/ros2_ws/install/turtle_interfaces/share/turtle_interfaces/cmake/turtle_interfaces__rosidl_typesupport_introspection_cppExport-noconfig.cmake
[23.346s] -- Up-to-date: /home/info/ros2_ws/install/turtle_interfaces/share/turtle_interfaces/cmake/turtle_interfaces__rosidl_typesupport_cppExport.cmake
[23.346s] -- Up-to-date: /home/info/ros2_ws/install/turtle_interfaces/share/turtle_interfaces/cmake/turtle_interfaces__rosidl_typesupport_cppExport-noconfig.cmake
[23.347s] -- Up-to-date: /home/info/ros2_ws/install/turtle_interfaces/share/turtle_interfaces/cmake/export_turtle_interfaces__rosidl_generator_pyExport.cmake
[23.347s] -- Up-to-date: /home/info/ros2_ws/install/turtle_interfaces/share/turtle_interfaces/cmake/export_turtle_interfaces__rosidl_generator_pyExport-noconfig.cmake
[23.369s] Invoked command in '/home/info/ros2_ws/build/turtle_interfaces' returned '0': CMAKE_PREFIX_PATH=${CMAKE_PREFIX_PATH}:/opt/ros/jazzy DEBUGINFOD_URLS=https://debuginfod.ubuntu.com /usr/bin/cmake --install /home/info/ros2_ws/build/turtle_interfaces
