[17.329s] Invoking command in '/home/info/ros2_ws/src/tp_turtle_regulation_Emie/turtle_regulation': DEBUGINFOD_URLS=https://debuginfod.ubuntu.com PYTHONPATH=/home/info/ros2_ws/build/turtle_regulation/prefix_override:/usr/lib/python3/dist-packages/colcon_core/task/python/colcon_distutils_commands:/home/info/ros2_ws/install/turtle_regulation/lib/python3.12/site-packages:${PYTHONPATH} /usr/bin/python3 -W ignore:setup.py install is deprecated -W ignore:easy_install command is deprecated setup.py egg_info --egg-base ../../../build/turtle_regulation build --build-base /home/info/ros2_ws/build/turtle_regulation/build install --record /home/info/ros2_ws/build/turtle_regulation/install.log --single-version-externally-managed install_data
[21.048s] running egg_info
[21.297s] writing ../../../build/turtle_regulation/turtle_regulation.egg-info/PKG-INFO
[21.297s] writing dependency_links to ../../../build/turtle_regulation/turtle_regulation.egg-info/dependency_links.txt
[21.298s] writing entry points to ../../../build/turtle_regulation/turtle_regulation.egg-info/entry_points.txt
[21.299s] writing requirements to ../../../build/turtle_regulation/turtle_regulation.egg-info/requires.txt
[21.301s] writing top-level names to ../../../build/turtle_regulation/turtle_regulation.egg-info/top_level.txt
[21.617s] reading manifest file '../../../build/turtle_regulation/turtle_regulation.egg-info/SOURCES.txt'
[21.626s] writing manifest file '../../../build/turtle_regulation/turtle_regulation.egg-info/SOURCES.txt'
[21.626s] running build
[21.627s] running build_py
[21.633s] copying turtle_regulation/set_way_point.py -> /home/info/ros2_ws/build/turtle_regulation/build/lib/turtle_regulation
[21.636s] running install
[21.667s] running install_lib
[21.924s] copying /home/info/ros2_ws/build/turtle_regulation/build/lib/turtle_regulation/set_way_point.py -> /home/info/ros2_ws/install/turtle_regulation/lib/python3.12/site-packages/turtle_regulation
[21.936s] byte-compiling /home/info/ros2_ws/install/turtle_regulation/lib/python3.12/site-packages/turtle_regulation/set_way_point.py to set_way_point.cpython-312.pyc
[21.950s] running install_data
[21.959s] running install_egg_info
[22.278s] removing '/home/info/ros2_ws/install/turtle_regulation/lib/python3.12/site-packages/turtle_regulation-0.0.0-py3.12.egg-info' (and everything under it)
[22.286s] Copying ../../../build/turtle_regulation/turtle_regulation.egg-info to /home/info/ros2_ws/install/turtle_regulation/lib/python3.12/site-packages/turtle_regulation-0.0.0-py3.12.egg-info
[22.300s] running install_scripts
[25.092s] Installing set_way_point script to /home/info/ros2_ws/install/turtle_regulation/lib/turtle_regulation
[25.092s] writing list of installed files to '/home/info/ros2_ws/build/turtle_regulation/install.log'
[25.169s] Invoked command in '/home/info/ros2_ws/src/tp_turtle_regulation_Emie/turtle_regulation' returned '0': DEBUGINFOD_URLS=https://debuginfod.ubuntu.com PYTHONPATH=/home/info/ros2_ws/build/turtle_regulation/prefix_override:/usr/lib/python3/dist-packages/colcon_core/task/python/colcon_distutils_commands:/home/info/ros2_ws/install/turtle_regulation/lib/python3.12/site-packages:${PYTHONPATH} /usr/bin/python3 -W ignore:setup.py install is deprecated -W ignore:easy_install command is deprecated setup.py egg_info --egg-base ../../../build/turtle_regulation build --build-base /home/info/ros2_ws/build/turtle_regulation/build install --record /home/info/ros2_ws/build/turtle_regulation/install.log --single-version-externally-managed install_data
