[8.875s] Invoking command in '/home/info/ros2_ws/src/move_pose': DEBUGINFOD_URLS=https://debuginfod.ubuntu.com PYTHONPATH=/home/info/ros2_ws/build/move_pose/prefix_override:/usr/lib/python3/dist-packages/colcon_core/task/python/colcon_distutils_commands:/home/info/ros2_ws/install/move_pose/lib/python3.12/site-packages:${PYTHONPATH} /usr/bin/python3 -W ignore:setup.py install is deprecated -W ignore:easy_install command is deprecated setup.py egg_info --egg-base ../../build/move_pose build --build-base /home/info/ros2_ws/build/move_pose/build install --record /home/info/ros2_ws/build/move_pose/install.log --single-version-externally-managed install_data
[9.930s] running egg_info
[9.972s] writing ../../build/move_pose/move_pose.egg-info/PKG-INFO
[9.973s] writing dependency_links to ../../build/move_pose/move_pose.egg-info/dependency_links.txt
[9.977s] writing entry points to ../../build/move_pose/move_pose.egg-info/entry_points.txt
[9.980s] writing requirements to ../../build/move_pose/move_pose.egg-info/requires.txt
[9.981s] writing top-level names to ../../build/move_pose/move_pose.egg-info/top_level.txt
[10.068s] reading manifest file '../../build/move_pose/move_pose.egg-info/SOURCES.txt'
[10.070s] writing manifest file '../../build/move_pose/move_pose.egg-info/SOURCES.txt'
[10.071s] running build
[10.076s] running build_py
[10.076s] running install
[10.094s] running install_lib
[10.134s] running install_data
[10.134s] running install_egg_info
[10.178s] removing '/home/info/ros2_ws/install/move_pose/lib/python3.12/site-packages/move_pose-0.0.0-py3.12.egg-info' (and everything under it)
[10.179s] Copying ../../build/move_pose/move_pose.egg-info to /home/info/ros2_ws/install/move_pose/lib/python3.12/site-packages/move_pose-0.0.0-py3.12.egg-info
[10.181s] running install_scripts
[10.841s] Installing move_circle script to /home/info/ros2_ws/install/move_pose/lib/move_pose
[10.842s] Installing move_teleop script to /home/info/ros2_ws/install/move_pose/lib/move_pose
[10.842s] writing list of installed files to '/home/info/ros2_ws/build/move_pose/install.log'
[10.923s] Invoked command in '/home/info/ros2_ws/src/move_pose' returned '0': DEBUGINFOD_URLS=https://debuginfod.ubuntu.com PYTHONPATH=/home/info/ros2_ws/build/move_pose/prefix_override:/usr/lib/python3/dist-packages/colcon_core/task/python/colcon_distutils_commands:/home/info/ros2_ws/install/move_pose/lib/python3.12/site-packages:${PYTHONPATH} /usr/bin/python3 -W ignore:setup.py install is deprecated -W ignore:easy_install command is deprecated setup.py egg_info --egg-base ../../build/move_pose build --build-base /home/info/ros2_ws/build/move_pose/build install --record /home/info/ros2_ws/build/move_pose/install.log --single-version-externally-managed install_data
