[15.714s] Invoking command in '/home/info/ros2_ws/tp_turtle_regulation_Emie/src/ros2_tutorial/my_service_pkg': DEBUGINFOD_URLS=https://debuginfod.ubuntu.com PYTHONPATH=/home/info/ros2_ws/build/my_service_pkg/prefix_override:/usr/lib/python3/dist-packages/colcon_core/task/python/colcon_distutils_commands:/home/info/ros2_ws/install/my_service_pkg/lib/python3.12/site-packages:${PYTHONPATH} /usr/bin/python3 -W ignore:setup.py install is deprecated -W ignore:easy_install command is deprecated setup.py egg_info --egg-base ../../../../build/my_service_pkg build --build-base /home/info/ros2_ws/build/my_service_pkg/build install --record /home/info/ros2_ws/build/my_service_pkg/install.log --single-version-externally-managed install_data
[19.572s] running egg_info
[19.589s] creating ../../../../build/my_service_pkg/my_service_pkg.egg-info
[19.646s] writing ../../../../build/my_service_pkg/my_service_pkg.egg-info/PKG-INFO
[19.647s] writing dependency_links to ../../../../build/my_service_pkg/my_service_pkg.egg-info/dependency_links.txt
[19.648s] writing entry points to ../../../../build/my_service_pkg/my_service_pkg.egg-info/entry_points.txt
[19.653s] writing requirements to ../../../../build/my_service_pkg/my_service_pkg.egg-info/requires.txt
[19.653s] writing top-level names to ../../../../build/my_service_pkg/my_service_pkg.egg-info/top_level.txt
[19.653s] writing manifest file '../../../../build/my_service_pkg/my_service_pkg.egg-info/SOURCES.txt'
[19.810s] reading manifest file '../../../../build/my_service_pkg/my_service_pkg.egg-info/SOURCES.txt'
[19.811s] writing manifest file '../../../../build/my_service_pkg/my_service_pkg.egg-info/SOURCES.txt'
[19.811s] running build
[19.814s] running build_py
[19.814s] creating /home/info/ros2_ws/build/my_service_pkg/build
[19.814s] creating /home/info/ros2_ws/build/my_service_pkg/build/lib
[19.814s] creating /home/info/ros2_ws/build/my_service_pkg/build/lib/my_service_pkg
[19.815s] copying my_service_pkg/service_client_no_oop.py -> /home/info/ros2_ws/build/my_service_pkg/build/lib/my_service_pkg
[19.815s] copying my_service_pkg/service_client_oop.py -> /home/info/ros2_ws/build/my_service_pkg/build/lib/my_service_pkg
[19.815s] copying my_service_pkg/__init__.py -> /home/info/ros2_ws/build/my_service_pkg/build/lib/my_service_pkg
[19.815s] copying my_service_pkg/my_first_service_server.py -> /home/info/ros2_ws/build/my_service_pkg/build/lib/my_service_pkg
[19.815s] running install
[19.830s] running install_lib
[19.901s] creating /home/info/ros2_ws/install/my_service_pkg/lib/python3.12/site-packages/my_service_pkg
[19.902s] copying /home/info/ros2_ws/build/my_service_pkg/build/lib/my_service_pkg/service_client_no_oop.py -> /home/info/ros2_ws/install/my_service_pkg/lib/python3.12/site-packages/my_service_pkg
[19.903s] copying /home/info/ros2_ws/build/my_service_pkg/build/lib/my_service_pkg/service_client_oop.py -> /home/info/ros2_ws/install/my_service_pkg/lib/python3.12/site-packages/my_service_pkg
[19.903s] copying /home/info/ros2_ws/build/my_service_pkg/build/lib/my_service_pkg/__init__.py -> /home/info/ros2_ws/install/my_service_pkg/lib/python3.12/site-packages/my_service_pkg
[19.905s] copying /home/info/ros2_ws/build/my_service_pkg/build/lib/my_service_pkg/my_first_service_server.py -> /home/info/ros2_ws/install/my_service_pkg/lib/python3.12/site-packages/my_service_pkg
[19.905s] byte-compiling /home/info/ros2_ws/install/my_service_pkg/lib/python3.12/site-packages/my_service_pkg/service_client_no_oop.py to service_client_no_oop.cpython-312.pyc
[19.906s] byte-compiling /home/info/ros2_ws/install/my_service_pkg/lib/python3.12/site-packages/my_service_pkg/service_client_oop.py to service_client_oop.cpython-312.pyc
[19.912s] byte-compiling /home/info/ros2_ws/install/my_service_pkg/lib/python3.12/site-packages/my_service_pkg/__init__.py to __init__.cpython-312.pyc
[19.912s] byte-compiling /home/info/ros2_ws/install/my_service_pkg/lib/python3.12/site-packages/my_service_pkg/my_first_service_server.py to my_first_service_server.cpython-312.pyc
[19.912s] running install_data
[19.912s] creating /home/info/ros2_ws/install/my_service_pkg/share/ament_index
[19.912s] creating /home/info/ros2_ws/install/my_service_pkg/share/ament_index/resource_index
[19.912s] creating /home/info/ros2_ws/install/my_service_pkg/share/ament_index/resource_index/packages
[19.913s] copying resource/my_service_pkg -> /home/info/ros2_ws/install/my_service_pkg/share/ament_index/resource_index/packages
[19.913s] copying package.xml -> /home/info/ros2_ws/install/my_service_pkg/share/my_service_pkg
[19.913s] running install_egg_info
[19.961s] Copying ../../../../build/my_service_pkg/my_service_pkg.egg-info to /home/info/ros2_ws/install/my_service_pkg/lib/python3.12/site-packages/my_service_pkg-0.0.0-py3.12.egg-info
[19.965s] running install_scripts
[20.378s] Installing add_two_int_client_no_oop_node script to /home/info/ros2_ws/install/my_service_pkg/lib/my_service_pkg
[20.378s] Installing add_two_int_client_oop_node script to /home/info/ros2_ws/install/my_service_pkg/lib/my_service_pkg
[20.379s] Installing add_two_int_server_node script to /home/info/ros2_ws/install/my_service_pkg/lib/my_service_pkg
[20.379s] writing list of installed files to '/home/info/ros2_ws/build/my_service_pkg/install.log'
[20.561s] Invoked command in '/home/info/ros2_ws/tp_turtle_regulation_Emie/src/ros2_tutorial/my_service_pkg' returned '0': DEBUGINFOD_URLS=https://debuginfod.ubuntu.com PYTHONPATH=/home/info/ros2_ws/build/my_service_pkg/prefix_override:/usr/lib/python3/dist-packages/colcon_core/task/python/colcon_distutils_commands:/home/info/ros2_ws/install/my_service_pkg/lib/python3.12/site-packages:${PYTHONPATH} /usr/bin/python3 -W ignore:setup.py install is deprecated -W ignore:easy_install command is deprecated setup.py egg_info --egg-base ../../../../build/my_service_pkg build --build-base /home/info/ros2_ws/build/my_service_pkg/build install --record /home/info/ros2_ws/build/my_service_pkg/install.log --single-version-externally-managed install_data
