[8.871s] Invoking command in '/home/info/ros2_ws/src/move_turtle': DEBUGINFOD_URLS=https://debuginfod.ubuntu.com PYTHONPATH=/home/info/ros2_ws/build/move_turtle/prefix_override:/usr/lib/python3/dist-packages/colcon_core/task/python/colcon_distutils_commands:/home/info/ros2_ws/install/move_turtle/lib/python3.12/site-packages:${PYTHONPATH} /usr/bin/python3 -W ignore:setup.py install is deprecated -W ignore:easy_install command is deprecated setup.py egg_info --egg-base ../../build/move_turtle build --build-base /home/info/ros2_ws/build/move_turtle/build install --record /home/info/ros2_ws/build/move_turtle/install.log --single-version-externally-managed install_data
[9.936s] running egg_info
[9.988s] writing ../../build/move_turtle/move_turtle.egg-info/PKG-INFO
[9.989s] writing dependency_links to ../../build/move_turtle/move_turtle.egg-info/dependency_links.txt
[9.989s] writing entry points to ../../build/move_turtle/move_turtle.egg-info/entry_points.txt
[9.989s] writing requirements to ../../build/move_turtle/move_turtle.egg-info/requires.txt
[9.989s] writing top-level names to ../../build/move_turtle/move_turtle.egg-info/top_level.txt
[10.077s] reading manifest file '../../build/move_turtle/move_turtle.egg-info/SOURCES.txt'
[10.078s] writing manifest file '../../build/move_turtle/move_turtle.egg-info/SOURCES.txt'
[10.078s] running build
[10.079s] running build_py
[10.079s] running install
[10.093s] running install_lib
[10.136s] running install_data
[10.137s] running install_egg_info
[10.189s] removing '/home/info/ros2_ws/install/move_turtle/lib/python3.12/site-packages/move_turtle-0.0.0-py3.12.egg-info' (and everything under it)
[10.189s] Copying ../../build/move_turtle/move_turtle.egg-info to /home/info/ros2_ws/install/move_turtle/lib/python3.12/site-packages/move_turtle-0.0.0-py3.12.egg-info
[10.195s] running install_scripts
[10.823s] Installing my_move_square script to /home/info/ros2_ws/install/move_turtle/lib/move_turtle
[10.823s] writing list of installed files to '/home/info/ros2_ws/build/move_turtle/install.log'
[10.885s] Invoked command in '/home/info/ros2_ws/src/move_turtle' returned '0': DEBUGINFOD_URLS=https://debuginfod.ubuntu.com PYTHONPATH=/home/info/ros2_ws/build/move_turtle/prefix_override:/usr/lib/python3/dist-packages/colcon_core/task/python/colcon_distutils_commands:/home/info/ros2_ws/install/move_turtle/lib/python3.12/site-packages:${PYTHONPATH} /usr/bin/python3 -W ignore:setup.py install is deprecated -W ignore:easy_install command is deprecated setup.py egg_info --egg-base ../../build/move_turtle build --build-base /home/info/ros2_ws/build/move_turtle/build install --record /home/info/ros2_ws/build/move_turtle/install.log --single-version-externally-managed install_data
