[9.064s] Invoking command in '/home/info/ros2_ws/src/move_turtle': DEBUGINFOD_URLS=https://debuginfod.ubuntu.com PYTHONPATH=/home/info/ros2_ws/build/move_turtle/prefix_override:/usr/lib/python3/dist-packages/colcon_core/task/python/colcon_distutils_commands:/home/info/ros2_ws/install/move_turtle/lib/python3.12/site-packages:${PYTHONPATH} /usr/bin/python3 -W ignore:setup.py install is deprecated -W ignore:easy_install command is deprecated setup.py egg_info --egg-base ../../build/move_turtle build --build-base /home/info/ros2_ws/build/move_turtle/build install --record /home/info/ros2_ws/build/move_turtle/install.log --single-version-externally-managed install_data
[9.760s] running egg_info
[9.799s] writing ../../build/move_turtle/move_turtle.egg-info/PKG-INFO
[9.810s] writing dependency_links to ../../build/move_turtle/move_turtle.egg-info/dependency_links.txt
[9.811s] writing entry points to ../../build/move_turtle/move_turtle.egg-info/entry_points.txt
[9.811s] writing requirements to ../../build/move_turtle/move_turtle.egg-info/requires.txt
[9.811s] writing top-level names to ../../build/move_turtle/move_turtle.egg-info/top_level.txt
[9.903s] reading manifest file '../../build/move_turtle/move_turtle.egg-info/SOURCES.txt'
[9.923s] writing manifest file '../../build/move_turtle/move_turtle.egg-info/SOURCES.txt'
[9.924s] running build
[9.924s] running build_py
[9.931s] running install
[9.940s] running install_lib
[9.983s] running install_data
[9.984s] running install_egg_info
[10.027s] removing '/home/info/ros2_ws/install/move_turtle/lib/python3.12/site-packages/move_turtle-0.0.0-py3.12.egg-info' (and everything under it)
[10.031s] Copying ../../build/move_turtle/move_turtle.egg-info to /home/info/ros2_ws/install/move_turtle/lib/python3.12/site-packages/move_turtle-0.0.0-py3.12.egg-info
[10.031s] running install_scripts
[10.465s] Installing my_move_square script to /home/info/ros2_ws/install/move_turtle/lib/move_turtle
[10.466s] writing list of installed files to '/home/info/ros2_ws/build/move_turtle/install.log'
[10.504s] Invoked command in '/home/info/ros2_ws/src/move_turtle' returned '0': DEBUGINFOD_URLS=https://debuginfod.ubuntu.com PYTHONPATH=/home/info/ros2_ws/build/move_turtle/prefix_override:/usr/lib/python3/dist-packages/colcon_core/task/python/colcon_distutils_commands:/home/info/ros2_ws/install/move_turtle/lib/python3.12/site-packages:${PYTHONPATH} /usr/bin/python3 -W ignore:setup.py install is deprecated -W ignore:easy_install command is deprecated setup.py egg_info --egg-base ../../build/move_turtle build --build-base /home/info/ros2_ws/build/move_turtle/build install --record /home/info/ros2_ws/build/move_turtle/install.log --single-version-externally-managed install_data
