[0.217s] DEBUG:colcon:Command line arguments: ['/usr/bin/colcon', 'build']
[0.217s] DEBUG:colcon:Parsed command line arguments: Namespace(log_base=None, log_level=None, verb_name='build', build_base='build', install_base='install', merge_install=False, symlink_install=False, test_result_base=None, continue_on_error=False, executor='parallel', parallel_workers=6, event_handlers=None, ignore_user_meta=False, metas=['./colcon.meta'], base_paths=['.'], packages_ignore=None, packages_ignore_regex=None, paths=None, packages_up_to=None, packages_up_to_regex=None, packages_above=None, packages_above_and_dependencies=None, packages_above_depth=None, packages_select_by_dep=None, packages_skip_by_dep=None, packages_skip_up_to=None, packages_select_build_failed=False, packages_skip_build_finished=False, packages_select_test_failures=False, packages_skip_test_passed=False, packages_select=None, packages_skip=None, packages_select_regex=None, packages_skip_regex=None, packages_start=None, packages_end=None, allow_overriding=[], cmake_args=None, cmake_target=None, cmake_target_skip_unavailable=False, cmake_clean_cache=False, cmake_clean_first=False, cmake_force_configure=False, ament_cmake_args=None, catkin_cmake_args=None, catkin_skip_building_tests=False, mixin_files=None, mixin=None, verb_parser=<colcon_mixin.mixin.mixin_argument.MixinArgumentDecorator object at 0x7f1d5156f800>, verb_extension=<colcon_core.verb.build.BuildVerb object at 0x7f1d5156f1d0>, main=<bound method BuildVerb.main of <colcon_core.verb.build.BuildVerb object at 0x7f1d5156f1d0>>, mixin_verb=('build',))
[0.314s] Level 1:colcon.colcon_core.package_discovery:discover_packages(colcon_meta) check parameters
[0.315s] Level 1:colcon.colcon_core.package_discovery:discover_packages(recursive) check parameters
[0.315s] Level 1:colcon.colcon_core.package_discovery:discover_packages(ignore) check parameters
[0.315s] Level 1:colcon.colcon_core.package_discovery:discover_packages(path) check parameters
[0.315s] Level 1:colcon.colcon_core.package_discovery:discover_packages(colcon_meta) discover
[0.315s] Level 1:colcon.colcon_core.package_discovery:discover_packages(recursive) discover
[0.315s] INFO:colcon.colcon_core.package_discovery:Crawling recursively for packages in '/home/info/ros2_ws'
[0.315s] Level 1:colcon.colcon_core.package_identification:_identify(.) by extensions ['ignore', 'ignore_ament_install']
[0.315s] Level 1:colcon.colcon_core.package_identification:_identify(.) by extension 'ignore'
[0.315s] Level 1:colcon.colcon_core.package_identification:_identify(.) by extension 'ignore_ament_install'
[0.315s] Level 1:colcon.colcon_core.package_identification:_identify(.) by extensions ['colcon_pkg']
[0.316s] Level 1:colcon.colcon_core.package_identification:_identify(.) by extension 'colcon_pkg'
[0.316s] Level 1:colcon.colcon_core.package_identification:_identify(.) by extensions ['colcon_meta']
[0.316s] Level 1:colcon.colcon_core.package_identification:_identify(.) by extension 'colcon_meta'
[0.316s] Level 1:colcon.colcon_core.package_identification:_identify(.) by extensions ['ros']
[0.316s] Level 1:colcon.colcon_core.package_identification:_identify(.) by extension 'ros'
[0.373s] Level 1:colcon.colcon_core.package_identification:_identify(.) by extensions ['cmake', 'python']
[0.373s] Level 1:colcon.colcon_core.package_identification:_identify(.) by extension 'cmake'
[0.373s] Level 1:colcon.colcon_core.package_identification:_identify(.) by extension 'python'
[0.373s] Level 1:colcon.colcon_core.package_identification:_identify(.) by extensions ['python_setup_py']
[0.373s] Level 1:colcon.colcon_core.package_identification:_identify(.) by extension 'python_setup_py'
[0.373s] Level 1:colcon.colcon_core.package_identification:_identify(build) by extensions ['ignore', 'ignore_ament_install']
[0.373s] Level 1:colcon.colcon_core.package_identification:_identify(build) by extension 'ignore'
[0.374s] Level 1:colcon.colcon_core.package_identification:_identify(build) ignored
[0.374s] Level 1:colcon.colcon_core.package_identification:_identify(install) by extensions ['ignore', 'ignore_ament_install']
[0.374s] Level 1:colcon.colcon_core.package_identification:_identify(install) by extension 'ignore'
[0.374s] Level 1:colcon.colcon_core.package_identification:_identify(install) ignored
[0.374s] Level 1:colcon.colcon_core.package_identification:_identify(log) by extensions ['ignore', 'ignore_ament_install']
[0.374s] Level 1:colcon.colcon_core.package_identification:_identify(log) by extension 'ignore'
[0.374s] Level 1:colcon.colcon_core.package_identification:_identify(log) ignored
[0.375s] Level 1:colcon.colcon_core.package_identification:_identify(tp_turtle_regulation_Emie) by extensions ['ignore', 'ignore_ament_install']
[0.375s] Level 1:colcon.colcon_core.package_identification:_identify(tp_turtle_regulation_Emie) by extension 'ignore'
[0.375s] Level 1:colcon.colcon_core.package_identification:_identify(tp_turtle_regulation_Emie) by extension 'ignore_ament_install'
[0.375s] Level 1:colcon.colcon_core.package_identification:_identify(tp_turtle_regulation_Emie) by extensions ['colcon_pkg']
[0.375s] Level 1:colcon.colcon_core.package_identification:_identify(tp_turtle_regulation_Emie) by extension 'colcon_pkg'
[0.375s] Level 1:colcon.colcon_core.package_identification:_identify(tp_turtle_regulation_Emie) by extensions ['colcon_meta']
[0.375s] Level 1:colcon.colcon_core.package_identification:_identify(tp_turtle_regulation_Emie) by extension 'colcon_meta'
[0.375s] Level 1:colcon.colcon_core.package_identification:_identify(tp_turtle_regulation_Emie) by extensions ['ros']
[0.375s] Level 1:colcon.colcon_core.package_identification:_identify(tp_turtle_regulation_Emie) by extension 'ros'
[0.375s] Level 1:colcon.colcon_core.package_identification:_identify(tp_turtle_regulation_Emie) by extensions ['cmake', 'python']
[0.375s] Level 1:colcon.colcon_core.package_identification:_identify(tp_turtle_regulation_Emie) by extension 'cmake'
[0.375s] Level 1:colcon.colcon_core.package_identification:_identify(tp_turtle_regulation_Emie) by extension 'python'
[0.376s] Level 1:colcon.colcon_core.package_identification:_identify(tp_turtle_regulation_Emie) by extensions ['python_setup_py']
[0.376s] Level 1:colcon.colcon_core.package_identification:_identify(tp_turtle_regulation_Emie) by extension 'python_setup_py'
[0.376s] Level 1:colcon.colcon_core.package_identification:_identify(tp_turtle_regulation_Emie/build) by extensions ['ignore', 'ignore_ament_install']
[0.376s] Level 1:colcon.colcon_core.package_identification:_identify(tp_turtle_regulation_Emie/build) by extension 'ignore'
[0.376s] Level 1:colcon.colcon_core.package_identification:_identify(tp_turtle_regulation_Emie/build) ignored
[0.376s] Level 1:colcon.colcon_core.package_identification:_identify(tp_turtle_regulation_Emie/install) by extensions ['ignore', 'ignore_ament_install']
[0.376s] Level 1:colcon.colcon_core.package_identification:_identify(tp_turtle_regulation_Emie/install) by extension 'ignore'
[0.376s] Level 1:colcon.colcon_core.package_identification:_identify(tp_turtle_regulation_Emie/install) ignored
[0.377s] Level 1:colcon.colcon_core.package_identification:_identify(tp_turtle_regulation_Emie/log) by extensions ['ignore', 'ignore_ament_install']
[0.377s] Level 1:colcon.colcon_core.package_identification:_identify(tp_turtle_regulation_Emie/log) by extension 'ignore'
[0.377s] Level 1:colcon.colcon_core.package_identification:_identify(tp_turtle_regulation_Emie/log) ignored
[0.377s] Level 1:colcon.colcon_core.package_identification:_identify(tp_turtle_regulation_Emie/src) by extensions ['ignore', 'ignore_ament_install']
[0.377s] Level 1:colcon.colcon_core.package_identification:_identify(tp_turtle_regulation_Emie/src) by extension 'ignore'
[0.377s] Level 1:colcon.colcon_core.package_identification:_identify(tp_turtle_regulation_Emie/src) by extension 'ignore_ament_install'
[0.377s] Level 1:colcon.colcon_core.package_identification:_identify(tp_turtle_regulation_Emie/src) by extensions ['colcon_pkg']
[0.377s] Level 1:colcon.colcon_core.package_identification:_identify(tp_turtle_regulation_Emie/src) by extension 'colcon_pkg'
[0.377s] Level 1:colcon.colcon_core.package_identification:_identify(tp_turtle_regulation_Emie/src) by extensions ['colcon_meta']
[0.377s] Level 1:colcon.colcon_core.package_identification:_identify(tp_turtle_regulation_Emie/src) by extension 'colcon_meta'
[0.378s] Level 1:colcon.colcon_core.package_identification:_identify(tp_turtle_regulation_Emie/src) by extensions ['ros']
[0.378s] Level 1:colcon.colcon_core.package_identification:_identify(tp_turtle_regulation_Emie/src) by extension 'ros'
[0.378s] Level 1:colcon.colcon_core.package_identification:_identify(tp_turtle_regulation_Emie/src) by extensions ['cmake', 'python']
[0.378s] Level 1:colcon.colcon_core.package_identification:_identify(tp_turtle_regulation_Emie/src) by extension 'cmake'
[0.378s] Level 1:colcon.colcon_core.package_identification:_identify(tp_turtle_regulation_Emie/src) by extension 'python'
[0.378s] Level 1:colcon.colcon_core.package_identification:_identify(tp_turtle_regulation_Emie/src) by extensions ['python_setup_py']
[0.378s] Level 1:colcon.colcon_core.package_identification:_identify(tp_turtle_regulation_Emie/src) by extension 'python_setup_py'
[0.378s] Level 1:colcon.colcon_core.package_identification:_identify(tp_turtle_regulation_Emie/src/move_pose) by extensions ['ignore', 'ignore_ament_install']
[0.378s] Level 1:colcon.colcon_core.package_identification:_identify(tp_turtle_regulation_Emie/src/move_pose) by extension 'ignore'
[0.378s] Level 1:colcon.colcon_core.package_identification:_identify(tp_turtle_regulation_Emie/src/move_pose) by extension 'ignore_ament_install'
[0.378s] Level 1:colcon.colcon_core.package_identification:_identify(tp_turtle_regulation_Emie/src/move_pose) by extensions ['colcon_pkg']
[0.378s] Level 1:colcon.colcon_core.package_identification:_identify(tp_turtle_regulation_Emie/src/move_pose) by extension 'colcon_pkg'
[0.379s] Level 1:colcon.colcon_core.package_identification:_identify(tp_turtle_regulation_Emie/src/move_pose) by extensions ['colcon_meta']
[0.379s] Level 1:colcon.colcon_core.package_identification:_identify(tp_turtle_regulation_Emie/src/move_pose) by extension 'colcon_meta'
[0.379s] Level 1:colcon.colcon_core.package_identification:_identify(tp_turtle_regulation_Emie/src/move_pose) by extensions ['ros']
[0.379s] Level 1:colcon.colcon_core.package_identification:_identify(tp_turtle_regulation_Emie/src/move_pose) by extension 'ros'
[0.383s] DEBUG:colcon.colcon_core.package_identification:Package 'tp_turtle_regulation_Emie/src/move_pose' with type 'ros.ament_python' and name 'move_pose'
[0.383s] Level 1:colcon.colcon_core.package_identification:_identify(tp_turtle_regulation_Emie/src/move_turtle) by extensions ['ignore', 'ignore_ament_install']
[0.383s] Level 1:colcon.colcon_core.package_identification:_identify(tp_turtle_regulation_Emie/src/move_turtle) by extension 'ignore'
[0.383s] Level 1:colcon.colcon_core.package_identification:_identify(tp_turtle_regulation_Emie/src/move_turtle) by extension 'ignore_ament_install'
[0.383s] Level 1:colcon.colcon_core.package_identification:_identify(tp_turtle_regulation_Emie/src/move_turtle) by extensions ['colcon_pkg']
[0.383s] Level 1:colcon.colcon_core.package_identification:_identify(tp_turtle_regulation_Emie/src/move_turtle) by extension 'colcon_pkg'
[0.383s] Level 1:colcon.colcon_core.package_identification:_identify(tp_turtle_regulation_Emie/src/move_turtle) by extensions ['colcon_meta']
[0.383s] Level 1:colcon.colcon_core.package_identification:_identify(tp_turtle_regulation_Emie/src/move_turtle) by extension 'colcon_meta'
[0.384s] Level 1:colcon.colcon_core.package_identification:_identify(tp_turtle_regulation_Emie/src/move_turtle) by extensions ['ros']
[0.384s] Level 1:colcon.colcon_core.package_identification:_identify(tp_turtle_regulation_Emie/src/move_turtle) by extension 'ros'
[0.385s] DEBUG:colcon.colcon_core.package_identification:Package 'tp_turtle_regulation_Emie/src/move_turtle' with type 'ros.ament_python' and name 'move_turtle'
[0.385s] Level 1:colcon.colcon_core.package_identification:_identify(tp_turtle_regulation_Emie/src/ros2_tutorial) by extensions ['ignore', 'ignore_ament_install']
[0.385s] Level 1:colcon.colcon_core.package_identification:_identify(tp_turtle_regulation_Emie/src/ros2_tutorial) by extension 'ignore'
[0.385s] Level 1:colcon.colcon_core.package_identification:_identify(tp_turtle_regulation_Emie/src/ros2_tutorial) by extension 'ignore_ament_install'
[0.385s] Level 1:colcon.colcon_core.package_identification:_identify(tp_turtle_regulation_Emie/src/ros2_tutorial) by extensions ['colcon_pkg']
[0.385s] Level 1:colcon.colcon_core.package_identification:_identify(tp_turtle_regulation_Emie/src/ros2_tutorial) by extension 'colcon_pkg'
[0.385s] Level 1:colcon.colcon_core.package_identification:_identify(tp_turtle_regulation_Emie/src/ros2_tutorial) by extensions ['colcon_meta']
[0.385s] Level 1:colcon.colcon_core.package_identification:_identify(tp_turtle_regulation_Emie/src/ros2_tutorial) by extension 'colcon_meta'
[0.385s] Level 1:colcon.colcon_core.package_identification:_identify(tp_turtle_regulation_Emie/src/ros2_tutorial) by extensions ['ros']
[0.385s] Level 1:colcon.colcon_core.package_identification:_identify(tp_turtle_regulation_Emie/src/ros2_tutorial) by extension 'ros'
[0.386s] Level 1:colcon.colcon_core.package_identification:_identify(tp_turtle_regulation_Emie/src/ros2_tutorial) by extensions ['cmake', 'python']
[0.386s] Level 1:colcon.colcon_core.package_identification:_identify(tp_turtle_regulation_Emie/src/ros2_tutorial) by extension 'cmake'
[0.386s] Level 1:colcon.colcon_core.package_identification:_identify(tp_turtle_regulation_Emie/src/ros2_tutorial) by extension 'python'
[0.386s] Level 1:colcon.colcon_core.package_identification:_identify(tp_turtle_regulation_Emie/src/ros2_tutorial) by extensions ['python_setup_py']
[0.386s] Level 1:colcon.colcon_core.package_identification:_identify(tp_turtle_regulation_Emie/src/ros2_tutorial) by extension 'python_setup_py'
[0.386s] Level 1:colcon.colcon_core.package_identification:_identify(tp_turtle_regulation_Emie/src/ros2_tutorial/my_custom_interfaces) by extensions ['ignore', 'ignore_ament_install']
[0.386s] Level 1:colcon.colcon_core.package_identification:_identify(tp_turtle_regulation_Emie/src/ros2_tutorial/my_custom_interfaces) by extension 'ignore'
[0.386s] Level 1:colcon.colcon_core.package_identification:_identify(tp_turtle_regulation_Emie/src/ros2_tutorial/my_custom_interfaces) by extension 'ignore_ament_install'
[0.386s] Level 1:colcon.colcon_core.package_identification:_identify(tp_turtle_regulation_Emie/src/ros2_tutorial/my_custom_interfaces) by extensions ['colcon_pkg']
[0.386s] Level 1:colcon.colcon_core.package_identification:_identify(tp_turtle_regulation_Emie/src/ros2_tutorial/my_custom_interfaces) by extension 'colcon_pkg'
[0.386s] Level 1:colcon.colcon_core.package_identification:_identify(tp_turtle_regulation_Emie/src/ros2_tutorial/my_custom_interfaces) by extensions ['colcon_meta']
[0.386s] Level 1:colcon.colcon_core.package_identification:_identify(tp_turtle_regulation_Emie/src/ros2_tutorial/my_custom_interfaces) by extension 'colcon_meta'
[0.387s] Level 1:colcon.colcon_core.package_identification:_identify(tp_turtle_regulation_Emie/src/ros2_tutorial/my_custom_interfaces) by extensions ['ros']
[0.387s] Level 1:colcon.colcon_core.package_identification:_identify(tp_turtle_regulation_Emie/src/ros2_tutorial/my_custom_interfaces) by extension 'ros'
[0.387s] DEBUG:colcon.colcon_core.package_identification:Package 'tp_turtle_regulation_Emie/src/ros2_tutorial/my_custom_interfaces' with type 'ros.ament_cmake' and name 'my_custom_interfaces'
[0.388s] Level 1:colcon.colcon_core.package_identification:_identify(tp_turtle_regulation_Emie/src/ros2_tutorial/my_py_pkg) by extensions ['ignore', 'ignore_ament_install']
[0.388s] Level 1:colcon.colcon_core.package_identification:_identify(tp_turtle_regulation_Emie/src/ros2_tutorial/my_py_pkg) by extension 'ignore'
[0.388s] Level 1:colcon.colcon_core.package_identification:_identify(tp_turtle_regulation_Emie/src/ros2_tutorial/my_py_pkg) by extension 'ignore_ament_install'
[0.388s] Level 1:colcon.colcon_core.package_identification:_identify(tp_turtle_regulation_Emie/src/ros2_tutorial/my_py_pkg) by extensions ['colcon_pkg']
[0.388s] Level 1:colcon.colcon_core.package_identification:_identify(tp_turtle_regulation_Emie/src/ros2_tutorial/my_py_pkg) by extension 'colcon_pkg'
[0.388s] Level 1:colcon.colcon_core.package_identification:_identify(tp_turtle_regulation_Emie/src/ros2_tutorial/my_py_pkg) by extensions ['colcon_meta']
[0.388s] Level 1:colcon.colcon_core.package_identification:_identify(tp_turtle_regulation_Emie/src/ros2_tutorial/my_py_pkg) by extension 'colcon_meta'
[0.388s] Level 1:colcon.colcon_core.package_identification:_identify(tp_turtle_regulation_Emie/src/ros2_tutorial/my_py_pkg) by extensions ['ros']
[0.388s] Level 1:colcon.colcon_core.package_identification:_identify(tp_turtle_regulation_Emie/src/ros2_tutorial/my_py_pkg) by extension 'ros'
[0.389s] DEBUG:colcon.colcon_core.package_identification:Package 'tp_turtle_regulation_Emie/src/ros2_tutorial/my_py_pkg' with type 'ros.ament_python' and name 'my_py_pkg'
[0.389s] Level 1:colcon.colcon_core.package_identification:_identify(tp_turtle_regulation_Emie/src/ros2_tutorial/my_service_pkg) by extensions ['ignore', 'ignore_ament_install']
[0.390s] Level 1:colcon.colcon_core.package_identification:_identify(tp_turtle_regulation_Emie/src/ros2_tutorial/my_service_pkg) by extension 'ignore'
[0.390s] Level 1:colcon.colcon_core.package_identification:_identify(tp_turtle_regulation_Emie/src/ros2_tutorial/my_service_pkg) by extension 'ignore_ament_install'
[0.390s] Level 1:colcon.colcon_core.package_identification:_identify(tp_turtle_regulation_Emie/src/ros2_tutorial/my_service_pkg) by extensions ['colcon_pkg']
[0.390s] Level 1:colcon.colcon_core.package_identification:_identify(tp_turtle_regulation_Emie/src/ros2_tutorial/my_service_pkg) by extension 'colcon_pkg'
[0.390s] Level 1:colcon.colcon_core.package_identification:_identify(tp_turtle_regulation_Emie/src/ros2_tutorial/my_service_pkg) by extensions ['colcon_meta']
[0.390s] Level 1:colcon.colcon_core.package_identification:_identify(tp_turtle_regulation_Emie/src/ros2_tutorial/my_service_pkg) by extension 'colcon_meta'
[0.390s] Level 1:colcon.colcon_core.package_identification:_identify(tp_turtle_regulation_Emie/src/ros2_tutorial/my_service_pkg) by extensions ['ros']
[0.390s] Level 1:colcon.colcon_core.package_identification:_identify(tp_turtle_regulation_Emie/src/ros2_tutorial/my_service_pkg) by extension 'ros'
[0.391s] DEBUG:colcon.colcon_core.package_identification:Package 'tp_turtle_regulation_Emie/src/ros2_tutorial/my_service_pkg' with type 'ros.ament_python' and name 'my_service_pkg'
[0.391s] Level 1:colcon.colcon_core.package_identification:_identify(tp_turtle_regulation_Emie/src/tp_turtle_regulation_Emie) by extensions ['ignore', 'ignore_ament_install']
[0.391s] Level 1:colcon.colcon_core.package_identification:_identify(tp_turtle_regulation_Emie/src/tp_turtle_regulation_Emie) by extension 'ignore'
[0.391s] Level 1:colcon.colcon_core.package_identification:_identify(tp_turtle_regulation_Emie/src/tp_turtle_regulation_Emie) by extension 'ignore_ament_install'
[0.392s] Level 1:colcon.colcon_core.package_identification:_identify(tp_turtle_regulation_Emie/src/tp_turtle_regulation_Emie) by extensions ['colcon_pkg']
[0.392s] Level 1:colcon.colcon_core.package_identification:_identify(tp_turtle_regulation_Emie/src/tp_turtle_regulation_Emie) by extension 'colcon_pkg'
[0.392s] Level 1:colcon.colcon_core.package_identification:_identify(tp_turtle_regulation_Emie/src/tp_turtle_regulation_Emie) by extensions ['colcon_meta']
[0.392s] Level 1:colcon.colcon_core.package_identification:_identify(tp_turtle_regulation_Emie/src/tp_turtle_regulation_Emie) by extension 'colcon_meta'
[0.392s] Level 1:colcon.colcon_core.package_identification:_identify(tp_turtle_regulation_Emie/src/tp_turtle_regulation_Emie) by extensions ['ros']
[0.392s] Level 1:colcon.colcon_core.package_identification:_identify(tp_turtle_regulation_Emie/src/tp_turtle_regulation_Emie) by extension 'ros'
[0.392s] Level 1:colcon.colcon_core.package_identification:_identify(tp_turtle_regulation_Emie/src/tp_turtle_regulation_Emie) by extensions ['cmake', 'python']
[0.392s] Level 1:colcon.colcon_core.package_identification:_identify(tp_turtle_regulation_Emie/src/tp_turtle_regulation_Emie) by extension 'cmake'
[0.392s] Level 1:colcon.colcon_core.package_identification:_identify(tp_turtle_regulation_Emie/src/tp_turtle_regulation_Emie) by extension 'python'
[0.392s] Level 1:colcon.colcon_core.package_identification:_identify(tp_turtle_regulation_Emie/src/tp_turtle_regulation_Emie) by extensions ['python_setup_py']
[0.392s] Level 1:colcon.colcon_core.package_identification:_identify(tp_turtle_regulation_Emie/src/tp_turtle_regulation_Emie) by extension 'python_setup_py'
[0.392s] Level 1:colcon.colcon_core.package_identification:_identify(tp_turtle_regulation_Emie/src/tp_turtle_regulation_Emie/turtle_interfaces) by extensions ['ignore', 'ignore_ament_install']
[0.393s] Level 1:colcon.colcon_core.package_identification:_identify(tp_turtle_regulation_Emie/src/tp_turtle_regulation_Emie/turtle_interfaces) by extension 'ignore'
[0.393s] Level 1:colcon.colcon_core.package_identification:_identify(tp_turtle_regulation_Emie/src/tp_turtle_regulation_Emie/turtle_interfaces) by extension 'ignore_ament_install'
[0.393s] Level 1:colcon.colcon_core.package_identification:_identify(tp_turtle_regulation_Emie/src/tp_turtle_regulation_Emie/turtle_interfaces) by extensions ['colcon_pkg']
[0.393s] Level 1:colcon.colcon_core.package_identification:_identify(tp_turtle_regulation_Emie/src/tp_turtle_regulation_Emie/turtle_interfaces) by extension 'colcon_pkg'
[0.393s] Level 1:colcon.colcon_core.package_identification:_identify(tp_turtle_regulation_Emie/src/tp_turtle_regulation_Emie/turtle_interfaces) by extensions ['colcon_meta']
[0.393s] Level 1:colcon.colcon_core.package_identification:_identify(tp_turtle_regulation_Emie/src/tp_turtle_regulation_Emie/turtle_interfaces) by extension 'colcon_meta'
[0.393s] Level 1:colcon.colcon_core.package_identification:_identify(tp_turtle_regulation_Emie/src/tp_turtle_regulation_Emie/turtle_interfaces) by extensions ['ros']
[0.393s] Level 1:colcon.colcon_core.package_identification:_identify(tp_turtle_regulation_Emie/src/tp_turtle_regulation_Emie/turtle_interfaces) by extension 'ros'
[0.394s] DEBUG:colcon.colcon_core.package_identification:Package 'tp_turtle_regulation_Emie/src/tp_turtle_regulation_Emie/turtle_interfaces' with type 'ros.ament_cmake' and name 'turtle_interfaces'
[0.394s] Level 1:colcon.colcon_core.package_identification:_identify(tp_turtle_regulation_Emie/src/tp_turtle_regulation_Emie/turtle_regulation) by extensions ['ignore', 'ignore_ament_install']
[0.394s] Level 1:colcon.colcon_core.package_identification:_identify(tp_turtle_regulation_Emie/src/tp_turtle_regulation_Emie/turtle_regulation) by extension 'ignore'
[0.394s] Level 1:colcon.colcon_core.package_identification:_identify(tp_turtle_regulation_Emie/src/tp_turtle_regulation_Emie/turtle_regulation) by extension 'ignore_ament_install'
[0.394s] Level 1:colcon.colcon_core.package_identification:_identify(tp_turtle_regulation_Emie/src/tp_turtle_regulation_Emie/turtle_regulation) by extensions ['colcon_pkg']
[0.394s] Level 1:colcon.colcon_core.package_identification:_identify(tp_turtle_regulation_Emie/src/tp_turtle_regulation_Emie/turtle_regulation) by extension 'colcon_pkg'
[0.394s] Level 1:colcon.colcon_core.package_identification:_identify(tp_turtle_regulation_Emie/src/tp_turtle_regulation_Emie/turtle_regulation) by extensions ['colcon_meta']
[0.395s] Level 1:colcon.colcon_core.package_identification:_identify(tp_turtle_regulation_Emie/src/tp_turtle_regulation_Emie/turtle_regulation) by extension 'colcon_meta'
[0.395s] Level 1:colcon.colcon_core.package_identification:_identify(tp_turtle_regulation_Emie/src/tp_turtle_regulation_Emie/turtle_regulation) by extensions ['ros']
[0.395s] Level 1:colcon.colcon_core.package_identification:_identify(tp_turtle_regulation_Emie/src/tp_turtle_regulation_Emie/turtle_regulation) by extension 'ros'
[0.396s] DEBUG:colcon.colcon_core.package_identification:Package 'tp_turtle_regulation_Emie/src/tp_turtle_regulation_Emie/turtle_regulation' with type 'ros.ament_python' and name 'turtle_regulation'
[0.396s] Level 1:colcon.colcon_core.package_discovery:discover_packages(recursive) using defaults
[0.396s] Level 1:colcon.colcon_core.package_discovery:discover_packages(ignore) discover
[0.396s] Level 1:colcon.colcon_core.package_discovery:discover_packages(ignore) using defaults
[0.396s] Level 1:colcon.colcon_core.package_discovery:discover_packages(path) discover
[0.396s] Level 1:colcon.colcon_core.package_discovery:discover_packages(path) using defaults
[0.436s] Level 1:colcon.colcon_core.package_discovery:discover_packages(prefix_path) check parameters
[0.436s] Level 1:colcon.colcon_core.package_discovery:discover_packages(prefix_path) discover
[0.443s] DEBUG:colcon.colcon_installed_package_information.package_discovery:Found 285 installed packages in /opt/ros/jazzy
[0.446s] Level 1:colcon.colcon_core.package_discovery:discover_packages(prefix_path) using defaults
[0.542s] Level 5:colcon.colcon_core.verb:set package 'move_pose' build argument 'cmake_args' from command line to 'None'
[0.542s] Level 5:colcon.colcon_core.verb:set package 'move_pose' build argument 'cmake_target' from command line to 'None'
[0.542s] Level 5:colcon.colcon_core.verb:set package 'move_pose' build argument 'cmake_target_skip_unavailable' from command line to 'False'
[0.542s] Level 5:colcon.colcon_core.verb:set package 'move_pose' build argument 'cmake_clean_cache' from command line to 'False'
[0.542s] Level 5:colcon.colcon_core.verb:set package 'move_pose' build argument 'cmake_clean_first' from command line to 'False'
[0.542s] Level 5:colcon.colcon_core.verb:set package 'move_pose' build argument 'cmake_force_configure' from command line to 'False'
[0.542s] Level 5:colcon.colcon_core.verb:set package 'move_pose' build argument 'ament_cmake_args' from command line to 'None'
[0.542s] Level 5:colcon.colcon_core.verb:set package 'move_pose' build argument 'catkin_cmake_args' from command line to 'None'
[0.542s] Level 5:colcon.colcon_core.verb:set package 'move_pose' build argument 'catkin_skip_building_tests' from command line to 'False'
[0.542s] DEBUG:colcon.colcon_core.verb:Building package 'move_pose' with the following arguments: {'ament_cmake_args': None, 'build_base': '/home/info/ros2_ws/build/move_pose', 'catkin_cmake_args': None, 'catkin_skip_building_tests': False, 'cmake_args': None, 'cmake_clean_cache': False, 'cmake_clean_first': False, 'cmake_force_configure': False, 'cmake_target': None, 'cmake_target_skip_unavailable': False, 'install_base': '/home/info/ros2_ws/install/move_pose', 'merge_install': False, 'path': '/home/info/ros2_ws/tp_turtle_regulation_Emie/src/move_pose', 'symlink_install': False, 'test_result_base': None}
[0.543s] Level 5:colcon.colcon_core.verb:set package 'move_turtle' build argument 'cmake_args' from command line to 'None'
[0.543s] Level 5:colcon.colcon_core.verb:set package 'move_turtle' build argument 'cmake_target' from command line to 'None'
[0.543s] Level 5:colcon.colcon_core.verb:set package 'move_turtle' build argument 'cmake_target_skip_unavailable' from command line to 'False'
[0.543s] Level 5:colcon.colcon_core.verb:set package 'move_turtle' build argument 'cmake_clean_cache' from command line to 'False'
[0.543s] Level 5:colcon.colcon_core.verb:set package 'move_turtle' build argument 'cmake_clean_first' from command line to 'False'
[0.543s] Level 5:colcon.colcon_core.verb:set package 'move_turtle' build argument 'cmake_force_configure' from command line to 'False'
[0.543s] Level 5:colcon.colcon_core.verb:set package 'move_turtle' build argument 'ament_cmake_args' from command line to 'None'
[0.543s] Level 5:colcon.colcon_core.verb:set package 'move_turtle' build argument 'catkin_cmake_args' from command line to 'None'
[0.543s] Level 5:colcon.colcon_core.verb:set package 'move_turtle' build argument 'catkin_skip_building_tests' from command line to 'False'
[0.543s] DEBUG:colcon.colcon_core.verb:Building package 'move_turtle' with the following arguments: {'ament_cmake_args': None, 'build_base': '/home/info/ros2_ws/build/move_turtle', 'catkin_cmake_args': None, 'catkin_skip_building_tests': False, 'cmake_args': None, 'cmake_clean_cache': False, 'cmake_clean_first': False, 'cmake_force_configure': False, 'cmake_target': None, 'cmake_target_skip_unavailable': False, 'install_base': '/home/info/ros2_ws/install/move_turtle', 'merge_install': False, 'path': '/home/info/ros2_ws/tp_turtle_regulation_Emie/src/move_turtle', 'symlink_install': False, 'test_result_base': None}
[0.543s] Level 5:colcon.colcon_core.verb:set package 'my_custom_interfaces' build argument 'cmake_args' from command line to 'None'
[0.543s] Level 5:colcon.colcon_core.verb:set package 'my_custom_interfaces' build argument 'cmake_target' from command line to 'None'
[0.544s] Level 5:colcon.colcon_core.verb:set package 'my_custom_interfaces' build argument 'cmake_target_skip_unavailable' from command line to 'False'
[0.544s] Level 5:colcon.colcon_core.verb:set package 'my_custom_interfaces' build argument 'cmake_clean_cache' from command line to 'False'
[0.544s] Level 5:colcon.colcon_core.verb:set package 'my_custom_interfaces' build argument 'cmake_clean_first' from command line to 'False'
[0.544s] Level 5:colcon.colcon_core.verb:set package 'my_custom_interfaces' build argument 'cmake_force_configure' from command line to 'False'
[0.544s] Level 5:colcon.colcon_core.verb:set package 'my_custom_interfaces' build argument 'ament_cmake_args' from command line to 'None'
[0.544s] Level 5:colcon.colcon_core.verb:set package 'my_custom_interfaces' build argument 'catkin_cmake_args' from command line to 'None'
[0.544s] Level 5:colcon.colcon_core.verb:set package 'my_custom_interfaces' build argument 'catkin_skip_building_tests' from command line to 'False'
[0.544s] DEBUG:colcon.colcon_core.verb:Building package 'my_custom_interfaces' with the following arguments: {'ament_cmake_args': None, 'build_base': '/home/info/ros2_ws/build/my_custom_interfaces', 'catkin_cmake_args': None, 'catkin_skip_building_tests': False, 'cmake_args': None, 'cmake_clean_cache': False, 'cmake_clean_first': False, 'cmake_force_configure': False, 'cmake_target': None, 'cmake_target_skip_unavailable': False, 'install_base': '/home/info/ros2_ws/install/my_custom_interfaces', 'merge_install': False, 'path': '/home/info/ros2_ws/tp_turtle_regulation_Emie/src/ros2_tutorial/my_custom_interfaces', 'symlink_install': False, 'test_result_base': None}
[0.544s] Level 5:colcon.colcon_core.verb:set package 'my_service_pkg' build argument 'cmake_args' from command line to 'None'
[0.544s] Level 5:colcon.colcon_core.verb:set package 'my_service_pkg' build argument 'cmake_target' from command line to 'None'
[0.544s] Level 5:colcon.colcon_core.verb:set package 'my_service_pkg' build argument 'cmake_target_skip_unavailable' from command line to 'False'
[0.544s] Level 5:colcon.colcon_core.verb:set package 'my_service_pkg' build argument 'cmake_clean_cache' from command line to 'False'
[0.544s] Level 5:colcon.colcon_core.verb:set package 'my_service_pkg' build argument 'cmake_clean_first' from command line to 'False'
[0.544s] Level 5:colcon.colcon_core.verb:set package 'my_service_pkg' build argument 'cmake_force_configure' from command line to 'False'
[0.544s] Level 5:colcon.colcon_core.verb:set package 'my_service_pkg' build argument 'ament_cmake_args' from command line to 'None'
[0.545s] Level 5:colcon.colcon_core.verb:set package 'my_service_pkg' build argument 'catkin_cmake_args' from command line to 'None'
[0.545s] Level 5:colcon.colcon_core.verb:set package 'my_service_pkg' build argument 'catkin_skip_building_tests' from command line to 'False'
[0.545s] DEBUG:colcon.colcon_core.verb:Building package 'my_service_pkg' with the following arguments: {'ament_cmake_args': None, 'build_base': '/home/info/ros2_ws/build/my_service_pkg', 'catkin_cmake_args': None, 'catkin_skip_building_tests': False, 'cmake_args': None, 'cmake_clean_cache': False, 'cmake_clean_first': False, 'cmake_force_configure': False, 'cmake_target': None, 'cmake_target_skip_unavailable': False, 'install_base': '/home/info/ros2_ws/install/my_service_pkg', 'merge_install': False, 'path': '/home/info/ros2_ws/tp_turtle_regulation_Emie/src/ros2_tutorial/my_service_pkg', 'symlink_install': False, 'test_result_base': None}
[0.545s] Level 5:colcon.colcon_core.verb:set package 'turtle_interfaces' build argument 'cmake_args' from command line to 'None'
[0.545s] Level 5:colcon.colcon_core.verb:set package 'turtle_interfaces' build argument 'cmake_target' from command line to 'None'
[0.545s] Level 5:colcon.colcon_core.verb:set package 'turtle_interfaces' build argument 'cmake_target_skip_unavailable' from command line to 'False'
[0.545s] Level 5:colcon.colcon_core.verb:set package 'turtle_interfaces' build argument 'cmake_clean_cache' from command line to 'False'
[0.545s] Level 5:colcon.colcon_core.verb:set package 'turtle_interfaces' build argument 'cmake_clean_first' from command line to 'False'
[0.545s] Level 5:colcon.colcon_core.verb:set package 'turtle_interfaces' build argument 'cmake_force_configure' from command line to 'False'
[0.545s] Level 5:colcon.colcon_core.verb:set package 'turtle_interfaces' build argument 'ament_cmake_args' from command line to 'None'
[0.545s] Level 5:colcon.colcon_core.verb:set package 'turtle_interfaces' build argument 'catkin_cmake_args' from command line to 'None'
[0.545s] Level 5:colcon.colcon_core.verb:set package 'turtle_interfaces' build argument 'catkin_skip_building_tests' from command line to 'False'
[0.545s] DEBUG:colcon.colcon_core.verb:Building package 'turtle_interfaces' with the following arguments: {'ament_cmake_args': None, 'build_base': '/home/info/ros2_ws/build/turtle_interfaces', 'catkin_cmake_args': None, 'catkin_skip_building_tests': False, 'cmake_args': None, 'cmake_clean_cache': False, 'cmake_clean_first': False, 'cmake_force_configure': False, 'cmake_target': None, 'cmake_target_skip_unavailable': False, 'install_base': '/home/info/ros2_ws/install/turtle_interfaces', 'merge_install': False, 'path': '/home/info/ros2_ws/tp_turtle_regulation_Emie/src/tp_turtle_regulation_Emie/turtle_interfaces', 'symlink_install': False, 'test_result_base': None}
[0.546s] Level 5:colcon.colcon_core.verb:set package 'turtle_regulation' build argument 'cmake_args' from command line to 'None'
[0.546s] Level 5:colcon.colcon_core.verb:set package 'turtle_regulation' build argument 'cmake_target' from command line to 'None'
[0.546s] Level 5:colcon.colcon_core.verb:set package 'turtle_regulation' build argument 'cmake_target_skip_unavailable' from command line to 'False'
[0.546s] Level 5:colcon.colcon_core.verb:set package 'turtle_regulation' build argument 'cmake_clean_cache' from command line to 'False'
[0.546s] Level 5:colcon.colcon_core.verb:set package 'turtle_regulation' build argument 'cmake_clean_first' from command line to 'False'
[0.546s] Level 5:colcon.colcon_core.verb:set package 'turtle_regulation' build argument 'cmake_force_configure' from command line to 'False'
[0.546s] Level 5:colcon.colcon_core.verb:set package 'turtle_regulation' build argument 'ament_cmake_args' from command line to 'None'
[0.546s] Level 5:colcon.colcon_core.verb:set package 'turtle_regulation' build argument 'catkin_cmake_args' from command line to 'None'
[0.546s] Level 5:colcon.colcon_core.verb:set package 'turtle_regulation' build argument 'catkin_skip_building_tests' from command line to 'False'
[0.546s] DEBUG:colcon.colcon_core.verb:Building package 'turtle_regulation' with the following arguments: {'ament_cmake_args': None, 'build_base': '/home/info/ros2_ws/build/turtle_regulation', 'catkin_cmake_args': None, 'catkin_skip_building_tests': False, 'cmake_args': None, 'cmake_clean_cache': False, 'cmake_clean_first': False, 'cmake_force_configure': False, 'cmake_target': None, 'cmake_target_skip_unavailable': False, 'install_base': '/home/info/ros2_ws/install/turtle_regulation', 'merge_install': False, 'path': '/home/info/ros2_ws/tp_turtle_regulation_Emie/src/tp_turtle_regulation_Emie/turtle_regulation', 'symlink_install': False, 'test_result_base': None}
[0.547s] Level 5:colcon.colcon_core.verb:set package 'my_py_pkg' build argument 'cmake_args' from command line to 'None'
[0.547s] Level 5:colcon.colcon_core.verb:set package 'my_py_pkg' build argument 'cmake_target' from command line to 'None'
[0.547s] Level 5:colcon.colcon_core.verb:set package 'my_py_pkg' build argument 'cmake_target_skip_unavailable' from command line to 'False'
[0.547s] Level 5:colcon.colcon_core.verb:set package 'my_py_pkg' build argument 'cmake_clean_cache' from command line to 'False'
[0.547s] Level 5:colcon.colcon_core.verb:set package 'my_py_pkg' build argument 'cmake_clean_first' from command line to 'False'
[0.547s] Level 5:colcon.colcon_core.verb:set package 'my_py_pkg' build argument 'cmake_force_configure' from command line to 'False'
[0.547s] Level 5:colcon.colcon_core.verb:set package 'my_py_pkg' build argument 'ament_cmake_args' from command line to 'None'
[0.547s] Level 5:colcon.colcon_core.verb:set package 'my_py_pkg' build argument 'catkin_cmake_args' from command line to 'None'
[0.547s] Level 5:colcon.colcon_core.verb:set package 'my_py_pkg' build argument 'catkin_skip_building_tests' from command line to 'False'
[0.547s] DEBUG:colcon.colcon_core.verb:Building package 'my_py_pkg' with the following arguments: {'ament_cmake_args': None, 'build_base': '/home/info/ros2_ws/build/my_py_pkg', 'catkin_cmake_args': None, 'catkin_skip_building_tests': False, 'cmake_args': None, 'cmake_clean_cache': False, 'cmake_clean_first': False, 'cmake_force_configure': False, 'cmake_target': None, 'cmake_target_skip_unavailable': False, 'install_base': '/home/info/ros2_ws/install/my_py_pkg', 'merge_install': False, 'path': '/home/info/ros2_ws/tp_turtle_regulation_Emie/src/ros2_tutorial/my_py_pkg', 'symlink_install': False, 'test_result_base': None}
[0.547s] INFO:colcon.colcon_core.executor:Executing jobs using 'parallel' executor
[0.548s] DEBUG:colcon.colcon_parallel_executor.executor.parallel:run_until_complete
[0.549s] INFO:colcon.colcon_ros.task.ament_cmake.build:Building ROS package in '/home/info/ros2_ws/tp_turtle_regulation_Emie/src/ros2_tutorial/my_custom_interfaces' with build type 'ament_cmake'
[0.549s] INFO:colcon.colcon_cmake.task.cmake.build:Building CMake package in '/home/info/ros2_ws/tp_turtle_regulation_Emie/src/ros2_tutorial/my_custom_interfaces'
[0.553s] INFO:colcon.colcon_core.plugin_system:Skipping extension 'colcon_core.shell.bat': Not used on non-Windows systems
[0.553s] INFO:colcon.colcon_core.shell:Skip shell extension 'powershell' for command environment: Not usable outside of PowerShell
[0.553s] DEBUG:colcon.colcon_core.shell:Skip shell extension 'dsv' for command environment
[0.573s] INFO:colcon.colcon_ros.task.ament_python.build:Building ROS package in '/home/info/ros2_ws/tp_turtle_regulation_Emie/src/move_pose' with build type 'ament_python'
[0.574s] Level 1:colcon.colcon_core.shell:create_environment_hook('move_pose', 'ament_prefix_path')
[0.575s] INFO:colcon.colcon_core.shell:Creating environment hook '/home/info/ros2_ws/install/move_pose/share/move_pose/hook/ament_prefix_path.ps1'
[0.578s] INFO:colcon.colcon_core.shell:Creating environment descriptor '/home/info/ros2_ws/install/move_pose/share/move_pose/hook/ament_prefix_path.dsv'
[0.579s] INFO:colcon.colcon_core.shell:Creating environment hook '/home/info/ros2_ws/install/move_pose/share/move_pose/hook/ament_prefix_path.sh'
[0.580s] INFO:colcon.colcon_core.shell:Skip shell extension 'powershell' for command environment: Not usable outside of PowerShell
[0.580s] DEBUG:colcon.colcon_core.shell:Skip shell extension 'dsv' for command environment
[0.618s] INFO:colcon.colcon_ros.task.ament_python.build:Building ROS package in '/home/info/ros2_ws/tp_turtle_regulation_Emie/src/move_turtle' with build type 'ament_python'
[0.618s] Level 1:colcon.colcon_core.shell:create_environment_hook('move_turtle', 'ament_prefix_path')
[0.619s] INFO:colcon.colcon_core.shell:Creating environment hook '/home/info/ros2_ws/install/move_turtle/share/move_turtle/hook/ament_prefix_path.ps1'
[0.622s] INFO:colcon.colcon_core.shell:Creating environment descriptor '/home/info/ros2_ws/install/move_turtle/share/move_turtle/hook/ament_prefix_path.dsv'
[0.622s] INFO:colcon.colcon_core.shell:Creating environment hook '/home/info/ros2_ws/install/move_turtle/share/move_turtle/hook/ament_prefix_path.sh'
[0.625s] INFO:colcon.colcon_core.shell:Skip shell extension 'powershell' for command environment: Not usable outside of PowerShell
[0.625s] DEBUG:colcon.colcon_core.shell:Skip shell extension 'dsv' for command environment
[0.634s] INFO:colcon.colcon_ros.task.ament_python.build:Building ROS package in '/home/info/ros2_ws/tp_turtle_regulation_Emie/src/ros2_tutorial/my_service_pkg' with build type 'ament_python'
[0.637s] Level 1:colcon.colcon_core.shell:create_environment_hook('my_service_pkg', 'ament_prefix_path')
[0.637s] INFO:colcon.colcon_core.shell:Creating environment hook '/home/info/ros2_ws/install/my_service_pkg/share/my_service_pkg/hook/ament_prefix_path.ps1'
[0.639s] INFO:colcon.colcon_core.shell:Creating environment descriptor '/home/info/ros2_ws/install/my_service_pkg/share/my_service_pkg/hook/ament_prefix_path.dsv'
[0.641s] INFO:colcon.colcon_core.shell:Creating environment hook '/home/info/ros2_ws/install/my_service_pkg/share/my_service_pkg/hook/ament_prefix_path.sh'
[0.643s] INFO:colcon.colcon_core.shell:Skip shell extension 'powershell' for command environment: Not usable outside of PowerShell
[0.643s] DEBUG:colcon.colcon_core.shell:Skip shell extension 'dsv' for command environment
[0.665s] INFO:colcon.colcon_ros.task.ament_cmake.build:Building ROS package in '/home/info/ros2_ws/tp_turtle_regulation_Emie/src/tp_turtle_regulation_Emie/turtle_interfaces' with build type 'ament_cmake'
[0.665s] INFO:colcon.colcon_cmake.task.cmake.build:Building CMake package in '/home/info/ros2_ws/tp_turtle_regulation_Emie/src/tp_turtle_regulation_Emie/turtle_interfaces'
[0.665s] INFO:colcon.colcon_core.shell:Skip shell extension 'powershell' for command environment: Not usable outside of PowerShell
[0.666s] DEBUG:colcon.colcon_core.shell:Skip shell extension 'dsv' for command environment
[0.678s] INFO:colcon.colcon_ros.task.ament_python.build:Building ROS package in '/home/info/ros2_ws/tp_turtle_regulation_Emie/src/tp_turtle_regulation_Emie/turtle_regulation' with build type 'ament_python'
[0.678s] Level 1:colcon.colcon_core.shell:create_environment_hook('turtle_regulation', 'ament_prefix_path')
[0.679s] INFO:colcon.colcon_core.shell:Creating environment hook '/home/info/ros2_ws/install/turtle_regulation/share/turtle_regulation/hook/ament_prefix_path.ps1'
[0.680s] INFO:colcon.colcon_core.shell:Creating environment descriptor '/home/info/ros2_ws/install/turtle_regulation/share/turtle_regulation/hook/ament_prefix_path.dsv'
[0.685s] INFO:colcon.colcon_core.shell:Creating environment hook '/home/info/ros2_ws/install/turtle_regulation/share/turtle_regulation/hook/ament_prefix_path.sh'
[0.687s] INFO:colcon.colcon_core.shell:Skip shell extension 'powershell' for command environment: Not usable outside of PowerShell
[0.687s] DEBUG:colcon.colcon_core.shell:Skip shell extension 'dsv' for command environment
[0.729s] DEBUG:colcon.colcon_core.event_handler.log_command:Invoking command in '/home/info/ros2_ws/build/my_custom_interfaces': CMAKE_PREFIX_PATH=${CMAKE_PREFIX_PATH}:/opt/ros/jazzy DEBUGINFOD_URLS=https://debuginfod.ubuntu.com /usr/bin/cmake --build /home/info/ros2_ws/build/my_custom_interfaces -- -j6 -l6
[1.740s] INFO:colcon.colcon_core.task.python.build:Building Python package in '/home/info/ros2_ws/tp_turtle_regulation_Emie/src/move_pose'
[1.741s] INFO:colcon.colcon_core.shell:Skip shell extension 'powershell' for command environment: Not usable outside of PowerShell
[1.742s] DEBUG:colcon.colcon_core.shell:Skip shell extension 'dsv' for command environment
[5.081s] INFO:colcon.colcon_core.task.python.build:Building Python package in '/home/info/ros2_ws/tp_turtle_regulation_Emie/src/move_turtle'
[5.081s] INFO:colcon.colcon_core.shell:Skip shell extension 'powershell' for command environment: Not usable outside of PowerShell
[5.081s] DEBUG:colcon.colcon_core.shell:Skip shell extension 'dsv' for command environment
[6.175s] INFO:colcon.colcon_core.task.python.build:Building Python package in '/home/info/ros2_ws/tp_turtle_regulation_Emie/src/ros2_tutorial/my_service_pkg'
[6.180s] INFO:colcon.colcon_core.shell:Skip shell extension 'powershell' for command environment: Not usable outside of PowerShell
[6.180s] DEBUG:colcon.colcon_core.shell:Skip shell extension 'dsv' for command environment
[6.271s] DEBUG:colcon.colcon_core.event_handler.log_command:Invoking command in '/home/info/ros2_ws/build/turtle_interfaces': CMAKE_PREFIX_PATH=${CMAKE_PREFIX_PATH}:/opt/ros/jazzy DEBUGINFOD_URLS=https://debuginfod.ubuntu.com /usr/bin/cmake --build /home/info/ros2_ws/build/turtle_interfaces -- -j6 -l6
[7.261s] INFO:colcon.colcon_core.task.python.build:Building Python package in '/home/info/ros2_ws/tp_turtle_regulation_Emie/src/tp_turtle_regulation_Emie/turtle_regulation'
[7.261s] INFO:colcon.colcon_core.shell:Skip shell extension 'powershell' for command environment: Not usable outside of PowerShell
[7.261s] DEBUG:colcon.colcon_core.shell:Skip shell extension 'dsv' for command environment
[7.346s] DEBUG:colcon.colcon_core.event_handler.log_command:Invoked command in '/home/info/ros2_ws/build/my_custom_interfaces' returned '0': CMAKE_PREFIX_PATH=${CMAKE_PREFIX_PATH}:/opt/ros/jazzy DEBUGINFOD_URLS=https://debuginfod.ubuntu.com /usr/bin/cmake --build /home/info/ros2_ws/build/my_custom_interfaces -- -j6 -l6
[7.863s] DEBUG:colcon.colcon_core.event_handler.log_command:Invoking command in '/home/info/ros2_ws/build/my_custom_interfaces': CMAKE_PREFIX_PATH=${CMAKE_PREFIX_PATH}:/opt/ros/jazzy DEBUGINFOD_URLS=https://debuginfod.ubuntu.com /usr/bin/cmake --install /home/info/ros2_ws/build/my_custom_interfaces
[8.753s] Level 1:colcon.colcon_core.environment:create_environment_scripts_only(my_custom_interfaces)
[8.754s] DEBUG:colcon.colcon_core.event_handler.log_command:Invoked command in '/home/info/ros2_ws/build/my_custom_interfaces' returned '0': CMAKE_PREFIX_PATH=${CMAKE_PREFIX_PATH}:/opt/ros/jazzy DEBUGINFOD_URLS=https://debuginfod.ubuntu.com /usr/bin/cmake --install /home/info/ros2_ws/build/my_custom_interfaces
[8.761s] Level 1:colcon.colcon_core.environment:checking '/home/info/ros2_ws/install/my_custom_interfaces' for CMake module files
[8.764s] Level 1:colcon.colcon_core.environment:checking '/home/info/ros2_ws/install/my_custom_interfaces' for CMake config files
[8.766s] Level 1:colcon.colcon_core.shell:create_environment_hook('my_custom_interfaces', 'cmake_prefix_path')
[8.766s] INFO:colcon.colcon_core.shell:Creating environment hook '/home/info/ros2_ws/install/my_custom_interfaces/share/my_custom_interfaces/hook/cmake_prefix_path.ps1'
[8.767s] INFO:colcon.colcon_core.shell:Creating environment descriptor '/home/info/ros2_ws/install/my_custom_interfaces/share/my_custom_interfaces/hook/cmake_prefix_path.dsv'
[8.768s] INFO:colcon.colcon_core.shell:Creating environment hook '/home/info/ros2_ws/install/my_custom_interfaces/share/my_custom_interfaces/hook/cmake_prefix_path.sh'
[8.770s] Level 1:colcon.colcon_core.environment:checking '/home/info/ros2_ws/install/my_custom_interfaces/lib'
[8.770s] Level 1:colcon.colcon_core.shell:create_environment_hook('my_custom_interfaces', 'ld_library_path_lib')
[8.770s] INFO:colcon.colcon_core.shell:Creating environment hook '/home/info/ros2_ws/install/my_custom_interfaces/share/my_custom_interfaces/hook/ld_library_path_lib.ps1'
[8.771s] INFO:colcon.colcon_core.shell:Creating environment descriptor '/home/info/ros2_ws/install/my_custom_interfaces/share/my_custom_interfaces/hook/ld_library_path_lib.dsv'
[8.772s] INFO:colcon.colcon_core.shell:Creating environment hook '/home/info/ros2_ws/install/my_custom_interfaces/share/my_custom_interfaces/hook/ld_library_path_lib.sh'
[8.773s] Level 1:colcon.colcon_core.environment:checking '/home/info/ros2_ws/install/my_custom_interfaces/bin'
[8.773s] Level 1:colcon.colcon_core.environment:checking '/home/info/ros2_ws/install/my_custom_interfaces/lib/pkgconfig/my_custom_interfaces.pc'
[8.773s] Level 1:colcon.colcon_core.environment:checking '/home/info/ros2_ws/install/my_custom_interfaces/lib/python3.12/site-packages'
[8.773s] Level 1:colcon.colcon_core.shell:create_environment_hook('my_custom_interfaces', 'pythonpath')
[8.774s] INFO:colcon.colcon_core.shell:Creating environment hook '/home/info/ros2_ws/install/my_custom_interfaces/share/my_custom_interfaces/hook/pythonpath.ps1'
[8.774s] INFO:colcon.colcon_core.shell:Creating environment descriptor '/home/info/ros2_ws/install/my_custom_interfaces/share/my_custom_interfaces/hook/pythonpath.dsv'
[8.775s] INFO:colcon.colcon_core.shell:Creating environment hook '/home/info/ros2_ws/install/my_custom_interfaces/share/my_custom_interfaces/hook/pythonpath.sh'
[8.776s] Level 1:colcon.colcon_core.environment:checking '/home/info/ros2_ws/install/my_custom_interfaces/bin'
[8.776s] INFO:colcon.colcon_core.shell:Creating package script '/home/info/ros2_ws/install/my_custom_interfaces/share/my_custom_interfaces/package.ps1'
[8.778s] INFO:colcon.colcon_core.shell:Creating package descriptor '/home/info/ros2_ws/install/my_custom_interfaces/share/my_custom_interfaces/package.dsv'
[8.779s] INFO:colcon.colcon_core.shell:Creating package script '/home/info/ros2_ws/install/my_custom_interfaces/share/my_custom_interfaces/package.sh'
[8.780s] INFO:colcon.colcon_core.shell:Creating package script '/home/info/ros2_ws/install/my_custom_interfaces/share/my_custom_interfaces/package.bash'
[8.781s] INFO:colcon.colcon_core.shell:Creating package script '/home/info/ros2_ws/install/my_custom_interfaces/share/my_custom_interfaces/package.zsh'
[8.782s] Level 1:colcon.colcon_core.environment:create_file_with_runtime_dependencies(/home/info/ros2_ws/install/my_custom_interfaces/share/colcon-core/packages/my_custom_interfaces)
[8.784s] Level 1:colcon.colcon_core.environment:create_environment_scripts_only(my_custom_interfaces)
[8.784s] Level 1:colcon.colcon_core.environment:checking '/home/info/ros2_ws/install/my_custom_interfaces' for CMake module files
[8.786s] Level 1:colcon.colcon_core.environment:checking '/home/info/ros2_ws/install/my_custom_interfaces' for CMake config files
[8.787s] Level 1:colcon.colcon_core.shell:create_environment_hook('my_custom_interfaces', 'cmake_prefix_path')
[8.787s] INFO:colcon.colcon_core.shell:Creating environment hook '/home/info/ros2_ws/install/my_custom_interfaces/share/my_custom_interfaces/hook/cmake_prefix_path.ps1'
[8.788s] INFO:colcon.colcon_core.shell:Creating environment descriptor '/home/info/ros2_ws/install/my_custom_interfaces/share/my_custom_interfaces/hook/cmake_prefix_path.dsv'
[8.789s] INFO:colcon.colcon_core.shell:Creating environment hook '/home/info/ros2_ws/install/my_custom_interfaces/share/my_custom_interfaces/hook/cmake_prefix_path.sh'
[8.790s] Level 1:colcon.colcon_core.environment:checking '/home/info/ros2_ws/install/my_custom_interfaces/lib'
[8.790s] Level 1:colcon.colcon_core.shell:create_environment_hook('my_custom_interfaces', 'ld_library_path_lib')
[8.790s] INFO:colcon.colcon_core.shell:Creating environment hook '/home/info/ros2_ws/install/my_custom_interfaces/share/my_custom_interfaces/hook/ld_library_path_lib.ps1'
[8.791s] INFO:colcon.colcon_core.shell:Creating environment descriptor '/home/info/ros2_ws/install/my_custom_interfaces/share/my_custom_interfaces/hook/ld_library_path_lib.dsv'
[8.791s] INFO:colcon.colcon_core.shell:Creating environment hook '/home/info/ros2_ws/install/my_custom_interfaces/share/my_custom_interfaces/hook/ld_library_path_lib.sh'
[8.792s] Level 1:colcon.colcon_core.environment:checking '/home/info/ros2_ws/install/my_custom_interfaces/bin'
[8.792s] Level 1:colcon.colcon_core.environment:checking '/home/info/ros2_ws/install/my_custom_interfaces/lib/pkgconfig/my_custom_interfaces.pc'
[8.792s] Level 1:colcon.colcon_core.environment:checking '/home/info/ros2_ws/install/my_custom_interfaces/lib/python3.12/site-packages'
[8.792s] Level 1:colcon.colcon_core.shell:create_environment_hook('my_custom_interfaces', 'pythonpath')
[8.793s] INFO:colcon.colcon_core.shell:Creating environment hook '/home/info/ros2_ws/install/my_custom_interfaces/share/my_custom_interfaces/hook/pythonpath.ps1'
[8.793s] INFO:colcon.colcon_core.shell:Creating environment descriptor '/home/info/ros2_ws/install/my_custom_interfaces/share/my_custom_interfaces/hook/pythonpath.dsv'
[8.794s] INFO:colcon.colcon_core.shell:Creating environment hook '/home/info/ros2_ws/install/my_custom_interfaces/share/my_custom_interfaces/hook/pythonpath.sh'
[8.795s] Level 1:colcon.colcon_core.environment:checking '/home/info/ros2_ws/install/my_custom_interfaces/bin'
[8.795s] INFO:colcon.colcon_core.shell:Creating package script '/home/info/ros2_ws/install/my_custom_interfaces/share/my_custom_interfaces/package.ps1'
[8.796s] INFO:colcon.colcon_core.shell:Creating package descriptor '/home/info/ros2_ws/install/my_custom_interfaces/share/my_custom_interfaces/package.dsv'
[8.797s] INFO:colcon.colcon_core.shell:Creating package script '/home/info/ros2_ws/install/my_custom_interfaces/share/my_custom_interfaces/package.sh'
[8.798s] INFO:colcon.colcon_core.shell:Creating package script '/home/info/ros2_ws/install/my_custom_interfaces/share/my_custom_interfaces/package.bash'
[8.798s] INFO:colcon.colcon_core.shell:Creating package script '/home/info/ros2_ws/install/my_custom_interfaces/share/my_custom_interfaces/package.zsh'
[8.799s] Level 1:colcon.colcon_core.environment:create_file_with_runtime_dependencies(/home/info/ros2_ws/install/my_custom_interfaces/share/colcon-core/packages/my_custom_interfaces)
[8.800s] INFO:colcon.colcon_ros.task.ament_python.build:Building ROS package in '/home/info/ros2_ws/tp_turtle_regulation_Emie/src/ros2_tutorial/my_py_pkg' with build type 'ament_python'
[8.801s] Level 1:colcon.colcon_core.shell:create_environment_hook('my_py_pkg', 'ament_prefix_path')
[8.801s] INFO:colcon.colcon_core.shell:Creating environment hook '/home/info/ros2_ws/install/my_py_pkg/share/my_py_pkg/hook/ament_prefix_path.ps1'
[8.802s] INFO:colcon.colcon_core.shell:Creating environment descriptor '/home/info/ros2_ws/install/my_py_pkg/share/my_py_pkg/hook/ament_prefix_path.dsv'
[8.803s] INFO:colcon.colcon_core.shell:Creating environment hook '/home/info/ros2_ws/install/my_py_pkg/share/my_py_pkg/hook/ament_prefix_path.sh'
[8.803s] INFO:colcon.colcon_core.shell:Skip shell extension 'powershell' for command environment: Not usable outside of PowerShell
[8.803s] DEBUG:colcon.colcon_core.shell:Skip shell extension 'dsv' for command environment
[10.394s] INFO:colcon.colcon_core.task.python.build:Building Python package in '/home/info/ros2_ws/tp_turtle_regulation_Emie/src/ros2_tutorial/my_py_pkg'
[10.395s] INFO:colcon.colcon_core.shell:Skip shell extension 'powershell' for command environment: Not usable outside of PowerShell
[10.395s] DEBUG:colcon.colcon_core.shell:Skip shell extension 'dsv' for command environment
[10.924s] DEBUG:colcon.colcon_core.event_handler.log_command:Invoking command in '/home/info/ros2_ws/tp_turtle_regulation_Emie/src/tp_turtle_regulation_Emie/turtle_regulation': DEBUGINFOD_URLS=https://debuginfod.ubuntu.com PYTHONPATH=/home/info/ros2_ws/build/turtle_regulation/prefix_override:/usr/lib/python3/dist-packages/colcon_core/task/python/colcon_distutils_commands:/home/info/ros2_ws/install/turtle_regulation/lib/python3.12/site-packages:${PYTHONPATH} /usr/bin/python3 -W ignore:setup.py install is deprecated -W ignore:easy_install command is deprecated setup.py egg_info --egg-base ../../../../build/turtle_regulation build --build-base /home/info/ros2_ws/build/turtle_regulation/build install --record /home/info/ros2_ws/build/turtle_regulation/install.log --single-version-externally-managed install_data
[10.927s] DEBUG:colcon.colcon_core.event_handler.log_command:Invoking command in '/home/info/ros2_ws/tp_turtle_regulation_Emie/src/move_turtle': DEBUGINFOD_URLS=https://debuginfod.ubuntu.com PYTHONPATH=/home/info/ros2_ws/build/move_turtle/prefix_override:/usr/lib/python3/dist-packages/colcon_core/task/python/colcon_distutils_commands:/home/info/ros2_ws/install/move_turtle/lib/python3.12/site-packages:${PYTHONPATH} /usr/bin/python3 -W ignore:setup.py install is deprecated -W ignore:easy_install command is deprecated setup.py egg_info --egg-base ../../../build/move_turtle build --build-base /home/info/ros2_ws/build/move_turtle/build install --record /home/info/ros2_ws/build/move_turtle/install.log --single-version-externally-managed install_data
[11.157s] DEBUG:colcon.colcon_core.event_handler.log_command:Invoking command in '/home/info/ros2_ws/tp_turtle_regulation_Emie/src/ros2_tutorial/my_service_pkg': DEBUGINFOD_URLS=https://debuginfod.ubuntu.com PYTHONPATH=/home/info/ros2_ws/build/my_service_pkg/prefix_override:/usr/lib/python3/dist-packages/colcon_core/task/python/colcon_distutils_commands:/home/info/ros2_ws/install/my_service_pkg/lib/python3.12/site-packages:${PYTHONPATH} /usr/bin/python3 -W ignore:setup.py install is deprecated -W ignore:easy_install command is deprecated setup.py egg_info --egg-base ../../../../build/my_service_pkg build --build-base /home/info/ros2_ws/build/my_service_pkg/build install --record /home/info/ros2_ws/build/my_service_pkg/install.log --single-version-externally-managed install_data
[11.210s] DEBUG:colcon.colcon_core.event_handler.log_command:Invoking command in '/home/info/ros2_ws/tp_turtle_regulation_Emie/src/move_pose': DEBUGINFOD_URLS=https://debuginfod.ubuntu.com PYTHONPATH=/home/info/ros2_ws/build/move_pose/prefix_override:/usr/lib/python3/dist-packages/colcon_core/task/python/colcon_distutils_commands:/home/info/ros2_ws/install/move_pose/lib/python3.12/site-packages:${PYTHONPATH} /usr/bin/python3 -W ignore:setup.py install is deprecated -W ignore:easy_install command is deprecated setup.py egg_info --egg-base ../../../build/move_pose build --build-base /home/info/ros2_ws/build/move_pose/build install --record /home/info/ros2_ws/build/move_pose/install.log --single-version-externally-managed install_data
[13.213s] DEBUG:colcon.colcon_core.event_handler.log_command:Invoking command in '/home/info/ros2_ws/tp_turtle_regulation_Emie/src/ros2_tutorial/my_py_pkg': AMENT_PREFIX_PATH=/home/info/ros2_ws/install/my_custom_interfaces:${AMENT_PREFIX_PATH} CMAKE_PREFIX_PATH=/home/info/ros2_ws/install/my_custom_interfaces:${CMAKE_PREFIX_PATH} DEBUGINFOD_URLS=https://debuginfod.ubuntu.com LD_LIBRARY_PATH=/home/info/ros2_ws/install/my_custom_interfaces/lib:${LD_LIBRARY_PATH} PYTHONPATH=/home/info/ros2_ws/build/my_py_pkg/prefix_override:/usr/lib/python3/dist-packages/colcon_core/task/python/colcon_distutils_commands:/home/info/ros2_ws/install/my_py_pkg/lib/python3.12/site-packages:/home/info/ros2_ws/install/my_custom_interfaces/lib/python3.12/site-packages:${PYTHONPATH} /usr/bin/python3 -W ignore:setup.py install is deprecated -W ignore:easy_install command is deprecated setup.py egg_info --egg-base ../../../../build/my_py_pkg build --build-base /home/info/ros2_ws/build/my_py_pkg/build install --record /home/info/ros2_ws/build/my_py_pkg/install.log --single-version-externally-managed install_data
[13.393s] Level 1:colcon.colcon_core.environment:checking '/home/info/ros2_ws/install/turtle_regulation' for CMake module files
[13.394s] DEBUG:colcon.colcon_core.event_handler.log_command:Invoked command in '/home/info/ros2_ws/tp_turtle_regulation_Emie/src/tp_turtle_regulation_Emie/turtle_regulation' returned '0': DEBUGINFOD_URLS=https://debuginfod.ubuntu.com PYTHONPATH=/home/info/ros2_ws/build/turtle_regulation/prefix_override:/usr/lib/python3/dist-packages/colcon_core/task/python/colcon_distutils_commands:/home/info/ros2_ws/install/turtle_regulation/lib/python3.12/site-packages:${PYTHONPATH} /usr/bin/python3 -W ignore:setup.py install is deprecated -W ignore:easy_install command is deprecated setup.py egg_info --egg-base ../../../../build/turtle_regulation build --build-base /home/info/ros2_ws/build/turtle_regulation/build install --record /home/info/ros2_ws/build/turtle_regulation/install.log --single-version-externally-managed install_data
[13.408s] Level 1:colcon.colcon_core.environment:checking '/home/info/ros2_ws/install/turtle_regulation' for CMake config files
[13.414s] Level 1:colcon.colcon_core.environment:checking '/home/info/ros2_ws/install/turtle_regulation/lib'
[13.415s] Level 1:colcon.colcon_core.environment:checking '/home/info/ros2_ws/install/turtle_regulation/bin'
[13.415s] Level 1:colcon.colcon_core.environment:checking '/home/info/ros2_ws/install/turtle_regulation/lib/pkgconfig/turtle_regulation.pc'
[13.416s] Level 1:colcon.colcon_core.environment:checking '/home/info/ros2_ws/install/turtle_regulation/lib/python3.12/site-packages'
[13.416s] Level 1:colcon.colcon_core.shell:create_environment_hook('turtle_regulation', 'pythonpath')
[13.417s] INFO:colcon.colcon_core.shell:Creating environment hook '/home/info/ros2_ws/install/turtle_regulation/share/turtle_regulation/hook/pythonpath.ps1'
[13.419s] INFO:colcon.colcon_core.shell:Creating environment descriptor '/home/info/ros2_ws/install/turtle_regulation/share/turtle_regulation/hook/pythonpath.dsv'
[13.426s] INFO:colcon.colcon_core.shell:Creating environment hook '/home/info/ros2_ws/install/turtle_regulation/share/turtle_regulation/hook/pythonpath.sh'
[13.428s] Level 1:colcon.colcon_core.environment:checking '/home/info/ros2_ws/install/turtle_regulation/bin'
[13.428s] Level 1:colcon.colcon_core.environment:create_environment_scripts_only(turtle_regulation)
[13.429s] INFO:colcon.colcon_core.shell:Creating package script '/home/info/ros2_ws/install/turtle_regulation/share/turtle_regulation/package.ps1'
[13.430s] INFO:colcon.colcon_core.shell:Creating package descriptor '/home/info/ros2_ws/install/turtle_regulation/share/turtle_regulation/package.dsv'
[13.433s] INFO:colcon.colcon_core.shell:Creating package script '/home/info/ros2_ws/install/turtle_regulation/share/turtle_regulation/package.sh'
[13.434s] INFO:colcon.colcon_core.shell:Creating package script '/home/info/ros2_ws/install/turtle_regulation/share/turtle_regulation/package.bash'
[13.435s] INFO:colcon.colcon_core.shell:Creating package script '/home/info/ros2_ws/install/turtle_regulation/share/turtle_regulation/package.zsh'
[13.437s] Level 1:colcon.colcon_core.environment:create_file_with_runtime_dependencies(/home/info/ros2_ws/install/turtle_regulation/share/colcon-core/packages/turtle_regulation)
[13.443s] Level 1:colcon.colcon_core.environment:checking '/home/info/ros2_ws/install/move_turtle' for CMake module files
[13.446s] DEBUG:colcon.colcon_core.event_handler.log_command:Invoked command in '/home/info/ros2_ws/tp_turtle_regulation_Emie/src/move_turtle' returned '0': DEBUGINFOD_URLS=https://debuginfod.ubuntu.com PYTHONPATH=/home/info/ros2_ws/build/move_turtle/prefix_override:/usr/lib/python3/dist-packages/colcon_core/task/python/colcon_distutils_commands:/home/info/ros2_ws/install/move_turtle/lib/python3.12/site-packages:${PYTHONPATH} /usr/bin/python3 -W ignore:setup.py install is deprecated -W ignore:easy_install command is deprecated setup.py egg_info --egg-base ../../../build/move_turtle build --build-base /home/info/ros2_ws/build/move_turtle/build install --record /home/info/ros2_ws/build/move_turtle/install.log --single-version-externally-managed install_data
[13.447s] Level 1:colcon.colcon_core.environment:checking '/home/info/ros2_ws/install/move_turtle' for CMake config files
[13.450s] Level 1:colcon.colcon_core.environment:checking '/home/info/ros2_ws/install/move_turtle/lib'
[13.450s] Level 1:colcon.colcon_core.environment:checking '/home/info/ros2_ws/install/move_turtle/bin'
[13.450s] Level 1:colcon.colcon_core.environment:checking '/home/info/ros2_ws/install/move_turtle/lib/pkgconfig/move_turtle.pc'
[13.451s] Level 1:colcon.colcon_core.environment:checking '/home/info/ros2_ws/install/move_turtle/lib/python3.12/site-packages'
[13.451s] Level 1:colcon.colcon_core.shell:create_environment_hook('move_turtle', 'pythonpath')
[13.451s] INFO:colcon.colcon_core.shell:Creating environment hook '/home/info/ros2_ws/install/move_turtle/share/move_turtle/hook/pythonpath.ps1'
[13.452s] INFO:colcon.colcon_core.shell:Creating environment descriptor '/home/info/ros2_ws/install/move_turtle/share/move_turtle/hook/pythonpath.dsv'
[13.453s] INFO:colcon.colcon_core.shell:Creating environment hook '/home/info/ros2_ws/install/move_turtle/share/move_turtle/hook/pythonpath.sh'
[13.456s] Level 1:colcon.colcon_core.environment:checking '/home/info/ros2_ws/install/move_turtle/bin'
[13.456s] Level 1:colcon.colcon_core.environment:create_environment_scripts_only(move_turtle)
[13.457s] INFO:colcon.colcon_core.shell:Creating package script '/home/info/ros2_ws/install/move_turtle/share/move_turtle/package.ps1'
[13.458s] INFO:colcon.colcon_core.shell:Creating package descriptor '/home/info/ros2_ws/install/move_turtle/share/move_turtle/package.dsv'
[13.463s] INFO:colcon.colcon_core.shell:Creating package script '/home/info/ros2_ws/install/move_turtle/share/move_turtle/package.sh'
[13.465s] INFO:colcon.colcon_core.shell:Creating package script '/home/info/ros2_ws/install/move_turtle/share/move_turtle/package.bash'
[13.467s] INFO:colcon.colcon_core.shell:Creating package script '/home/info/ros2_ws/install/move_turtle/share/move_turtle/package.zsh'
[13.468s] Level 1:colcon.colcon_core.environment:create_file_with_runtime_dependencies(/home/info/ros2_ws/install/move_turtle/share/colcon-core/packages/move_turtle)
[13.660s] Level 1:colcon.colcon_core.environment:checking '/home/info/ros2_ws/install/move_pose' for CMake module files
[13.661s] DEBUG:colcon.colcon_core.event_handler.log_command:Invoked command in '/home/info/ros2_ws/tp_turtle_regulation_Emie/src/move_pose' returned '0': DEBUGINFOD_URLS=https://debuginfod.ubuntu.com PYTHONPATH=/home/info/ros2_ws/build/move_pose/prefix_override:/usr/lib/python3/dist-packages/colcon_core/task/python/colcon_distutils_commands:/home/info/ros2_ws/install/move_pose/lib/python3.12/site-packages:${PYTHONPATH} /usr/bin/python3 -W ignore:setup.py install is deprecated -W ignore:easy_install command is deprecated setup.py egg_info --egg-base ../../../build/move_pose build --build-base /home/info/ros2_ws/build/move_pose/build install --record /home/info/ros2_ws/build/move_pose/install.log --single-version-externally-managed install_data
[13.664s] Level 1:colcon.colcon_core.environment:checking '/home/info/ros2_ws/install/move_pose' for CMake config files
[13.670s] Level 1:colcon.colcon_core.environment:checking '/home/info/ros2_ws/install/move_pose/lib'
[13.670s] Level 1:colcon.colcon_core.environment:checking '/home/info/ros2_ws/install/move_pose/bin'
[13.670s] Level 1:colcon.colcon_core.environment:checking '/home/info/ros2_ws/install/move_pose/lib/pkgconfig/move_pose.pc'
[13.673s] Level 1:colcon.colcon_core.environment:checking '/home/info/ros2_ws/install/move_pose/lib/python3.12/site-packages'
[13.673s] Level 1:colcon.colcon_core.shell:create_environment_hook('move_pose', 'pythonpath')
[13.674s] INFO:colcon.colcon_core.shell:Creating environment hook '/home/info/ros2_ws/install/move_pose/share/move_pose/hook/pythonpath.ps1'
[13.676s] INFO:colcon.colcon_core.shell:Creating environment descriptor '/home/info/ros2_ws/install/move_pose/share/move_pose/hook/pythonpath.dsv'
[13.678s] INFO:colcon.colcon_core.shell:Creating environment hook '/home/info/ros2_ws/install/move_pose/share/move_pose/hook/pythonpath.sh'
[13.682s] Level 1:colcon.colcon_core.environment:checking '/home/info/ros2_ws/install/move_pose/bin'
[13.682s] Level 1:colcon.colcon_core.environment:create_environment_scripts_only(move_pose)
[13.683s] INFO:colcon.colcon_core.shell:Creating package script '/home/info/ros2_ws/install/move_pose/share/move_pose/package.ps1'
[13.685s] INFO:colcon.colcon_core.shell:Creating package descriptor '/home/info/ros2_ws/install/move_pose/share/move_pose/package.dsv'
[13.687s] INFO:colcon.colcon_core.shell:Creating package script '/home/info/ros2_ws/install/move_pose/share/move_pose/package.sh'
[13.689s] INFO:colcon.colcon_core.shell:Creating package script '/home/info/ros2_ws/install/move_pose/share/move_pose/package.bash'
[13.691s] INFO:colcon.colcon_core.shell:Creating package script '/home/info/ros2_ws/install/move_pose/share/move_pose/package.zsh'
[13.692s] Level 1:colcon.colcon_core.environment:create_file_with_runtime_dependencies(/home/info/ros2_ws/install/move_pose/share/colcon-core/packages/move_pose)
[13.710s] Level 1:colcon.colcon_core.environment:checking '/home/info/ros2_ws/install/my_service_pkg' for CMake module files
[13.712s] Level 1:colcon.colcon_core.environment:checking '/home/info/ros2_ws/install/my_service_pkg' for CMake config files
[13.713s] DEBUG:colcon.colcon_core.event_handler.log_command:Invoked command in '/home/info/ros2_ws/tp_turtle_regulation_Emie/src/ros2_tutorial/my_service_pkg' returned '0': DEBUGINFOD_URLS=https://debuginfod.ubuntu.com PYTHONPATH=/home/info/ros2_ws/build/my_service_pkg/prefix_override:/usr/lib/python3/dist-packages/colcon_core/task/python/colcon_distutils_commands:/home/info/ros2_ws/install/my_service_pkg/lib/python3.12/site-packages:${PYTHONPATH} /usr/bin/python3 -W ignore:setup.py install is deprecated -W ignore:easy_install command is deprecated setup.py egg_info --egg-base ../../../../build/my_service_pkg build --build-base /home/info/ros2_ws/build/my_service_pkg/build install --record /home/info/ros2_ws/build/my_service_pkg/install.log --single-version-externally-managed install_data
[13.719s] Level 1:colcon.colcon_core.environment:checking '/home/info/ros2_ws/install/my_service_pkg/lib'
[13.719s] Level 1:colcon.colcon_core.environment:checking '/home/info/ros2_ws/install/my_service_pkg/bin'
[13.719s] Level 1:colcon.colcon_core.environment:checking '/home/info/ros2_ws/install/my_service_pkg/lib/pkgconfig/my_service_pkg.pc'
[13.719s] Level 1:colcon.colcon_core.environment:checking '/home/info/ros2_ws/install/my_service_pkg/lib/python3.12/site-packages'
[13.719s] Level 1:colcon.colcon_core.shell:create_environment_hook('my_service_pkg', 'pythonpath')
[13.720s] INFO:colcon.colcon_core.shell:Creating environment hook '/home/info/ros2_ws/install/my_service_pkg/share/my_service_pkg/hook/pythonpath.ps1'
[13.721s] INFO:colcon.colcon_core.shell:Creating environment descriptor '/home/info/ros2_ws/install/my_service_pkg/share/my_service_pkg/hook/pythonpath.dsv'
[13.722s] INFO:colcon.colcon_core.shell:Creating environment hook '/home/info/ros2_ws/install/my_service_pkg/share/my_service_pkg/hook/pythonpath.sh'
[13.723s] Level 1:colcon.colcon_core.environment:checking '/home/info/ros2_ws/install/my_service_pkg/bin'
[13.723s] Level 1:colcon.colcon_core.environment:create_environment_scripts_only(my_service_pkg)
[13.723s] INFO:colcon.colcon_core.shell:Creating package script '/home/info/ros2_ws/install/my_service_pkg/share/my_service_pkg/package.ps1'
[13.724s] INFO:colcon.colcon_core.shell:Creating package descriptor '/home/info/ros2_ws/install/my_service_pkg/share/my_service_pkg/package.dsv'
[13.725s] INFO:colcon.colcon_core.shell:Creating package script '/home/info/ros2_ws/install/my_service_pkg/share/my_service_pkg/package.sh'
[13.726s] INFO:colcon.colcon_core.shell:Creating package script '/home/info/ros2_ws/install/my_service_pkg/share/my_service_pkg/package.bash'
[13.726s] INFO:colcon.colcon_core.shell:Creating package script '/home/info/ros2_ws/install/my_service_pkg/share/my_service_pkg/package.zsh'
[13.727s] Level 1:colcon.colcon_core.environment:create_file_with_runtime_dependencies(/home/info/ros2_ws/install/my_service_pkg/share/colcon-core/packages/my_service_pkg)
[15.098s] Level 1:colcon.colcon_core.environment:checking '/home/info/ros2_ws/install/my_py_pkg' for CMake module files
[15.107s] DEBUG:colcon.colcon_core.event_handler.log_command:Invoked command in '/home/info/ros2_ws/tp_turtle_regulation_Emie/src/ros2_tutorial/my_py_pkg' returned '0': AMENT_PREFIX_PATH=/home/info/ros2_ws/install/my_custom_interfaces:${AMENT_PREFIX_PATH} CMAKE_PREFIX_PATH=/home/info/ros2_ws/install/my_custom_interfaces:${CMAKE_PREFIX_PATH} DEBUGINFOD_URLS=https://debuginfod.ubuntu.com LD_LIBRARY_PATH=/home/info/ros2_ws/install/my_custom_interfaces/lib:${LD_LIBRARY_PATH} PYTHONPATH=/home/info/ros2_ws/build/my_py_pkg/prefix_override:/usr/lib/python3/dist-packages/colcon_core/task/python/colcon_distutils_commands:/home/info/ros2_ws/install/my_py_pkg/lib/python3.12/site-packages:/home/info/ros2_ws/install/my_custom_interfaces/lib/python3.12/site-packages:${PYTHONPATH} /usr/bin/python3 -W ignore:setup.py install is deprecated -W ignore:easy_install command is deprecated setup.py egg_info --egg-base ../../../../build/my_py_pkg build --build-base /home/info/ros2_ws/build/my_py_pkg/build install --record /home/info/ros2_ws/build/my_py_pkg/install.log --single-version-externally-managed install_data
[15.122s] Level 1:colcon.colcon_core.environment:checking '/home/info/ros2_ws/install/my_py_pkg' for CMake config files
[15.140s] Level 1:colcon.colcon_core.environment:checking '/home/info/ros2_ws/install/my_py_pkg/lib'
[15.140s] Level 1:colcon.colcon_core.environment:checking '/home/info/ros2_ws/install/my_py_pkg/bin'
[15.140s] Level 1:colcon.colcon_core.environment:checking '/home/info/ros2_ws/install/my_py_pkg/lib/pkgconfig/my_py_pkg.pc'
[15.141s] Level 1:colcon.colcon_core.environment:checking '/home/info/ros2_ws/install/my_py_pkg/lib/python3.12/site-packages'
[15.141s] Level 1:colcon.colcon_core.shell:create_environment_hook('my_py_pkg', 'pythonpath')
[15.141s] INFO:colcon.colcon_core.shell:Creating environment hook '/home/info/ros2_ws/install/my_py_pkg/share/my_py_pkg/hook/pythonpath.ps1'
[15.144s] INFO:colcon.colcon_core.shell:Creating environment descriptor '/home/info/ros2_ws/install/my_py_pkg/share/my_py_pkg/hook/pythonpath.dsv'
[15.146s] INFO:colcon.colcon_core.shell:Creating environment hook '/home/info/ros2_ws/install/my_py_pkg/share/my_py_pkg/hook/pythonpath.sh'
[15.149s] Level 1:colcon.colcon_core.environment:checking '/home/info/ros2_ws/install/my_py_pkg/bin'
[15.149s] Level 1:colcon.colcon_core.environment:create_environment_scripts_only(my_py_pkg)
[15.150s] INFO:colcon.colcon_core.shell:Creating package script '/home/info/ros2_ws/install/my_py_pkg/share/my_py_pkg/package.ps1'
[15.152s] INFO:colcon.colcon_core.shell:Creating package descriptor '/home/info/ros2_ws/install/my_py_pkg/share/my_py_pkg/package.dsv'
[15.154s] INFO:colcon.colcon_core.shell:Creating package script '/home/info/ros2_ws/install/my_py_pkg/share/my_py_pkg/package.sh'
[15.157s] INFO:colcon.colcon_core.shell:Creating package script '/home/info/ros2_ws/install/my_py_pkg/share/my_py_pkg/package.bash'
[15.163s] INFO:colcon.colcon_core.shell:Creating package script '/home/info/ros2_ws/install/my_py_pkg/share/my_py_pkg/package.zsh'
[15.164s] Level 1:colcon.colcon_core.environment:create_file_with_runtime_dependencies(/home/info/ros2_ws/install/my_py_pkg/share/colcon-core/packages/my_py_pkg)
[33.939s] DEBUG:colcon.colcon_core.event_handler.log_command:Invoked command in '/home/info/ros2_ws/build/turtle_interfaces' returned '0': CMAKE_PREFIX_PATH=${CMAKE_PREFIX_PATH}:/opt/ros/jazzy DEBUGINFOD_URLS=https://debuginfod.ubuntu.com /usr/bin/cmake --build /home/info/ros2_ws/build/turtle_interfaces -- -j6 -l6
[33.941s] DEBUG:colcon.colcon_core.event_handler.log_command:Invoking command in '/home/info/ros2_ws/build/turtle_interfaces': CMAKE_PREFIX_PATH=${CMAKE_PREFIX_PATH}:/opt/ros/jazzy DEBUGINFOD_URLS=https://debuginfod.ubuntu.com /usr/bin/cmake --install /home/info/ros2_ws/build/turtle_interfaces
[34.188s] Level 1:colcon.colcon_core.environment:create_environment_scripts_only(turtle_interfaces)
[34.188s] Level 1:colcon.colcon_core.environment:checking '/home/info/ros2_ws/install/turtle_interfaces' for CMake module files
[34.189s] DEBUG:colcon.colcon_core.event_handler.log_command:Invoked command in '/home/info/ros2_ws/build/turtle_interfaces' returned '0': CMAKE_PREFIX_PATH=${CMAKE_PREFIX_PATH}:/opt/ros/jazzy DEBUGINFOD_URLS=https://debuginfod.ubuntu.com /usr/bin/cmake --install /home/info/ros2_ws/build/turtle_interfaces
[34.189s] Level 1:colcon.colcon_core.environment:checking '/home/info/ros2_ws/install/turtle_interfaces' for CMake config files
[34.190s] Level 1:colcon.colcon_core.shell:create_environment_hook('turtle_interfaces', 'cmake_prefix_path')
[34.190s] INFO:colcon.colcon_core.shell:Creating environment hook '/home/info/ros2_ws/install/turtle_interfaces/share/turtle_interfaces/hook/cmake_prefix_path.ps1'
[34.191s] INFO:colcon.colcon_core.shell:Creating environment descriptor '/home/info/ros2_ws/install/turtle_interfaces/share/turtle_interfaces/hook/cmake_prefix_path.dsv'
[34.192s] INFO:colcon.colcon_core.shell:Creating environment hook '/home/info/ros2_ws/install/turtle_interfaces/share/turtle_interfaces/hook/cmake_prefix_path.sh'
[34.193s] Level 1:colcon.colcon_core.environment:checking '/home/info/ros2_ws/install/turtle_interfaces/lib'
[34.193s] Level 1:colcon.colcon_core.shell:create_environment_hook('turtle_interfaces', 'ld_library_path_lib')
[34.193s] INFO:colcon.colcon_core.shell:Creating environment hook '/home/info/ros2_ws/install/turtle_interfaces/share/turtle_interfaces/hook/ld_library_path_lib.ps1'
[34.194s] INFO:colcon.colcon_core.shell:Creating environment descriptor '/home/info/ros2_ws/install/turtle_interfaces/share/turtle_interfaces/hook/ld_library_path_lib.dsv'
[34.194s] INFO:colcon.colcon_core.shell:Creating environment hook '/home/info/ros2_ws/install/turtle_interfaces/share/turtle_interfaces/hook/ld_library_path_lib.sh'
[34.195s] Level 1:colcon.colcon_core.environment:checking '/home/info/ros2_ws/install/turtle_interfaces/bin'
[34.195s] Level 1:colcon.colcon_core.environment:checking '/home/info/ros2_ws/install/turtle_interfaces/lib/pkgconfig/turtle_interfaces.pc'
[34.195s] Level 1:colcon.colcon_core.environment:checking '/home/info/ros2_ws/install/turtle_interfaces/lib/python3.12/site-packages'
[34.196s] Level 1:colcon.colcon_core.shell:create_environment_hook('turtle_interfaces', 'pythonpath')
[34.196s] INFO:colcon.colcon_core.shell:Creating environment hook '/home/info/ros2_ws/install/turtle_interfaces/share/turtle_interfaces/hook/pythonpath.ps1'
[34.196s] INFO:colcon.colcon_core.shell:Creating environment descriptor '/home/info/ros2_ws/install/turtle_interfaces/share/turtle_interfaces/hook/pythonpath.dsv'
[34.197s] INFO:colcon.colcon_core.shell:Creating environment hook '/home/info/ros2_ws/install/turtle_interfaces/share/turtle_interfaces/hook/pythonpath.sh'
[34.198s] Level 1:colcon.colcon_core.environment:checking '/home/info/ros2_ws/install/turtle_interfaces/bin'
[34.198s] INFO:colcon.colcon_core.shell:Creating package script '/home/info/ros2_ws/install/turtle_interfaces/share/turtle_interfaces/package.ps1'
[34.199s] INFO:colcon.colcon_core.shell:Creating package descriptor '/home/info/ros2_ws/install/turtle_interfaces/share/turtle_interfaces/package.dsv'
[34.199s] INFO:colcon.colcon_core.shell:Creating package script '/home/info/ros2_ws/install/turtle_interfaces/share/turtle_interfaces/package.sh'
[34.200s] INFO:colcon.colcon_core.shell:Creating package script '/home/info/ros2_ws/install/turtle_interfaces/share/turtle_interfaces/package.bash'
[34.201s] INFO:colcon.colcon_core.shell:Creating package script '/home/info/ros2_ws/install/turtle_interfaces/share/turtle_interfaces/package.zsh'
[34.201s] Level 1:colcon.colcon_core.environment:create_file_with_runtime_dependencies(/home/info/ros2_ws/install/turtle_interfaces/share/colcon-core/packages/turtle_interfaces)
[34.202s] Level 1:colcon.colcon_core.environment:create_environment_scripts_only(turtle_interfaces)
[34.202s] Level 1:colcon.colcon_core.environment:checking '/home/info/ros2_ws/install/turtle_interfaces' for CMake module files
[34.204s] Level 1:colcon.colcon_core.environment:checking '/home/info/ros2_ws/install/turtle_interfaces' for CMake config files
[34.204s] Level 1:colcon.colcon_core.shell:create_environment_hook('turtle_interfaces', 'cmake_prefix_path')
[34.205s] INFO:colcon.colcon_core.shell:Creating environment hook '/home/info/ros2_ws/install/turtle_interfaces/share/turtle_interfaces/hook/cmake_prefix_path.ps1'
[34.205s] INFO:colcon.colcon_core.shell:Creating environment descriptor '/home/info/ros2_ws/install/turtle_interfaces/share/turtle_interfaces/hook/cmake_prefix_path.dsv'
[34.206s] INFO:colcon.colcon_core.shell:Creating environment hook '/home/info/ros2_ws/install/turtle_interfaces/share/turtle_interfaces/hook/cmake_prefix_path.sh'
[34.207s] Level 1:colcon.colcon_core.environment:checking '/home/info/ros2_ws/install/turtle_interfaces/lib'
[34.207s] Level 1:colcon.colcon_core.shell:create_environment_hook('turtle_interfaces', 'ld_library_path_lib')
[34.207s] INFO:colcon.colcon_core.shell:Creating environment hook '/home/info/ros2_ws/install/turtle_interfaces/share/turtle_interfaces/hook/ld_library_path_lib.ps1'
[34.207s] INFO:colcon.colcon_core.shell:Creating environment descriptor '/home/info/ros2_ws/install/turtle_interfaces/share/turtle_interfaces/hook/ld_library_path_lib.dsv'
[34.208s] INFO:colcon.colcon_core.shell:Creating environment hook '/home/info/ros2_ws/install/turtle_interfaces/share/turtle_interfaces/hook/ld_library_path_lib.sh'
[34.208s] Level 1:colcon.colcon_core.environment:checking '/home/info/ros2_ws/install/turtle_interfaces/bin'
[34.210s] Level 1:colcon.colcon_core.environment:checking '/home/info/ros2_ws/install/turtle_interfaces/lib/pkgconfig/turtle_interfaces.pc'
[34.210s] Level 1:colcon.colcon_core.environment:checking '/home/info/ros2_ws/install/turtle_interfaces/lib/python3.12/site-packages'
[34.210s] Level 1:colcon.colcon_core.shell:create_environment_hook('turtle_interfaces', 'pythonpath')
[34.210s] INFO:colcon.colcon_core.shell:Creating environment hook '/home/info/ros2_ws/install/turtle_interfaces/share/turtle_interfaces/hook/pythonpath.ps1'
[34.211s] INFO:colcon.colcon_core.shell:Creating environment descriptor '/home/info/ros2_ws/install/turtle_interfaces/share/turtle_interfaces/hook/pythonpath.dsv'
[34.211s] INFO:colcon.colcon_core.shell:Creating environment hook '/home/info/ros2_ws/install/turtle_interfaces/share/turtle_interfaces/hook/pythonpath.sh'
[34.212s] Level 1:colcon.colcon_core.environment:checking '/home/info/ros2_ws/install/turtle_interfaces/bin'
[34.212s] INFO:colcon.colcon_core.shell:Creating package script '/home/info/ros2_ws/install/turtle_interfaces/share/turtle_interfaces/package.ps1'
[34.213s] INFO:colcon.colcon_core.shell:Creating package descriptor '/home/info/ros2_ws/install/turtle_interfaces/share/turtle_interfaces/package.dsv'
[34.214s] INFO:colcon.colcon_core.shell:Creating package script '/home/info/ros2_ws/install/turtle_interfaces/share/turtle_interfaces/package.sh'
[34.215s] INFO:colcon.colcon_core.shell:Creating package script '/home/info/ros2_ws/install/turtle_interfaces/share/turtle_interfaces/package.bash'
[34.215s] INFO:colcon.colcon_core.shell:Creating package script '/home/info/ros2_ws/install/turtle_interfaces/share/turtle_interfaces/package.zsh'
[34.216s] Level 1:colcon.colcon_core.environment:create_file_with_runtime_dependencies(/home/info/ros2_ws/install/turtle_interfaces/share/colcon-core/packages/turtle_interfaces)
[34.218s] DEBUG:colcon.colcon_parallel_executor.executor.parallel:closing loop
[34.219s] DEBUG:colcon.colcon_parallel_executor.executor.parallel:loop closed
[34.219s] DEBUG:colcon.colcon_parallel_executor.executor.parallel:run_until_complete finished with '0'
[34.219s] DEBUG:colcon.colcon_core.event_reactor:joining thread
[34.248s] INFO:colcon.colcon_core.plugin_system:Skipping extension 'colcon_notification.desktop_notification.terminal_notifier': Not used on non-Darwin systems
[34.248s] INFO:colcon.colcon_core.plugin_system:Skipping extension 'colcon_notification.desktop_notification.win32': Not used on non-Windows systems
[34.248s] INFO:colcon.colcon_notification.desktop_notification:Sending desktop notification using 'notify2'
[34.342s] DEBUG:colcon.colcon_core.event_reactor:joined thread
[34.342s] INFO:colcon.colcon_core.shell:Creating prefix script '/home/info/ros2_ws/install/local_setup.ps1'
[34.344s] INFO:colcon.colcon_core.shell:Creating prefix util module '/home/info/ros2_ws/install/_local_setup_util_ps1.py'
[34.346s] INFO:colcon.colcon_core.shell:Creating prefix chain script '/home/info/ros2_ws/install/setup.ps1'
[34.349s] INFO:colcon.colcon_core.shell:Creating prefix script '/home/info/ros2_ws/install/local_setup.sh'
[34.350s] INFO:colcon.colcon_core.shell:Creating prefix util module '/home/info/ros2_ws/install/_local_setup_util_sh.py'
[34.351s] INFO:colcon.colcon_core.shell:Creating prefix chain script '/home/info/ros2_ws/install/setup.sh'
[34.352s] INFO:colcon.colcon_core.shell:Creating prefix script '/home/info/ros2_ws/install/local_setup.bash'
[34.353s] INFO:colcon.colcon_core.shell:Creating prefix chain script '/home/info/ros2_ws/install/setup.bash'
[34.355s] INFO:colcon.colcon_core.shell:Creating prefix script '/home/info/ros2_ws/install/local_setup.zsh'
[34.356s] INFO:colcon.colcon_core.shell:Creating prefix chain script '/home/info/ros2_ws/install/setup.zsh'
