[2.421s] Invoking command in '/home/info/ros2_ws/build/turtle_interfaces': CMAKE_PREFIX_PATH=${CMAKE_PREFIX_PATH}:/home/info/ros2_ws/tp_turtle_regulation_Emie/install/turtle_regulation:/home/info/ros2_ws/tp_turtle_regulation_Emie/install/my_service_pkg:/home/info/ros2_ws/tp_turtle_regulation_Emie/install/my_py_pkg:/home/info/ros2_ws/tp_turtle_regulation_Emie/install/move_turtle:/home/info/ros2_ws/tp_turtle_regulation_Emie/install/move_pose:/home/info/ros2_ws/install/turtle_regulation:/home/info/ros2_ws/install/my_service_pkg:/home/info/ros2_ws/install/my_py_pkg:/home/info/ros2_ws/install/move_turtle:/home/info/ros2_ws/install/move_pose:/opt/ros/jazzy DEBUGINFOD_URLS=https://debuginfod.ubuntu.com /usr/bin/cmake /home/info/ros2_ws/tp_turtle_regulation_Emie/src/tp_turtle_regulation_Emie/turtle_interfaces -DCMAKE_INSTALL_PREFIX=/home/info/ros2_ws/install/turtle_interfaces
[3.437s] -- The C compiler identification is GNU 13.3.0
[9.774s] -- The CXX compiler identification is GNU 13.3.0
[11.097s] -- Detecting C compiler ABI info
[15.583s] -- Detecting C compiler ABI info - done
[15.677s] -- Check for working C compiler: /usr/bin/cc - skipped
[15.681s] -- Detecting C compile features
[15.695s] -- Detecting C compile features - done
[15.964s] -- Detecting CXX compiler ABI info
[20.366s] -- Detecting CXX compiler ABI info - done
[20.431s] -- Check for working CXX compiler: /usr/bin/c++ - skipped
[20.436s] -- Detecting CXX compile features
[20.436s] -- Detecting CXX compile features - done
[20.465s] -- Found ament_cmake: 2.5.3 (/opt/ros/jazzy/share/ament_cmake/cmake)
[29.032s] -- Found Python3: /usr/bin/python3 (found version "3.12.3") found components: Interpreter 
[31.606s] -- Found rosidl_default_generators: 1.6.0 (/opt/ros/jazzy/share/rosidl_default_generators/cmake)
[31.810s] -- Using all available rosidl_typesupport_c: rosidl_typesupport_fastrtps_c;rosidl_typesupport_introspection_c
[33.311s] -- Using all available rosidl_typesupport_cpp: rosidl_typesupport_fastrtps_cpp;rosidl_typesupport_introspection_cpp
[34.389s] -- Found rosidl_adapter: 4.6.5 (/opt/ros/jazzy/share/rosidl_adapter/cmake)
[39.425s] [31mCMake Error at /opt/ros/jazzy/share/rosidl_cmake/cmake/rosidl_generate_interfaces.cmake:223 (message):
[39.425s]   Packages installing interfaces must include
[39.425s]   '<member_of_group>rosidl_interface_packages</member_of_group>' in their
[39.425s]   package.xml
[39.426s] Call Stack (most recent call first):
[39.426s]   CMakeLists.txt:13 (rosidl_generate_interfaces)
[39.426s] 
[39.429s] [0m
[39.429s] -- Configuring incomplete, errors occurred!
[39.611s] Invoked command in '/home/info/ros2_ws/build/turtle_interfaces' returned '1': CMAKE_PREFIX_PATH=${CMAKE_PREFIX_PATH}:/home/info/ros2_ws/tp_turtle_regulation_Emie/install/turtle_regulation:/home/info/ros2_ws/tp_turtle_regulation_Emie/install/my_service_pkg:/home/info/ros2_ws/tp_turtle_regulation_Emie/install/my_py_pkg:/home/info/ros2_ws/tp_turtle_regulation_Emie/install/move_turtle:/home/info/ros2_ws/tp_turtle_regulation_Emie/install/move_pose:/home/info/ros2_ws/install/turtle_regulation:/home/info/ros2_ws/install/my_service_pkg:/home/info/ros2_ws/install/my_py_pkg:/home/info/ros2_ws/install/move_turtle:/home/info/ros2_ws/install/move_pose:/opt/ros/jazzy DEBUGINFOD_URLS=https://debuginfod.ubuntu.com /usr/bin/cmake /home/info/ros2_ws/tp_turtle_regulation_Emie/src/tp_turtle_regulation_Emie/turtle_interfaces -DCMAKE_INSTALL_PREFIX=/home/info/ros2_ws/install/turtle_interfaces
