running egg_info
writing ../../../build/move_pose/move_pose.egg-info/PKG-INFO
writing dependency_links to ../../../build/move_pose/move_pose.egg-info/dependency_links.txt
writing entry points to ../../../build/move_pose/move_pose.egg-info/entry_points.txt
writing requirements to ../../../build/move_pose/move_pose.egg-info/requires.txt
writing top-level names to ../../../build/move_pose/move_pose.egg-info/top_level.txt
reading manifest file '../../../build/move_pose/move_pose.egg-info/SOURCES.txt'
writing manifest file '../../../build/move_pose/move_pose.egg-info/SOURCES.txt'
running build
running build_py
running install
running install_lib
running install_data
running install_egg_info
removing '/home/info/ros2_ws/install/move_pose/lib/python3.12/site-packages/move_pose-0.0.0-py3.12.egg-info' (and everything under it)
Copying ../../../build/move_pose/move_pose.egg-info to /home/info/ros2_ws/install/move_pose/lib/python3.12/site-packages/move_pose-0.0.0-py3.12.egg-info
running install_scripts
Installing move_circle script to /home/info/ros2_ws/install/move_pose/lib/move_pose
Installing move_teleop script to /home/info/ros2_ws/install/move_pose/lib/move_pose
writing list of installed files to '/home/info/ros2_ws/build/move_pose/install.log'
