[30.792s] Invoking command in '/home/info/ros2_ws/tp_turtle_regulation_Emie/src/move_pose': DEBUGINFOD_URLS=https://debuginfod.ubuntu.com PYTHONPATH=/home/info/ros2_ws/build/move_pose/prefix_override:/usr/lib/python3/dist-packages/colcon_core/task/python/colcon_distutils_commands:/home/info/ros2_ws/install/move_pose/lib/python3.12/site-packages:${PYTHONPATH} /usr/bin/python3 -W ignore:setup.py install is deprecated -W ignore:easy_install command is deprecated setup.py egg_info --egg-base ../../../build/move_pose build --build-base /home/info/ros2_ws/build/move_pose/build install --record /home/info/ros2_ws/build/move_pose/install.log --single-version-externally-managed install_data
[40.570s] running egg_info
[40.990s] writing ../../../build/move_pose/move_pose.egg-info/PKG-INFO
[40.991s] writing dependency_links to ../../../build/move_pose/move_pose.egg-info/dependency_links.txt
[40.993s] writing entry points to ../../../build/move_pose/move_pose.egg-info/entry_points.txt
[41.006s] writing requirements to ../../../build/move_pose/move_pose.egg-info/requires.txt
[41.007s] writing top-level names to ../../../build/move_pose/move_pose.egg-info/top_level.txt
[41.802s] reading manifest file '../../../build/move_pose/move_pose.egg-info/SOURCES.txt'
[41.810s] writing manifest file '../../../build/move_pose/move_pose.egg-info/SOURCES.txt'
[41.815s] running build
[41.816s] running build_py
[41.874s] running install
[41.950s] running install_lib
[42.542s] running install_data
[42.543s] running install_egg_info
[42.926s] removing '/home/info/ros2_ws/install/move_pose/lib/python3.12/site-packages/move_pose-0.0.0-py3.12.egg-info' (and everything under it)
[42.929s] Copying ../../../build/move_pose/move_pose.egg-info to /home/info/ros2_ws/install/move_pose/lib/python3.12/site-packages/move_pose-0.0.0-py3.12.egg-info
[42.948s] running install_scripts
[47.434s] Installing move_circle script to /home/info/ros2_ws/install/move_pose/lib/move_pose
[47.443s] Installing move_teleop script to /home/info/ros2_ws/install/move_pose/lib/move_pose
[47.458s] writing list of installed files to '/home/info/ros2_ws/build/move_pose/install.log'
[48.348s] Invoked command in '/home/info/ros2_ws/tp_turtle_regulation_Emie/src/move_pose' returned '0': DEBUGINFOD_URLS=https://debuginfod.ubuntu.com PYTHONPATH=/home/info/ros2_ws/build/move_pose/prefix_override:/usr/lib/python3/dist-packages/colcon_core/task/python/colcon_distutils_commands:/home/info/ros2_ws/install/move_pose/lib/python3.12/site-packages:${PYTHONPATH} /usr/bin/python3 -W ignore:setup.py install is deprecated -W ignore:easy_install command is deprecated setup.py egg_info --egg-base ../../../build/move_pose build --build-base /home/info/ros2_ws/build/move_pose/build install --record /home/info/ros2_ws/build/move_pose/install.log --single-version-externally-managed install_data
