[14.433s] Invoking command in '/home/info/ros2_ws/tp_turtle_regulation_Emie/src/move_pose': DEBUGINFOD_URLS=https://debuginfod.ubuntu.com PYTHONPATH=/home/info/ros2_ws/build/move_pose/prefix_override:/usr/lib/python3/dist-packages/colcon_core/task/python/colcon_distutils_commands:/home/info/ros2_ws/install/move_pose/lib/python3.12/site-packages:${PYTHONPATH} /usr/bin/python3 -W ignore:setup.py install is deprecated -W ignore:easy_install command is deprecated setup.py egg_info --egg-base ../../../build/move_pose build --build-base /home/info/ros2_ws/build/move_pose/build install --record /home/info/ros2_ws/build/move_pose/install.log --single-version-externally-managed install_data
[17.489s] running egg_info
[17.695s] writing ../../../build/move_pose/move_pose.egg-info/PKG-INFO
[17.695s] writing dependency_links to ../../../build/move_pose/move_pose.egg-info/dependency_links.txt
[17.696s] writing entry points to ../../../build/move_pose/move_pose.egg-info/entry_points.txt
[17.696s] writing requirements to ../../../build/move_pose/move_pose.egg-info/requires.txt
[17.699s] writing top-level names to ../../../build/move_pose/move_pose.egg-info/top_level.txt
[18.017s] reading manifest file '../../../build/move_pose/move_pose.egg-info/SOURCES.txt'
[18.017s] writing manifest file '../../../build/move_pose/move_pose.egg-info/SOURCES.txt'
[18.018s] running build
[18.018s] running build_py
[18.018s] running install
[18.030s] running install_lib
[18.177s] running install_data
[18.178s] running install_egg_info
[18.295s] removing '/home/info/ros2_ws/install/move_pose/lib/python3.12/site-packages/move_pose-0.0.0-py3.12.egg-info' (and everything under it)
[18.296s] Copying ../../../build/move_pose/move_pose.egg-info to /home/info/ros2_ws/install/move_pose/lib/python3.12/site-packages/move_pose-0.0.0-py3.12.egg-info
[18.307s] running install_scripts
[19.849s] Installing move_circle script to /home/info/ros2_ws/install/move_pose/lib/move_pose
[19.849s] Installing move_teleop script to /home/info/ros2_ws/install/move_pose/lib/move_pose
[19.860s] writing list of installed files to '/home/info/ros2_ws/build/move_pose/install.log'
[20.432s] Invoked command in '/home/info/ros2_ws/tp_turtle_regulation_Emie/src/move_pose' returned '0': DEBUGINFOD_URLS=https://debuginfod.ubuntu.com PYTHONPATH=/home/info/ros2_ws/build/move_pose/prefix_override:/usr/lib/python3/dist-packages/colcon_core/task/python/colcon_distutils_commands:/home/info/ros2_ws/install/move_pose/lib/python3.12/site-packages:${PYTHONPATH} /usr/bin/python3 -W ignore:setup.py install is deprecated -W ignore:easy_install command is deprecated setup.py egg_info --egg-base ../../../build/move_pose build --build-base /home/info/ros2_ws/build/move_pose/build install --record /home/info/ros2_ws/build/move_pose/install.log --single-version-externally-managed install_data
