[8.028s] Invoking command in '/home/info/ros2_ws/src/move_pose': DEBUGINFOD_URLS=https://debuginfod.ubuntu.com PYTHONPATH=/home/info/ros2_ws/build/move_pose/prefix_override:/usr/lib/python3/dist-packages/colcon_core/task/python/colcon_distutils_commands:/home/info/ros2_ws/install/move_pose/lib/python3.12/site-packages:${PYTHONPATH} /usr/bin/python3 -W ignore:setup.py install is deprecated -W ignore:easy_install command is deprecated setup.py egg_info --egg-base ../../build/move_pose build --build-base /home/info/ros2_ws/build/move_pose/build install --record /home/info/ros2_ws/build/move_pose/install.log --single-version-externally-managed install_data
[8.866s] running egg_info
[8.914s] writing ../../build/move_pose/move_pose.egg-info/PKG-INFO
[8.920s] writing dependency_links to ../../build/move_pose/move_pose.egg-info/dependency_links.txt
[8.920s] writing entry points to ../../build/move_pose/move_pose.egg-info/entry_points.txt
[8.920s] writing requirements to ../../build/move_pose/move_pose.egg-info/requires.txt
[8.920s] writing top-level names to ../../build/move_pose/move_pose.egg-info/top_level.txt
[9.003s] reading manifest file '../../build/move_pose/move_pose.egg-info/SOURCES.txt'
[9.009s] writing manifest file '../../build/move_pose/move_pose.egg-info/SOURCES.txt'
[9.009s] running build
[9.009s] running build_py
[9.009s] running install
[9.019s] running install_lib
[9.065s] running install_data
[9.066s] running install_egg_info
[9.119s] removing '/home/info/ros2_ws/install/move_pose/lib/python3.12/site-packages/move_pose-0.0.0-py3.12.egg-info' (and everything under it)
[9.119s] Copying ../../build/move_pose/move_pose.egg-info to /home/info/ros2_ws/install/move_pose/lib/python3.12/site-packages/move_pose-0.0.0-py3.12.egg-info
[9.123s] running install_scripts
[9.627s] Installing move_circle script to /home/info/ros2_ws/install/move_pose/lib/move_pose
[9.628s] Installing move_teleop script to /home/info/ros2_ws/install/move_pose/lib/move_pose
[9.632s] writing list of installed files to '/home/info/ros2_ws/build/move_pose/install.log'
[9.677s] Invoked command in '/home/info/ros2_ws/src/move_pose' returned '0': DEBUGINFOD_URLS=https://debuginfod.ubuntu.com PYTHONPATH=/home/info/ros2_ws/build/move_pose/prefix_override:/usr/lib/python3/dist-packages/colcon_core/task/python/colcon_distutils_commands:/home/info/ros2_ws/install/move_pose/lib/python3.12/site-packages:${PYTHONPATH} /usr/bin/python3 -W ignore:setup.py install is deprecated -W ignore:easy_install command is deprecated setup.py egg_info --egg-base ../../build/move_pose build --build-base /home/info/ros2_ws/build/move_pose/build install --record /home/info/ros2_ws/build/move_pose/install.log --single-version-externally-managed install_data
