[17.429s] Invoking command in '/home/info/ros2_ws/src/ros2_tutorial/my_service_pkg': DEBUGINFOD_URLS=https://debuginfod.ubuntu.com PYTHONPATH=/home/info/ros2_ws/build/my_service_pkg/prefix_override:/usr/lib/python3/dist-packages/colcon_core/task/python/colcon_distutils_commands:/home/info/ros2_ws/install/my_service_pkg/lib/python3.12/site-packages:${PYTHONPATH} /usr/bin/python3 -W ignore:setup.py install is deprecated -W ignore:easy_install command is deprecated setup.py egg_info --egg-base ../../../build/my_service_pkg build --build-base /home/info/ros2_ws/build/my_service_pkg/build install --record /home/info/ros2_ws/build/my_service_pkg/install.log --single-version-externally-managed install_data
[20.876s] running egg_info
[21.041s] writing ../../../build/my_service_pkg/my_service_pkg.egg-info/PKG-INFO
[21.044s] writing dependency_links to ../../../build/my_service_pkg/my_service_pkg.egg-info/dependency_links.txt
[21.045s] writing entry points to ../../../build/my_service_pkg/my_service_pkg.egg-info/entry_points.txt
[21.045s] writing requirements to ../../../build/my_service_pkg/my_service_pkg.egg-info/requires.txt
[21.046s] writing top-level names to ../../../build/my_service_pkg/my_service_pkg.egg-info/top_level.txt
[21.519s] reading manifest file '../../../build/my_service_pkg/my_service_pkg.egg-info/SOURCES.txt'
[21.519s] writing manifest file '../../../build/my_service_pkg/my_service_pkg.egg-info/SOURCES.txt'
[21.520s] running build
[21.520s] running build_py
[21.520s] running install
[21.548s] running install_lib
[21.761s] running install_data
[21.764s] running install_egg_info
[22.133s] removing '/home/info/ros2_ws/install/my_service_pkg/lib/python3.12/site-packages/my_service_pkg-0.0.0-py3.12.egg-info' (and everything under it)
[22.146s] Copying ../../../build/my_service_pkg/my_service_pkg.egg-info to /home/info/ros2_ws/install/my_service_pkg/lib/python3.12/site-packages/my_service_pkg-0.0.0-py3.12.egg-info
[22.232s] running install_scripts
[24.614s] Installing add_two_int_client_no_oop_node script to /home/info/ros2_ws/install/my_service_pkg/lib/my_service_pkg
[24.632s] Installing add_two_int_client_oop_node script to /home/info/ros2_ws/install/my_service_pkg/lib/my_service_pkg
[24.632s] Installing add_two_int_server_node script to /home/info/ros2_ws/install/my_service_pkg/lib/my_service_pkg
[24.635s] writing list of installed files to '/home/info/ros2_ws/build/my_service_pkg/install.log'
[25.032s] Invoked command in '/home/info/ros2_ws/src/ros2_tutorial/my_service_pkg' returned '0': DEBUGINFOD_URLS=https://debuginfod.ubuntu.com PYTHONPATH=/home/info/ros2_ws/build/my_service_pkg/prefix_override:/usr/lib/python3/dist-packages/colcon_core/task/python/colcon_distutils_commands:/home/info/ros2_ws/install/my_service_pkg/lib/python3.12/site-packages:${PYTHONPATH} /usr/bin/python3 -W ignore:setup.py install is deprecated -W ignore:easy_install command is deprecated setup.py egg_info --egg-base ../../../build/my_service_pkg build --build-base /home/info/ros2_ws/build/my_service_pkg/build install --record /home/info/ros2_ws/build/my_service_pkg/install.log --single-version-externally-managed install_data
