[7.858s] Invoking command in '/home/info/ros2_ws/src/move_pose': DEBUGINFOD_URLS=https://debuginfod.ubuntu.com PYTHONPATH=/home/info/ros2_ws/build/move_pose/prefix_override:/usr/lib/python3/dist-packages/colcon_core/task/python/colcon_distutils_commands:/home/info/ros2_ws/install/move_pose/lib/python3.12/site-packages:${PYTHONPATH} /usr/bin/python3 -W ignore:setup.py install is deprecated -W ignore:easy_install command is deprecated setup.py egg_info --egg-base ../../build/move_pose build --build-base /home/info/ros2_ws/build/move_pose/build install --record /home/info/ros2_ws/build/move_pose/install.log --single-version-externally-managed install_data
[8.606s] running egg_info
[8.645s] writing ../../build/move_pose/move_pose.egg-info/PKG-INFO
[8.648s] writing dependency_links to ../../build/move_pose/move_pose.egg-info/dependency_links.txt
[8.650s] writing entry points to ../../build/move_pose/move_pose.egg-info/entry_points.txt
[8.651s] writing requirements to ../../build/move_pose/move_pose.egg-info/requires.txt
[8.651s] writing top-level names to ../../build/move_pose/move_pose.egg-info/top_level.txt
[8.736s] reading manifest file '../../build/move_pose/move_pose.egg-info/SOURCES.txt'
[8.738s] writing manifest file '../../build/move_pose/move_pose.egg-info/SOURCES.txt'
[8.738s] running build
[8.738s] running build_py
[8.739s] running install
[8.753s] running install_lib
[8.796s] running install_data
[8.796s] running install_egg_info
[8.840s] removing '/home/info/ros2_ws/install/move_pose/lib/python3.12/site-packages/move_pose-0.0.0-py3.12.egg-info' (and everything under it)
[8.844s] Copying ../../build/move_pose/move_pose.egg-info to /home/info/ros2_ws/install/move_pose/lib/python3.12/site-packages/move_pose-0.0.0-py3.12.egg-info
[8.845s] running install_scripts
[9.269s] Installing move_circle script to /home/info/ros2_ws/install/move_pose/lib/move_pose
[9.269s] Installing move_teleop script to /home/info/ros2_ws/install/move_pose/lib/move_pose
[9.271s] writing list of installed files to '/home/info/ros2_ws/build/move_pose/install.log'
[9.391s] Invoked command in '/home/info/ros2_ws/src/move_pose' returned '0': DEBUGINFOD_URLS=https://debuginfod.ubuntu.com PYTHONPATH=/home/info/ros2_ws/build/move_pose/prefix_override:/usr/lib/python3/dist-packages/colcon_core/task/python/colcon_distutils_commands:/home/info/ros2_ws/install/move_pose/lib/python3.12/site-packages:${PYTHONPATH} /usr/bin/python3 -W ignore:setup.py install is deprecated -W ignore:easy_install command is deprecated setup.py egg_info --egg-base ../../build/move_pose build --build-base /home/info/ros2_ws/build/move_pose/build install --record /home/info/ros2_ws/build/move_pose/install.log --single-version-externally-managed install_data
