[14.700s] Invoking command in '/home/info/ros2_ws/tp_turtle_regulation_Emie/src/tp_turtle_regulation_Emie/turtle_regulation': DEBUGINFOD_URLS=https://debuginfod.ubuntu.com PYTHONPATH=/home/info/ros2_ws/build/turtle_regulation/prefix_override:/usr/lib/python3/dist-packages/colcon_core/task/python/colcon_distutils_commands:/home/info/ros2_ws/install/turtle_regulation/lib/python3.12/site-packages:${PYTHONPATH} /usr/bin/python3 -W ignore:setup.py install is deprecated -W ignore:easy_install command is deprecated setup.py egg_info --egg-base ../../../../build/turtle_regulation build --build-base /home/info/ros2_ws/build/turtle_regulation/build install --record /home/info/ros2_ws/build/turtle_regulation/install.log --single-version-externally-managed install_data
[16.275s] running egg_info
[16.341s] writing ../../../../build/turtle_regulation/turtle_regulation.egg-info/PKG-INFO
[16.341s] writing dependency_links to ../../../../build/turtle_regulation/turtle_regulation.egg-info/dependency_links.txt
[16.342s] writing entry points to ../../../../build/turtle_regulation/turtle_regulation.egg-info/entry_points.txt
[16.342s] writing requirements to ../../../../build/turtle_regulation/turtle_regulation.egg-info/requires.txt
[16.343s] writing top-level names to ../../../../build/turtle_regulation/turtle_regulation.egg-info/top_level.txt
[16.434s] reading manifest file '../../../../build/turtle_regulation/turtle_regulation.egg-info/SOURCES.txt'
[16.435s] writing manifest file '../../../../build/turtle_regulation/turtle_regulation.egg-info/SOURCES.txt'
[16.436s] running build
[16.436s] running build_py
[16.436s] running install
[16.451s] running install_lib
[16.498s] running install_data
[16.500s] running install_egg_info
[16.545s] removing '/home/info/ros2_ws/install/turtle_regulation/lib/python3.12/site-packages/turtle_regulation-0.0.0-py3.12.egg-info' (and everything under it)
[16.545s] Copying ../../../../build/turtle_regulation/turtle_regulation.egg-info to /home/info/ros2_ws/install/turtle_regulation/lib/python3.12/site-packages/turtle_regulation-0.0.0-py3.12.egg-info
[16.549s] running install_scripts
[17.010s] Installing set_way_point script to /home/info/ros2_ws/install/turtle_regulation/lib/turtle_regulation
[17.019s] writing list of installed files to '/home/info/ros2_ws/build/turtle_regulation/install.log'
[17.066s] Invoked command in '/home/info/ros2_ws/tp_turtle_regulation_Emie/src/tp_turtle_regulation_Emie/turtle_regulation' returned '0': DEBUGINFOD_URLS=https://debuginfod.ubuntu.com PYTHONPATH=/home/info/ros2_ws/build/turtle_regulation/prefix_override:/usr/lib/python3/dist-packages/colcon_core/task/python/colcon_distutils_commands:/home/info/ros2_ws/install/turtle_regulation/lib/python3.12/site-packages:${PYTHONPATH} /usr/bin/python3 -W ignore:setup.py install is deprecated -W ignore:easy_install command is deprecated setup.py egg_info --egg-base ../../../../build/turtle_regulation build --build-base /home/info/ros2_ws/build/turtle_regulation/build install --record /home/info/ros2_ws/build/turtle_regulation/install.log --single-version-externally-managed install_data
