[13.674s] Invoking command in '/home/info/ros2_ws/tp_turtle_regulation_Emie/src/tp_turtle_regulation_Emie/turtle_regulation': DEBUGINFOD_URLS=https://debuginfod.ubuntu.com PYTHONPATH=/home/info/ros2_ws/build/turtle_regulation/prefix_override:/usr/lib/python3/dist-packages/colcon_core/task/python/colcon_distutils_commands:/home/info/ros2_ws/install/turtle_regulation/lib/python3.12/site-packages:${PYTHONPATH} /usr/bin/python3 -W ignore:setup.py install is deprecated -W ignore:easy_install command is deprecated setup.py egg_info --egg-base ../../../../build/turtle_regulation build --build-base /home/info/ros2_ws/build/turtle_regulation/build install --record /home/info/ros2_ws/build/turtle_regulation/install.log --single-version-externally-managed install_data
[15.525s] running egg_info
[15.574s] writing ../../../../build/turtle_regulation/turtle_regulation.egg-info/PKG-INFO
[15.575s] writing dependency_links to ../../../../build/turtle_regulation/turtle_regulation.egg-info/dependency_links.txt
[15.581s] writing entry points to ../../../../build/turtle_regulation/turtle_regulation.egg-info/entry_points.txt
[15.585s] writing requirements to ../../../../build/turtle_regulation/turtle_regulation.egg-info/requires.txt
[15.589s] writing top-level names to ../../../../build/turtle_regulation/turtle_regulation.egg-info/top_level.txt
[15.714s] reading manifest file '../../../../build/turtle_regulation/turtle_regulation.egg-info/SOURCES.txt'
[15.716s] writing manifest file '../../../../build/turtle_regulation/turtle_regulation.egg-info/SOURCES.txt'
[15.717s] running build
[15.717s] running build_py
[15.718s] running install
[15.732s] running install_lib
[15.806s] running install_data
[15.807s] running install_egg_info
[15.899s] removing '/home/info/ros2_ws/install/turtle_regulation/lib/python3.12/site-packages/turtle_regulation-0.0.0-py3.12.egg-info' (and everything under it)
[15.900s] Copying ../../../../build/turtle_regulation/turtle_regulation.egg-info to /home/info/ros2_ws/install/turtle_regulation/lib/python3.12/site-packages/turtle_regulation-0.0.0-py3.12.egg-info
[15.909s] running install_scripts
[16.890s] Installing set_way_point script to /home/info/ros2_ws/install/turtle_regulation/lib/turtle_regulation
[16.891s] writing list of installed files to '/home/info/ros2_ws/build/turtle_regulation/install.log'
[17.022s] Invoked command in '/home/info/ros2_ws/tp_turtle_regulation_Emie/src/tp_turtle_regulation_Emie/turtle_regulation' returned '0': DEBUGINFOD_URLS=https://debuginfod.ubuntu.com PYTHONPATH=/home/info/ros2_ws/build/turtle_regulation/prefix_override:/usr/lib/python3/dist-packages/colcon_core/task/python/colcon_distutils_commands:/home/info/ros2_ws/install/turtle_regulation/lib/python3.12/site-packages:${PYTHONPATH} /usr/bin/python3 -W ignore:setup.py install is deprecated -W ignore:easy_install command is deprecated setup.py egg_info --egg-base ../../../../build/turtle_regulation build --build-base /home/info/ros2_ws/build/turtle_regulation/build install --record /home/info/ros2_ws/build/turtle_regulation/install.log --single-version-externally-managed install_data
