[17.552s] Invoking command in '/home/info/ros2_ws/src/move_pose': DEBUGINFOD_URLS=https://debuginfod.ubuntu.com PYTHONPATH=/home/info/ros2_ws/build/move_pose/prefix_override:/usr/lib/python3/dist-packages/colcon_core/task/python/colcon_distutils_commands:/home/info/ros2_ws/install/move_pose/lib/python3.12/site-packages:${PYTHONPATH} /usr/bin/python3 -W ignore:setup.py install is deprecated -W ignore:easy_install command is deprecated setup.py egg_info --egg-base ../../build/move_pose build --build-base /home/info/ros2_ws/build/move_pose/build install --record /home/info/ros2_ws/build/move_pose/install.log --single-version-externally-managed install_data
[20.864s] running egg_info
[21.084s] writing ../../build/move_pose/move_pose.egg-info/PKG-INFO
[21.084s] writing dependency_links to ../../build/move_pose/move_pose.egg-info/dependency_links.txt
[21.085s] writing entry points to ../../build/move_pose/move_pose.egg-info/entry_points.txt
[21.085s] writing requirements to ../../build/move_pose/move_pose.egg-info/requires.txt
[21.085s] writing top-level names to ../../build/move_pose/move_pose.egg-info/top_level.txt
[21.409s] reading manifest file '../../build/move_pose/move_pose.egg-info/SOURCES.txt'
[21.450s] writing manifest file '../../build/move_pose/move_pose.egg-info/SOURCES.txt'
[21.451s] running build
[21.451s] running build_py
[21.460s] running install
[21.517s] running install_lib
[21.736s] running install_data
[21.737s] running install_egg_info
[21.931s] removing '/home/info/ros2_ws/install/move_pose/lib/python3.12/site-packages/move_pose-0.0.0-py3.12.egg-info' (and everything under it)
[21.935s] Copying ../../build/move_pose/move_pose.egg-info to /home/info/ros2_ws/install/move_pose/lib/python3.12/site-packages/move_pose-0.0.0-py3.12.egg-info
[21.962s] running install_scripts
[24.335s] Installing move_circle script to /home/info/ros2_ws/install/move_pose/lib/move_pose
[24.336s] Installing move_teleop script to /home/info/ros2_ws/install/move_pose/lib/move_pose
[24.339s] writing list of installed files to '/home/info/ros2_ws/build/move_pose/install.log'
[24.640s] Invoked command in '/home/info/ros2_ws/src/move_pose' returned '0': DEBUGINFOD_URLS=https://debuginfod.ubuntu.com PYTHONPATH=/home/info/ros2_ws/build/move_pose/prefix_override:/usr/lib/python3/dist-packages/colcon_core/task/python/colcon_distutils_commands:/home/info/ros2_ws/install/move_pose/lib/python3.12/site-packages:${PYTHONPATH} /usr/bin/python3 -W ignore:setup.py install is deprecated -W ignore:easy_install command is deprecated setup.py egg_info --egg-base ../../build/move_pose build --build-base /home/info/ros2_ws/build/move_pose/build install --record /home/info/ros2_ws/build/move_pose/install.log --single-version-externally-managed install_data
