[8.755s] Invoking command in '/home/info/ros2_ws/src/move_pose': DEBUGINFOD_URLS=https://debuginfod.ubuntu.com PYTHONPATH=/home/info/ros2_ws/build/move_pose/prefix_override:/usr/lib/python3/dist-packages/colcon_core/task/python/colcon_distutils_commands:/home/info/ros2_ws/install/move_pose/lib/python3.12/site-packages:${PYTHONPATH} /usr/bin/python3 -W ignore:setup.py install is deprecated -W ignore:easy_install command is deprecated setup.py egg_info --egg-base ../../build/move_pose build --build-base /home/info/ros2_ws/build/move_pose/build install --record /home/info/ros2_ws/build/move_pose/install.log --single-version-externally-managed install_data
[9.701s] running egg_info
[9.743s] writing ../../build/move_pose/move_pose.egg-info/PKG-INFO
[9.744s] writing dependency_links to ../../build/move_pose/move_pose.egg-info/dependency_links.txt
[9.744s] writing entry points to ../../build/move_pose/move_pose.egg-info/entry_points.txt
[9.745s] writing requirements to ../../build/move_pose/move_pose.egg-info/requires.txt
[9.745s] writing top-level names to ../../build/move_pose/move_pose.egg-info/top_level.txt
[9.830s] reading manifest file '../../build/move_pose/move_pose.egg-info/SOURCES.txt'
[9.833s] writing manifest file '../../build/move_pose/move_pose.egg-info/SOURCES.txt'
[9.833s] running build
[9.833s] running build_py
[9.834s] running install
[9.848s] running install_lib
[9.892s] running install_data
[9.892s] running install_egg_info
[9.936s] removing '/home/info/ros2_ws/install/move_pose/lib/python3.12/site-packages/move_pose-0.0.0-py3.12.egg-info' (and everything under it)
[9.937s] Copying ../../build/move_pose/move_pose.egg-info to /home/info/ros2_ws/install/move_pose/lib/python3.12/site-packages/move_pose-0.0.0-py3.12.egg-info
[9.939s] running install_scripts
[10.288s] Installing move_circle script to /home/info/ros2_ws/install/move_pose/lib/move_pose
[10.288s] Installing move_teleop script to /home/info/ros2_ws/install/move_pose/lib/move_pose
[10.289s] writing list of installed files to '/home/info/ros2_ws/build/move_pose/install.log'
[10.358s] Invoked command in '/home/info/ros2_ws/src/move_pose' returned '0': DEBUGINFOD_URLS=https://debuginfod.ubuntu.com PYTHONPATH=/home/info/ros2_ws/build/move_pose/prefix_override:/usr/lib/python3/dist-packages/colcon_core/task/python/colcon_distutils_commands:/home/info/ros2_ws/install/move_pose/lib/python3.12/site-packages:${PYTHONPATH} /usr/bin/python3 -W ignore:setup.py install is deprecated -W ignore:easy_install command is deprecated setup.py egg_info --egg-base ../../build/move_pose build --build-base /home/info/ros2_ws/build/move_pose/build install --record /home/info/ros2_ws/build/move_pose/install.log --single-version-externally-managed install_data
