/home/info/ros2_ws/install/my_py_pkg/lib/python3.12/site-packages/my_py_pkg/my_second_publisher.py
/home/info/ros2_ws/install/my_py_pkg/lib/python3.12/site-packages/my_py_pkg/my_first_subscriber.py
/home/info/ros2_ws/install/my_py_pkg/lib/python3.12/site-packages/my_py_pkg/my_first_oop_node.py
/home/info/ros2_ws/install/my_py_pkg/lib/python3.12/site-packages/my_py_pkg/my_first_publisher.py
/home/info/ros2_ws/install/my_py_pkg/lib/python3.12/site-packages/my_py_pkg/my_first_node.py
/home/info/ros2_ws/install/my_py_pkg/lib/python3.12/site-packages/my_py_pkg/__init__.py
/home/info/ros2_ws/install/my_py_pkg/lib/python3.12/site-packages/my_py_pkg/template_node.py
/home/info/ros2_ws/install/my_py_pkg/lib/python3.12/site-packages/my_py_pkg/__pycache__/my_second_publisher.cpython-312.pyc
/home/info/ros2_ws/install/my_py_pkg/lib/python3.12/site-packages/my_py_pkg/__pycache__/my_first_subscriber.cpython-312.pyc
/home/info/ros2_ws/install/my_py_pkg/lib/python3.12/site-packages/my_py_pkg/__pycache__/my_first_oop_node.cpython-312.pyc
/home/info/ros2_ws/install/my_py_pkg/lib/python3.12/site-packages/my_py_pkg/__pycache__/my_first_publisher.cpython-312.pyc
/home/info/ros2_ws/install/my_py_pkg/lib/python3.12/site-packages/my_py_pkg/__pycache__/my_first_node.cpython-312.pyc
/home/info/ros2_ws/install/my_py_pkg/lib/python3.12/site-packages/my_py_pkg/__pycache__/__init__.cpython-312.pyc
/home/info/ros2_ws/install/my_py_pkg/lib/python3.12/site-packages/my_py_pkg/__pycache__/template_node.cpython-312.pyc
/home/info/ros2_ws/install/my_py_pkg/share/ament_index/resource_index/packages/my_py_pkg
/home/info/ros2_ws/install/my_py_pkg/share/my_py_pkg/package.xml
/home/info/ros2_ws/install/my_py_pkg/lib/python3.12/site-packages/my_py_pkg-0.0.0-py3.12.egg-info/top_level.txt
/home/info/ros2_ws/install/my_py_pkg/lib/python3.12/site-packages/my_py_pkg-0.0.0-py3.12.egg-info/dependency_links.txt
/home/info/ros2_ws/install/my_py_pkg/lib/python3.12/site-packages/my_py_pkg-0.0.0-py3.12.egg-info/entry_points.txt
/home/info/ros2_ws/install/my_py_pkg/lib/python3.12/site-packages/my_py_pkg-0.0.0-py3.12.egg-info/SOURCES.txt
/home/info/ros2_ws/install/my_py_pkg/lib/python3.12/site-packages/my_py_pkg-0.0.0-py3.12.egg-info/requires.txt
/home/info/ros2_ws/install/my_py_pkg/lib/python3.12/site-packages/my_py_pkg-0.0.0-py3.12.egg-info/zip-safe
/home/info/ros2_ws/install/my_py_pkg/lib/python3.12/site-packages/my_py_pkg-0.0.0-py3.12.egg-info/PKG-INFO
/home/info/ros2_ws/install/my_py_pkg/lib/my_py_pkg/first_node
/home/info/ros2_ws/install/my_py_pkg/lib/my_py_pkg/first_oop_node
/home/info/ros2_ws/install/my_py_pkg/lib/my_py_pkg/first_pub_node
/home/info/ros2_ws/install/my_py_pkg/lib/my_py_pkg/first_sub_node
/home/info/ros2_ws/install/my_py_pkg/lib/my_py_pkg/second_pub_node
