[8.420s] Invoking command in '/home/info/ros2_ws/build/my_service_pkg': DEBUGINFOD_URLS=https://debuginfod.ubuntu.com PYTHONPATH=/home/info/ros2_ws/build/my_service_pkg/prefix_override:/usr/lib/python3/dist-packages/colcon_core/task/python/colcon_distutils_commands:/home/info/ros2_ws/install/my_service_pkg/lib/python3.12/site-packages:${PYTHONPATH} /usr/bin/python3 -W ignore:setup.py install is deprecated -W ignore:easy_install command is deprecated setup.py develop --uninstall --editable --build-directory /home/info/ros2_ws/build/my_service_pkg/build
[12.255s] running develop
[15.696s] Removing /home/info/ros2_ws/install/my_service_pkg/lib/python3.12/site-packages/my-service-pkg.egg-link (link to .)
[16.170s] Invoked command in '/home/info/ros2_ws/build/my_service_pkg' returned '0': DEBUGINFOD_URLS=https://debuginfod.ubuntu.com PYTHONPATH=/home/info/ros2_ws/build/my_service_pkg/prefix_override:/usr/lib/python3/dist-packages/colcon_core/task/python/colcon_distutils_commands:/home/info/ros2_ws/install/my_service_pkg/lib/python3.12/site-packages:${PYTHONPATH} /usr/bin/python3 -W ignore:setup.py install is deprecated -W ignore:easy_install command is deprecated setup.py develop --uninstall --editable --build-directory /home/info/ros2_ws/build/my_service_pkg/build
[16.192s] Invoking command in '/home/info/ros2_ws/tp_turtle_regulation_Emie/src/ros2_tutorial/my_service_pkg': DEBUGINFOD_URLS=https://debuginfod.ubuntu.com PYTHONPATH=/home/info/ros2_ws/build/my_service_pkg/prefix_override:/usr/lib/python3/dist-packages/colcon_core/task/python/colcon_distutils_commands:/home/info/ros2_ws/install/my_service_pkg/lib/python3.12/site-packages:${PYTHONPATH} /usr/bin/python3 -W ignore:setup.py install is deprecated -W ignore:easy_install command is deprecated setup.py egg_info --egg-base ../../../../build/my_service_pkg build --build-base /home/info/ros2_ws/build/my_service_pkg/build install --record /home/info/ros2_ws/build/my_service_pkg/install.log --single-version-externally-managed install_data --force
[22.279s] running egg_info
[22.690s] writing ../../../../build/my_service_pkg/my_service_pkg.egg-info/PKG-INFO
[22.691s] writing dependency_links to ../../../../build/my_service_pkg/my_service_pkg.egg-info/dependency_links.txt
[22.716s] writing entry points to ../../../../build/my_service_pkg/my_service_pkg.egg-info/entry_points.txt
[22.716s] writing requirements to ../../../../build/my_service_pkg/my_service_pkg.egg-info/requires.txt
[22.717s] writing top-level names to ../../../../build/my_service_pkg/my_service_pkg.egg-info/top_level.txt
[23.451s] reading manifest file '../../../../build/my_service_pkg/my_service_pkg.egg-info/SOURCES.txt'
[23.460s] writing manifest file '../../../../build/my_service_pkg/my_service_pkg.egg-info/SOURCES.txt'
[23.460s] running build
[23.461s] running build_py
[23.461s] creating /home/info/ros2_ws/build/my_service_pkg/build
[23.464s] creating /home/info/ros2_ws/build/my_service_pkg/build/lib
[23.464s] creating /home/info/ros2_ws/build/my_service_pkg/build/lib/my_service_pkg
[23.468s] copying my_service_pkg/service_client_no_oop.py -> /home/info/ros2_ws/build/my_service_pkg/build/lib/my_service_pkg
[23.468s] copying my_service_pkg/service_client_oop.py -> /home/info/ros2_ws/build/my_service_pkg/build/lib/my_service_pkg
[23.479s] copying my_service_pkg/__init__.py -> /home/info/ros2_ws/build/my_service_pkg/build/lib/my_service_pkg
[23.480s] copying my_service_pkg/my_first_service_server.py -> /home/info/ros2_ws/build/my_service_pkg/build/lib/my_service_pkg
[23.483s] running install
[23.542s] running install_lib
[23.816s] creating /home/info/ros2_ws/install/my_service_pkg/lib/python3.12/site-packages/my_service_pkg
[23.848s] copying /home/info/ros2_ws/build/my_service_pkg/build/lib/my_service_pkg/service_client_no_oop.py -> /home/info/ros2_ws/install/my_service_pkg/lib/python3.12/site-packages/my_service_pkg
[23.849s] copying /home/info/ros2_ws/build/my_service_pkg/build/lib/my_service_pkg/service_client_oop.py -> /home/info/ros2_ws/install/my_service_pkg/lib/python3.12/site-packages/my_service_pkg
[23.849s] copying /home/info/ros2_ws/build/my_service_pkg/build/lib/my_service_pkg/__init__.py -> /home/info/ros2_ws/install/my_service_pkg/lib/python3.12/site-packages/my_service_pkg
[23.849s] copying /home/info/ros2_ws/build/my_service_pkg/build/lib/my_service_pkg/my_first_service_server.py -> /home/info/ros2_ws/install/my_service_pkg/lib/python3.12/site-packages/my_service_pkg
[23.850s] byte-compiling /home/info/ros2_ws/install/my_service_pkg/lib/python3.12/site-packages/my_service_pkg/service_client_no_oop.py to service_client_no_oop.cpython-312.pyc
[23.850s] byte-compiling /home/info/ros2_ws/install/my_service_pkg/lib/python3.12/site-packages/my_service_pkg/service_client_oop.py to service_client_oop.cpython-312.pyc
[23.850s] byte-compiling /home/info/ros2_ws/install/my_service_pkg/lib/python3.12/site-packages/my_service_pkg/__init__.py to __init__.cpython-312.pyc
[23.850s] byte-compiling /home/info/ros2_ws/install/my_service_pkg/lib/python3.12/site-packages/my_service_pkg/my_first_service_server.py to my_first_service_server.cpython-312.pyc
[23.850s] running install_data
[23.854s] copying resource/my_service_pkg -> /home/info/ros2_ws/install/my_service_pkg/share/ament_index/resource_index/packages
[23.854s] copying package.xml -> /home/info/ros2_ws/install/my_service_pkg/share/my_service_pkg
[23.854s] running install_egg_info
[23.959s] Copying ../../../../build/my_service_pkg/my_service_pkg.egg-info to /home/info/ros2_ws/install/my_service_pkg/lib/python3.12/site-packages/my_service_pkg-0.0.0-py3.12.egg-info
[23.981s] running install_scripts
[25.778s] Installing add_two_int_client_no_oop_node script to /home/info/ros2_ws/install/my_service_pkg/lib/my_service_pkg
[25.787s] Installing add_two_int_client_oop_node script to /home/info/ros2_ws/install/my_service_pkg/lib/my_service_pkg
[25.824s] Installing add_two_int_server_node script to /home/info/ros2_ws/install/my_service_pkg/lib/my_service_pkg
[25.838s] writing list of installed files to '/home/info/ros2_ws/build/my_service_pkg/install.log'
[26.741s] Invoked command in '/home/info/ros2_ws/tp_turtle_regulation_Emie/src/ros2_tutorial/my_service_pkg' returned '0': DEBUGINFOD_URLS=https://debuginfod.ubuntu.com PYTHONPATH=/home/info/ros2_ws/build/my_service_pkg/prefix_override:/usr/lib/python3/dist-packages/colcon_core/task/python/colcon_distutils_commands:/home/info/ros2_ws/install/my_service_pkg/lib/python3.12/site-packages:${PYTHONPATH} /usr/bin/python3 -W ignore:setup.py install is deprecated -W ignore:easy_install command is deprecated setup.py egg_info --egg-base ../../../../build/my_service_pkg build --build-base /home/info/ros2_ws/build/my_service_pkg/build install --record /home/info/ros2_ws/build/my_service_pkg/install.log --single-version-externally-managed install_data --force
