[0.260s] Invoking command in '/home/info/ros2_ws/build/my_custom_interfaces': CMAKE_PREFIX_PATH=${CMAKE_PREFIX_PATH}:/home/info/ros2_ws/tp_turtle_regulation_Emie/install/turtle_regulation:/home/info/ros2_ws/tp_turtle_regulation_Emie/install/my_service_pkg:/home/info/ros2_ws/tp_turtle_regulation_Emie/install/my_py_pkg:/home/info/ros2_ws/tp_turtle_regulation_Emie/install/move_turtle:/home/info/ros2_ws/tp_turtle_regulation_Emie/install/move_pose:/home/info/ros2_ws/install/turtle_regulation:/home/info/ros2_ws/install/my_service_pkg:/home/info/ros2_ws/install/my_py_pkg:/home/info/ros2_ws/install/move_turtle:/home/info/ros2_ws/install/move_pose:/opt/ros/jazzy DEBUGINFOD_URLS=https://debuginfod.ubuntu.com /usr/bin/cmake --build /home/info/ros2_ws/build/my_custom_interfaces -- -j6 -l6
[2.543s] [  1%] [34m[1mGenerating type hashes for ROS interfaces[0m
[2.545s] [  1%] Built target ament_cmake_python_copy_my_custom_interfaces
[2.546s] [  1%] Built target my_custom_interfaces__rosidl_generator_type_description
[2.546s] [  3%] [34m[1mGenerating C code for ROS interfaces[0m
[2.547s] running egg_info
[2.548s] creating my_custom_interfaces.egg-info
[2.548s] writing my_custom_interfaces.egg-info/PKG-INFO
[2.548s] writing dependency_links to my_custom_interfaces.egg-info/dependency_links.txt
[2.549s] writing top-level names to my_custom_interfaces.egg-info/top_level.txt
[2.549s] writing manifest file 'my_custom_interfaces.egg-info/SOURCES.txt'
[2.549s] [  5%] [34m[1mGenerating C++ code for ROS interfaces[0m
[2.549s] reading manifest file 'my_custom_interfaces.egg-info/SOURCES.txt'
[2.550s] writing manifest file 'my_custom_interfaces.egg-info/SOURCES.txt'
[2.550s] [  5%] Built target ament_cmake_python_build_my_custom_interfaces_egg
[9.697s] [  5%] Built target my_custom_interfaces__cpp
[10.883s] [  7%] [32mBuilding C object CMakeFiles/my_custom_interfaces__rosidl_generator_c.dir/rosidl_generator_c/my_custom_interfaces/msg/detail/sensor_status__description.c.o[0m
[10.918s] [  9%] [32mBuilding C object CMakeFiles/my_custom_interfaces__rosidl_generator_c.dir/rosidl_generator_c/my_custom_interfaces/msg/detail/sensor_status_stamped__description.c.o[0m
[10.984s] [ 11%] [32mBuilding C object CMakeFiles/my_custom_interfaces__rosidl_generator_c.dir/rosidl_generator_c/my_custom_interfaces/msg/detail/sensor_status__type_support.c.o[0m
[11.100s] [ 12%] [32mBuilding C object CMakeFiles/my_custom_interfaces__rosidl_generator_c.dir/rosidl_generator_c/my_custom_interfaces/msg/detail/sensor_status_stamped__type_support.c.o[0m
[11.158s] [ 14%] [32mBuilding C object CMakeFiles/my_custom_interfaces__rosidl_generator_c.dir/rosidl_generator_c/my_custom_interfaces/msg/detail/sensor_status__functions.c.o[0m
[11.343s] [ 16%] [32mBuilding C object CMakeFiles/my_custom_interfaces__rosidl_generator_c.dir/rosidl_generator_c/my_custom_interfaces/msg/detail/sensor_status_stamped__functions.c.o[0m
[13.220s] [ 18%] [32mBuilding C object CMakeFiles/my_custom_interfaces__rosidl_generator_c.dir/rosidl_generator_c/my_custom_interfaces/srv/detail/change_led_color__description.c.o[0m
[14.087s] [ 20%] [32mBuilding C object CMakeFiles/my_custom_interfaces__rosidl_generator_c.dir/rosidl_generator_c/my_custom_interfaces/srv/detail/change_led_color__type_support.c.o[0m
[14.216s] [ 22%] [32mBuilding C object CMakeFiles/my_custom_interfaces__rosidl_generator_c.dir/rosidl_generator_c/my_custom_interfaces/srv/detail/change_led_color__functions.c.o[0m
[15.486s] [ 24%] [32m[1mLinking C shared library libmy_custom_interfaces__rosidl_generator_c.so[0m
[16.969s] [ 24%] Built target my_custom_interfaces__rosidl_generator_c
[18.073s] [ 25%] [34m[1mGenerating C++ type support dispatch for ROS interfaces[0m
[18.128s] [ 27%] [34m[1mGenerating C++ type support for eProsima Fast-RTPS[0m
[18.177s] [ 29%] [34m[1mGenerating C++ introspection for ROS interfaces[0m
[18.275s] [ 31%] [34m[1mGenerating C introspection for ROS interfaces[0m
[18.319s] [ 33%] [34m[1mGenerating C type support for eProsima Fast-RTPS[0m
[18.342s] [ 35%] [34m[1mGenerating C type support dispatch for ROS interfaces[0m
[24.940s] [ 37%] [32mBuilding CXX object CMakeFiles/my_custom_interfaces__rosidl_typesupport_cpp.dir/rosidl_typesupport_cpp/my_custom_interfaces/msg/sensor_status__type_support.cpp.o[0m
[26.145s] [ 38%] [32mBuilding CXX object CMakeFiles/my_custom_interfaces__rosidl_typesupport_c.dir/rosidl_typesupport_c/my_custom_interfaces/msg/sensor_status__type_support.cpp.o[0m
[26.862s] [ 40%] [32mBuilding CXX object CMakeFiles/my_custom_interfaces__rosidl_typesupport_fastrtps_c.dir/rosidl_typesupport_fastrtps_c/my_custom_interfaces/msg/detail/sensor_status__type_support_c.cpp.o[0m
[27.517s] [ 42%] [32mBuilding CXX object CMakeFiles/my_custom_interfaces__rosidl_typesupport_introspection_cpp.dir/rosidl_typesupport_introspection_cpp/my_custom_interfaces/msg/detail/sensor_status__type_support.cpp.o[0m
[28.438s] [ 44%] [32mBuilding C object CMakeFiles/my_custom_interfaces__rosidl_typesupport_introspection_c.dir/rosidl_typesupport_introspection_c/my_custom_interfaces/msg/detail/sensor_status__type_support.c.o[0m
[29.030s] [ 46%] [32mBuilding CXX object CMakeFiles/my_custom_interfaces__rosidl_typesupport_fastrtps_cpp.dir/rosidl_typesupport_fastrtps_cpp/my_custom_interfaces/msg/detail/dds_fastrtps/sensor_status__type_support.cpp.o[0m
[29.119s] [ 48%] [32mBuilding CXX object CMakeFiles/my_custom_interfaces__rosidl_typesupport_c.dir/rosidl_typesupport_c/my_custom_interfaces/msg/sensor_status_stamped__type_support.cpp.o[0m
[30.740s] [ 50%] [32mBuilding C object CMakeFiles/my_custom_interfaces__rosidl_typesupport_introspection_c.dir/rosidl_typesupport_introspection_c/my_custom_interfaces/msg/detail/sensor_status_stamped__type_support.c.o[0m
[30.918s] [ 51%] [32mBuilding CXX object CMakeFiles/my_custom_interfaces__rosidl_typesupport_c.dir/rosidl_typesupport_c/my_custom_interfaces/srv/change_led_color__type_support.cpp.o[0m
[32.554s] [ 53%] [32mBuilding CXX object CMakeFiles/my_custom_interfaces__rosidl_typesupport_cpp.dir/rosidl_typesupport_cpp/my_custom_interfaces/msg/sensor_status_stamped__type_support.cpp.o[0m
[32.683s] [ 55%] [32mBuilding C object CMakeFiles/my_custom_interfaces__rosidl_typesupport_introspection_c.dir/rosidl_typesupport_introspection_c/my_custom_interfaces/srv/detail/change_led_color__type_support.c.o[0m
[32.687s] [ 57%] [32m[1mLinking CXX shared library libmy_custom_interfaces__rosidl_typesupport_c.so[0m
[34.164s] [ 59%] [32mBuilding CXX object CMakeFiles/my_custom_interfaces__rosidl_typesupport_introspection_cpp.dir/rosidl_typesupport_introspection_cpp/my_custom_interfaces/msg/detail/sensor_status_stamped__type_support.cpp.o[0m
[34.655s] [ 61%] [32m[1mLinking C shared library libmy_custom_interfaces__rosidl_typesupport_introspection_c.so[0m
[34.664s] [ 61%] Built target my_custom_interfaces__rosidl_typesupport_c
[36.218s] [ 62%] [32mBuilding CXX object CMakeFiles/my_custom_interfaces__rosidl_typesupport_fastrtps_c.dir/rosidl_typesupport_fastrtps_c/my_custom_interfaces/msg/detail/sensor_status_stamped__type_support_c.cpp.o[0m
[36.834s] [ 64%] [32mBuilding CXX object CMakeFiles/my_custom_interfaces__rosidl_typesupport_fastrtps_cpp.dir/rosidl_typesupport_fastrtps_cpp/my_custom_interfaces/msg/detail/dds_fastrtps/sensor_status_stamped__type_support.cpp.o[0m
[37.024s] [ 64%] Built target my_custom_interfaces__rosidl_typesupport_introspection_c
[38.304s] [ 66%] [32mBuilding CXX object CMakeFiles/my_custom_interfaces__rosidl_typesupport_cpp.dir/rosidl_typesupport_cpp/my_custom_interfaces/srv/change_led_color__type_support.cpp.o[0m
[38.869s] [ 68%] [32mBuilding CXX object CMakeFiles/my_custom_interfaces__rosidl_typesupport_introspection_cpp.dir/rosidl_typesupport_introspection_cpp/my_custom_interfaces/srv/detail/change_led_color__type_support.cpp.o[0m
[40.527s] [ 70%] [32mBuilding CXX object CMakeFiles/my_custom_interfaces__rosidl_typesupport_fastrtps_c.dir/rosidl_typesupport_fastrtps_c/my_custom_interfaces/srv/detail/change_led_color__type_support_c.cpp.o[0m
[40.731s] [ 72%] [32mBuilding CXX object CMakeFiles/my_custom_interfaces__rosidl_typesupport_fastrtps_cpp.dir/rosidl_typesupport_fastrtps_cpp/my_custom_interfaces/srv/detail/dds_fastrtps/change_led_color__type_support.cpp.o[0m
[41.147s] [ 74%] [32m[1mLinking CXX shared library libmy_custom_interfaces__rosidl_typesupport_cpp.so[0m
[41.788s] [ 75%] [32m[1mLinking CXX shared library libmy_custom_interfaces__rosidl_typesupport_introspection_cpp.so[0m
[42.270s] [ 75%] Built target my_custom_interfaces__rosidl_typesupport_cpp
[42.499s] [ 75%] Built target my_custom_interfaces__rosidl_typesupport_introspection_cpp
[42.980s] [ 77%] [32m[1mLinking CXX shared library libmy_custom_interfaces__rosidl_typesupport_fastrtps_c.so[0m
[43.334s] [ 79%] [32m[1mLinking CXX shared library libmy_custom_interfaces__rosidl_typesupport_fastrtps_cpp.so[0m
[43.476s] [ 79%] Built target my_custom_interfaces__rosidl_typesupport_fastrtps_c
[43.736s] [ 79%] Built target my_custom_interfaces__rosidl_typesupport_fastrtps_cpp
[43.828s] [ 79%] Built target my_custom_interfaces
[43.954s] [ 81%] [34m[1mGenerating Python code for ROS interfaces[0m
[45.466s] [ 81%] Built target my_custom_interfaces__py
[45.688s] [ 83%] [32mBuilding C object CMakeFiles/my_custom_interfaces__rosidl_generator_py.dir/rosidl_generator_py/my_custom_interfaces/srv/_change_led_color_s.c.o[0m
[45.694s] [ 85%] [32mBuilding C object CMakeFiles/my_custom_interfaces__rosidl_generator_py.dir/rosidl_generator_py/my_custom_interfaces/msg/_sensor_status_stamped_s.c.o[0m
[45.695s] [ 87%] [32mBuilding C object CMakeFiles/my_custom_interfaces__rosidl_generator_py.dir/rosidl_generator_py/my_custom_interfaces/msg/_sensor_status_s.c.o[0m
[46.402s] [ 88%] [32m[1mLinking C shared library libmy_custom_interfaces__rosidl_generator_py.so[0m
[46.625s] [ 88%] Built target my_custom_interfaces__rosidl_generator_py
[46.997s] [ 90%] [32mBuilding C object CMakeFiles/my_custom_interfaces_s__rosidl_typesupport_fastrtps_c.dir/rosidl_generator_py/my_custom_interfaces/_my_custom_interfaces_s.ep.rosidl_typesupport_fastrtps_c.c.o[0m
[47.000s] [ 92%] [32mBuilding C object CMakeFiles/my_custom_interfaces_s__rosidl_typesupport_c.dir/rosidl_generator_py/my_custom_interfaces/_my_custom_interfaces_s.ep.rosidl_typesupport_c.c.o[0m
[47.003s] [ 94%] [32mBuilding C object CMakeFiles/my_custom_interfaces_s__rosidl_typesupport_introspection_c.dir/rosidl_generator_py/my_custom_interfaces/_my_custom_interfaces_s.ep.rosidl_typesupport_introspection_c.c.o[0m
[47.758s] [ 96%] [32m[1mLinking C shared module rosidl_generator_py/my_custom_interfaces/my_custom_interfaces_s__rosidl_typesupport_c.so[0m
[47.758s] [ 98%] [32m[1mLinking C shared module rosidl_generator_py/my_custom_interfaces/my_custom_interfaces_s__rosidl_typesupport_introspection_c.so[0m
[47.905s] [100%] [32m[1mLinking C shared module rosidl_generator_py/my_custom_interfaces/my_custom_interfaces_s__rosidl_typesupport_fastrtps_c.so[0m
[48.423s] [100%] Built target my_custom_interfaces_s__rosidl_typesupport_introspection_c
[48.500s] [100%] Built target my_custom_interfaces_s__rosidl_typesupport_c
[48.553s] [100%] Built target my_custom_interfaces_s__rosidl_typesupport_fastrtps_c
