[9.258s] Invoking command in '/home/info/ros2_ws/src/move_turtle': DEBUGINFOD_URLS=https://debuginfod.ubuntu.com PYTHONPATH=/home/info/ros2_ws/build/move_turtle/prefix_override:/usr/lib/python3/dist-packages/colcon_core/task/python/colcon_distutils_commands:/home/info/ros2_ws/install/move_turtle/lib/python3.12/site-packages:${PYTHONPATH} /usr/bin/python3 -W ignore:setup.py install is deprecated -W ignore:easy_install command is deprecated setup.py egg_info --egg-base ../../build/move_turtle build --build-base /home/info/ros2_ws/build/move_turtle/build install --record /home/info/ros2_ws/build/move_turtle/install.log --single-version-externally-managed install_data
[10.458s] running egg_info
[10.501s] writing ../../build/move_turtle/move_turtle.egg-info/PKG-INFO
[10.502s] writing dependency_links to ../../build/move_turtle/move_turtle.egg-info/dependency_links.txt
[10.502s] writing entry points to ../../build/move_turtle/move_turtle.egg-info/entry_points.txt
[10.502s] writing requirements to ../../build/move_turtle/move_turtle.egg-info/requires.txt
[10.503s] writing top-level names to ../../build/move_turtle/move_turtle.egg-info/top_level.txt
[10.596s] reading manifest file '../../build/move_turtle/move_turtle.egg-info/SOURCES.txt'
[10.598s] writing manifest file '../../build/move_turtle/move_turtle.egg-info/SOURCES.txt'
[10.598s] running build
[10.599s] running build_py
[10.599s] running install
[10.613s] running install_lib
[10.666s] running install_data
[10.666s] running install_egg_info
[10.713s] removing '/home/info/ros2_ws/install/move_turtle/lib/python3.12/site-packages/move_turtle-0.0.0-py3.12.egg-info' (and everything under it)
[10.714s] Copying ../../build/move_turtle/move_turtle.egg-info to /home/info/ros2_ws/install/move_turtle/lib/python3.12/site-packages/move_turtle-0.0.0-py3.12.egg-info
[10.716s] running install_scripts
[11.338s] Installing my_move_square script to /home/info/ros2_ws/install/move_turtle/lib/move_turtle
[11.338s] writing list of installed files to '/home/info/ros2_ws/build/move_turtle/install.log'
[11.390s] Invoked command in '/home/info/ros2_ws/src/move_turtle' returned '0': DEBUGINFOD_URLS=https://debuginfod.ubuntu.com PYTHONPATH=/home/info/ros2_ws/build/move_turtle/prefix_override:/usr/lib/python3/dist-packages/colcon_core/task/python/colcon_distutils_commands:/home/info/ros2_ws/install/move_turtle/lib/python3.12/site-packages:${PYTHONPATH} /usr/bin/python3 -W ignore:setup.py install is deprecated -W ignore:easy_install command is deprecated setup.py egg_info --egg-base ../../build/move_turtle build --build-base /home/info/ros2_ws/build/move_turtle/build install --record /home/info/ros2_ws/build/move_turtle/install.log --single-version-externally-managed install_data
