[0.175s] Invoking command in '/home/info/ros2_ws/build/my_custom_interfaces': CMAKE_PREFIX_PATH=${CMAKE_PREFIX_PATH}:/home/info/ros2_ws/install/turtle_regulation:/home/info/ros2_ws/install/my_service_pkg:/home/info/ros2_ws/install/my_py_pkg:/home/info/ros2_ws/install/move_turtle:/home/info/ros2_ws/install/move_pose:/opt/ros/jazzy DEBUGINFOD_URLS=https://debuginfod.ubuntu.com /usr/bin/cmake --build /home/info/ros2_ws/build/my_custom_interfaces -- -j6 -l6
[4.339s] [  1%] Built target my_custom_interfaces__rosidl_generator_type_description
[4.340s] [  1%] Built target ament_cmake_python_copy_my_custom_interfaces
[4.340s] [  3%] Built target my_custom_interfaces__cpp
[4.340s] [ 24%] Built target my_custom_interfaces__rosidl_generator_c
[4.341s] [ 33%] Built target my_custom_interfaces__rosidl_typesupport_introspection_c
[4.343s] [ 42%] Built target my_custom_interfaces__rosidl_typesupport_c
[4.343s] [ 51%] Built target my_custom_interfaces__rosidl_typesupport_fastrtps_c
[4.344s] [ 61%] Built target my_custom_interfaces__rosidl_typesupport_fastrtps_cpp
[4.344s] [ 70%] Built target my_custom_interfaces__rosidl_typesupport_cpp
[4.344s] [ 79%] Built target my_custom_interfaces__rosidl_typesupport_introspection_cpp
[4.344s] [ 79%] Built target my_custom_interfaces
[4.345s] running egg_info
[4.401s] writing my_custom_interfaces.egg-info/PKG-INFO
[4.401s] writing dependency_links to my_custom_interfaces.egg-info/dependency_links.txt
[4.402s] writing top-level names to my_custom_interfaces.egg-info/top_level.txt
[4.455s] [ 81%] Built target my_custom_interfaces__py
[4.543s] reading manifest file 'my_custom_interfaces.egg-info/SOURCES.txt'
[4.544s] writing manifest file 'my_custom_interfaces.egg-info/SOURCES.txt'
[4.683s] [ 88%] Built target my_custom_interfaces__rosidl_generator_py
[4.864s] [ 88%] Built target ament_cmake_python_build_my_custom_interfaces_egg
[5.458s] [ 92%] Built target my_custom_interfaces_s__rosidl_typesupport_fastrtps_c
[5.490s] [ 96%] Built target my_custom_interfaces_s__rosidl_typesupport_c
[5.506s] [100%] Built target my_custom_interfaces_s__rosidl_typesupport_introspection_c
[6.088s] Invoked command in '/home/info/ros2_ws/build/my_custom_interfaces' returned '0': CMAKE_PREFIX_PATH=${CMAKE_PREFIX_PATH}:/home/info/ros2_ws/install/turtle_regulation:/home/info/ros2_ws/install/my_service_pkg:/home/info/ros2_ws/install/my_py_pkg:/home/info/ros2_ws/install/move_turtle:/home/info/ros2_ws/install/move_pose:/opt/ros/jazzy DEBUGINFOD_URLS=https://debuginfod.ubuntu.com /usr/bin/cmake --build /home/info/ros2_ws/build/my_custom_interfaces -- -j6 -l6
[6.195s] Invoking command in '/home/info/ros2_ws/build/my_custom_interfaces': CMAKE_PREFIX_PATH=${CMAKE_PREFIX_PATH}:/home/info/ros2_ws/install/turtle_regulation:/home/info/ros2_ws/install/my_service_pkg:/home/info/ros2_ws/install/my_py_pkg:/home/info/ros2_ws/install/move_turtle:/home/info/ros2_ws/install/move_pose:/opt/ros/jazzy DEBUGINFOD_URLS=https://debuginfod.ubuntu.com /usr/bin/cmake --install /home/info/ros2_ws/build/my_custom_interfaces
[6.535s] -- Install configuration: ""
[6.536s] -- Up-to-date: /home/info/ros2_ws/install/my_custom_interfaces/share/ament_index/resource_index/rosidl_interfaces/my_custom_interfaces
[6.536s] -- Up-to-date: /home/info/ros2_ws/install/my_custom_interfaces/share/my_custom_interfaces/msg/SensorStatus.json
[6.536s] -- Up-to-date: /home/info/ros2_ws/install/my_custom_interfaces/share/my_custom_interfaces/msg/SensorStatusStamped.json
[6.537s] -- Up-to-date: /home/info/ros2_ws/install/my_custom_interfaces/share/my_custom_interfaces/srv/ChangeLedColor.json
[6.537s] -- Up-to-date: /home/info/ros2_ws/install/my_custom_interfaces/include/my_custom_interfaces/my_custom_interfaces
[6.538s] -- Up-to-date: /home/info/ros2_ws/install/my_custom_interfaces/include/my_custom_interfaces/my_custom_interfaces/srv
[6.538s] -- Up-to-date: /home/info/ros2_ws/install/my_custom_interfaces/include/my_custom_interfaces/my_custom_interfaces/srv/detail
[6.539s] -- Up-to-date: /home/info/ros2_ws/install/my_custom_interfaces/include/my_custom_interfaces/my_custom_interfaces/srv/detail/change_led_color__functions.c
[6.539s] -- Up-to-date: /home/info/ros2_ws/install/my_custom_interfaces/include/my_custom_interfaces/my_custom_interfaces/srv/detail/change_led_color__type_support.h
[6.539s] -- Installing: /home/info/ros2_ws/install/my_custom_interfaces/include/my_custom_interfaces/my_custom_interfaces/srv/detail/change_led_color__type_support.c
[6.540s] -- Up-to-date: /home/info/ros2_ws/install/my_custom_interfaces/include/my_custom_interfaces/my_custom_interfaces/srv/detail/change_led_color__description.c
[6.541s] -- Up-to-date: /home/info/ros2_ws/install/my_custom_interfaces/include/my_custom_interfaces/my_custom_interfaces/srv/detail/change_led_color__functions.h
[6.541s] -- Up-to-date: /home/info/ros2_ws/install/my_custom_interfaces/include/my_custom_interfaces/my_custom_interfaces/srv/detail/change_led_color__struct.h
[6.541s] -- Up-to-date: /home/info/ros2_ws/install/my_custom_interfaces/include/my_custom_interfaces/my_custom_interfaces/srv/change_led_color.h
[6.541s] -- Up-to-date: /home/info/ros2_ws/install/my_custom_interfaces/include/my_custom_interfaces/my_custom_interfaces/msg
[6.542s] -- Up-to-date: /home/info/ros2_ws/install/my_custom_interfaces/include/my_custom_interfaces/my_custom_interfaces/msg/sensor_status_stamped.h
[6.542s] -- Up-to-date: /home/info/ros2_ws/install/my_custom_interfaces/include/my_custom_interfaces/my_custom_interfaces/msg/detail
[6.542s] -- Up-to-date: /home/info/ros2_ws/install/my_custom_interfaces/include/my_custom_interfaces/my_custom_interfaces/msg/detail/sensor_status_stamped__functions.h
[6.542s] -- Up-to-date: /home/info/ros2_ws/install/my_custom_interfaces/include/my_custom_interfaces/my_custom_interfaces/msg/detail/sensor_status_stamped__functions.c
[6.543s] -- Installing: /home/info/ros2_ws/install/my_custom_interfaces/include/my_custom_interfaces/my_custom_interfaces/msg/detail/sensor_status__type_support.c
[6.543s] -- Up-to-date: /home/info/ros2_ws/install/my_custom_interfaces/include/my_custom_interfaces/my_custom_interfaces/msg/detail/sensor_status_stamped__description.c
[6.543s] -- Up-to-date: /home/info/ros2_ws/install/my_custom_interfaces/include/my_custom_interfaces/my_custom_interfaces/msg/detail/sensor_status__struct.h
[6.543s] -- Up-to-date: /home/info/ros2_ws/install/my_custom_interfaces/include/my_custom_interfaces/my_custom_interfaces/msg/detail/sensor_status__description.c
[6.544s] -- Up-to-date: /home/info/ros2_ws/install/my_custom_interfaces/include/my_custom_interfaces/my_custom_interfaces/msg/detail/sensor_status__functions.c
[6.544s] -- Up-to-date: /home/info/ros2_ws/install/my_custom_interfaces/include/my_custom_interfaces/my_custom_interfaces/msg/detail/sensor_status_stamped__type_support.h
[6.545s] -- Installing: /home/info/ros2_ws/install/my_custom_interfaces/include/my_custom_interfaces/my_custom_interfaces/msg/detail/sensor_status_stamped__type_support.c
[6.545s] -- Up-to-date: /home/info/ros2_ws/install/my_custom_interfaces/include/my_custom_interfaces/my_custom_interfaces/msg/detail/sensor_status_stamped__struct.h
[6.545s] -- Up-to-date: /home/info/ros2_ws/install/my_custom_interfaces/include/my_custom_interfaces/my_custom_interfaces/msg/detail/sensor_status__functions.h
[6.546s] -- Up-to-date: /home/info/ros2_ws/install/my_custom_interfaces/include/my_custom_interfaces/my_custom_interfaces/msg/detail/sensor_status__type_support.h
[6.546s] -- Up-to-date: /home/info/ros2_ws/install/my_custom_interfaces/include/my_custom_interfaces/my_custom_interfaces/msg/rosidl_generator_c__visibility_control.h
[6.546s] -- Up-to-date: /home/info/ros2_ws/install/my_custom_interfaces/include/my_custom_interfaces/my_custom_interfaces/msg/sensor_status.h
[6.546s] -- Up-to-date: /home/info/ros2_ws/install/my_custom_interfaces/share/my_custom_interfaces/environment/library_path.sh
[6.547s] -- Up-to-date: /home/info/ros2_ws/install/my_custom_interfaces/share/my_custom_interfaces/environment/library_path.dsv
[6.548s] -- Up-to-date: /home/info/ros2_ws/install/my_custom_interfaces/lib/libmy_custom_interfaces__rosidl_generator_c.so
[6.549s] -- Up-to-date: /home/info/ros2_ws/install/my_custom_interfaces/include/my_custom_interfaces/my_custom_interfaces
[6.554s] -- Up-to-date: /home/info/ros2_ws/install/my_custom_interfaces/include/my_custom_interfaces/my_custom_interfaces/srv
[6.554s] -- Up-to-date: /home/info/ros2_ws/install/my_custom_interfaces/include/my_custom_interfaces/my_custom_interfaces/srv/detail
[6.554s] -- Up-to-date: /home/info/ros2_ws/install/my_custom_interfaces/include/my_custom_interfaces/my_custom_interfaces/srv/detail/change_led_color__rosidl_typesupport_fastrtps_c.h
[6.554s] -- Up-to-date: /home/info/ros2_ws/install/my_custom_interfaces/include/my_custom_interfaces/my_custom_interfaces/msg
[6.554s] -- Up-to-date: /home/info/ros2_ws/install/my_custom_interfaces/include/my_custom_interfaces/my_custom_interfaces/msg/rosidl_typesupport_fastrtps_c__visibility_control.h
[6.555s] -- Up-to-date: /home/info/ros2_ws/install/my_custom_interfaces/include/my_custom_interfaces/my_custom_interfaces/msg/detail
[6.560s] -- Up-to-date: /home/info/ros2_ws/install/my_custom_interfaces/include/my_custom_interfaces/my_custom_interfaces/msg/detail/sensor_status__rosidl_typesupport_fastrtps_c.h
[6.560s] -- Up-to-date: /home/info/ros2_ws/install/my_custom_interfaces/include/my_custom_interfaces/my_custom_interfaces/msg/detail/sensor_status_stamped__rosidl_typesupport_fastrtps_c.h
[6.572s] -- Up-to-date: /home/info/ros2_ws/install/my_custom_interfaces/lib/libmy_custom_interfaces__rosidl_typesupport_fastrtps_c.so
[6.581s] -- Up-to-date: /home/info/ros2_ws/install/my_custom_interfaces/include/my_custom_interfaces/my_custom_interfaces
[6.582s] -- Up-to-date: /home/info/ros2_ws/install/my_custom_interfaces/include/my_custom_interfaces/my_custom_interfaces/srv
[6.584s] -- Up-to-date: /home/info/ros2_ws/install/my_custom_interfaces/include/my_custom_interfaces/my_custom_interfaces/srv/detail
[6.585s] -- Up-to-date: /home/info/ros2_ws/install/my_custom_interfaces/include/my_custom_interfaces/my_custom_interfaces/srv/detail/change_led_color__rosidl_typesupport_introspection_c.h
[6.585s] -- Installing: /home/info/ros2_ws/install/my_custom_interfaces/include/my_custom_interfaces/my_custom_interfaces/srv/detail/change_led_color__type_support.c
[6.585s] -- Up-to-date: /home/info/ros2_ws/install/my_custom_interfaces/include/my_custom_interfaces/my_custom_interfaces/msg
[6.586s] -- Up-to-date: /home/info/ros2_ws/install/my_custom_interfaces/include/my_custom_interfaces/my_custom_interfaces/msg/rosidl_typesupport_introspection_c__visibility_control.h
[6.586s] -- Up-to-date: /home/info/ros2_ws/install/my_custom_interfaces/include/my_custom_interfaces/my_custom_interfaces/msg/detail
[6.586s] -- Installing: /home/info/ros2_ws/install/my_custom_interfaces/include/my_custom_interfaces/my_custom_interfaces/msg/detail/sensor_status__type_support.c
[6.587s] -- Up-to-date: /home/info/ros2_ws/install/my_custom_interfaces/include/my_custom_interfaces/my_custom_interfaces/msg/detail/sensor_status_stamped__rosidl_typesupport_introspection_c.h
[6.587s] -- Up-to-date: /home/info/ros2_ws/install/my_custom_interfaces/include/my_custom_interfaces/my_custom_interfaces/msg/detail/sensor_status__rosidl_typesupport_introspection_c.h
[6.587s] -- Installing: /home/info/ros2_ws/install/my_custom_interfaces/include/my_custom_interfaces/my_custom_interfaces/msg/detail/sensor_status_stamped__type_support.c
[6.589s] -- Up-to-date: /home/info/ros2_ws/install/my_custom_interfaces/lib/libmy_custom_interfaces__rosidl_typesupport_introspection_c.so
[6.594s] -- Up-to-date: /home/info/ros2_ws/install/my_custom_interfaces/lib/libmy_custom_interfaces__rosidl_typesupport_c.so
[6.596s] -- Up-to-date: /home/info/ros2_ws/install/my_custom_interfaces/include/my_custom_interfaces/my_custom_interfaces
[6.596s] -- Up-to-date: /home/info/ros2_ws/install/my_custom_interfaces/include/my_custom_interfaces/my_custom_interfaces/srv
[6.596s] -- Up-to-date: /home/info/ros2_ws/install/my_custom_interfaces/include/my_custom_interfaces/my_custom_interfaces/srv/change_led_color.hpp
[6.596s] -- Up-to-date: /home/info/ros2_ws/install/my_custom_interfaces/include/my_custom_interfaces/my_custom_interfaces/srv/detail
[6.597s] -- Up-to-date: /home/info/ros2_ws/install/my_custom_interfaces/include/my_custom_interfaces/my_custom_interfaces/srv/detail/change_led_color__builder.hpp
[6.597s] -- Up-to-date: /home/info/ros2_ws/install/my_custom_interfaces/include/my_custom_interfaces/my_custom_interfaces/srv/detail/change_led_color__struct.hpp
[6.598s] -- Up-to-date: /home/info/ros2_ws/install/my_custom_interfaces/include/my_custom_interfaces/my_custom_interfaces/srv/detail/change_led_color__traits.hpp
[6.598s] -- Up-to-date: /home/info/ros2_ws/install/my_custom_interfaces/include/my_custom_interfaces/my_custom_interfaces/srv/detail/change_led_color__type_support.hpp
[6.598s] -- Up-to-date: /home/info/ros2_ws/install/my_custom_interfaces/include/my_custom_interfaces/my_custom_interfaces/msg
[6.599s] -- Up-to-date: /home/info/ros2_ws/install/my_custom_interfaces/include/my_custom_interfaces/my_custom_interfaces/msg/sensor_status.hpp
[6.599s] -- Up-to-date: /home/info/ros2_ws/install/my_custom_interfaces/include/my_custom_interfaces/my_custom_interfaces/msg/detail
[6.599s] -- Up-to-date: /home/info/ros2_ws/install/my_custom_interfaces/include/my_custom_interfaces/my_custom_interfaces/msg/detail/sensor_status_stamped__struct.hpp
[6.599s] -- Up-to-date: /home/info/ros2_ws/install/my_custom_interfaces/include/my_custom_interfaces/my_custom_interfaces/msg/detail/sensor_status__type_support.hpp
[6.600s] -- Up-to-date: /home/info/ros2_ws/install/my_custom_interfaces/include/my_custom_interfaces/my_custom_interfaces/msg/detail/sensor_status__traits.hpp
[6.600s] -- Up-to-date: /home/info/ros2_ws/install/my_custom_interfaces/include/my_custom_interfaces/my_custom_interfaces/msg/detail/sensor_status_stamped__traits.hpp
[6.600s] -- Up-to-date: /home/info/ros2_ws/install/my_custom_interfaces/include/my_custom_interfaces/my_custom_interfaces/msg/detail/sensor_status__builder.hpp
[6.601s] -- Up-to-date: /home/info/ros2_ws/install/my_custom_interfaces/include/my_custom_interfaces/my_custom_interfaces/msg/detail/sensor_status_stamped__type_support.hpp
[6.601s] -- Up-to-date: /home/info/ros2_ws/install/my_custom_interfaces/include/my_custom_interfaces/my_custom_interfaces/msg/detail/sensor_status__struct.hpp
[6.601s] -- Up-to-date: /home/info/ros2_ws/install/my_custom_interfaces/include/my_custom_interfaces/my_custom_interfaces/msg/detail/sensor_status_stamped__builder.hpp
[6.602s] -- Up-to-date: /home/info/ros2_ws/install/my_custom_interfaces/include/my_custom_interfaces/my_custom_interfaces/msg/rosidl_generator_cpp__visibility_control.hpp
[6.602s] -- Up-to-date: /home/info/ros2_ws/install/my_custom_interfaces/include/my_custom_interfaces/my_custom_interfaces/msg/sensor_status_stamped.hpp
[6.602s] -- Up-to-date: /home/info/ros2_ws/install/my_custom_interfaces/include/my_custom_interfaces/my_custom_interfaces
[6.602s] -- Up-to-date: /home/info/ros2_ws/install/my_custom_interfaces/include/my_custom_interfaces/my_custom_interfaces/srv
[6.603s] -- Up-to-date: /home/info/ros2_ws/install/my_custom_interfaces/include/my_custom_interfaces/my_custom_interfaces/srv/detail
[6.603s] -- Up-to-date: /home/info/ros2_ws/install/my_custom_interfaces/include/my_custom_interfaces/my_custom_interfaces/srv/detail/dds_fastrtps
[6.603s] -- Up-to-date: /home/info/ros2_ws/install/my_custom_interfaces/include/my_custom_interfaces/my_custom_interfaces/srv/detail/change_led_color__rosidl_typesupport_fastrtps_cpp.hpp
[6.603s] -- Up-to-date: /home/info/ros2_ws/install/my_custom_interfaces/include/my_custom_interfaces/my_custom_interfaces/msg
[6.604s] -- Up-to-date: /home/info/ros2_ws/install/my_custom_interfaces/include/my_custom_interfaces/my_custom_interfaces/msg/rosidl_typesupport_fastrtps_cpp__visibility_control.h
[6.604s] -- Up-to-date: /home/info/ros2_ws/install/my_custom_interfaces/include/my_custom_interfaces/my_custom_interfaces/msg/detail
[6.604s] -- Up-to-date: /home/info/ros2_ws/install/my_custom_interfaces/include/my_custom_interfaces/my_custom_interfaces/msg/detail/dds_fastrtps
[6.604s] -- Up-to-date: /home/info/ros2_ws/install/my_custom_interfaces/include/my_custom_interfaces/my_custom_interfaces/msg/detail/sensor_status_stamped__rosidl_typesupport_fastrtps_cpp.hpp
[6.604s] -- Up-to-date: /home/info/ros2_ws/install/my_custom_interfaces/include/my_custom_interfaces/my_custom_interfaces/msg/detail/sensor_status__rosidl_typesupport_fastrtps_cpp.hpp
[6.605s] -- Up-to-date: /home/info/ros2_ws/install/my_custom_interfaces/lib/libmy_custom_interfaces__rosidl_typesupport_fastrtps_cpp.so
[6.607s] -- Up-to-date: /home/info/ros2_ws/install/my_custom_interfaces/include/my_custom_interfaces/my_custom_interfaces
[6.608s] -- Up-to-date: /home/info/ros2_ws/install/my_custom_interfaces/include/my_custom_interfaces/my_custom_interfaces/srv
[6.608s] -- Up-to-date: /home/info/ros2_ws/install/my_custom_interfaces/include/my_custom_interfaces/my_custom_interfaces/srv/detail
[6.608s] -- Up-to-date: /home/info/ros2_ws/install/my_custom_interfaces/include/my_custom_interfaces/my_custom_interfaces/srv/detail/change_led_color__rosidl_typesupport_introspection_cpp.hpp
[6.609s] -- Up-to-date: /home/info/ros2_ws/install/my_custom_interfaces/include/my_custom_interfaces/my_custom_interfaces/srv/detail/change_led_color__type_support.cpp
[6.609s] -- Up-to-date: /home/info/ros2_ws/install/my_custom_interfaces/include/my_custom_interfaces/my_custom_interfaces/msg
[6.610s] -- Up-to-date: /home/info/ros2_ws/install/my_custom_interfaces/include/my_custom_interfaces/my_custom_interfaces/msg/detail
[6.610s] -- Up-to-date: /home/info/ros2_ws/install/my_custom_interfaces/include/my_custom_interfaces/my_custom_interfaces/msg/detail/sensor_status__type_support.cpp
[6.610s] -- Up-to-date: /home/info/ros2_ws/install/my_custom_interfaces/include/my_custom_interfaces/my_custom_interfaces/msg/detail/sensor_status_stamped__rosidl_typesupport_introspection_cpp.hpp
[6.610s] -- Up-to-date: /home/info/ros2_ws/install/my_custom_interfaces/include/my_custom_interfaces/my_custom_interfaces/msg/detail/sensor_status__rosidl_typesupport_introspection_cpp.hpp
[6.611s] -- Up-to-date: /home/info/ros2_ws/install/my_custom_interfaces/include/my_custom_interfaces/my_custom_interfaces/msg/detail/sensor_status_stamped__type_support.cpp
[6.612s] -- Up-to-date: /home/info/ros2_ws/install/my_custom_interfaces/lib/libmy_custom_interfaces__rosidl_typesupport_introspection_cpp.so
[6.617s] -- Up-to-date: /home/info/ros2_ws/install/my_custom_interfaces/lib/libmy_custom_interfaces__rosidl_typesupport_cpp.so
[6.619s] -- Up-to-date: /home/info/ros2_ws/install/my_custom_interfaces/share/my_custom_interfaces/environment/pythonpath.sh
[6.620s] -- Up-to-date: /home/info/ros2_ws/install/my_custom_interfaces/share/my_custom_interfaces/environment/pythonpath.dsv
[6.620s] -- Up-to-date: /home/info/ros2_ws/install/my_custom_interfaces/lib/python3.12/site-packages/my_custom_interfaces-0.0.0-py3.12.egg-info
[6.620s] -- Installing: /home/info/ros2_ws/install/my_custom_interfaces/lib/python3.12/site-packages/my_custom_interfaces-0.0.0-py3.12.egg-info/top_level.txt
[6.620s] -- Installing: /home/info/ros2_ws/install/my_custom_interfaces/lib/python3.12/site-packages/my_custom_interfaces-0.0.0-py3.12.egg-info/dependency_links.txt
[6.621s] -- Installing: /home/info/ros2_ws/install/my_custom_interfaces/lib/python3.12/site-packages/my_custom_interfaces-0.0.0-py3.12.egg-info/SOURCES.txt
[6.622s] -- Installing: /home/info/ros2_ws/install/my_custom_interfaces/lib/python3.12/site-packages/my_custom_interfaces-0.0.0-py3.12.egg-info/PKG-INFO
[6.622s] -- Up-to-date: /home/info/ros2_ws/install/my_custom_interfaces/lib/python3.12/site-packages/my_custom_interfaces
[6.623s] -- Up-to-date: /home/info/ros2_ws/install/my_custom_interfaces/lib/python3.12/site-packages/my_custom_interfaces/_my_custom_interfaces_s.ep.rosidl_typesupport_c.c
[6.624s] -- Up-to-date: /home/info/ros2_ws/install/my_custom_interfaces/lib/python3.12/site-packages/my_custom_interfaces/srv
[6.624s] -- Up-to-date: /home/info/ros2_ws/install/my_custom_interfaces/lib/python3.12/site-packages/my_custom_interfaces/srv/_change_led_color_s.c
[6.624s] -- Up-to-date: /home/info/ros2_ws/install/my_custom_interfaces/lib/python3.12/site-packages/my_custom_interfaces/srv/__init__.py
[6.625s] -- Up-to-date: /home/info/ros2_ws/install/my_custom_interfaces/lib/python3.12/site-packages/my_custom_interfaces/srv/_change_led_color.py
[6.625s] -- Up-to-date: /home/info/ros2_ws/install/my_custom_interfaces/lib/python3.12/site-packages/my_custom_interfaces/msg
[6.625s] -- Up-to-date: /home/info/ros2_ws/install/my_custom_interfaces/lib/python3.12/site-packages/my_custom_interfaces/msg/_sensor_status.py
[6.626s] -- Up-to-date: /home/info/ros2_ws/install/my_custom_interfaces/lib/python3.12/site-packages/my_custom_interfaces/msg/_sensor_status_stamped.py
[6.626s] -- Up-to-date: /home/info/ros2_ws/install/my_custom_interfaces/lib/python3.12/site-packages/my_custom_interfaces/msg/_sensor_status_stamped_s.c
[6.627s] -- Up-to-date: /home/info/ros2_ws/install/my_custom_interfaces/lib/python3.12/site-packages/my_custom_interfaces/msg/_sensor_status_s.c
[6.627s] -- Up-to-date: /home/info/ros2_ws/install/my_custom_interfaces/lib/python3.12/site-packages/my_custom_interfaces/msg/__init__.py
[6.627s] -- Up-to-date: /home/info/ros2_ws/install/my_custom_interfaces/lib/python3.12/site-packages/my_custom_interfaces/_my_custom_interfaces_s.ep.rosidl_typesupport_introspection_c.c
[6.627s] -- Up-to-date: /home/info/ros2_ws/install/my_custom_interfaces/lib/python3.12/site-packages/my_custom_interfaces/__init__.py
[6.628s] -- Up-to-date: /home/info/ros2_ws/install/my_custom_interfaces/lib/python3.12/site-packages/my_custom_interfaces/my_custom_interfaces_s__rosidl_typesupport_introspection_c.so
[6.628s] -- Up-to-date: /home/info/ros2_ws/install/my_custom_interfaces/lib/python3.12/site-packages/my_custom_interfaces/my_custom_interfaces_s__rosidl_typesupport_c.so
[6.628s] -- Up-to-date: /home/info/ros2_ws/install/my_custom_interfaces/lib/python3.12/site-packages/my_custom_interfaces/_my_custom_interfaces_s.ep.rosidl_typesupport_fastrtps_c.c
[6.628s] -- Up-to-date: /home/info/ros2_ws/install/my_custom_interfaces/lib/python3.12/site-packages/my_custom_interfaces/my_custom_interfaces_s__rosidl_typesupport_fastrtps_c.so
[6.828s] Listing '/home/info/ros2_ws/install/my_custom_interfaces/lib/python3.12/site-packages/my_custom_interfaces'...
[6.828s] Listing '/home/info/ros2_ws/install/my_custom_interfaces/lib/python3.12/site-packages/my_custom_interfaces/msg'...
[6.829s] Listing '/home/info/ros2_ws/install/my_custom_interfaces/lib/python3.12/site-packages/my_custom_interfaces/srv'...
[6.846s] -- Up-to-date: /home/info/ros2_ws/install/my_custom_interfaces/lib/python3.12/site-packages/my_custom_interfaces/my_custom_interfaces_s__rosidl_typesupport_fastrtps_c.so
[6.846s] -- Up-to-date: /home/info/ros2_ws/install/my_custom_interfaces/lib/python3.12/site-packages/my_custom_interfaces/my_custom_interfaces_s__rosidl_typesupport_introspection_c.so
[6.848s] -- Up-to-date: /home/info/ros2_ws/install/my_custom_interfaces/lib/python3.12/site-packages/my_custom_interfaces/my_custom_interfaces_s__rosidl_typesupport_c.so
[6.851s] -- Up-to-date: /home/info/ros2_ws/install/my_custom_interfaces/lib/libmy_custom_interfaces__rosidl_generator_py.so
[6.862s] -- Up-to-date: /home/info/ros2_ws/install/my_custom_interfaces/share/my_custom_interfaces/msg/SensorStatus.idl
[6.865s] -- Up-to-date: /home/info/ros2_ws/install/my_custom_interfaces/share/my_custom_interfaces/msg/SensorStatusStamped.idl
[6.865s] -- Up-to-date: /home/info/ros2_ws/install/my_custom_interfaces/share/my_custom_interfaces/srv/ChangeLedColor.idl
[6.865s] -- Up-to-date: /home/info/ros2_ws/install/my_custom_interfaces/share/my_custom_interfaces/msg/SensorStatus.msg
[6.868s] -- Up-to-date: /home/info/ros2_ws/install/my_custom_interfaces/share/my_custom_interfaces/msg/SensorStatusStamped.msg
[6.868s] -- Up-to-date: /home/info/ros2_ws/install/my_custom_interfaces/share/my_custom_interfaces/srv/ChangeLedColor.srv
[6.872s] -- Up-to-date: /home/info/ros2_ws/install/my_custom_interfaces/share/ament_index/resource_index/package_run_dependencies/my_custom_interfaces
[6.872s] -- Up-to-date: /home/info/ros2_ws/install/my_custom_interfaces/share/ament_index/resource_index/parent_prefix_path/my_custom_interfaces
[6.872s] -- Up-to-date: /home/info/ros2_ws/install/my_custom_interfaces/share/my_custom_interfaces/environment/ament_prefix_path.sh
[6.873s] -- Up-to-date: /home/info/ros2_ws/install/my_custom_interfaces/share/my_custom_interfaces/environment/ament_prefix_path.dsv
[6.874s] -- Up-to-date: /home/info/ros2_ws/install/my_custom_interfaces/share/my_custom_interfaces/environment/path.sh
[6.875s] -- Up-to-date: /home/info/ros2_ws/install/my_custom_interfaces/share/my_custom_interfaces/environment/path.dsv
[6.877s] -- Up-to-date: /home/info/ros2_ws/install/my_custom_interfaces/share/my_custom_interfaces/local_setup.bash
[6.878s] -- Up-to-date: /home/info/ros2_ws/install/my_custom_interfaces/share/my_custom_interfaces/local_setup.sh
[6.878s] -- Up-to-date: /home/info/ros2_ws/install/my_custom_interfaces/share/my_custom_interfaces/local_setup.zsh
[6.878s] -- Up-to-date: /home/info/ros2_ws/install/my_custom_interfaces/share/my_custom_interfaces/local_setup.dsv
[6.878s] -- Installing: /home/info/ros2_ws/install/my_custom_interfaces/share/my_custom_interfaces/package.dsv
[6.879s] -- Up-to-date: /home/info/ros2_ws/install/my_custom_interfaces/share/ament_index/resource_index/packages/my_custom_interfaces
[6.879s] -- Up-to-date: /home/info/ros2_ws/install/my_custom_interfaces/share/my_custom_interfaces/cmake/export_my_custom_interfaces__rosidl_generator_cExport.cmake
[6.879s] -- Up-to-date: /home/info/ros2_ws/install/my_custom_interfaces/share/my_custom_interfaces/cmake/export_my_custom_interfaces__rosidl_generator_cExport-noconfig.cmake
[6.881s] -- Up-to-date: /home/info/ros2_ws/install/my_custom_interfaces/share/my_custom_interfaces/cmake/export_my_custom_interfaces__rosidl_typesupport_fastrtps_cExport.cmake
[6.881s] -- Up-to-date: /home/info/ros2_ws/install/my_custom_interfaces/share/my_custom_interfaces/cmake/export_my_custom_interfaces__rosidl_typesupport_fastrtps_cExport-noconfig.cmake
[6.881s] -- Up-to-date: /home/info/ros2_ws/install/my_custom_interfaces/share/my_custom_interfaces/cmake/my_custom_interfaces__rosidl_typesupport_introspection_cExport.cmake
[6.881s] -- Up-to-date: /home/info/ros2_ws/install/my_custom_interfaces/share/my_custom_interfaces/cmake/my_custom_interfaces__rosidl_typesupport_introspection_cExport-noconfig.cmake
[6.881s] -- Up-to-date: /home/info/ros2_ws/install/my_custom_interfaces/share/my_custom_interfaces/cmake/my_custom_interfaces__rosidl_typesupport_cExport.cmake
[6.881s] -- Up-to-date: /home/info/ros2_ws/install/my_custom_interfaces/share/my_custom_interfaces/cmake/my_custom_interfaces__rosidl_typesupport_cExport-noconfig.cmake
[6.882s] -- Up-to-date: /home/info/ros2_ws/install/my_custom_interfaces/share/my_custom_interfaces/cmake/export_my_custom_interfaces__rosidl_generator_cppExport.cmake
[6.882s] -- Up-to-date: /home/info/ros2_ws/install/my_custom_interfaces/share/my_custom_interfaces/cmake/export_my_custom_interfaces__rosidl_typesupport_fastrtps_cppExport.cmake
[6.882s] -- Up-to-date: /home/info/ros2_ws/install/my_custom_interfaces/share/my_custom_interfaces/cmake/export_my_custom_interfaces__rosidl_typesupport_fastrtps_cppExport-noconfig.cmake
[6.886s] -- Up-to-date: /home/info/ros2_ws/install/my_custom_interfaces/share/my_custom_interfaces/cmake/my_custom_interfaces__rosidl_typesupport_introspection_cppExport.cmake
[6.886s] -- Up-to-date: /home/info/ros2_ws/install/my_custom_interfaces/share/my_custom_interfaces/cmake/my_custom_interfaces__rosidl_typesupport_introspection_cppExport-noconfig.cmake
[6.886s] -- Up-to-date: /home/info/ros2_ws/install/my_custom_interfaces/share/my_custom_interfaces/cmake/my_custom_interfaces__rosidl_typesupport_cppExport.cmake
[6.886s] -- Up-to-date: /home/info/ros2_ws/install/my_custom_interfaces/share/my_custom_interfaces/cmake/my_custom_interfaces__rosidl_typesupport_cppExport-noconfig.cmake
[6.887s] -- Up-to-date: /home/info/ros2_ws/install/my_custom_interfaces/share/my_custom_interfaces/cmake/export_my_custom_interfaces__rosidl_generator_pyExport.cmake
[6.890s] -- Up-to-date: /home/info/ros2_ws/install/my_custom_interfaces/share/my_custom_interfaces/cmake/export_my_custom_interfaces__rosidl_generator_pyExport-noconfig.cmake
[6.890s] -- Up-to-date: /home/info/ros2_ws/install/my_custom_interfaces/share/my_custom_interfaces/cmake/rosidl_cmake-extras.cmake
[6.890s] -- Up-to-date: /home/info/ros2_ws/install/my_custom_interfaces/share/my_custom_interfaces/cmake/ament_cmake_export_dependencies-extras.cmake
[6.890s] -- Up-to-date: /home/info/ros2_ws/install/my_custom_interfaces/share/my_custom_interfaces/cmake/ament_cmake_export_include_directories-extras.cmake
[6.890s] -- Up-to-date: /home/info/ros2_ws/install/my_custom_interfaces/share/my_custom_interfaces/cmake/ament_cmake_export_libraries-extras.cmake
[6.891s] -- Up-to-date: /home/info/ros2_ws/install/my_custom_interfaces/share/my_custom_interfaces/cmake/ament_cmake_export_targets-extras.cmake
[6.891s] -- Up-to-date: /home/info/ros2_ws/install/my_custom_interfaces/share/my_custom_interfaces/cmake/rosidl_cmake_export_typesupport_targets-extras.cmake
[6.891s] -- Up-to-date: /home/info/ros2_ws/install/my_custom_interfaces/share/my_custom_interfaces/cmake/rosidl_cmake_export_typesupport_libraries-extras.cmake
[6.891s] -- Up-to-date: /home/info/ros2_ws/install/my_custom_interfaces/share/my_custom_interfaces/cmake/my_custom_interfacesConfig.cmake
[6.891s] -- Up-to-date: /home/info/ros2_ws/install/my_custom_interfaces/share/my_custom_interfaces/cmake/my_custom_interfacesConfig-version.cmake
[6.892s] -- Up-to-date: /home/info/ros2_ws/install/my_custom_interfaces/share/my_custom_interfaces/package.xml
[6.909s] Invoked command in '/home/info/ros2_ws/build/my_custom_interfaces' returned '0': CMAKE_PREFIX_PATH=${CMAKE_PREFIX_PATH}:/home/info/ros2_ws/install/turtle_regulation:/home/info/ros2_ws/install/my_service_pkg:/home/info/ros2_ws/install/my_py_pkg:/home/info/ros2_ws/install/move_turtle:/home/info/ros2_ws/install/move_pose:/opt/ros/jazzy DEBUGINFOD_URLS=https://debuginfod.ubuntu.com /usr/bin/cmake --install /home/info/ros2_ws/build/my_custom_interfaces
