[0.166s] Invoking command in '/home/info/ros2_ws/build/my_custom_interfaces': CMAKE_PREFIX_PATH=${CMAKE_PREFIX_PATH}:/home/info/ros2_ws/install/turtle_regulation:/home/info/ros2_ws/install/my_service_pkg:/home/info/ros2_ws/install/my_py_pkg:/home/info/ros2_ws/install/move_turtle:/home/info/ros2_ws/install/move_pose:/opt/ros/jazzy DEBUGINFOD_URLS=https://debuginfod.ubuntu.com /usr/bin/cmake --build /home/info/ros2_ws/build/my_custom_interfaces -- -j6 -l6
[5.278s] [  1%] Built target my_custom_interfaces__rosidl_generator_type_description
[5.278s] [  1%] Built target ament_cmake_python_copy_my_custom_interfaces
[5.279s] [  3%] Built target my_custom_interfaces__cpp
[5.279s] [ 24%] Built target my_custom_interfaces__rosidl_generator_c
[5.284s] [ 33%] Built target my_custom_interfaces__rosidl_typesupport_introspection_cpp
[5.284s] [ 42%] Built target my_custom_interfaces__rosidl_typesupport_c
[5.284s] [ 51%] Built target my_custom_interfaces__rosidl_typesupport_introspection_c
[5.285s] [ 61%] Built target my_custom_interfaces__rosidl_typesupport_cpp
[5.285s] [ 70%] Built target my_custom_interfaces__rosidl_typesupport_fastrtps_c
[5.285s] [ 79%] Built target my_custom_interfaces__rosidl_typesupport_fastrtps_cpp
[5.286s] [ 79%] Built target my_custom_interfaces
[5.286s] running egg_info
[5.286s] writing my_custom_interfaces.egg-info/PKG-INFO
[5.294s] writing dependency_links to my_custom_interfaces.egg-info/dependency_links.txt
[5.295s] writing top-level names to my_custom_interfaces.egg-info/top_level.txt
[5.296s] [ 81%] Built target my_custom_interfaces__py
[5.296s] reading manifest file 'my_custom_interfaces.egg-info/SOURCES.txt'
[5.297s] writing manifest file 'my_custom_interfaces.egg-info/SOURCES.txt'
[5.297s] [ 81%] Built target ament_cmake_python_build_my_custom_interfaces_egg
[5.297s] [ 88%] Built target my_custom_interfaces__rosidl_generator_py
[5.298s] [ 92%] Built target my_custom_interfaces_s__rosidl_typesupport_fastrtps_c
[5.298s] [ 96%] Built target my_custom_interfaces_s__rosidl_typesupport_introspection_c
[5.298s] [100%] Built target my_custom_interfaces_s__rosidl_typesupport_c
[5.843s] Invoked command in '/home/info/ros2_ws/build/my_custom_interfaces' returned '0': CMAKE_PREFIX_PATH=${CMAKE_PREFIX_PATH}:/home/info/ros2_ws/install/turtle_regulation:/home/info/ros2_ws/install/my_service_pkg:/home/info/ros2_ws/install/my_py_pkg:/home/info/ros2_ws/install/move_turtle:/home/info/ros2_ws/install/move_pose:/opt/ros/jazzy DEBUGINFOD_URLS=https://debuginfod.ubuntu.com /usr/bin/cmake --build /home/info/ros2_ws/build/my_custom_interfaces -- -j6 -l6
[6.278s] Invoking command in '/home/info/ros2_ws/build/my_custom_interfaces': CMAKE_PREFIX_PATH=${CMAKE_PREFIX_PATH}:/home/info/ros2_ws/install/turtle_regulation:/home/info/ros2_ws/install/my_service_pkg:/home/info/ros2_ws/install/my_py_pkg:/home/info/ros2_ws/install/move_turtle:/home/info/ros2_ws/install/move_pose:/opt/ros/jazzy DEBUGINFOD_URLS=https://debuginfod.ubuntu.com /usr/bin/cmake --install /home/info/ros2_ws/build/my_custom_interfaces
[6.499s] -- Install configuration: ""
[6.499s] -- Up-to-date: /home/info/ros2_ws/install/my_custom_interfaces/share/ament_index/resource_index/rosidl_interfaces/my_custom_interfaces
[6.500s] -- Up-to-date: /home/info/ros2_ws/install/my_custom_interfaces/share/my_custom_interfaces/msg/SensorStatus.json
[6.500s] -- Up-to-date: /home/info/ros2_ws/install/my_custom_interfaces/share/my_custom_interfaces/msg/SensorStatusStamped.json
[6.500s] -- Up-to-date: /home/info/ros2_ws/install/my_custom_interfaces/share/my_custom_interfaces/srv/ChangeLedColor.json
[6.501s] -- Up-to-date: /home/info/ros2_ws/install/my_custom_interfaces/include/my_custom_interfaces/my_custom_interfaces
[6.501s] -- Up-to-date: /home/info/ros2_ws/install/my_custom_interfaces/include/my_custom_interfaces/my_custom_interfaces/srv
[6.502s] -- Up-to-date: /home/info/ros2_ws/install/my_custom_interfaces/include/my_custom_interfaces/my_custom_interfaces/srv/detail
[6.502s] -- Up-to-date: /home/info/ros2_ws/install/my_custom_interfaces/include/my_custom_interfaces/my_custom_interfaces/srv/detail/change_led_color__functions.c
[6.502s] -- Up-to-date: /home/info/ros2_ws/install/my_custom_interfaces/include/my_custom_interfaces/my_custom_interfaces/srv/detail/change_led_color__type_support.h
[6.506s] -- Installing: /home/info/ros2_ws/install/my_custom_interfaces/include/my_custom_interfaces/my_custom_interfaces/srv/detail/change_led_color__type_support.c
[6.508s] -- Up-to-date: /home/info/ros2_ws/install/my_custom_interfaces/include/my_custom_interfaces/my_custom_interfaces/srv/detail/change_led_color__description.c
[6.508s] -- Up-to-date: /home/info/ros2_ws/install/my_custom_interfaces/include/my_custom_interfaces/my_custom_interfaces/srv/detail/change_led_color__functions.h
[6.508s] -- Up-to-date: /home/info/ros2_ws/install/my_custom_interfaces/include/my_custom_interfaces/my_custom_interfaces/srv/detail/change_led_color__struct.h
[6.508s] -- Up-to-date: /home/info/ros2_ws/install/my_custom_interfaces/include/my_custom_interfaces/my_custom_interfaces/srv/change_led_color.h
[6.512s] -- Up-to-date: /home/info/ros2_ws/install/my_custom_interfaces/include/my_custom_interfaces/my_custom_interfaces/msg
[6.513s] -- Up-to-date: /home/info/ros2_ws/install/my_custom_interfaces/include/my_custom_interfaces/my_custom_interfaces/msg/sensor_status_stamped.h
[6.513s] -- Up-to-date: /home/info/ros2_ws/install/my_custom_interfaces/include/my_custom_interfaces/my_custom_interfaces/msg/detail
[6.513s] -- Up-to-date: /home/info/ros2_ws/install/my_custom_interfaces/include/my_custom_interfaces/my_custom_interfaces/msg/detail/sensor_status_stamped__functions.h
[6.513s] -- Up-to-date: /home/info/ros2_ws/install/my_custom_interfaces/include/my_custom_interfaces/my_custom_interfaces/msg/detail/sensor_status_stamped__functions.c
[6.513s] -- Installing: /home/info/ros2_ws/install/my_custom_interfaces/include/my_custom_interfaces/my_custom_interfaces/msg/detail/sensor_status__type_support.c
[6.514s] -- Up-to-date: /home/info/ros2_ws/install/my_custom_interfaces/include/my_custom_interfaces/my_custom_interfaces/msg/detail/sensor_status_stamped__description.c
[6.514s] -- Up-to-date: /home/info/ros2_ws/install/my_custom_interfaces/include/my_custom_interfaces/my_custom_interfaces/msg/detail/sensor_status__struct.h
[6.514s] -- Up-to-date: /home/info/ros2_ws/install/my_custom_interfaces/include/my_custom_interfaces/my_custom_interfaces/msg/detail/sensor_status__description.c
[6.514s] -- Up-to-date: /home/info/ros2_ws/install/my_custom_interfaces/include/my_custom_interfaces/my_custom_interfaces/msg/detail/sensor_status__functions.c
[6.514s] -- Up-to-date: /home/info/ros2_ws/install/my_custom_interfaces/include/my_custom_interfaces/my_custom_interfaces/msg/detail/sensor_status_stamped__type_support.h
[6.514s] -- Installing: /home/info/ros2_ws/install/my_custom_interfaces/include/my_custom_interfaces/my_custom_interfaces/msg/detail/sensor_status_stamped__type_support.c
[6.523s] -- Up-to-date: /home/info/ros2_ws/install/my_custom_interfaces/include/my_custom_interfaces/my_custom_interfaces/msg/detail/sensor_status_stamped__struct.h
[6.524s] -- Up-to-date: /home/info/ros2_ws/install/my_custom_interfaces/include/my_custom_interfaces/my_custom_interfaces/msg/detail/sensor_status__functions.h
[6.524s] -- Up-to-date: /home/info/ros2_ws/install/my_custom_interfaces/include/my_custom_interfaces/my_custom_interfaces/msg/detail/sensor_status__type_support.h
[6.524s] -- Up-to-date: /home/info/ros2_ws/install/my_custom_interfaces/include/my_custom_interfaces/my_custom_interfaces/msg/rosidl_generator_c__visibility_control.h
[6.525s] -- Up-to-date: /home/info/ros2_ws/install/my_custom_interfaces/include/my_custom_interfaces/my_custom_interfaces/msg/sensor_status.h
[6.525s] -- Up-to-date: /home/info/ros2_ws/install/my_custom_interfaces/share/my_custom_interfaces/environment/library_path.sh
[6.530s] -- Up-to-date: /home/info/ros2_ws/install/my_custom_interfaces/share/my_custom_interfaces/environment/library_path.dsv
[6.530s] -- Up-to-date: /home/info/ros2_ws/install/my_custom_interfaces/lib/libmy_custom_interfaces__rosidl_generator_c.so
[6.530s] -- Up-to-date: /home/info/ros2_ws/install/my_custom_interfaces/include/my_custom_interfaces/my_custom_interfaces
[6.530s] -- Up-to-date: /home/info/ros2_ws/install/my_custom_interfaces/include/my_custom_interfaces/my_custom_interfaces/srv
[6.531s] -- Up-to-date: /home/info/ros2_ws/install/my_custom_interfaces/include/my_custom_interfaces/my_custom_interfaces/srv/detail
[6.531s] -- Up-to-date: /home/info/ros2_ws/install/my_custom_interfaces/include/my_custom_interfaces/my_custom_interfaces/srv/detail/change_led_color__rosidl_typesupport_fastrtps_c.h
[6.531s] -- Up-to-date: /home/info/ros2_ws/install/my_custom_interfaces/include/my_custom_interfaces/my_custom_interfaces/msg
[6.531s] -- Up-to-date: /home/info/ros2_ws/install/my_custom_interfaces/include/my_custom_interfaces/my_custom_interfaces/msg/rosidl_typesupport_fastrtps_c__visibility_control.h
[6.531s] -- Up-to-date: /home/info/ros2_ws/install/my_custom_interfaces/include/my_custom_interfaces/my_custom_interfaces/msg/detail
[6.539s] -- Up-to-date: /home/info/ros2_ws/install/my_custom_interfaces/include/my_custom_interfaces/my_custom_interfaces/msg/detail/sensor_status__rosidl_typesupport_fastrtps_c.h
[6.540s] -- Up-to-date: /home/info/ros2_ws/install/my_custom_interfaces/include/my_custom_interfaces/my_custom_interfaces/msg/detail/sensor_status_stamped__rosidl_typesupport_fastrtps_c.h
[6.540s] -- Up-to-date: /home/info/ros2_ws/install/my_custom_interfaces/lib/libmy_custom_interfaces__rosidl_typesupport_fastrtps_c.so
[6.541s] -- Up-to-date: /home/info/ros2_ws/install/my_custom_interfaces/include/my_custom_interfaces/my_custom_interfaces
[6.543s] -- Up-to-date: /home/info/ros2_ws/install/my_custom_interfaces/include/my_custom_interfaces/my_custom_interfaces/srv
[6.544s] -- Up-to-date: /home/info/ros2_ws/install/my_custom_interfaces/include/my_custom_interfaces/my_custom_interfaces/srv/detail
[6.544s] -- Up-to-date: /home/info/ros2_ws/install/my_custom_interfaces/include/my_custom_interfaces/my_custom_interfaces/srv/detail/change_led_color__rosidl_typesupport_introspection_c.h
[6.544s] -- Installing: /home/info/ros2_ws/install/my_custom_interfaces/include/my_custom_interfaces/my_custom_interfaces/srv/detail/change_led_color__type_support.c
[6.547s] -- Up-to-date: /home/info/ros2_ws/install/my_custom_interfaces/include/my_custom_interfaces/my_custom_interfaces/msg
[6.548s] -- Up-to-date: /home/info/ros2_ws/install/my_custom_interfaces/include/my_custom_interfaces/my_custom_interfaces/msg/rosidl_typesupport_introspection_c__visibility_control.h
[6.548s] -- Up-to-date: /home/info/ros2_ws/install/my_custom_interfaces/include/my_custom_interfaces/my_custom_interfaces/msg/detail
[6.550s] -- Installing: /home/info/ros2_ws/install/my_custom_interfaces/include/my_custom_interfaces/my_custom_interfaces/msg/detail/sensor_status__type_support.c
[6.551s] -- Up-to-date: /home/info/ros2_ws/install/my_custom_interfaces/include/my_custom_interfaces/my_custom_interfaces/msg/detail/sensor_status_stamped__rosidl_typesupport_introspection_c.h
[6.551s] -- Up-to-date: /home/info/ros2_ws/install/my_custom_interfaces/include/my_custom_interfaces/my_custom_interfaces/msg/detail/sensor_status__rosidl_typesupport_introspection_c.h
[6.551s] -- Installing: /home/info/ros2_ws/install/my_custom_interfaces/include/my_custom_interfaces/my_custom_interfaces/msg/detail/sensor_status_stamped__type_support.c
[6.556s] -- Up-to-date: /home/info/ros2_ws/install/my_custom_interfaces/lib/libmy_custom_interfaces__rosidl_typesupport_introspection_c.so
[6.569s] -- Up-to-date: /home/info/ros2_ws/install/my_custom_interfaces/lib/libmy_custom_interfaces__rosidl_typesupport_c.so
[6.575s] -- Up-to-date: /home/info/ros2_ws/install/my_custom_interfaces/include/my_custom_interfaces/my_custom_interfaces
[6.575s] -- Up-to-date: /home/info/ros2_ws/install/my_custom_interfaces/include/my_custom_interfaces/my_custom_interfaces/srv
[6.575s] -- Up-to-date: /home/info/ros2_ws/install/my_custom_interfaces/include/my_custom_interfaces/my_custom_interfaces/srv/change_led_color.hpp
[6.575s] -- Up-to-date: /home/info/ros2_ws/install/my_custom_interfaces/include/my_custom_interfaces/my_custom_interfaces/srv/detail
[6.576s] -- Up-to-date: /home/info/ros2_ws/install/my_custom_interfaces/include/my_custom_interfaces/my_custom_interfaces/srv/detail/change_led_color__builder.hpp
[6.576s] -- Up-to-date: /home/info/ros2_ws/install/my_custom_interfaces/include/my_custom_interfaces/my_custom_interfaces/srv/detail/change_led_color__struct.hpp
[6.576s] -- Up-to-date: /home/info/ros2_ws/install/my_custom_interfaces/include/my_custom_interfaces/my_custom_interfaces/srv/detail/change_led_color__traits.hpp
[6.576s] -- Up-to-date: /home/info/ros2_ws/install/my_custom_interfaces/include/my_custom_interfaces/my_custom_interfaces/srv/detail/change_led_color__type_support.hpp
[6.576s] -- Up-to-date: /home/info/ros2_ws/install/my_custom_interfaces/include/my_custom_interfaces/my_custom_interfaces/msg
[6.578s] -- Up-to-date: /home/info/ros2_ws/install/my_custom_interfaces/include/my_custom_interfaces/my_custom_interfaces/msg/sensor_status.hpp
[6.581s] -- Up-to-date: /home/info/ros2_ws/install/my_custom_interfaces/include/my_custom_interfaces/my_custom_interfaces/msg/detail
[6.582s] -- Up-to-date: /home/info/ros2_ws/install/my_custom_interfaces/include/my_custom_interfaces/my_custom_interfaces/msg/detail/sensor_status_stamped__struct.hpp
[6.582s] -- Up-to-date: /home/info/ros2_ws/install/my_custom_interfaces/include/my_custom_interfaces/my_custom_interfaces/msg/detail/sensor_status__type_support.hpp
[6.582s] -- Up-to-date: /home/info/ros2_ws/install/my_custom_interfaces/include/my_custom_interfaces/my_custom_interfaces/msg/detail/sensor_status__traits.hpp
[6.582s] -- Up-to-date: /home/info/ros2_ws/install/my_custom_interfaces/include/my_custom_interfaces/my_custom_interfaces/msg/detail/sensor_status_stamped__traits.hpp
[6.582s] -- Up-to-date: /home/info/ros2_ws/install/my_custom_interfaces/include/my_custom_interfaces/my_custom_interfaces/msg/detail/sensor_status__builder.hpp
[6.584s] -- Up-to-date: /home/info/ros2_ws/install/my_custom_interfaces/include/my_custom_interfaces/my_custom_interfaces/msg/detail/sensor_status_stamped__type_support.hpp
[6.584s] -- Up-to-date: /home/info/ros2_ws/install/my_custom_interfaces/include/my_custom_interfaces/my_custom_interfaces/msg/detail/sensor_status__struct.hpp
[6.584s] -- Up-to-date: /home/info/ros2_ws/install/my_custom_interfaces/include/my_custom_interfaces/my_custom_interfaces/msg/detail/sensor_status_stamped__builder.hpp
[6.584s] -- Up-to-date: /home/info/ros2_ws/install/my_custom_interfaces/include/my_custom_interfaces/my_custom_interfaces/msg/rosidl_generator_cpp__visibility_control.hpp
[6.585s] -- Up-to-date: /home/info/ros2_ws/install/my_custom_interfaces/include/my_custom_interfaces/my_custom_interfaces/msg/sensor_status_stamped.hpp
[6.585s] -- Up-to-date: /home/info/ros2_ws/install/my_custom_interfaces/include/my_custom_interfaces/my_custom_interfaces
[6.585s] -- Up-to-date: /home/info/ros2_ws/install/my_custom_interfaces/include/my_custom_interfaces/my_custom_interfaces/srv
[6.586s] -- Up-to-date: /home/info/ros2_ws/install/my_custom_interfaces/include/my_custom_interfaces/my_custom_interfaces/srv/detail
[6.586s] -- Up-to-date: /home/info/ros2_ws/install/my_custom_interfaces/include/my_custom_interfaces/my_custom_interfaces/srv/detail/dds_fastrtps
[6.586s] -- Up-to-date: /home/info/ros2_ws/install/my_custom_interfaces/include/my_custom_interfaces/my_custom_interfaces/srv/detail/change_led_color__rosidl_typesupport_fastrtps_cpp.hpp
[6.586s] -- Up-to-date: /home/info/ros2_ws/install/my_custom_interfaces/include/my_custom_interfaces/my_custom_interfaces/msg
[6.586s] -- Up-to-date: /home/info/ros2_ws/install/my_custom_interfaces/include/my_custom_interfaces/my_custom_interfaces/msg/rosidl_typesupport_fastrtps_cpp__visibility_control.h
[6.587s] -- Up-to-date: /home/info/ros2_ws/install/my_custom_interfaces/include/my_custom_interfaces/my_custom_interfaces/msg/detail
[6.587s] -- Up-to-date: /home/info/ros2_ws/install/my_custom_interfaces/include/my_custom_interfaces/my_custom_interfaces/msg/detail/dds_fastrtps
[6.587s] -- Up-to-date: /home/info/ros2_ws/install/my_custom_interfaces/include/my_custom_interfaces/my_custom_interfaces/msg/detail/sensor_status_stamped__rosidl_typesupport_fastrtps_cpp.hpp
[6.587s] -- Up-to-date: /home/info/ros2_ws/install/my_custom_interfaces/include/my_custom_interfaces/my_custom_interfaces/msg/detail/sensor_status__rosidl_typesupport_fastrtps_cpp.hpp
[6.588s] -- Up-to-date: /home/info/ros2_ws/install/my_custom_interfaces/lib/libmy_custom_interfaces__rosidl_typesupport_fastrtps_cpp.so
[6.588s] -- Up-to-date: /home/info/ros2_ws/install/my_custom_interfaces/include/my_custom_interfaces/my_custom_interfaces
[6.589s] -- Up-to-date: /home/info/ros2_ws/install/my_custom_interfaces/include/my_custom_interfaces/my_custom_interfaces/srv
[6.589s] -- Up-to-date: /home/info/ros2_ws/install/my_custom_interfaces/include/my_custom_interfaces/my_custom_interfaces/srv/detail
[6.589s] -- Up-to-date: /home/info/ros2_ws/install/my_custom_interfaces/include/my_custom_interfaces/my_custom_interfaces/srv/detail/change_led_color__rosidl_typesupport_introspection_cpp.hpp
[6.590s] -- Up-to-date: /home/info/ros2_ws/install/my_custom_interfaces/include/my_custom_interfaces/my_custom_interfaces/srv/detail/change_led_color__type_support.cpp
[6.590s] -- Up-to-date: /home/info/ros2_ws/install/my_custom_interfaces/include/my_custom_interfaces/my_custom_interfaces/msg
[6.590s] -- Up-to-date: /home/info/ros2_ws/install/my_custom_interfaces/include/my_custom_interfaces/my_custom_interfaces/msg/detail
[6.590s] -- Up-to-date: /home/info/ros2_ws/install/my_custom_interfaces/include/my_custom_interfaces/my_custom_interfaces/msg/detail/sensor_status__type_support.cpp
[6.590s] -- Up-to-date: /home/info/ros2_ws/install/my_custom_interfaces/include/my_custom_interfaces/my_custom_interfaces/msg/detail/sensor_status_stamped__rosidl_typesupport_introspection_cpp.hpp
[6.590s] -- Up-to-date: /home/info/ros2_ws/install/my_custom_interfaces/include/my_custom_interfaces/my_custom_interfaces/msg/detail/sensor_status__rosidl_typesupport_introspection_cpp.hpp
[6.591s] -- Up-to-date: /home/info/ros2_ws/install/my_custom_interfaces/include/my_custom_interfaces/my_custom_interfaces/msg/detail/sensor_status_stamped__type_support.cpp
[6.591s] -- Up-to-date: /home/info/ros2_ws/install/my_custom_interfaces/lib/libmy_custom_interfaces__rosidl_typesupport_introspection_cpp.so
[6.596s] -- Up-to-date: /home/info/ros2_ws/install/my_custom_interfaces/lib/libmy_custom_interfaces__rosidl_typesupport_cpp.so
[6.599s] -- Up-to-date: /home/info/ros2_ws/install/my_custom_interfaces/share/my_custom_interfaces/environment/pythonpath.sh
[6.599s] -- Up-to-date: /home/info/ros2_ws/install/my_custom_interfaces/share/my_custom_interfaces/environment/pythonpath.dsv
[6.600s] -- Up-to-date: /home/info/ros2_ws/install/my_custom_interfaces/lib/python3.12/site-packages/my_custom_interfaces-0.0.0-py3.12.egg-info
[6.600s] -- Installing: /home/info/ros2_ws/install/my_custom_interfaces/lib/python3.12/site-packages/my_custom_interfaces-0.0.0-py3.12.egg-info/top_level.txt
[6.600s] -- Installing: /home/info/ros2_ws/install/my_custom_interfaces/lib/python3.12/site-packages/my_custom_interfaces-0.0.0-py3.12.egg-info/dependency_links.txt
[6.601s] -- Installing: /home/info/ros2_ws/install/my_custom_interfaces/lib/python3.12/site-packages/my_custom_interfaces-0.0.0-py3.12.egg-info/SOURCES.txt
[6.602s] -- Installing: /home/info/ros2_ws/install/my_custom_interfaces/lib/python3.12/site-packages/my_custom_interfaces-0.0.0-py3.12.egg-info/PKG-INFO
[6.602s] -- Up-to-date: /home/info/ros2_ws/install/my_custom_interfaces/lib/python3.12/site-packages/my_custom_interfaces
[6.603s] -- Up-to-date: /home/info/ros2_ws/install/my_custom_interfaces/lib/python3.12/site-packages/my_custom_interfaces/_my_custom_interfaces_s.ep.rosidl_typesupport_c.c
[6.604s] -- Up-to-date: /home/info/ros2_ws/install/my_custom_interfaces/lib/python3.12/site-packages/my_custom_interfaces/srv
[6.604s] -- Up-to-date: /home/info/ros2_ws/install/my_custom_interfaces/lib/python3.12/site-packages/my_custom_interfaces/srv/_change_led_color_s.c
[6.604s] -- Up-to-date: /home/info/ros2_ws/install/my_custom_interfaces/lib/python3.12/site-packages/my_custom_interfaces/srv/__init__.py
[6.605s] -- Up-to-date: /home/info/ros2_ws/install/my_custom_interfaces/lib/python3.12/site-packages/my_custom_interfaces/srv/_change_led_color.py
[6.605s] -- Up-to-date: /home/info/ros2_ws/install/my_custom_interfaces/lib/python3.12/site-packages/my_custom_interfaces/msg
[6.605s] -- Up-to-date: /home/info/ros2_ws/install/my_custom_interfaces/lib/python3.12/site-packages/my_custom_interfaces/msg/_sensor_status.py
[6.606s] -- Up-to-date: /home/info/ros2_ws/install/my_custom_interfaces/lib/python3.12/site-packages/my_custom_interfaces/msg/_sensor_status_stamped.py
[6.606s] -- Up-to-date: /home/info/ros2_ws/install/my_custom_interfaces/lib/python3.12/site-packages/my_custom_interfaces/msg/_sensor_status_stamped_s.c
[6.606s] -- Up-to-date: /home/info/ros2_ws/install/my_custom_interfaces/lib/python3.12/site-packages/my_custom_interfaces/msg/_sensor_status_s.c
[6.606s] -- Up-to-date: /home/info/ros2_ws/install/my_custom_interfaces/lib/python3.12/site-packages/my_custom_interfaces/msg/__init__.py
[6.607s] -- Up-to-date: /home/info/ros2_ws/install/my_custom_interfaces/lib/python3.12/site-packages/my_custom_interfaces/_my_custom_interfaces_s.ep.rosidl_typesupport_introspection_c.c
[6.607s] -- Up-to-date: /home/info/ros2_ws/install/my_custom_interfaces/lib/python3.12/site-packages/my_custom_interfaces/__init__.py
[6.607s] -- Up-to-date: /home/info/ros2_ws/install/my_custom_interfaces/lib/python3.12/site-packages/my_custom_interfaces/my_custom_interfaces_s__rosidl_typesupport_introspection_c.so
[6.608s] -- Up-to-date: /home/info/ros2_ws/install/my_custom_interfaces/lib/python3.12/site-packages/my_custom_interfaces/my_custom_interfaces_s__rosidl_typesupport_c.so
[6.608s] -- Up-to-date: /home/info/ros2_ws/install/my_custom_interfaces/lib/python3.12/site-packages/my_custom_interfaces/_my_custom_interfaces_s.ep.rosidl_typesupport_fastrtps_c.c
[6.608s] -- Up-to-date: /home/info/ros2_ws/install/my_custom_interfaces/lib/python3.12/site-packages/my_custom_interfaces/my_custom_interfaces_s__rosidl_typesupport_fastrtps_c.so
[6.876s] Listing '/home/info/ros2_ws/install/my_custom_interfaces/lib/python3.12/site-packages/my_custom_interfaces'...
[6.877s] Listing '/home/info/ros2_ws/install/my_custom_interfaces/lib/python3.12/site-packages/my_custom_interfaces/msg'...
[6.877s] Listing '/home/info/ros2_ws/install/my_custom_interfaces/lib/python3.12/site-packages/my_custom_interfaces/srv'...
[6.902s] -- Up-to-date: /home/info/ros2_ws/install/my_custom_interfaces/lib/python3.12/site-packages/my_custom_interfaces/my_custom_interfaces_s__rosidl_typesupport_fastrtps_c.so
[6.904s] -- Up-to-date: /home/info/ros2_ws/install/my_custom_interfaces/lib/python3.12/site-packages/my_custom_interfaces/my_custom_interfaces_s__rosidl_typesupport_introspection_c.so
[6.906s] -- Up-to-date: /home/info/ros2_ws/install/my_custom_interfaces/lib/python3.12/site-packages/my_custom_interfaces/my_custom_interfaces_s__rosidl_typesupport_c.so
[6.908s] -- Up-to-date: /home/info/ros2_ws/install/my_custom_interfaces/lib/libmy_custom_interfaces__rosidl_generator_py.so
[6.909s] -- Up-to-date: /home/info/ros2_ws/install/my_custom_interfaces/share/my_custom_interfaces/msg/SensorStatus.idl
[6.909s] -- Up-to-date: /home/info/ros2_ws/install/my_custom_interfaces/share/my_custom_interfaces/msg/SensorStatusStamped.idl
[6.909s] -- Up-to-date: /home/info/ros2_ws/install/my_custom_interfaces/share/my_custom_interfaces/srv/ChangeLedColor.idl
[6.909s] -- Up-to-date: /home/info/ros2_ws/install/my_custom_interfaces/share/my_custom_interfaces/msg/SensorStatus.msg
[6.910s] -- Up-to-date: /home/info/ros2_ws/install/my_custom_interfaces/share/my_custom_interfaces/msg/SensorStatusStamped.msg
[6.910s] -- Up-to-date: /home/info/ros2_ws/install/my_custom_interfaces/share/my_custom_interfaces/srv/ChangeLedColor.srv
[6.910s] -- Up-to-date: /home/info/ros2_ws/install/my_custom_interfaces/share/ament_index/resource_index/package_run_dependencies/my_custom_interfaces
[6.911s] -- Up-to-date: /home/info/ros2_ws/install/my_custom_interfaces/share/ament_index/resource_index/parent_prefix_path/my_custom_interfaces
[6.911s] -- Up-to-date: /home/info/ros2_ws/install/my_custom_interfaces/share/my_custom_interfaces/environment/ament_prefix_path.sh
[6.911s] -- Up-to-date: /home/info/ros2_ws/install/my_custom_interfaces/share/my_custom_interfaces/environment/ament_prefix_path.dsv
[6.911s] -- Up-to-date: /home/info/ros2_ws/install/my_custom_interfaces/share/my_custom_interfaces/environment/path.sh
[6.912s] -- Up-to-date: /home/info/ros2_ws/install/my_custom_interfaces/share/my_custom_interfaces/environment/path.dsv
[6.912s] -- Up-to-date: /home/info/ros2_ws/install/my_custom_interfaces/share/my_custom_interfaces/local_setup.bash
[6.912s] -- Up-to-date: /home/info/ros2_ws/install/my_custom_interfaces/share/my_custom_interfaces/local_setup.sh
[6.912s] -- Up-to-date: /home/info/ros2_ws/install/my_custom_interfaces/share/my_custom_interfaces/local_setup.zsh
[6.912s] -- Up-to-date: /home/info/ros2_ws/install/my_custom_interfaces/share/my_custom_interfaces/local_setup.dsv
[6.912s] -- Installing: /home/info/ros2_ws/install/my_custom_interfaces/share/my_custom_interfaces/package.dsv
[6.913s] -- Up-to-date: /home/info/ros2_ws/install/my_custom_interfaces/share/ament_index/resource_index/packages/my_custom_interfaces
[6.913s] -- Up-to-date: /home/info/ros2_ws/install/my_custom_interfaces/share/my_custom_interfaces/cmake/export_my_custom_interfaces__rosidl_generator_cExport.cmake
[6.914s] -- Up-to-date: /home/info/ros2_ws/install/my_custom_interfaces/share/my_custom_interfaces/cmake/export_my_custom_interfaces__rosidl_generator_cExport-noconfig.cmake
[6.914s] -- Up-to-date: /home/info/ros2_ws/install/my_custom_interfaces/share/my_custom_interfaces/cmake/export_my_custom_interfaces__rosidl_typesupport_fastrtps_cExport.cmake
[6.914s] -- Up-to-date: /home/info/ros2_ws/install/my_custom_interfaces/share/my_custom_interfaces/cmake/export_my_custom_interfaces__rosidl_typesupport_fastrtps_cExport-noconfig.cmake
[6.915s] -- Up-to-date: /home/info/ros2_ws/install/my_custom_interfaces/share/my_custom_interfaces/cmake/my_custom_interfaces__rosidl_typesupport_introspection_cExport.cmake
[6.915s] -- Up-to-date: /home/info/ros2_ws/install/my_custom_interfaces/share/my_custom_interfaces/cmake/my_custom_interfaces__rosidl_typesupport_introspection_cExport-noconfig.cmake
[6.915s] -- Up-to-date: /home/info/ros2_ws/install/my_custom_interfaces/share/my_custom_interfaces/cmake/my_custom_interfaces__rosidl_typesupport_cExport.cmake
[6.915s] -- Up-to-date: /home/info/ros2_ws/install/my_custom_interfaces/share/my_custom_interfaces/cmake/my_custom_interfaces__rosidl_typesupport_cExport-noconfig.cmake
[6.916s] -- Up-to-date: /home/info/ros2_ws/install/my_custom_interfaces/share/my_custom_interfaces/cmake/export_my_custom_interfaces__rosidl_generator_cppExport.cmake
[6.916s] -- Up-to-date: /home/info/ros2_ws/install/my_custom_interfaces/share/my_custom_interfaces/cmake/export_my_custom_interfaces__rosidl_typesupport_fastrtps_cppExport.cmake
[6.916s] -- Up-to-date: /home/info/ros2_ws/install/my_custom_interfaces/share/my_custom_interfaces/cmake/export_my_custom_interfaces__rosidl_typesupport_fastrtps_cppExport-noconfig.cmake
[6.917s] -- Up-to-date: /home/info/ros2_ws/install/my_custom_interfaces/share/my_custom_interfaces/cmake/my_custom_interfaces__rosidl_typesupport_introspection_cppExport.cmake
[6.917s] -- Up-to-date: /home/info/ros2_ws/install/my_custom_interfaces/share/my_custom_interfaces/cmake/my_custom_interfaces__rosidl_typesupport_introspection_cppExport-noconfig.cmake
[6.917s] -- Up-to-date: /home/info/ros2_ws/install/my_custom_interfaces/share/my_custom_interfaces/cmake/my_custom_interfaces__rosidl_typesupport_cppExport.cmake
[6.918s] -- Up-to-date: /home/info/ros2_ws/install/my_custom_interfaces/share/my_custom_interfaces/cmake/my_custom_interfaces__rosidl_typesupport_cppExport-noconfig.cmake
[6.918s] -- Up-to-date: /home/info/ros2_ws/install/my_custom_interfaces/share/my_custom_interfaces/cmake/export_my_custom_interfaces__rosidl_generator_pyExport.cmake
[6.918s] -- Up-to-date: /home/info/ros2_ws/install/my_custom_interfaces/share/my_custom_interfaces/cmake/export_my_custom_interfaces__rosidl_generator_pyExport-noconfig.cmake
[6.918s] -- Up-to-date: /home/info/ros2_ws/install/my_custom_interfaces/share/my_custom_interfaces/cmake/rosidl_cmake-extras.cmake
[6.919s] -- Up-to-date: /home/info/ros2_ws/install/my_custom_interfaces/share/my_custom_interfaces/cmake/ament_cmake_export_dependencies-extras.cmake
[6.919s] -- Up-to-date: /home/info/ros2_ws/install/my_custom_interfaces/share/my_custom_interfaces/cmake/ament_cmake_export_include_directories-extras.cmake
[6.920s] -- Up-to-date: /home/info/ros2_ws/install/my_custom_interfaces/share/my_custom_interfaces/cmake/ament_cmake_export_libraries-extras.cmake
[6.920s] -- Up-to-date: /home/info/ros2_ws/install/my_custom_interfaces/share/my_custom_interfaces/cmake/ament_cmake_export_targets-extras.cmake
[6.920s] -- Up-to-date: /home/info/ros2_ws/install/my_custom_interfaces/share/my_custom_interfaces/cmake/rosidl_cmake_export_typesupport_targets-extras.cmake
[6.920s] -- Up-to-date: /home/info/ros2_ws/install/my_custom_interfaces/share/my_custom_interfaces/cmake/rosidl_cmake_export_typesupport_libraries-extras.cmake
[6.920s] -- Up-to-date: /home/info/ros2_ws/install/my_custom_interfaces/share/my_custom_interfaces/cmake/my_custom_interfacesConfig.cmake
[6.920s] -- Up-to-date: /home/info/ros2_ws/install/my_custom_interfaces/share/my_custom_interfaces/cmake/my_custom_interfacesConfig-version.cmake
[6.921s] -- Up-to-date: /home/info/ros2_ws/install/my_custom_interfaces/share/my_custom_interfaces/package.xml
[6.942s] Invoked command in '/home/info/ros2_ws/build/my_custom_interfaces' returned '0': CMAKE_PREFIX_PATH=${CMAKE_PREFIX_PATH}:/home/info/ros2_ws/install/turtle_regulation:/home/info/ros2_ws/install/my_service_pkg:/home/info/ros2_ws/install/my_py_pkg:/home/info/ros2_ws/install/move_turtle:/home/info/ros2_ws/install/move_pose:/opt/ros/jazzy DEBUGINFOD_URLS=https://debuginfod.ubuntu.com /usr/bin/cmake --install /home/info/ros2_ws/build/my_custom_interfaces
