[7.966s] Invoking command in '/home/info/ros2_ws/src/tp_turtle_regulation_Emie/turtle_regulation': DEBUGINFOD_URLS=https://debuginfod.ubuntu.com PYTHONPATH=/home/info/ros2_ws/build/turtle_regulation/prefix_override:/usr/lib/python3/dist-packages/colcon_core/task/python/colcon_distutils_commands:/home/info/ros2_ws/install/turtle_regulation/lib/python3.12/site-packages:${PYTHONPATH} /usr/bin/python3 -W ignore:setup.py install is deprecated -W ignore:easy_install command is deprecated setup.py egg_info --egg-base ../../../build/turtle_regulation build --build-base /home/info/ros2_ws/build/turtle_regulation/build install --record /home/info/ros2_ws/build/turtle_regulation/install.log --single-version-externally-managed install_data
[8.658s] running egg_info
[8.658s] creating ../../../build/turtle_regulation/turtle_regulation.egg-info
[8.698s] writing ../../../build/turtle_regulation/turtle_regulation.egg-info/PKG-INFO
[8.699s] writing dependency_links to ../../../build/turtle_regulation/turtle_regulation.egg-info/dependency_links.txt
[8.699s] writing requirements to ../../../build/turtle_regulation/turtle_regulation.egg-info/requires.txt
[8.699s] writing top-level names to ../../../build/turtle_regulation/turtle_regulation.egg-info/top_level.txt
[8.699s] writing manifest file '../../../build/turtle_regulation/turtle_regulation.egg-info/SOURCES.txt'
[8.782s] reading manifest file '../../../build/turtle_regulation/turtle_regulation.egg-info/SOURCES.txt'
[8.787s] writing manifest file '../../../build/turtle_regulation/turtle_regulation.egg-info/SOURCES.txt'
[8.787s] running build
[8.787s] running build_py
[8.788s] creating /home/info/ros2_ws/build/turtle_regulation/build
[8.788s] creating /home/info/ros2_ws/build/turtle_regulation/build/lib
[8.788s] creating /home/info/ros2_ws/build/turtle_regulation/build/lib/turtle_regulation
[8.788s] copying turtle_regulation/__init__.py -> /home/info/ros2_ws/build/turtle_regulation/build/lib/turtle_regulation
[8.788s] running install
[8.800s] running install_lib
[8.845s] creating /home/info/ros2_ws/install/turtle_regulation/lib/python3.12/site-packages/turtle_regulation
[8.845s] copying /home/info/ros2_ws/build/turtle_regulation/build/lib/turtle_regulation/__init__.py -> /home/info/ros2_ws/install/turtle_regulation/lib/python3.12/site-packages/turtle_regulation
[8.846s] byte-compiling /home/info/ros2_ws/install/turtle_regulation/lib/python3.12/site-packages/turtle_regulation/__init__.py to __init__.cpython-312.pyc
[8.846s] running install_data
[8.847s] creating /home/info/ros2_ws/install/turtle_regulation/share/ament_index
[8.847s] creating /home/info/ros2_ws/install/turtle_regulation/share/ament_index/resource_index
[8.847s] creating /home/info/ros2_ws/install/turtle_regulation/share/ament_index/resource_index/packages
[8.847s] copying resource/turtle_regulation -> /home/info/ros2_ws/install/turtle_regulation/share/ament_index/resource_index/packages
[8.847s] copying package.xml -> /home/info/ros2_ws/install/turtle_regulation/share/turtle_regulation
[8.848s] running install_egg_info
[8.897s] Copying ../../../build/turtle_regulation/turtle_regulation.egg-info to /home/info/ros2_ws/install/turtle_regulation/lib/python3.12/site-packages/turtle_regulation-0.0.0-py3.12.egg-info
[8.904s] running install_scripts
[9.415s] writing list of installed files to '/home/info/ros2_ws/build/turtle_regulation/install.log'
[9.490s] Invoked command in '/home/info/ros2_ws/src/tp_turtle_regulation_Emie/turtle_regulation' returned '0': DEBUGINFOD_URLS=https://debuginfod.ubuntu.com PYTHONPATH=/home/info/ros2_ws/build/turtle_regulation/prefix_override:/usr/lib/python3/dist-packages/colcon_core/task/python/colcon_distutils_commands:/home/info/ros2_ws/install/turtle_regulation/lib/python3.12/site-packages:${PYTHONPATH} /usr/bin/python3 -W ignore:setup.py install is deprecated -W ignore:easy_install command is deprecated setup.py egg_info --egg-base ../../../build/turtle_regulation build --build-base /home/info/ros2_ws/build/turtle_regulation/build install --record /home/info/ros2_ws/build/turtle_regulation/install.log --single-version-externally-managed install_data
