[0.236s] DEBUG:colcon:Command line arguments: ['/usr/bin/colcon', 'build']
[0.236s] DEBUG:colcon:Parsed command line arguments: Namespace(log_base=None, log_level=None, verb_name='build', build_base='build', install_base='install', merge_install=False, symlink_install=False, test_result_base=None, continue_on_error=False, executor='parallel', parallel_workers=6, event_handlers=None, ignore_user_meta=False, metas=['./colcon.meta'], base_paths=['.'], packages_ignore=None, packages_ignore_regex=None, paths=None, packages_up_to=None, packages_up_to_regex=None, packages_above=None, packages_above_and_dependencies=None, packages_above_depth=None, packages_select_by_dep=None, packages_skip_by_dep=None, packages_skip_up_to=None, packages_select_build_failed=False, packages_skip_build_finished=False, packages_select_test_failures=False, packages_skip_test_passed=False, packages_select=None, packages_skip=None, packages_select_regex=None, packages_skip_regex=None, packages_start=None, packages_end=None, allow_overriding=[], cmake_args=None, cmake_target=None, cmake_target_skip_unavailable=False, cmake_clean_cache=False, cmake_clean_first=False, cmake_force_configure=False, ament_cmake_args=None, catkin_cmake_args=None, catkin_skip_building_tests=False, mixin_files=None, mixin=None, verb_parser=<colcon_mixin.mixin.mixin_argument.MixinArgumentDecorator object at 0x7aa891073da0>, verb_extension=<colcon_core.verb.build.BuildVerb object at 0x7aa891073860>, main=<bound method BuildVerb.main of <colcon_core.verb.build.BuildVerb object at 0x7aa891073860>>, mixin_verb=('build',))
[0.332s] Level 1:colcon.colcon_core.package_discovery:discover_packages(colcon_meta) check parameters
[0.332s] Level 1:colcon.colcon_core.package_discovery:discover_packages(recursive) check parameters
[0.332s] Level 1:colcon.colcon_core.package_discovery:discover_packages(ignore) check parameters
[0.332s] Level 1:colcon.colcon_core.package_discovery:discover_packages(path) check parameters
[0.332s] Level 1:colcon.colcon_core.package_discovery:discover_packages(colcon_meta) discover
[0.332s] Level 1:colcon.colcon_core.package_discovery:discover_packages(recursive) discover
[0.332s] INFO:colcon.colcon_core.package_discovery:Crawling recursively for packages in '/home/info/ros2_ws'
[0.332s] Level 1:colcon.colcon_core.package_identification:_identify(.) by extensions ['ignore', 'ignore_ament_install']
[0.332s] Level 1:colcon.colcon_core.package_identification:_identify(.) by extension 'ignore'
[0.333s] Level 1:colcon.colcon_core.package_identification:_identify(.) by extension 'ignore_ament_install'
[0.333s] Level 1:colcon.colcon_core.package_identification:_identify(.) by extensions ['colcon_pkg']
[0.333s] Level 1:colcon.colcon_core.package_identification:_identify(.) by extension 'colcon_pkg'
[0.333s] Level 1:colcon.colcon_core.package_identification:_identify(.) by extensions ['colcon_meta']
[0.333s] Level 1:colcon.colcon_core.package_identification:_identify(.) by extension 'colcon_meta'
[0.333s] Level 1:colcon.colcon_core.package_identification:_identify(.) by extensions ['ros']
[0.333s] Level 1:colcon.colcon_core.package_identification:_identify(.) by extension 'ros'
[0.384s] Level 1:colcon.colcon_core.package_identification:_identify(.) by extensions ['cmake', 'python']
[0.384s] Level 1:colcon.colcon_core.package_identification:_identify(.) by extension 'cmake'
[0.384s] Level 1:colcon.colcon_core.package_identification:_identify(.) by extension 'python'
[0.384s] Level 1:colcon.colcon_core.package_identification:_identify(.) by extensions ['python_setup_py']
[0.384s] Level 1:colcon.colcon_core.package_identification:_identify(.) by extension 'python_setup_py'
[0.384s] Level 1:colcon.colcon_core.package_identification:_identify(build) by extensions ['ignore', 'ignore_ament_install']
[0.384s] Level 1:colcon.colcon_core.package_identification:_identify(build) by extension 'ignore'
[0.384s] Level 1:colcon.colcon_core.package_identification:_identify(build) ignored
[0.385s] Level 1:colcon.colcon_core.package_identification:_identify(install) by extensions ['ignore', 'ignore_ament_install']
[0.385s] Level 1:colcon.colcon_core.package_identification:_identify(install) by extension 'ignore'
[0.385s] Level 1:colcon.colcon_core.package_identification:_identify(install) ignored
[0.385s] Level 1:colcon.colcon_core.package_identification:_identify(log) by extensions ['ignore', 'ignore_ament_install']
[0.385s] Level 1:colcon.colcon_core.package_identification:_identify(log) by extension 'ignore'
[0.385s] Level 1:colcon.colcon_core.package_identification:_identify(log) ignored
[0.386s] Level 1:colcon.colcon_core.package_identification:_identify(tp_turtle_regulation_Emie) by extensions ['ignore', 'ignore_ament_install']
[0.386s] Level 1:colcon.colcon_core.package_identification:_identify(tp_turtle_regulation_Emie) by extension 'ignore'
[0.386s] Level 1:colcon.colcon_core.package_identification:_identify(tp_turtle_regulation_Emie) by extension 'ignore_ament_install'
[0.386s] Level 1:colcon.colcon_core.package_identification:_identify(tp_turtle_regulation_Emie) by extensions ['colcon_pkg']
[0.386s] Level 1:colcon.colcon_core.package_identification:_identify(tp_turtle_regulation_Emie) by extension 'colcon_pkg'
[0.386s] Level 1:colcon.colcon_core.package_identification:_identify(tp_turtle_regulation_Emie) by extensions ['colcon_meta']
[0.386s] Level 1:colcon.colcon_core.package_identification:_identify(tp_turtle_regulation_Emie) by extension 'colcon_meta'
[0.386s] Level 1:colcon.colcon_core.package_identification:_identify(tp_turtle_regulation_Emie) by extensions ['ros']
[0.386s] Level 1:colcon.colcon_core.package_identification:_identify(tp_turtle_regulation_Emie) by extension 'ros'
[0.386s] Level 1:colcon.colcon_core.package_identification:_identify(tp_turtle_regulation_Emie) by extensions ['cmake', 'python']
[0.386s] Level 1:colcon.colcon_core.package_identification:_identify(tp_turtle_regulation_Emie) by extension 'cmake'
[0.386s] Level 1:colcon.colcon_core.package_identification:_identify(tp_turtle_regulation_Emie) by extension 'python'
[0.387s] Level 1:colcon.colcon_core.package_identification:_identify(tp_turtle_regulation_Emie) by extensions ['python_setup_py']
[0.387s] Level 1:colcon.colcon_core.package_identification:_identify(tp_turtle_regulation_Emie) by extension 'python_setup_py'
[0.387s] Level 1:colcon.colcon_core.package_identification:_identify(tp_turtle_regulation_Emie/build) by extensions ['ignore', 'ignore_ament_install']
[0.387s] Level 1:colcon.colcon_core.package_identification:_identify(tp_turtle_regulation_Emie/build) by extension 'ignore'
[0.387s] Level 1:colcon.colcon_core.package_identification:_identify(tp_turtle_regulation_Emie/build) ignored
[0.387s] Level 1:colcon.colcon_core.package_identification:_identify(tp_turtle_regulation_Emie/install) by extensions ['ignore', 'ignore_ament_install']
[0.387s] Level 1:colcon.colcon_core.package_identification:_identify(tp_turtle_regulation_Emie/install) by extension 'ignore'
[0.387s] Level 1:colcon.colcon_core.package_identification:_identify(tp_turtle_regulation_Emie/install) ignored
[0.388s] Level 1:colcon.colcon_core.package_identification:_identify(tp_turtle_regulation_Emie/log) by extensions ['ignore', 'ignore_ament_install']
[0.388s] Level 1:colcon.colcon_core.package_identification:_identify(tp_turtle_regulation_Emie/log) by extension 'ignore'
[0.388s] Level 1:colcon.colcon_core.package_identification:_identify(tp_turtle_regulation_Emie/log) ignored
[0.388s] Level 1:colcon.colcon_core.package_identification:_identify(tp_turtle_regulation_Emie/src) by extensions ['ignore', 'ignore_ament_install']
[0.388s] Level 1:colcon.colcon_core.package_identification:_identify(tp_turtle_regulation_Emie/src) by extension 'ignore'
[0.388s] Level 1:colcon.colcon_core.package_identification:_identify(tp_turtle_regulation_Emie/src) by extension 'ignore_ament_install'
[0.388s] Level 1:colcon.colcon_core.package_identification:_identify(tp_turtle_regulation_Emie/src) by extensions ['colcon_pkg']
[0.388s] Level 1:colcon.colcon_core.package_identification:_identify(tp_turtle_regulation_Emie/src) by extension 'colcon_pkg'
[0.388s] Level 1:colcon.colcon_core.package_identification:_identify(tp_turtle_regulation_Emie/src) by extensions ['colcon_meta']
[0.388s] Level 1:colcon.colcon_core.package_identification:_identify(tp_turtle_regulation_Emie/src) by extension 'colcon_meta'
[0.388s] Level 1:colcon.colcon_core.package_identification:_identify(tp_turtle_regulation_Emie/src) by extensions ['ros']
[0.388s] Level 1:colcon.colcon_core.package_identification:_identify(tp_turtle_regulation_Emie/src) by extension 'ros'
[0.389s] Level 1:colcon.colcon_core.package_identification:_identify(tp_turtle_regulation_Emie/src) by extensions ['cmake', 'python']
[0.389s] Level 1:colcon.colcon_core.package_identification:_identify(tp_turtle_regulation_Emie/src) by extension 'cmake'
[0.389s] Level 1:colcon.colcon_core.package_identification:_identify(tp_turtle_regulation_Emie/src) by extension 'python'
[0.389s] Level 1:colcon.colcon_core.package_identification:_identify(tp_turtle_regulation_Emie/src) by extensions ['python_setup_py']
[0.389s] Level 1:colcon.colcon_core.package_identification:_identify(tp_turtle_regulation_Emie/src) by extension 'python_setup_py'
[0.389s] Level 1:colcon.colcon_core.package_identification:_identify(tp_turtle_regulation_Emie/src/move_pose) by extensions ['ignore', 'ignore_ament_install']
[0.389s] Level 1:colcon.colcon_core.package_identification:_identify(tp_turtle_regulation_Emie/src/move_pose) by extension 'ignore'
[0.389s] Level 1:colcon.colcon_core.package_identification:_identify(tp_turtle_regulation_Emie/src/move_pose) by extension 'ignore_ament_install'
[0.389s] Level 1:colcon.colcon_core.package_identification:_identify(tp_turtle_regulation_Emie/src/move_pose) by extensions ['colcon_pkg']
[0.389s] Level 1:colcon.colcon_core.package_identification:_identify(tp_turtle_regulation_Emie/src/move_pose) by extension 'colcon_pkg'
[0.390s] Level 1:colcon.colcon_core.package_identification:_identify(tp_turtle_regulation_Emie/src/move_pose) by extensions ['colcon_meta']
[0.390s] Level 1:colcon.colcon_core.package_identification:_identify(tp_turtle_regulation_Emie/src/move_pose) by extension 'colcon_meta'
[0.390s] Level 1:colcon.colcon_core.package_identification:_identify(tp_turtle_regulation_Emie/src/move_pose) by extensions ['ros']
[0.390s] Level 1:colcon.colcon_core.package_identification:_identify(tp_turtle_regulation_Emie/src/move_pose) by extension 'ros'
[0.394s] DEBUG:colcon.colcon_core.package_identification:Package 'tp_turtle_regulation_Emie/src/move_pose' with type 'ros.ament_python' and name 'move_pose'
[0.394s] Level 1:colcon.colcon_core.package_identification:_identify(tp_turtle_regulation_Emie/src/move_turtle) by extensions ['ignore', 'ignore_ament_install']
[0.394s] Level 1:colcon.colcon_core.package_identification:_identify(tp_turtle_regulation_Emie/src/move_turtle) by extension 'ignore'
[0.394s] Level 1:colcon.colcon_core.package_identification:_identify(tp_turtle_regulation_Emie/src/move_turtle) by extension 'ignore_ament_install'
[0.394s] Level 1:colcon.colcon_core.package_identification:_identify(tp_turtle_regulation_Emie/src/move_turtle) by extensions ['colcon_pkg']
[0.394s] Level 1:colcon.colcon_core.package_identification:_identify(tp_turtle_regulation_Emie/src/move_turtle) by extension 'colcon_pkg'
[0.394s] Level 1:colcon.colcon_core.package_identification:_identify(tp_turtle_regulation_Emie/src/move_turtle) by extensions ['colcon_meta']
[0.394s] Level 1:colcon.colcon_core.package_identification:_identify(tp_turtle_regulation_Emie/src/move_turtle) by extension 'colcon_meta'
[0.394s] Level 1:colcon.colcon_core.package_identification:_identify(tp_turtle_regulation_Emie/src/move_turtle) by extensions ['ros']
[0.394s] Level 1:colcon.colcon_core.package_identification:_identify(tp_turtle_regulation_Emie/src/move_turtle) by extension 'ros'
[0.395s] DEBUG:colcon.colcon_core.package_identification:Package 'tp_turtle_regulation_Emie/src/move_turtle' with type 'ros.ament_python' and name 'move_turtle'
[0.396s] Level 1:colcon.colcon_core.package_identification:_identify(tp_turtle_regulation_Emie/src/ros2_tutorial) by extensions ['ignore', 'ignore_ament_install']
[0.396s] Level 1:colcon.colcon_core.package_identification:_identify(tp_turtle_regulation_Emie/src/ros2_tutorial) by extension 'ignore'
[0.396s] Level 1:colcon.colcon_core.package_identification:_identify(tp_turtle_regulation_Emie/src/ros2_tutorial) by extension 'ignore_ament_install'
[0.396s] Level 1:colcon.colcon_core.package_identification:_identify(tp_turtle_regulation_Emie/src/ros2_tutorial) by extensions ['colcon_pkg']
[0.396s] Level 1:colcon.colcon_core.package_identification:_identify(tp_turtle_regulation_Emie/src/ros2_tutorial) by extension 'colcon_pkg'
[0.396s] Level 1:colcon.colcon_core.package_identification:_identify(tp_turtle_regulation_Emie/src/ros2_tutorial) by extensions ['colcon_meta']
[0.396s] Level 1:colcon.colcon_core.package_identification:_identify(tp_turtle_regulation_Emie/src/ros2_tutorial) by extension 'colcon_meta'
[0.396s] Level 1:colcon.colcon_core.package_identification:_identify(tp_turtle_regulation_Emie/src/ros2_tutorial) by extensions ['ros']
[0.396s] Level 1:colcon.colcon_core.package_identification:_identify(tp_turtle_regulation_Emie/src/ros2_tutorial) by extension 'ros'
[0.396s] Level 1:colcon.colcon_core.package_identification:_identify(tp_turtle_regulation_Emie/src/ros2_tutorial) by extensions ['cmake', 'python']
[0.396s] Level 1:colcon.colcon_core.package_identification:_identify(tp_turtle_regulation_Emie/src/ros2_tutorial) by extension 'cmake'
[0.396s] Level 1:colcon.colcon_core.package_identification:_identify(tp_turtle_regulation_Emie/src/ros2_tutorial) by extension 'python'
[0.397s] Level 1:colcon.colcon_core.package_identification:_identify(tp_turtle_regulation_Emie/src/ros2_tutorial) by extensions ['python_setup_py']
[0.397s] Level 1:colcon.colcon_core.package_identification:_identify(tp_turtle_regulation_Emie/src/ros2_tutorial) by extension 'python_setup_py'
[0.397s] Level 1:colcon.colcon_core.package_identification:_identify(tp_turtle_regulation_Emie/src/ros2_tutorial/my_custom_interfaces) by extensions ['ignore', 'ignore_ament_install']
[0.397s] Level 1:colcon.colcon_core.package_identification:_identify(tp_turtle_regulation_Emie/src/ros2_tutorial/my_custom_interfaces) by extension 'ignore'
[0.397s] Level 1:colcon.colcon_core.package_identification:_identify(tp_turtle_regulation_Emie/src/ros2_tutorial/my_custom_interfaces) by extension 'ignore_ament_install'
[0.397s] Level 1:colcon.colcon_core.package_identification:_identify(tp_turtle_regulation_Emie/src/ros2_tutorial/my_custom_interfaces) by extensions ['colcon_pkg']
[0.397s] Level 1:colcon.colcon_core.package_identification:_identify(tp_turtle_regulation_Emie/src/ros2_tutorial/my_custom_interfaces) by extension 'colcon_pkg'
[0.397s] Level 1:colcon.colcon_core.package_identification:_identify(tp_turtle_regulation_Emie/src/ros2_tutorial/my_custom_interfaces) by extensions ['colcon_meta']
[0.397s] Level 1:colcon.colcon_core.package_identification:_identify(tp_turtle_regulation_Emie/src/ros2_tutorial/my_custom_interfaces) by extension 'colcon_meta'
[0.397s] Level 1:colcon.colcon_core.package_identification:_identify(tp_turtle_regulation_Emie/src/ros2_tutorial/my_custom_interfaces) by extensions ['ros']
[0.397s] Level 1:colcon.colcon_core.package_identification:_identify(tp_turtle_regulation_Emie/src/ros2_tutorial/my_custom_interfaces) by extension 'ros'
[0.398s] DEBUG:colcon.colcon_core.package_identification:Package 'tp_turtle_regulation_Emie/src/ros2_tutorial/my_custom_interfaces' with type 'ros.ament_cmake' and name 'my_custom_interfaces'
[0.398s] Level 1:colcon.colcon_core.package_identification:_identify(tp_turtle_regulation_Emie/src/ros2_tutorial/my_py_pkg) by extensions ['ignore', 'ignore_ament_install']
[0.399s] Level 1:colcon.colcon_core.package_identification:_identify(tp_turtle_regulation_Emie/src/ros2_tutorial/my_py_pkg) by extension 'ignore'
[0.399s] Level 1:colcon.colcon_core.package_identification:_identify(tp_turtle_regulation_Emie/src/ros2_tutorial/my_py_pkg) by extension 'ignore_ament_install'
[0.399s] Level 1:colcon.colcon_core.package_identification:_identify(tp_turtle_regulation_Emie/src/ros2_tutorial/my_py_pkg) by extensions ['colcon_pkg']
[0.399s] Level 1:colcon.colcon_core.package_identification:_identify(tp_turtle_regulation_Emie/src/ros2_tutorial/my_py_pkg) by extension 'colcon_pkg'
[0.399s] Level 1:colcon.colcon_core.package_identification:_identify(tp_turtle_regulation_Emie/src/ros2_tutorial/my_py_pkg) by extensions ['colcon_meta']
[0.399s] Level 1:colcon.colcon_core.package_identification:_identify(tp_turtle_regulation_Emie/src/ros2_tutorial/my_py_pkg) by extension 'colcon_meta'
[0.399s] Level 1:colcon.colcon_core.package_identification:_identify(tp_turtle_regulation_Emie/src/ros2_tutorial/my_py_pkg) by extensions ['ros']
[0.399s] Level 1:colcon.colcon_core.package_identification:_identify(tp_turtle_regulation_Emie/src/ros2_tutorial/my_py_pkg) by extension 'ros'
[0.400s] DEBUG:colcon.colcon_core.package_identification:Package 'tp_turtle_regulation_Emie/src/ros2_tutorial/my_py_pkg' with type 'ros.ament_python' and name 'my_py_pkg'
[0.401s] Level 1:colcon.colcon_core.package_identification:_identify(tp_turtle_regulation_Emie/src/ros2_tutorial/my_service_pkg) by extensions ['ignore', 'ignore_ament_install']
[0.401s] Level 1:colcon.colcon_core.package_identification:_identify(tp_turtle_regulation_Emie/src/ros2_tutorial/my_service_pkg) by extension 'ignore'
[0.401s] Level 1:colcon.colcon_core.package_identification:_identify(tp_turtle_regulation_Emie/src/ros2_tutorial/my_service_pkg) by extension 'ignore_ament_install'
[0.401s] Level 1:colcon.colcon_core.package_identification:_identify(tp_turtle_regulation_Emie/src/ros2_tutorial/my_service_pkg) by extensions ['colcon_pkg']
[0.401s] Level 1:colcon.colcon_core.package_identification:_identify(tp_turtle_regulation_Emie/src/ros2_tutorial/my_service_pkg) by extension 'colcon_pkg'
[0.401s] Level 1:colcon.colcon_core.package_identification:_identify(tp_turtle_regulation_Emie/src/ros2_tutorial/my_service_pkg) by extensions ['colcon_meta']
[0.401s] Level 1:colcon.colcon_core.package_identification:_identify(tp_turtle_regulation_Emie/src/ros2_tutorial/my_service_pkg) by extension 'colcon_meta'
[0.401s] Level 1:colcon.colcon_core.package_identification:_identify(tp_turtle_regulation_Emie/src/ros2_tutorial/my_service_pkg) by extensions ['ros']
[0.401s] Level 1:colcon.colcon_core.package_identification:_identify(tp_turtle_regulation_Emie/src/ros2_tutorial/my_service_pkg) by extension 'ros'
[0.402s] DEBUG:colcon.colcon_core.package_identification:Package 'tp_turtle_regulation_Emie/src/ros2_tutorial/my_service_pkg' with type 'ros.ament_python' and name 'my_service_pkg'
[0.402s] Level 1:colcon.colcon_core.package_identification:_identify(tp_turtle_regulation_Emie/src/tp_turtle_regulation_Emie) by extensions ['ignore', 'ignore_ament_install']
[0.402s] Level 1:colcon.colcon_core.package_identification:_identify(tp_turtle_regulation_Emie/src/tp_turtle_regulation_Emie) by extension 'ignore'
[0.402s] Level 1:colcon.colcon_core.package_identification:_identify(tp_turtle_regulation_Emie/src/tp_turtle_regulation_Emie) by extension 'ignore_ament_install'
[0.403s] Level 1:colcon.colcon_core.package_identification:_identify(tp_turtle_regulation_Emie/src/tp_turtle_regulation_Emie) by extensions ['colcon_pkg']
[0.403s] Level 1:colcon.colcon_core.package_identification:_identify(tp_turtle_regulation_Emie/src/tp_turtle_regulation_Emie) by extension 'colcon_pkg'
[0.403s] Level 1:colcon.colcon_core.package_identification:_identify(tp_turtle_regulation_Emie/src/tp_turtle_regulation_Emie) by extensions ['colcon_meta']
[0.403s] Level 1:colcon.colcon_core.package_identification:_identify(tp_turtle_regulation_Emie/src/tp_turtle_regulation_Emie) by extension 'colcon_meta'
[0.403s] Level 1:colcon.colcon_core.package_identification:_identify(tp_turtle_regulation_Emie/src/tp_turtle_regulation_Emie) by extensions ['ros']
[0.403s] Level 1:colcon.colcon_core.package_identification:_identify(tp_turtle_regulation_Emie/src/tp_turtle_regulation_Emie) by extension 'ros'
[0.403s] Level 1:colcon.colcon_core.package_identification:_identify(tp_turtle_regulation_Emie/src/tp_turtle_regulation_Emie) by extensions ['cmake', 'python']
[0.403s] Level 1:colcon.colcon_core.package_identification:_identify(tp_turtle_regulation_Emie/src/tp_turtle_regulation_Emie) by extension 'cmake'
[0.403s] Level 1:colcon.colcon_core.package_identification:_identify(tp_turtle_regulation_Emie/src/tp_turtle_regulation_Emie) by extension 'python'
[0.403s] Level 1:colcon.colcon_core.package_identification:_identify(tp_turtle_regulation_Emie/src/tp_turtle_regulation_Emie) by extensions ['python_setup_py']
[0.403s] Level 1:colcon.colcon_core.package_identification:_identify(tp_turtle_regulation_Emie/src/tp_turtle_regulation_Emie) by extension 'python_setup_py'
[0.403s] Level 1:colcon.colcon_core.package_identification:_identify(tp_turtle_regulation_Emie/src/tp_turtle_regulation_Emie/turtle_regulation) by extensions ['ignore', 'ignore_ament_install']
[0.404s] Level 1:colcon.colcon_core.package_identification:_identify(tp_turtle_regulation_Emie/src/tp_turtle_regulation_Emie/turtle_regulation) by extension 'ignore'
[0.404s] Level 1:colcon.colcon_core.package_identification:_identify(tp_turtle_regulation_Emie/src/tp_turtle_regulation_Emie/turtle_regulation) by extension 'ignore_ament_install'
[0.404s] Level 1:colcon.colcon_core.package_identification:_identify(tp_turtle_regulation_Emie/src/tp_turtle_regulation_Emie/turtle_regulation) by extensions ['colcon_pkg']
[0.404s] Level 1:colcon.colcon_core.package_identification:_identify(tp_turtle_regulation_Emie/src/tp_turtle_regulation_Emie/turtle_regulation) by extension 'colcon_pkg'
[0.404s] Level 1:colcon.colcon_core.package_identification:_identify(tp_turtle_regulation_Emie/src/tp_turtle_regulation_Emie/turtle_regulation) by extensions ['colcon_meta']
[0.404s] Level 1:colcon.colcon_core.package_identification:_identify(tp_turtle_regulation_Emie/src/tp_turtle_regulation_Emie/turtle_regulation) by extension 'colcon_meta'
[0.404s] Level 1:colcon.colcon_core.package_identification:_identify(tp_turtle_regulation_Emie/src/tp_turtle_regulation_Emie/turtle_regulation) by extensions ['ros']
[0.404s] Level 1:colcon.colcon_core.package_identification:_identify(tp_turtle_regulation_Emie/src/tp_turtle_regulation_Emie/turtle_regulation) by extension 'ros'
[0.405s] DEBUG:colcon.colcon_core.package_identification:Package 'tp_turtle_regulation_Emie/src/tp_turtle_regulation_Emie/turtle_regulation' with type 'ros.ament_python' and name 'turtle_regulation'
[0.405s] Level 1:colcon.colcon_core.package_discovery:discover_packages(recursive) using defaults
[0.405s] Level 1:colcon.colcon_core.package_discovery:discover_packages(ignore) discover
[0.405s] Level 1:colcon.colcon_core.package_discovery:discover_packages(ignore) using defaults
[0.405s] Level 1:colcon.colcon_core.package_discovery:discover_packages(path) discover
[0.405s] Level 1:colcon.colcon_core.package_discovery:discover_packages(path) using defaults
[0.455s] Level 1:colcon.colcon_core.package_discovery:discover_packages(prefix_path) check parameters
[0.455s] Level 1:colcon.colcon_core.package_discovery:discover_packages(prefix_path) discover
[0.461s] DEBUG:colcon.colcon_installed_package_information.package_discovery:Found 6 installed packages in /home/info/ros2_ws/install
[0.465s] DEBUG:colcon.colcon_installed_package_information.package_discovery:Found 285 installed packages in /opt/ros/jazzy
[0.468s] Level 1:colcon.colcon_core.package_discovery:discover_packages(prefix_path) using defaults
[0.567s] Level 5:colcon.colcon_core.verb:set package 'move_pose' build argument 'cmake_args' from command line to 'None'
[0.567s] Level 5:colcon.colcon_core.verb:set package 'move_pose' build argument 'cmake_target' from command line to 'None'
[0.567s] Level 5:colcon.colcon_core.verb:set package 'move_pose' build argument 'cmake_target_skip_unavailable' from command line to 'False'
[0.567s] Level 5:colcon.colcon_core.verb:set package 'move_pose' build argument 'cmake_clean_cache' from command line to 'False'
[0.567s] Level 5:colcon.colcon_core.verb:set package 'move_pose' build argument 'cmake_clean_first' from command line to 'False'
[0.567s] Level 5:colcon.colcon_core.verb:set package 'move_pose' build argument 'cmake_force_configure' from command line to 'False'
[0.567s] Level 5:colcon.colcon_core.verb:set package 'move_pose' build argument 'ament_cmake_args' from command line to 'None'
[0.567s] Level 5:colcon.colcon_core.verb:set package 'move_pose' build argument 'catkin_cmake_args' from command line to 'None'
[0.567s] Level 5:colcon.colcon_core.verb:set package 'move_pose' build argument 'catkin_skip_building_tests' from command line to 'False'
[0.567s] DEBUG:colcon.colcon_core.verb:Building package 'move_pose' with the following arguments: {'ament_cmake_args': None, 'build_base': '/home/info/ros2_ws/build/move_pose', 'catkin_cmake_args': None, 'catkin_skip_building_tests': False, 'cmake_args': None, 'cmake_clean_cache': False, 'cmake_clean_first': False, 'cmake_force_configure': False, 'cmake_target': None, 'cmake_target_skip_unavailable': False, 'install_base': '/home/info/ros2_ws/install/move_pose', 'merge_install': False, 'path': '/home/info/ros2_ws/tp_turtle_regulation_Emie/src/move_pose', 'symlink_install': False, 'test_result_base': None}
[0.567s] Level 5:colcon.colcon_core.verb:set package 'move_turtle' build argument 'cmake_args' from command line to 'None'
[0.568s] Level 5:colcon.colcon_core.verb:set package 'move_turtle' build argument 'cmake_target' from command line to 'None'
[0.568s] Level 5:colcon.colcon_core.verb:set package 'move_turtle' build argument 'cmake_target_skip_unavailable' from command line to 'False'
[0.568s] Level 5:colcon.colcon_core.verb:set package 'move_turtle' build argument 'cmake_clean_cache' from command line to 'False'
[0.568s] Level 5:colcon.colcon_core.verb:set package 'move_turtle' build argument 'cmake_clean_first' from command line to 'False'
[0.568s] Level 5:colcon.colcon_core.verb:set package 'move_turtle' build argument 'cmake_force_configure' from command line to 'False'
[0.568s] Level 5:colcon.colcon_core.verb:set package 'move_turtle' build argument 'ament_cmake_args' from command line to 'None'
[0.568s] Level 5:colcon.colcon_core.verb:set package 'move_turtle' build argument 'catkin_cmake_args' from command line to 'None'
[0.568s] Level 5:colcon.colcon_core.verb:set package 'move_turtle' build argument 'catkin_skip_building_tests' from command line to 'False'
[0.568s] DEBUG:colcon.colcon_core.verb:Building package 'move_turtle' with the following arguments: {'ament_cmake_args': None, 'build_base': '/home/info/ros2_ws/build/move_turtle', 'catkin_cmake_args': None, 'catkin_skip_building_tests': False, 'cmake_args': None, 'cmake_clean_cache': False, 'cmake_clean_first': False, 'cmake_force_configure': False, 'cmake_target': None, 'cmake_target_skip_unavailable': False, 'install_base': '/home/info/ros2_ws/install/move_turtle', 'merge_install': False, 'path': '/home/info/ros2_ws/tp_turtle_regulation_Emie/src/move_turtle', 'symlink_install': False, 'test_result_base': None}
[0.568s] Level 5:colcon.colcon_core.verb:set package 'my_custom_interfaces' build argument 'cmake_args' from command line to 'None'
[0.568s] Level 5:colcon.colcon_core.verb:set package 'my_custom_interfaces' build argument 'cmake_target' from command line to 'None'
[0.568s] Level 5:colcon.colcon_core.verb:set package 'my_custom_interfaces' build argument 'cmake_target_skip_unavailable' from command line to 'False'
[0.568s] Level 5:colcon.colcon_core.verb:set package 'my_custom_interfaces' build argument 'cmake_clean_cache' from command line to 'False'
[0.569s] Level 5:colcon.colcon_core.verb:set package 'my_custom_interfaces' build argument 'cmake_clean_first' from command line to 'False'
[0.569s] Level 5:colcon.colcon_core.verb:set package 'my_custom_interfaces' build argument 'cmake_force_configure' from command line to 'False'
[0.569s] Level 5:colcon.colcon_core.verb:set package 'my_custom_interfaces' build argument 'ament_cmake_args' from command line to 'None'
[0.569s] Level 5:colcon.colcon_core.verb:set package 'my_custom_interfaces' build argument 'catkin_cmake_args' from command line to 'None'
[0.569s] Level 5:colcon.colcon_core.verb:set package 'my_custom_interfaces' build argument 'catkin_skip_building_tests' from command line to 'False'
[0.569s] DEBUG:colcon.colcon_core.verb:Building package 'my_custom_interfaces' with the following arguments: {'ament_cmake_args': None, 'build_base': '/home/info/ros2_ws/build/my_custom_interfaces', 'catkin_cmake_args': None, 'catkin_skip_building_tests': False, 'cmake_args': None, 'cmake_clean_cache': False, 'cmake_clean_first': False, 'cmake_force_configure': False, 'cmake_target': None, 'cmake_target_skip_unavailable': False, 'install_base': '/home/info/ros2_ws/install/my_custom_interfaces', 'merge_install': False, 'path': '/home/info/ros2_ws/tp_turtle_regulation_Emie/src/ros2_tutorial/my_custom_interfaces', 'symlink_install': False, 'test_result_base': None}
[0.569s] Level 5:colcon.colcon_core.verb:set package 'my_service_pkg' build argument 'cmake_args' from command line to 'None'
[0.569s] Level 5:colcon.colcon_core.verb:set package 'my_service_pkg' build argument 'cmake_target' from command line to 'None'
[0.569s] Level 5:colcon.colcon_core.verb:set package 'my_service_pkg' build argument 'cmake_target_skip_unavailable' from command line to 'False'
[0.569s] Level 5:colcon.colcon_core.verb:set package 'my_service_pkg' build argument 'cmake_clean_cache' from command line to 'False'
[0.569s] Level 5:colcon.colcon_core.verb:set package 'my_service_pkg' build argument 'cmake_clean_first' from command line to 'False'
[0.569s] Level 5:colcon.colcon_core.verb:set package 'my_service_pkg' build argument 'cmake_force_configure' from command line to 'False'
[0.569s] Level 5:colcon.colcon_core.verb:set package 'my_service_pkg' build argument 'ament_cmake_args' from command line to 'None'
[0.569s] Level 5:colcon.colcon_core.verb:set package 'my_service_pkg' build argument 'catkin_cmake_args' from command line to 'None'
[0.570s] Level 5:colcon.colcon_core.verb:set package 'my_service_pkg' build argument 'catkin_skip_building_tests' from command line to 'False'
[0.570s] DEBUG:colcon.colcon_core.verb:Building package 'my_service_pkg' with the following arguments: {'ament_cmake_args': None, 'build_base': '/home/info/ros2_ws/build/my_service_pkg', 'catkin_cmake_args': None, 'catkin_skip_building_tests': False, 'cmake_args': None, 'cmake_clean_cache': False, 'cmake_clean_first': False, 'cmake_force_configure': False, 'cmake_target': None, 'cmake_target_skip_unavailable': False, 'install_base': '/home/info/ros2_ws/install/my_service_pkg', 'merge_install': False, 'path': '/home/info/ros2_ws/tp_turtle_regulation_Emie/src/ros2_tutorial/my_service_pkg', 'symlink_install': False, 'test_result_base': None}
[0.570s] Level 5:colcon.colcon_core.verb:set package 'turtle_regulation' build argument 'cmake_args' from command line to 'None'
[0.570s] Level 5:colcon.colcon_core.verb:set package 'turtle_regulation' build argument 'cmake_target' from command line to 'None'
[0.570s] Level 5:colcon.colcon_core.verb:set package 'turtle_regulation' build argument 'cmake_target_skip_unavailable' from command line to 'False'
[0.570s] Level 5:colcon.colcon_core.verb:set package 'turtle_regulation' build argument 'cmake_clean_cache' from command line to 'False'
[0.570s] Level 5:colcon.colcon_core.verb:set package 'turtle_regulation' build argument 'cmake_clean_first' from command line to 'False'
[0.570s] Level 5:colcon.colcon_core.verb:set package 'turtle_regulation' build argument 'cmake_force_configure' from command line to 'False'
[0.570s] Level 5:colcon.colcon_core.verb:set package 'turtle_regulation' build argument 'ament_cmake_args' from command line to 'None'
[0.570s] Level 5:colcon.colcon_core.verb:set package 'turtle_regulation' build argument 'catkin_cmake_args' from command line to 'None'
[0.570s] Level 5:colcon.colcon_core.verb:set package 'turtle_regulation' build argument 'catkin_skip_building_tests' from command line to 'False'
[0.570s] DEBUG:colcon.colcon_core.verb:Building package 'turtle_regulation' with the following arguments: {'ament_cmake_args': None, 'build_base': '/home/info/ros2_ws/build/turtle_regulation', 'catkin_cmake_args': None, 'catkin_skip_building_tests': False, 'cmake_args': None, 'cmake_clean_cache': False, 'cmake_clean_first': False, 'cmake_force_configure': False, 'cmake_target': None, 'cmake_target_skip_unavailable': False, 'install_base': '/home/info/ros2_ws/install/turtle_regulation', 'merge_install': False, 'path': '/home/info/ros2_ws/tp_turtle_regulation_Emie/src/tp_turtle_regulation_Emie/turtle_regulation', 'symlink_install': False, 'test_result_base': None}
[0.571s] Level 5:colcon.colcon_core.verb:set package 'my_py_pkg' build argument 'cmake_args' from command line to 'None'
[0.571s] Level 5:colcon.colcon_core.verb:set package 'my_py_pkg' build argument 'cmake_target' from command line to 'None'
[0.571s] Level 5:colcon.colcon_core.verb:set package 'my_py_pkg' build argument 'cmake_target_skip_unavailable' from command line to 'False'
[0.571s] Level 5:colcon.colcon_core.verb:set package 'my_py_pkg' build argument 'cmake_clean_cache' from command line to 'False'
[0.571s] Level 5:colcon.colcon_core.verb:set package 'my_py_pkg' build argument 'cmake_clean_first' from command line to 'False'
[0.571s] Level 5:colcon.colcon_core.verb:set package 'my_py_pkg' build argument 'cmake_force_configure' from command line to 'False'
[0.571s] Level 5:colcon.colcon_core.verb:set package 'my_py_pkg' build argument 'ament_cmake_args' from command line to 'None'
[0.571s] Level 5:colcon.colcon_core.verb:set package 'my_py_pkg' build argument 'catkin_cmake_args' from command line to 'None'
[0.571s] Level 5:colcon.colcon_core.verb:set package 'my_py_pkg' build argument 'catkin_skip_building_tests' from command line to 'False'
[0.571s] DEBUG:colcon.colcon_core.verb:Building package 'my_py_pkg' with the following arguments: {'ament_cmake_args': None, 'build_base': '/home/info/ros2_ws/build/my_py_pkg', 'catkin_cmake_args': None, 'catkin_skip_building_tests': False, 'cmake_args': None, 'cmake_clean_cache': False, 'cmake_clean_first': False, 'cmake_force_configure': False, 'cmake_target': None, 'cmake_target_skip_unavailable': False, 'install_base': '/home/info/ros2_ws/install/my_py_pkg', 'merge_install': False, 'path': '/home/info/ros2_ws/tp_turtle_regulation_Emie/src/ros2_tutorial/my_py_pkg', 'symlink_install': False, 'test_result_base': None}
[0.571s] INFO:colcon.colcon_core.executor:Executing jobs using 'parallel' executor
[0.573s] DEBUG:colcon.colcon_parallel_executor.executor.parallel:run_until_complete
[0.573s] INFO:colcon.colcon_ros.task.ament_cmake.build:Building ROS package in '/home/info/ros2_ws/tp_turtle_regulation_Emie/src/ros2_tutorial/my_custom_interfaces' with build type 'ament_cmake'
[0.573s] INFO:colcon.colcon_cmake.task.cmake.build:Building CMake package in '/home/info/ros2_ws/tp_turtle_regulation_Emie/src/ros2_tutorial/my_custom_interfaces'
[0.580s] INFO:colcon.colcon_core.plugin_system:Skipping extension 'colcon_core.shell.bat': Not used on non-Windows systems
[0.580s] INFO:colcon.colcon_core.shell:Skip shell extension 'powershell' for command environment: Not usable outside of PowerShell
[0.580s] DEBUG:colcon.colcon_core.shell:Skip shell extension 'dsv' for command environment
[0.592s] INFO:colcon.colcon_ros.task.ament_python.build:Building ROS package in '/home/info/ros2_ws/tp_turtle_regulation_Emie/src/move_pose' with build type 'ament_python'
[0.592s] Level 1:colcon.colcon_core.shell:create_environment_hook('move_pose', 'ament_prefix_path')
[0.593s] INFO:colcon.colcon_core.shell:Creating environment hook '/home/info/ros2_ws/install/move_pose/share/move_pose/hook/ament_prefix_path.ps1'
[0.598s] INFO:colcon.colcon_core.shell:Creating environment descriptor '/home/info/ros2_ws/install/move_pose/share/move_pose/hook/ament_prefix_path.dsv'
[0.600s] INFO:colcon.colcon_core.shell:Creating environment hook '/home/info/ros2_ws/install/move_pose/share/move_pose/hook/ament_prefix_path.sh'
[0.601s] INFO:colcon.colcon_core.shell:Skip shell extension 'powershell' for command environment: Not usable outside of PowerShell
[0.601s] DEBUG:colcon.colcon_core.shell:Skip shell extension 'dsv' for command environment
[0.610s] INFO:colcon.colcon_ros.task.ament_python.build:Building ROS package in '/home/info/ros2_ws/tp_turtle_regulation_Emie/src/move_turtle' with build type 'ament_python'
[0.611s] Level 1:colcon.colcon_core.shell:create_environment_hook('move_turtle', 'ament_prefix_path')
[0.611s] INFO:colcon.colcon_core.shell:Creating environment hook '/home/info/ros2_ws/install/move_turtle/share/move_turtle/hook/ament_prefix_path.ps1'
[0.612s] INFO:colcon.colcon_core.shell:Creating environment descriptor '/home/info/ros2_ws/install/move_turtle/share/move_turtle/hook/ament_prefix_path.dsv'
[0.612s] INFO:colcon.colcon_core.shell:Creating environment hook '/home/info/ros2_ws/install/move_turtle/share/move_turtle/hook/ament_prefix_path.sh'
[0.613s] INFO:colcon.colcon_core.shell:Skip shell extension 'powershell' for command environment: Not usable outside of PowerShell
[0.614s] DEBUG:colcon.colcon_core.shell:Skip shell extension 'dsv' for command environment
[0.626s] INFO:colcon.colcon_ros.task.ament_python.build:Building ROS package in '/home/info/ros2_ws/tp_turtle_regulation_Emie/src/ros2_tutorial/my_service_pkg' with build type 'ament_python'
[0.626s] Level 1:colcon.colcon_core.shell:create_environment_hook('my_service_pkg', 'ament_prefix_path')
[0.626s] INFO:colcon.colcon_core.shell:Creating environment hook '/home/info/ros2_ws/install/my_service_pkg/share/my_service_pkg/hook/ament_prefix_path.ps1'
[0.632s] INFO:colcon.colcon_core.shell:Creating environment descriptor '/home/info/ros2_ws/install/my_service_pkg/share/my_service_pkg/hook/ament_prefix_path.dsv'
[0.633s] INFO:colcon.colcon_core.shell:Creating environment hook '/home/info/ros2_ws/install/my_service_pkg/share/my_service_pkg/hook/ament_prefix_path.sh'
[0.639s] INFO:colcon.colcon_core.shell:Skip shell extension 'powershell' for command environment: Not usable outside of PowerShell
[0.639s] DEBUG:colcon.colcon_core.shell:Skip shell extension 'dsv' for command environment
[0.681s] INFO:colcon.colcon_ros.task.ament_python.build:Building ROS package in '/home/info/ros2_ws/tp_turtle_regulation_Emie/src/tp_turtle_regulation_Emie/turtle_regulation' with build type 'ament_python'
[0.681s] Level 1:colcon.colcon_core.shell:create_environment_hook('turtle_regulation', 'ament_prefix_path')
[0.682s] INFO:colcon.colcon_core.shell:Creating environment hook '/home/info/ros2_ws/install/turtle_regulation/share/turtle_regulation/hook/ament_prefix_path.ps1'
[0.687s] INFO:colcon.colcon_core.shell:Creating environment descriptor '/home/info/ros2_ws/install/turtle_regulation/share/turtle_regulation/hook/ament_prefix_path.dsv'
[0.688s] INFO:colcon.colcon_core.shell:Creating environment hook '/home/info/ros2_ws/install/turtle_regulation/share/turtle_regulation/hook/ament_prefix_path.sh'
[0.689s] INFO:colcon.colcon_core.shell:Skip shell extension 'powershell' for command environment: Not usable outside of PowerShell
[0.689s] DEBUG:colcon.colcon_core.shell:Skip shell extension 'dsv' for command environment
[0.727s] DEBUG:colcon.colcon_core.event_handler.log_command:Invoking command in '/home/info/ros2_ws/build/my_custom_interfaces': CMAKE_PREFIX_PATH=${CMAKE_PREFIX_PATH}:/home/info/ros2_ws/install/turtle_regulation:/home/info/ros2_ws/install/my_service_pkg:/home/info/ros2_ws/install/my_py_pkg:/home/info/ros2_ws/install/move_turtle:/home/info/ros2_ws/install/move_pose:/opt/ros/jazzy DEBUGINFOD_URLS=https://debuginfod.ubuntu.com /usr/bin/cmake --build /home/info/ros2_ws/build/my_custom_interfaces -- -j6 -l6
[1.692s] INFO:colcon.colcon_core.task.python.build:Building Python package in '/home/info/ros2_ws/tp_turtle_regulation_Emie/src/move_pose'
[1.694s] INFO:colcon.colcon_core.shell:Skip shell extension 'powershell' for command environment: Not usable outside of PowerShell
[1.694s] DEBUG:colcon.colcon_core.shell:Skip shell extension 'dsv' for command environment
[4.490s] INFO:colcon.colcon_core.task.python.build:Building Python package in '/home/info/ros2_ws/tp_turtle_regulation_Emie/src/move_turtle'
[4.490s] INFO:colcon.colcon_core.shell:Skip shell extension 'powershell' for command environment: Not usable outside of PowerShell
[4.490s] DEBUG:colcon.colcon_core.shell:Skip shell extension 'dsv' for command environment
[5.476s] INFO:colcon.colcon_core.task.python.build:Building Python package in '/home/info/ros2_ws/tp_turtle_regulation_Emie/src/ros2_tutorial/my_service_pkg'
[5.480s] INFO:colcon.colcon_core.shell:Skip shell extension 'powershell' for command environment: Not usable outside of PowerShell
[5.481s] DEBUG:colcon.colcon_core.shell:Skip shell extension 'dsv' for command environment
[6.267s] INFO:colcon.colcon_core.task.python.build:Building Python package in '/home/info/ros2_ws/tp_turtle_regulation_Emie/src/tp_turtle_regulation_Emie/turtle_regulation'
[6.267s] INFO:colcon.colcon_core.shell:Skip shell extension 'powershell' for command environment: Not usable outside of PowerShell
[6.267s] DEBUG:colcon.colcon_core.shell:Skip shell extension 'dsv' for command environment
[6.299s] DEBUG:colcon.colcon_core.event_handler.log_command:Invoked command in '/home/info/ros2_ws/build/my_custom_interfaces' returned '0': CMAKE_PREFIX_PATH=${CMAKE_PREFIX_PATH}:/home/info/ros2_ws/install/turtle_regulation:/home/info/ros2_ws/install/my_service_pkg:/home/info/ros2_ws/install/my_py_pkg:/home/info/ros2_ws/install/move_turtle:/home/info/ros2_ws/install/move_pose:/opt/ros/jazzy DEBUGINFOD_URLS=https://debuginfod.ubuntu.com /usr/bin/cmake --build /home/info/ros2_ws/build/my_custom_interfaces -- -j6 -l6
[6.595s] DEBUG:colcon.colcon_core.event_handler.log_command:Invoking command in '/home/info/ros2_ws/build/my_custom_interfaces': CMAKE_PREFIX_PATH=${CMAKE_PREFIX_PATH}:/home/info/ros2_ws/install/turtle_regulation:/home/info/ros2_ws/install/my_service_pkg:/home/info/ros2_ws/install/my_py_pkg:/home/info/ros2_ws/install/move_turtle:/home/info/ros2_ws/install/move_pose:/opt/ros/jazzy DEBUGINFOD_URLS=https://debuginfod.ubuntu.com /usr/bin/cmake --install /home/info/ros2_ws/build/my_custom_interfaces
[7.164s] Level 1:colcon.colcon_core.environment:create_environment_scripts_only(my_custom_interfaces)
[7.165s] DEBUG:colcon.colcon_core.event_handler.log_command:Invoked command in '/home/info/ros2_ws/build/my_custom_interfaces' returned '0': CMAKE_PREFIX_PATH=${CMAKE_PREFIX_PATH}:/home/info/ros2_ws/install/turtle_regulation:/home/info/ros2_ws/install/my_service_pkg:/home/info/ros2_ws/install/my_py_pkg:/home/info/ros2_ws/install/move_turtle:/home/info/ros2_ws/install/move_pose:/opt/ros/jazzy DEBUGINFOD_URLS=https://debuginfod.ubuntu.com /usr/bin/cmake --install /home/info/ros2_ws/build/my_custom_interfaces
[7.170s] Level 1:colcon.colcon_core.environment:checking '/home/info/ros2_ws/install/my_custom_interfaces' for CMake module files
[7.174s] Level 1:colcon.colcon_core.environment:checking '/home/info/ros2_ws/install/my_custom_interfaces' for CMake config files
[7.177s] Level 1:colcon.colcon_core.shell:create_environment_hook('my_custom_interfaces', 'cmake_prefix_path')
[7.177s] INFO:colcon.colcon_core.shell:Creating environment hook '/home/info/ros2_ws/install/my_custom_interfaces/share/my_custom_interfaces/hook/cmake_prefix_path.ps1'
[7.178s] INFO:colcon.colcon_core.shell:Creating environment descriptor '/home/info/ros2_ws/install/my_custom_interfaces/share/my_custom_interfaces/hook/cmake_prefix_path.dsv'
[7.178s] INFO:colcon.colcon_core.shell:Creating environment hook '/home/info/ros2_ws/install/my_custom_interfaces/share/my_custom_interfaces/hook/cmake_prefix_path.sh'
[7.179s] Level 1:colcon.colcon_core.environment:checking '/home/info/ros2_ws/install/my_custom_interfaces/lib'
[7.179s] Level 1:colcon.colcon_core.shell:create_environment_hook('my_custom_interfaces', 'ld_library_path_lib')
[7.180s] INFO:colcon.colcon_core.shell:Creating environment hook '/home/info/ros2_ws/install/my_custom_interfaces/share/my_custom_interfaces/hook/ld_library_path_lib.ps1'
[7.180s] INFO:colcon.colcon_core.shell:Creating environment descriptor '/home/info/ros2_ws/install/my_custom_interfaces/share/my_custom_interfaces/hook/ld_library_path_lib.dsv'
[7.181s] INFO:colcon.colcon_core.shell:Creating environment hook '/home/info/ros2_ws/install/my_custom_interfaces/share/my_custom_interfaces/hook/ld_library_path_lib.sh'
[7.181s] Level 1:colcon.colcon_core.environment:checking '/home/info/ros2_ws/install/my_custom_interfaces/bin'
[7.182s] Level 1:colcon.colcon_core.environment:checking '/home/info/ros2_ws/install/my_custom_interfaces/lib/pkgconfig/my_custom_interfaces.pc'
[7.182s] Level 1:colcon.colcon_core.environment:checking '/home/info/ros2_ws/install/my_custom_interfaces/lib/python3.12/site-packages'
[7.182s] Level 1:colcon.colcon_core.shell:create_environment_hook('my_custom_interfaces', 'pythonpath')
[7.182s] INFO:colcon.colcon_core.shell:Creating environment hook '/home/info/ros2_ws/install/my_custom_interfaces/share/my_custom_interfaces/hook/pythonpath.ps1'
[7.183s] INFO:colcon.colcon_core.shell:Creating environment descriptor '/home/info/ros2_ws/install/my_custom_interfaces/share/my_custom_interfaces/hook/pythonpath.dsv'
[7.184s] INFO:colcon.colcon_core.shell:Creating environment hook '/home/info/ros2_ws/install/my_custom_interfaces/share/my_custom_interfaces/hook/pythonpath.sh'
[7.185s] Level 1:colcon.colcon_core.environment:checking '/home/info/ros2_ws/install/my_custom_interfaces/bin'
[7.185s] INFO:colcon.colcon_core.shell:Creating package script '/home/info/ros2_ws/install/my_custom_interfaces/share/my_custom_interfaces/package.ps1'
[7.186s] INFO:colcon.colcon_core.shell:Creating package descriptor '/home/info/ros2_ws/install/my_custom_interfaces/share/my_custom_interfaces/package.dsv'
[7.187s] INFO:colcon.colcon_core.shell:Creating package script '/home/info/ros2_ws/install/my_custom_interfaces/share/my_custom_interfaces/package.sh'
[7.188s] INFO:colcon.colcon_core.shell:Creating package script '/home/info/ros2_ws/install/my_custom_interfaces/share/my_custom_interfaces/package.bash'
[7.189s] INFO:colcon.colcon_core.shell:Creating package script '/home/info/ros2_ws/install/my_custom_interfaces/share/my_custom_interfaces/package.zsh'
[7.190s] Level 1:colcon.colcon_core.environment:create_file_with_runtime_dependencies(/home/info/ros2_ws/install/my_custom_interfaces/share/colcon-core/packages/my_custom_interfaces)
[7.191s] Level 1:colcon.colcon_core.environment:create_environment_scripts_only(my_custom_interfaces)
[7.191s] Level 1:colcon.colcon_core.environment:checking '/home/info/ros2_ws/install/my_custom_interfaces' for CMake module files
[7.193s] Level 1:colcon.colcon_core.environment:checking '/home/info/ros2_ws/install/my_custom_interfaces' for CMake config files
[7.194s] Level 1:colcon.colcon_core.shell:create_environment_hook('my_custom_interfaces', 'cmake_prefix_path')
[7.195s] INFO:colcon.colcon_core.shell:Creating environment hook '/home/info/ros2_ws/install/my_custom_interfaces/share/my_custom_interfaces/hook/cmake_prefix_path.ps1'
[7.195s] INFO:colcon.colcon_core.shell:Creating environment descriptor '/home/info/ros2_ws/install/my_custom_interfaces/share/my_custom_interfaces/hook/cmake_prefix_path.dsv'
[7.196s] INFO:colcon.colcon_core.shell:Creating environment hook '/home/info/ros2_ws/install/my_custom_interfaces/share/my_custom_interfaces/hook/cmake_prefix_path.sh'
[7.197s] Level 1:colcon.colcon_core.environment:checking '/home/info/ros2_ws/install/my_custom_interfaces/lib'
[7.197s] Level 1:colcon.colcon_core.shell:create_environment_hook('my_custom_interfaces', 'ld_library_path_lib')
[7.197s] INFO:colcon.colcon_core.shell:Creating environment hook '/home/info/ros2_ws/install/my_custom_interfaces/share/my_custom_interfaces/hook/ld_library_path_lib.ps1'
[7.198s] INFO:colcon.colcon_core.shell:Creating environment descriptor '/home/info/ros2_ws/install/my_custom_interfaces/share/my_custom_interfaces/hook/ld_library_path_lib.dsv'
[7.198s] INFO:colcon.colcon_core.shell:Creating environment hook '/home/info/ros2_ws/install/my_custom_interfaces/share/my_custom_interfaces/hook/ld_library_path_lib.sh'
[7.199s] Level 1:colcon.colcon_core.environment:checking '/home/info/ros2_ws/install/my_custom_interfaces/bin'
[7.199s] Level 1:colcon.colcon_core.environment:checking '/home/info/ros2_ws/install/my_custom_interfaces/lib/pkgconfig/my_custom_interfaces.pc'
[7.199s] Level 1:colcon.colcon_core.environment:checking '/home/info/ros2_ws/install/my_custom_interfaces/lib/python3.12/site-packages'
[7.200s] Level 1:colcon.colcon_core.shell:create_environment_hook('my_custom_interfaces', 'pythonpath')
[7.200s] INFO:colcon.colcon_core.shell:Creating environment hook '/home/info/ros2_ws/install/my_custom_interfaces/share/my_custom_interfaces/hook/pythonpath.ps1'
[7.200s] INFO:colcon.colcon_core.shell:Creating environment descriptor '/home/info/ros2_ws/install/my_custom_interfaces/share/my_custom_interfaces/hook/pythonpath.dsv'
[7.201s] INFO:colcon.colcon_core.shell:Creating environment hook '/home/info/ros2_ws/install/my_custom_interfaces/share/my_custom_interfaces/hook/pythonpath.sh'
[7.202s] Level 1:colcon.colcon_core.environment:checking '/home/info/ros2_ws/install/my_custom_interfaces/bin'
[7.202s] INFO:colcon.colcon_core.shell:Creating package script '/home/info/ros2_ws/install/my_custom_interfaces/share/my_custom_interfaces/package.ps1'
[7.203s] INFO:colcon.colcon_core.shell:Creating package descriptor '/home/info/ros2_ws/install/my_custom_interfaces/share/my_custom_interfaces/package.dsv'
[7.204s] INFO:colcon.colcon_core.shell:Creating package script '/home/info/ros2_ws/install/my_custom_interfaces/share/my_custom_interfaces/package.sh'
[7.205s] INFO:colcon.colcon_core.shell:Creating package script '/home/info/ros2_ws/install/my_custom_interfaces/share/my_custom_interfaces/package.bash'
[7.205s] INFO:colcon.colcon_core.shell:Creating package script '/home/info/ros2_ws/install/my_custom_interfaces/share/my_custom_interfaces/package.zsh'
[7.206s] Level 1:colcon.colcon_core.environment:create_file_with_runtime_dependencies(/home/info/ros2_ws/install/my_custom_interfaces/share/colcon-core/packages/my_custom_interfaces)
[7.206s] INFO:colcon.colcon_ros.task.ament_python.build:Building ROS package in '/home/info/ros2_ws/tp_turtle_regulation_Emie/src/ros2_tutorial/my_py_pkg' with build type 'ament_python'
[7.206s] Level 1:colcon.colcon_core.shell:create_environment_hook('my_py_pkg', 'ament_prefix_path')
[7.207s] INFO:colcon.colcon_core.shell:Creating environment hook '/home/info/ros2_ws/install/my_py_pkg/share/my_py_pkg/hook/ament_prefix_path.ps1'
[7.211s] INFO:colcon.colcon_core.shell:Creating environment descriptor '/home/info/ros2_ws/install/my_py_pkg/share/my_py_pkg/hook/ament_prefix_path.dsv'
[7.212s] INFO:colcon.colcon_core.shell:Creating environment hook '/home/info/ros2_ws/install/my_py_pkg/share/my_py_pkg/hook/ament_prefix_path.sh'
[7.213s] INFO:colcon.colcon_core.shell:Skip shell extension 'powershell' for command environment: Not usable outside of PowerShell
[7.213s] DEBUG:colcon.colcon_core.shell:Skip shell extension 'dsv' for command environment
[8.127s] INFO:colcon.colcon_core.task.python.build:Building Python package in '/home/info/ros2_ws/tp_turtle_regulation_Emie/src/ros2_tutorial/my_py_pkg'
[8.128s] INFO:colcon.colcon_core.shell:Skip shell extension 'powershell' for command environment: Not usable outside of PowerShell
[8.128s] DEBUG:colcon.colcon_core.shell:Skip shell extension 'dsv' for command environment
[8.540s] DEBUG:colcon.colcon_core.event_handler.log_command:Invoking command in '/home/info/ros2_ws/tp_turtle_regulation_Emie/src/ros2_tutorial/my_service_pkg': DEBUGINFOD_URLS=https://debuginfod.ubuntu.com PYTHONPATH=/home/info/ros2_ws/build/my_service_pkg/prefix_override:/usr/lib/python3/dist-packages/colcon_core/task/python/colcon_distutils_commands:/home/info/ros2_ws/install/my_service_pkg/lib/python3.12/site-packages:${PYTHONPATH} /usr/bin/python3 -W ignore:setup.py install is deprecated -W ignore:easy_install command is deprecated setup.py egg_info --egg-base ../../../../build/my_service_pkg build --build-base /home/info/ros2_ws/build/my_service_pkg/build install --record /home/info/ros2_ws/build/my_service_pkg/install.log --single-version-externally-managed install_data
[8.570s] DEBUG:colcon.colcon_core.event_handler.log_command:Invoking command in '/home/info/ros2_ws/tp_turtle_regulation_Emie/src/move_turtle': DEBUGINFOD_URLS=https://debuginfod.ubuntu.com PYTHONPATH=/home/info/ros2_ws/build/move_turtle/prefix_override:/usr/lib/python3/dist-packages/colcon_core/task/python/colcon_distutils_commands:/home/info/ros2_ws/install/move_turtle/lib/python3.12/site-packages:${PYTHONPATH} /usr/bin/python3 -W ignore:setup.py install is deprecated -W ignore:easy_install command is deprecated setup.py egg_info --egg-base ../../../build/move_turtle build --build-base /home/info/ros2_ws/build/move_turtle/build install --record /home/info/ros2_ws/build/move_turtle/install.log --single-version-externally-managed install_data
[8.636s] DEBUG:colcon.colcon_core.event_handler.log_command:Invoking command in '/home/info/ros2_ws/tp_turtle_regulation_Emie/src/move_pose': DEBUGINFOD_URLS=https://debuginfod.ubuntu.com PYTHONPATH=/home/info/ros2_ws/build/move_pose/prefix_override:/usr/lib/python3/dist-packages/colcon_core/task/python/colcon_distutils_commands:/home/info/ros2_ws/install/move_pose/lib/python3.12/site-packages:${PYTHONPATH} /usr/bin/python3 -W ignore:setup.py install is deprecated -W ignore:easy_install command is deprecated setup.py egg_info --egg-base ../../../build/move_pose build --build-base /home/info/ros2_ws/build/move_pose/build install --record /home/info/ros2_ws/build/move_pose/install.log --single-version-externally-managed install_data
[8.771s] DEBUG:colcon.colcon_core.event_handler.log_command:Invoking command in '/home/info/ros2_ws/tp_turtle_regulation_Emie/src/tp_turtle_regulation_Emie/turtle_regulation': DEBUGINFOD_URLS=https://debuginfod.ubuntu.com PYTHONPATH=/home/info/ros2_ws/build/turtle_regulation/prefix_override:/usr/lib/python3/dist-packages/colcon_core/task/python/colcon_distutils_commands:/home/info/ros2_ws/install/turtle_regulation/lib/python3.12/site-packages:${PYTHONPATH} /usr/bin/python3 -W ignore:setup.py install is deprecated -W ignore:easy_install command is deprecated setup.py egg_info --egg-base ../../../../build/turtle_regulation build --build-base /home/info/ros2_ws/build/turtle_regulation/build install --record /home/info/ros2_ws/build/turtle_regulation/install.log --single-version-externally-managed install_data
[9.975s] DEBUG:colcon.colcon_core.event_handler.log_command:Invoking command in '/home/info/ros2_ws/tp_turtle_regulation_Emie/src/ros2_tutorial/my_py_pkg': DEBUGINFOD_URLS=https://debuginfod.ubuntu.com PYTHONPATH=/home/info/ros2_ws/build/my_py_pkg/prefix_override:/usr/lib/python3/dist-packages/colcon_core/task/python/colcon_distutils_commands:/home/info/ros2_ws/install/my_py_pkg/lib/python3.12/site-packages:/home/info/ros2_ws/install/my_custom_interfaces/lib/python3.12/site-packages:/home/info/ros2_ws/install/turtle_regulation/lib/python3.12/site-packages:/home/info/ros2_ws/install/my_service_pkg/lib/python3.12/site-packages:/home/info/ros2_ws/install/my_py_pkg/lib/python3.12/site-packages:/home/info/ros2_ws/install/move_turtle/lib/python3.12/site-packages:/home/info/ros2_ws/install/move_pose/lib/python3.12/site-packages:/opt/ros/jazzy/lib/python3.12/site-packages /usr/bin/python3 -W ignore:setup.py install is deprecated -W ignore:easy_install command is deprecated setup.py egg_info --egg-base ../../../../build/my_py_pkg build --build-base /home/info/ros2_ws/build/my_py_pkg/build install --record /home/info/ros2_ws/build/my_py_pkg/install.log --single-version-externally-managed install_data
[10.477s] Level 1:colcon.colcon_core.environment:checking '/home/info/ros2_ws/install/move_turtle' for CMake module files
[10.478s] DEBUG:colcon.colcon_core.event_handler.log_command:Invoked command in '/home/info/ros2_ws/tp_turtle_regulation_Emie/src/move_turtle' returned '0': DEBUGINFOD_URLS=https://debuginfod.ubuntu.com PYTHONPATH=/home/info/ros2_ws/build/move_turtle/prefix_override:/usr/lib/python3/dist-packages/colcon_core/task/python/colcon_distutils_commands:/home/info/ros2_ws/install/move_turtle/lib/python3.12/site-packages:${PYTHONPATH} /usr/bin/python3 -W ignore:setup.py install is deprecated -W ignore:easy_install command is deprecated setup.py egg_info --egg-base ../../../build/move_turtle build --build-base /home/info/ros2_ws/build/move_turtle/build install --record /home/info/ros2_ws/build/move_turtle/install.log --single-version-externally-managed install_data
[10.478s] Level 1:colcon.colcon_core.environment:checking '/home/info/ros2_ws/install/move_turtle' for CMake config files
[10.480s] Level 1:colcon.colcon_core.environment:checking '/home/info/ros2_ws/install/move_turtle/lib'
[10.480s] Level 1:colcon.colcon_core.environment:checking '/home/info/ros2_ws/install/move_turtle/bin'
[10.480s] Level 1:colcon.colcon_core.environment:checking '/home/info/ros2_ws/install/move_turtle/lib/pkgconfig/move_turtle.pc'
[10.480s] Level 1:colcon.colcon_core.environment:checking '/home/info/ros2_ws/install/move_turtle/lib/python3.12/site-packages'
[10.480s] Level 1:colcon.colcon_core.shell:create_environment_hook('move_turtle', 'pythonpath')
[10.481s] INFO:colcon.colcon_core.shell:Creating environment hook '/home/info/ros2_ws/install/move_turtle/share/move_turtle/hook/pythonpath.ps1'
[10.482s] INFO:colcon.colcon_core.shell:Creating environment descriptor '/home/info/ros2_ws/install/move_turtle/share/move_turtle/hook/pythonpath.dsv'
[10.482s] INFO:colcon.colcon_core.shell:Creating environment hook '/home/info/ros2_ws/install/move_turtle/share/move_turtle/hook/pythonpath.sh'
[10.483s] Level 1:colcon.colcon_core.environment:checking '/home/info/ros2_ws/install/move_turtle/bin'
[10.483s] Level 1:colcon.colcon_core.environment:create_environment_scripts_only(move_turtle)
[10.483s] INFO:colcon.colcon_core.shell:Creating package script '/home/info/ros2_ws/install/move_turtle/share/move_turtle/package.ps1'
[10.484s] INFO:colcon.colcon_core.shell:Creating package descriptor '/home/info/ros2_ws/install/move_turtle/share/move_turtle/package.dsv'
[10.485s] INFO:colcon.colcon_core.shell:Creating package script '/home/info/ros2_ws/install/move_turtle/share/move_turtle/package.sh'
[10.486s] INFO:colcon.colcon_core.shell:Creating package script '/home/info/ros2_ws/install/move_turtle/share/move_turtle/package.bash'
[10.486s] INFO:colcon.colcon_core.shell:Creating package script '/home/info/ros2_ws/install/move_turtle/share/move_turtle/package.zsh'
[10.488s] Level 1:colcon.colcon_core.environment:create_file_with_runtime_dependencies(/home/info/ros2_ws/install/move_turtle/share/colcon-core/packages/move_turtle)
[10.493s] Level 1:colcon.colcon_core.environment:checking '/home/info/ros2_ws/install/my_service_pkg' for CMake module files
[10.494s] Level 1:colcon.colcon_core.environment:checking '/home/info/ros2_ws/install/my_service_pkg' for CMake config files
[10.495s] Level 1:colcon.colcon_core.environment:checking '/home/info/ros2_ws/install/my_service_pkg/lib'
[10.495s] Level 1:colcon.colcon_core.environment:checking '/home/info/ros2_ws/install/my_service_pkg/bin'
[10.495s] Level 1:colcon.colcon_core.environment:checking '/home/info/ros2_ws/install/my_service_pkg/lib/pkgconfig/my_service_pkg.pc'
[10.495s] Level 1:colcon.colcon_core.environment:checking '/home/info/ros2_ws/install/my_service_pkg/lib/python3.12/site-packages'
[10.495s] Level 1:colcon.colcon_core.shell:create_environment_hook('my_service_pkg', 'pythonpath')
[10.496s] INFO:colcon.colcon_core.shell:Creating environment hook '/home/info/ros2_ws/install/my_service_pkg/share/my_service_pkg/hook/pythonpath.ps1'
[10.497s] DEBUG:colcon.colcon_core.event_handler.log_command:Invoked command in '/home/info/ros2_ws/tp_turtle_regulation_Emie/src/ros2_tutorial/my_service_pkg' returned '0': DEBUGINFOD_URLS=https://debuginfod.ubuntu.com PYTHONPATH=/home/info/ros2_ws/build/my_service_pkg/prefix_override:/usr/lib/python3/dist-packages/colcon_core/task/python/colcon_distutils_commands:/home/info/ros2_ws/install/my_service_pkg/lib/python3.12/site-packages:${PYTHONPATH} /usr/bin/python3 -W ignore:setup.py install is deprecated -W ignore:easy_install command is deprecated setup.py egg_info --egg-base ../../../../build/my_service_pkg build --build-base /home/info/ros2_ws/build/my_service_pkg/build install --record /home/info/ros2_ws/build/my_service_pkg/install.log --single-version-externally-managed install_data
[10.498s] INFO:colcon.colcon_core.shell:Creating environment descriptor '/home/info/ros2_ws/install/my_service_pkg/share/my_service_pkg/hook/pythonpath.dsv'
[10.498s] INFO:colcon.colcon_core.shell:Creating environment hook '/home/info/ros2_ws/install/my_service_pkg/share/my_service_pkg/hook/pythonpath.sh'
[10.499s] Level 1:colcon.colcon_core.environment:checking '/home/info/ros2_ws/install/my_service_pkg/bin'
[10.499s] Level 1:colcon.colcon_core.environment:create_environment_scripts_only(my_service_pkg)
[10.500s] INFO:colcon.colcon_core.shell:Creating package script '/home/info/ros2_ws/install/my_service_pkg/share/my_service_pkg/package.ps1'
[10.501s] INFO:colcon.colcon_core.shell:Creating package descriptor '/home/info/ros2_ws/install/my_service_pkg/share/my_service_pkg/package.dsv'
[10.501s] INFO:colcon.colcon_core.shell:Creating package script '/home/info/ros2_ws/install/my_service_pkg/share/my_service_pkg/package.sh'
[10.502s] INFO:colcon.colcon_core.shell:Creating package script '/home/info/ros2_ws/install/my_service_pkg/share/my_service_pkg/package.bash'
[10.503s] INFO:colcon.colcon_core.shell:Creating package script '/home/info/ros2_ws/install/my_service_pkg/share/my_service_pkg/package.zsh'
[10.504s] Level 1:colcon.colcon_core.environment:create_file_with_runtime_dependencies(/home/info/ros2_ws/install/my_service_pkg/share/colcon-core/packages/my_service_pkg)
[10.544s] Level 1:colcon.colcon_core.environment:checking '/home/info/ros2_ws/install/move_pose' for CMake module files
[10.545s] Level 1:colcon.colcon_core.environment:checking '/home/info/ros2_ws/install/move_pose' for CMake config files
[10.547s] Level 1:colcon.colcon_core.environment:checking '/home/info/ros2_ws/install/move_pose/lib'
[10.547s] Level 1:colcon.colcon_core.environment:checking '/home/info/ros2_ws/install/move_pose/bin'
[10.547s] Level 1:colcon.colcon_core.environment:checking '/home/info/ros2_ws/install/move_pose/lib/pkgconfig/move_pose.pc'
[10.547s] Level 1:colcon.colcon_core.environment:checking '/home/info/ros2_ws/install/move_pose/lib/python3.12/site-packages'
[10.548s] DEBUG:colcon.colcon_core.event_handler.log_command:Invoked command in '/home/info/ros2_ws/tp_turtle_regulation_Emie/src/move_pose' returned '0': DEBUGINFOD_URLS=https://debuginfod.ubuntu.com PYTHONPATH=/home/info/ros2_ws/build/move_pose/prefix_override:/usr/lib/python3/dist-packages/colcon_core/task/python/colcon_distutils_commands:/home/info/ros2_ws/install/move_pose/lib/python3.12/site-packages:${PYTHONPATH} /usr/bin/python3 -W ignore:setup.py install is deprecated -W ignore:easy_install command is deprecated setup.py egg_info --egg-base ../../../build/move_pose build --build-base /home/info/ros2_ws/build/move_pose/build install --record /home/info/ros2_ws/build/move_pose/install.log --single-version-externally-managed install_data
[10.548s] Level 1:colcon.colcon_core.shell:create_environment_hook('move_pose', 'pythonpath')
[10.548s] INFO:colcon.colcon_core.shell:Creating environment hook '/home/info/ros2_ws/install/move_pose/share/move_pose/hook/pythonpath.ps1'
[10.549s] INFO:colcon.colcon_core.shell:Creating environment descriptor '/home/info/ros2_ws/install/move_pose/share/move_pose/hook/pythonpath.dsv'
[10.549s] INFO:colcon.colcon_core.shell:Creating environment hook '/home/info/ros2_ws/install/move_pose/share/move_pose/hook/pythonpath.sh'
[10.550s] Level 1:colcon.colcon_core.environment:checking '/home/info/ros2_ws/install/move_pose/bin'
[10.550s] Level 1:colcon.colcon_core.environment:create_environment_scripts_only(move_pose)
[10.551s] INFO:colcon.colcon_core.shell:Creating package script '/home/info/ros2_ws/install/move_pose/share/move_pose/package.ps1'
[10.551s] INFO:colcon.colcon_core.shell:Creating package descriptor '/home/info/ros2_ws/install/move_pose/share/move_pose/package.dsv'
[10.552s] INFO:colcon.colcon_core.shell:Creating package script '/home/info/ros2_ws/install/move_pose/share/move_pose/package.sh'
[10.553s] INFO:colcon.colcon_core.shell:Creating package script '/home/info/ros2_ws/install/move_pose/share/move_pose/package.bash'
[10.554s] INFO:colcon.colcon_core.shell:Creating package script '/home/info/ros2_ws/install/move_pose/share/move_pose/package.zsh'
[10.554s] Level 1:colcon.colcon_core.environment:create_file_with_runtime_dependencies(/home/info/ros2_ws/install/move_pose/share/colcon-core/packages/move_pose)
[10.617s] Level 1:colcon.colcon_core.environment:checking '/home/info/ros2_ws/install/turtle_regulation' for CMake module files
[10.618s] DEBUG:colcon.colcon_core.event_handler.log_command:Invoked command in '/home/info/ros2_ws/tp_turtle_regulation_Emie/src/tp_turtle_regulation_Emie/turtle_regulation' returned '0': DEBUGINFOD_URLS=https://debuginfod.ubuntu.com PYTHONPATH=/home/info/ros2_ws/build/turtle_regulation/prefix_override:/usr/lib/python3/dist-packages/colcon_core/task/python/colcon_distutils_commands:/home/info/ros2_ws/install/turtle_regulation/lib/python3.12/site-packages:${PYTHONPATH} /usr/bin/python3 -W ignore:setup.py install is deprecated -W ignore:easy_install command is deprecated setup.py egg_info --egg-base ../../../../build/turtle_regulation build --build-base /home/info/ros2_ws/build/turtle_regulation/build install --record /home/info/ros2_ws/build/turtle_regulation/install.log --single-version-externally-managed install_data
[10.619s] Level 1:colcon.colcon_core.environment:checking '/home/info/ros2_ws/install/turtle_regulation' for CMake config files
[10.620s] Level 1:colcon.colcon_core.environment:checking '/home/info/ros2_ws/install/turtle_regulation/lib'
[10.620s] Level 1:colcon.colcon_core.environment:checking '/home/info/ros2_ws/install/turtle_regulation/bin'
[10.620s] Level 1:colcon.colcon_core.environment:checking '/home/info/ros2_ws/install/turtle_regulation/lib/pkgconfig/turtle_regulation.pc'
[10.620s] Level 1:colcon.colcon_core.environment:checking '/home/info/ros2_ws/install/turtle_regulation/lib/python3.12/site-packages'
[10.621s] Level 1:colcon.colcon_core.shell:create_environment_hook('turtle_regulation', 'pythonpath')
[10.621s] INFO:colcon.colcon_core.shell:Creating environment hook '/home/info/ros2_ws/install/turtle_regulation/share/turtle_regulation/hook/pythonpath.ps1'
[10.622s] INFO:colcon.colcon_core.shell:Creating environment descriptor '/home/info/ros2_ws/install/turtle_regulation/share/turtle_regulation/hook/pythonpath.dsv'
[10.623s] INFO:colcon.colcon_core.shell:Creating environment hook '/home/info/ros2_ws/install/turtle_regulation/share/turtle_regulation/hook/pythonpath.sh'
[10.624s] Level 1:colcon.colcon_core.environment:checking '/home/info/ros2_ws/install/turtle_regulation/bin'
[10.624s] Level 1:colcon.colcon_core.environment:create_environment_scripts_only(turtle_regulation)
[10.624s] INFO:colcon.colcon_core.shell:Creating package script '/home/info/ros2_ws/install/turtle_regulation/share/turtle_regulation/package.ps1'
[10.625s] INFO:colcon.colcon_core.shell:Creating package descriptor '/home/info/ros2_ws/install/turtle_regulation/share/turtle_regulation/package.dsv'
[10.626s] INFO:colcon.colcon_core.shell:Creating package script '/home/info/ros2_ws/install/turtle_regulation/share/turtle_regulation/package.sh'
[10.627s] INFO:colcon.colcon_core.shell:Creating package script '/home/info/ros2_ws/install/turtle_regulation/share/turtle_regulation/package.bash'
[10.628s] INFO:colcon.colcon_core.shell:Creating package script '/home/info/ros2_ws/install/turtle_regulation/share/turtle_regulation/package.zsh'
[10.628s] Level 1:colcon.colcon_core.environment:create_file_with_runtime_dependencies(/home/info/ros2_ws/install/turtle_regulation/share/colcon-core/packages/turtle_regulation)
[11.460s] Level 1:colcon.colcon_core.environment:checking '/home/info/ros2_ws/install/my_py_pkg' for CMake module files
[11.461s] DEBUG:colcon.colcon_core.event_handler.log_command:Invoked command in '/home/info/ros2_ws/tp_turtle_regulation_Emie/src/ros2_tutorial/my_py_pkg' returned '0': DEBUGINFOD_URLS=https://debuginfod.ubuntu.com PYTHONPATH=/home/info/ros2_ws/build/my_py_pkg/prefix_override:/usr/lib/python3/dist-packages/colcon_core/task/python/colcon_distutils_commands:/home/info/ros2_ws/install/my_py_pkg/lib/python3.12/site-packages:/home/info/ros2_ws/install/my_custom_interfaces/lib/python3.12/site-packages:/home/info/ros2_ws/install/turtle_regulation/lib/python3.12/site-packages:/home/info/ros2_ws/install/my_service_pkg/lib/python3.12/site-packages:/home/info/ros2_ws/install/my_py_pkg/lib/python3.12/site-packages:/home/info/ros2_ws/install/move_turtle/lib/python3.12/site-packages:/home/info/ros2_ws/install/move_pose/lib/python3.12/site-packages:/opt/ros/jazzy/lib/python3.12/site-packages /usr/bin/python3 -W ignore:setup.py install is deprecated -W ignore:easy_install command is deprecated setup.py egg_info --egg-base ../../../../build/my_py_pkg build --build-base /home/info/ros2_ws/build/my_py_pkg/build install --record /home/info/ros2_ws/build/my_py_pkg/install.log --single-version-externally-managed install_data
[11.461s] Level 1:colcon.colcon_core.environment:checking '/home/info/ros2_ws/install/my_py_pkg' for CMake config files
[11.463s] Level 1:colcon.colcon_core.environment:checking '/home/info/ros2_ws/install/my_py_pkg/lib'
[11.463s] Level 1:colcon.colcon_core.environment:checking '/home/info/ros2_ws/install/my_py_pkg/bin'
[11.463s] Level 1:colcon.colcon_core.environment:checking '/home/info/ros2_ws/install/my_py_pkg/lib/pkgconfig/my_py_pkg.pc'
[11.463s] Level 1:colcon.colcon_core.environment:checking '/home/info/ros2_ws/install/my_py_pkg/lib/python3.12/site-packages'
[11.463s] Level 1:colcon.colcon_core.shell:create_environment_hook('my_py_pkg', 'pythonpath')
[11.463s] INFO:colcon.colcon_core.shell:Creating environment hook '/home/info/ros2_ws/install/my_py_pkg/share/my_py_pkg/hook/pythonpath.ps1'
[11.464s] INFO:colcon.colcon_core.shell:Creating environment descriptor '/home/info/ros2_ws/install/my_py_pkg/share/my_py_pkg/hook/pythonpath.dsv'
[11.465s] INFO:colcon.colcon_core.shell:Creating environment hook '/home/info/ros2_ws/install/my_py_pkg/share/my_py_pkg/hook/pythonpath.sh'
[11.466s] Level 1:colcon.colcon_core.environment:checking '/home/info/ros2_ws/install/my_py_pkg/bin'
[11.466s] Level 1:colcon.colcon_core.environment:create_environment_scripts_only(my_py_pkg)
[11.466s] INFO:colcon.colcon_core.shell:Creating package script '/home/info/ros2_ws/install/my_py_pkg/share/my_py_pkg/package.ps1'
[11.467s] INFO:colcon.colcon_core.shell:Creating package descriptor '/home/info/ros2_ws/install/my_py_pkg/share/my_py_pkg/package.dsv'
[11.467s] INFO:colcon.colcon_core.shell:Creating package script '/home/info/ros2_ws/install/my_py_pkg/share/my_py_pkg/package.sh'
[11.468s] INFO:colcon.colcon_core.shell:Creating package script '/home/info/ros2_ws/install/my_py_pkg/share/my_py_pkg/package.bash'
[11.469s] INFO:colcon.colcon_core.shell:Creating package script '/home/info/ros2_ws/install/my_py_pkg/share/my_py_pkg/package.zsh'
[11.469s] Level 1:colcon.colcon_core.environment:create_file_with_runtime_dependencies(/home/info/ros2_ws/install/my_py_pkg/share/colcon-core/packages/my_py_pkg)
[11.470s] DEBUG:colcon.colcon_parallel_executor.executor.parallel:closing loop
[11.470s] DEBUG:colcon.colcon_parallel_executor.executor.parallel:loop closed
[11.471s] DEBUG:colcon.colcon_parallel_executor.executor.parallel:run_until_complete finished with '0'
[11.471s] DEBUG:colcon.colcon_core.event_reactor:joining thread
[11.488s] INFO:colcon.colcon_core.plugin_system:Skipping extension 'colcon_notification.desktop_notification.terminal_notifier': Not used on non-Darwin systems
[11.488s] INFO:colcon.colcon_core.plugin_system:Skipping extension 'colcon_notification.desktop_notification.win32': Not used on non-Windows systems
[11.488s] INFO:colcon.colcon_notification.desktop_notification:Sending desktop notification using 'notify2'
[11.585s] DEBUG:colcon.colcon_core.event_reactor:joined thread
[11.586s] INFO:colcon.colcon_core.shell:Creating prefix script '/home/info/ros2_ws/install/local_setup.ps1'
[11.587s] INFO:colcon.colcon_core.shell:Creating prefix util module '/home/info/ros2_ws/install/_local_setup_util_ps1.py'
[11.589s] INFO:colcon.colcon_core.shell:Creating prefix chain script '/home/info/ros2_ws/install/setup.ps1'
[11.592s] INFO:colcon.colcon_core.shell:Creating prefix script '/home/info/ros2_ws/install/local_setup.sh'
[11.592s] INFO:colcon.colcon_core.shell:Creating prefix util module '/home/info/ros2_ws/install/_local_setup_util_sh.py'
[11.593s] INFO:colcon.colcon_core.shell:Creating prefix chain script '/home/info/ros2_ws/install/setup.sh'
[11.596s] INFO:colcon.colcon_core.shell:Creating prefix script '/home/info/ros2_ws/install/local_setup.bash'
[11.597s] INFO:colcon.colcon_core.shell:Creating prefix chain script '/home/info/ros2_ws/install/setup.bash'
[11.603s] INFO:colcon.colcon_core.shell:Creating prefix script '/home/info/ros2_ws/install/local_setup.zsh'
[11.606s] INFO:colcon.colcon_core.shell:Creating prefix chain script '/home/info/ros2_ws/install/setup.zsh'
