[7.946s] Invoking command in '/home/info/ros2_ws/src/move_turtle': DEBUGINFOD_URLS=https://debuginfod.ubuntu.com PYTHONPATH=/home/info/ros2_ws/build/move_turtle/prefix_override:/usr/lib/python3/dist-packages/colcon_core/task/python/colcon_distutils_commands:/home/info/ros2_ws/install/move_turtle/lib/python3.12/site-packages:${PYTHONPATH} /usr/bin/python3 -W ignore:setup.py install is deprecated -W ignore:easy_install command is deprecated setup.py egg_info --egg-base ../../build/move_turtle build --build-base /home/info/ros2_ws/build/move_turtle/build install --record /home/info/ros2_ws/build/move_turtle/install.log --single-version-externally-managed install_data
[8.713s] running egg_info
[8.750s] writing ../../build/move_turtle/move_turtle.egg-info/PKG-INFO
[8.751s] writing dependency_links to ../../build/move_turtle/move_turtle.egg-info/dependency_links.txt
[8.751s] writing entry points to ../../build/move_turtle/move_turtle.egg-info/entry_points.txt
[8.752s] writing requirements to ../../build/move_turtle/move_turtle.egg-info/requires.txt
[8.752s] writing top-level names to ../../build/move_turtle/move_turtle.egg-info/top_level.txt
[8.835s] reading manifest file '../../build/move_turtle/move_turtle.egg-info/SOURCES.txt'
[8.836s] writing manifest file '../../build/move_turtle/move_turtle.egg-info/SOURCES.txt'
[8.837s] running build
[8.837s] running build_py
[8.837s] running install
[8.850s] running install_lib
[8.897s] running install_data
[8.897s] running install_egg_info
[8.946s] removing '/home/info/ros2_ws/install/move_turtle/lib/python3.12/site-packages/move_turtle-0.0.0-py3.12.egg-info' (and everything under it)
[8.949s] Copying ../../build/move_turtle/move_turtle.egg-info to /home/info/ros2_ws/install/move_turtle/lib/python3.12/site-packages/move_turtle-0.0.0-py3.12.egg-info
[8.952s] running install_scripts
[9.457s] Installing my_move_square script to /home/info/ros2_ws/install/move_turtle/lib/move_turtle
[9.458s] writing list of installed files to '/home/info/ros2_ws/build/move_turtle/install.log'
[9.542s] Invoked command in '/home/info/ros2_ws/src/move_turtle' returned '0': DEBUGINFOD_URLS=https://debuginfod.ubuntu.com PYTHONPATH=/home/info/ros2_ws/build/move_turtle/prefix_override:/usr/lib/python3/dist-packages/colcon_core/task/python/colcon_distutils_commands:/home/info/ros2_ws/install/move_turtle/lib/python3.12/site-packages:${PYTHONPATH} /usr/bin/python3 -W ignore:setup.py install is deprecated -W ignore:easy_install command is deprecated setup.py egg_info --egg-base ../../build/move_turtle build --build-base /home/info/ros2_ws/build/move_turtle/build install --record /home/info/ros2_ws/build/move_turtle/install.log --single-version-externally-managed install_data
