running develop
running egg_info
creating turtle_regulation.egg-info
writing turtle_regulation.egg-info/PKG-INFO
writing dependency_links to turtle_regulation.egg-info/dependency_links.txt
writing entry points to turtle_regulation.egg-info/entry_points.txt
writing requirements to turtle_regulation.egg-info/requires.txt
writing top-level names to turtle_regulation.egg-info/top_level.txt
writing manifest file 'turtle_regulation.egg-info/SOURCES.txt'
reading manifest file 'turtle_regulation.egg-info/SOURCES.txt'
writing manifest file 'turtle_regulation.egg-info/SOURCES.txt'
running build_ext
Creating /home/info/ros2_ws/install/turtle_regulation/lib/python3.12/site-packages/turtle-regulation.egg-link (link to .)
Installing set_way_point script to /home/info/ros2_ws/install/turtle_regulation/lib/turtle_regulation
Installing waypoint_client script to /home/info/ros2_ws/install/turtle_regulation/lib/turtle_regulation

Installed /home/info/ros2_ws/build/turtle_regulation
running symlink_data
creating /home/info/ros2_ws/install/turtle_regulation/share/ament_index
creating /home/info/ros2_ws/install/turtle_regulation/share/ament_index/resource_index
creating /home/info/ros2_ws/install/turtle_regulation/share/ament_index/resource_index/packages
symbolically linking /home/info/ros2_ws/build/turtle_regulation/resource/turtle_regulation -> /home/info/ros2_ws/install/turtle_regulation/share/ament_index/resource_index/packages
symbolically linking /home/info/ros2_ws/build/turtle_regulation/package.xml -> /home/info/ros2_ws/install/turtle_regulation/share/turtle_regulation
