[0.226s] DEBUG:colcon:Command line arguments: ['/usr/bin/colcon', 'build']
[0.226s] DEBUG:colcon:Parsed command line arguments: Namespace(log_base=None, log_level=None, verb_name='build', build_base='build', install_base='install', merge_install=False, symlink_install=False, test_result_base=None, continue_on_error=False, executor='parallel', parallel_workers=6, event_handlers=None, ignore_user_meta=False, metas=['./colcon.meta'], base_paths=['.'], packages_ignore=None, packages_ignore_regex=None, paths=None, packages_up_to=None, packages_up_to_regex=None, packages_above=None, packages_above_and_dependencies=None, packages_above_depth=None, packages_select_by_dep=None, packages_skip_by_dep=None, packages_skip_up_to=None, packages_select_build_failed=False, packages_skip_build_finished=False, packages_select_test_failures=False, packages_skip_test_passed=False, packages_select=None, packages_skip=None, packages_select_regex=None, packages_skip_regex=None, packages_start=None, packages_end=None, allow_overriding=[], cmake_args=None, cmake_target=None, cmake_target_skip_unavailable=False, cmake_clean_cache=False, cmake_clean_first=False, cmake_force_configure=False, ament_cmake_args=None, catkin_cmake_args=None, catkin_skip_building_tests=False, mixin_files=None, mixin=None, verb_parser=<colcon_mixin.mixin.mixin_argument.MixinArgumentDecorator object at 0x73bebf373560>, verb_extension=<colcon_core.verb.build.BuildVerb object at 0x73bebf372ea0>, main=<bound method BuildVerb.main of <colcon_core.verb.build.BuildVerb object at 0x73bebf372ea0>>, mixin_verb=('build',))
[0.341s] Level 1:colcon.colcon_core.package_discovery:discover_packages(colcon_meta) check parameters
[0.341s] Level 1:colcon.colcon_core.package_discovery:discover_packages(recursive) check parameters
[0.341s] Level 1:colcon.colcon_core.package_discovery:discover_packages(ignore) check parameters
[0.341s] Level 1:colcon.colcon_core.package_discovery:discover_packages(path) check parameters
[0.341s] Level 1:colcon.colcon_core.package_discovery:discover_packages(colcon_meta) discover
[0.341s] Level 1:colcon.colcon_core.package_discovery:discover_packages(recursive) discover
[0.341s] INFO:colcon.colcon_core.package_discovery:Crawling recursively for packages in '/home/info/ros2_ws'
[0.341s] Level 1:colcon.colcon_core.package_identification:_identify(.) by extensions ['ignore', 'ignore_ament_install']
[0.341s] Level 1:colcon.colcon_core.package_identification:_identify(.) by extension 'ignore'
[0.341s] Level 1:colcon.colcon_core.package_identification:_identify(.) by extension 'ignore_ament_install'
[0.341s] Level 1:colcon.colcon_core.package_identification:_identify(.) by extensions ['colcon_pkg']
[0.342s] Level 1:colcon.colcon_core.package_identification:_identify(.) by extension 'colcon_pkg'
[0.342s] Level 1:colcon.colcon_core.package_identification:_identify(.) by extensions ['colcon_meta']
[0.342s] Level 1:colcon.colcon_core.package_identification:_identify(.) by extension 'colcon_meta'
[0.342s] Level 1:colcon.colcon_core.package_identification:_identify(.) by extensions ['ros']
[0.342s] Level 1:colcon.colcon_core.package_identification:_identify(.) by extension 'ros'
[0.395s] Level 1:colcon.colcon_core.package_identification:_identify(.) by extensions ['cmake', 'python']
[0.395s] Level 1:colcon.colcon_core.package_identification:_identify(.) by extension 'cmake'
[0.396s] Level 1:colcon.colcon_core.package_identification:_identify(.) by extension 'python'
[0.396s] Level 1:colcon.colcon_core.package_identification:_identify(.) by extensions ['python_setup_py']
[0.396s] Level 1:colcon.colcon_core.package_identification:_identify(.) by extension 'python_setup_py'
[0.396s] Level 1:colcon.colcon_core.package_identification:_identify(build) by extensions ['ignore', 'ignore_ament_install']
[0.396s] Level 1:colcon.colcon_core.package_identification:_identify(build) by extension 'ignore'
[0.396s] Level 1:colcon.colcon_core.package_identification:_identify(build) ignored
[0.396s] Level 1:colcon.colcon_core.package_identification:_identify(install) by extensions ['ignore', 'ignore_ament_install']
[0.396s] Level 1:colcon.colcon_core.package_identification:_identify(install) by extension 'ignore'
[0.396s] Level 1:colcon.colcon_core.package_identification:_identify(install) ignored
[0.397s] Level 1:colcon.colcon_core.package_identification:_identify(log) by extensions ['ignore', 'ignore_ament_install']
[0.397s] Level 1:colcon.colcon_core.package_identification:_identify(log) by extension 'ignore'
[0.397s] Level 1:colcon.colcon_core.package_identification:_identify(log) ignored
[0.397s] Level 1:colcon.colcon_core.package_identification:_identify(src) by extensions ['ignore', 'ignore_ament_install']
[0.397s] Level 1:colcon.colcon_core.package_identification:_identify(src) by extension 'ignore'
[0.397s] Level 1:colcon.colcon_core.package_identification:_identify(src) by extension 'ignore_ament_install'
[0.397s] Level 1:colcon.colcon_core.package_identification:_identify(src) by extensions ['colcon_pkg']
[0.397s] Level 1:colcon.colcon_core.package_identification:_identify(src) by extension 'colcon_pkg'
[0.397s] Level 1:colcon.colcon_core.package_identification:_identify(src) by extensions ['colcon_meta']
[0.397s] Level 1:colcon.colcon_core.package_identification:_identify(src) by extension 'colcon_meta'
[0.398s] Level 1:colcon.colcon_core.package_identification:_identify(src) by extensions ['ros']
[0.398s] Level 1:colcon.colcon_core.package_identification:_identify(src) by extension 'ros'
[0.398s] Level 1:colcon.colcon_core.package_identification:_identify(src) by extensions ['cmake', 'python']
[0.398s] Level 1:colcon.colcon_core.package_identification:_identify(src) by extension 'cmake'
[0.398s] Level 1:colcon.colcon_core.package_identification:_identify(src) by extension 'python'
[0.398s] Level 1:colcon.colcon_core.package_identification:_identify(src) by extensions ['python_setup_py']
[0.398s] Level 1:colcon.colcon_core.package_identification:_identify(src) by extension 'python_setup_py'
[0.398s] Level 1:colcon.colcon_core.package_identification:_identify(src/move_pose) by extensions ['ignore', 'ignore_ament_install']
[0.398s] Level 1:colcon.colcon_core.package_identification:_identify(src/move_pose) by extension 'ignore'
[0.398s] Level 1:colcon.colcon_core.package_identification:_identify(src/move_pose) by extension 'ignore_ament_install'
[0.399s] Level 1:colcon.colcon_core.package_identification:_identify(src/move_pose) by extensions ['colcon_pkg']
[0.399s] Level 1:colcon.colcon_core.package_identification:_identify(src/move_pose) by extension 'colcon_pkg'
[0.399s] Level 1:colcon.colcon_core.package_identification:_identify(src/move_pose) by extensions ['colcon_meta']
[0.399s] Level 1:colcon.colcon_core.package_identification:_identify(src/move_pose) by extension 'colcon_meta'
[0.399s] Level 1:colcon.colcon_core.package_identification:_identify(src/move_pose) by extensions ['ros']
[0.399s] Level 1:colcon.colcon_core.package_identification:_identify(src/move_pose) by extension 'ros'
[0.447s] DEBUG:colcon.colcon_core.package_identification:Package 'src/move_pose' with type 'ros.ament_python' and name 'move_pose'
[0.448s] Level 1:colcon.colcon_core.package_identification:_identify(src/move_turtle) by extensions ['ignore', 'ignore_ament_install']
[0.449s] Level 1:colcon.colcon_core.package_identification:_identify(src/move_turtle) by extension 'ignore'
[0.449s] Level 1:colcon.colcon_core.package_identification:_identify(src/move_turtle) by extension 'ignore_ament_install'
[0.449s] Level 1:colcon.colcon_core.package_identification:_identify(src/move_turtle) by extensions ['colcon_pkg']
[0.449s] Level 1:colcon.colcon_core.package_identification:_identify(src/move_turtle) by extension 'colcon_pkg'
[0.449s] Level 1:colcon.colcon_core.package_identification:_identify(src/move_turtle) by extensions ['colcon_meta']
[0.449s] Level 1:colcon.colcon_core.package_identification:_identify(src/move_turtle) by extension 'colcon_meta'
[0.449s] Level 1:colcon.colcon_core.package_identification:_identify(src/move_turtle) by extensions ['ros']
[0.449s] Level 1:colcon.colcon_core.package_identification:_identify(src/move_turtle) by extension 'ros'
[0.451s] DEBUG:colcon.colcon_core.package_identification:Package 'src/move_turtle' with type 'ros.ament_python' and name 'move_turtle'
[0.451s] Level 1:colcon.colcon_core.package_identification:_identify(src/ros2_tutorial) by extensions ['ignore', 'ignore_ament_install']
[0.451s] Level 1:colcon.colcon_core.package_identification:_identify(src/ros2_tutorial) by extension 'ignore'
[0.451s] Level 1:colcon.colcon_core.package_identification:_identify(src/ros2_tutorial) by extension 'ignore_ament_install'
[0.451s] Level 1:colcon.colcon_core.package_identification:_identify(src/ros2_tutorial) by extensions ['colcon_pkg']
[0.451s] Level 1:colcon.colcon_core.package_identification:_identify(src/ros2_tutorial) by extension 'colcon_pkg'
[0.452s] Level 1:colcon.colcon_core.package_identification:_identify(src/ros2_tutorial) by extensions ['colcon_meta']
[0.452s] Level 1:colcon.colcon_core.package_identification:_identify(src/ros2_tutorial) by extension 'colcon_meta'
[0.452s] Level 1:colcon.colcon_core.package_identification:_identify(src/ros2_tutorial) by extensions ['ros']
[0.452s] Level 1:colcon.colcon_core.package_identification:_identify(src/ros2_tutorial) by extension 'ros'
[0.452s] Level 1:colcon.colcon_core.package_identification:_identify(src/ros2_tutorial) by extensions ['cmake', 'python']
[0.452s] Level 1:colcon.colcon_core.package_identification:_identify(src/ros2_tutorial) by extension 'cmake'
[0.452s] Level 1:colcon.colcon_core.package_identification:_identify(src/ros2_tutorial) by extension 'python'
[0.452s] Level 1:colcon.colcon_core.package_identification:_identify(src/ros2_tutorial) by extensions ['python_setup_py']
[0.452s] Level 1:colcon.colcon_core.package_identification:_identify(src/ros2_tutorial) by extension 'python_setup_py'
[0.453s] Level 1:colcon.colcon_core.package_identification:_identify(src/ros2_tutorial/my_custom_interfaces) by extensions ['ignore', 'ignore_ament_install']
[0.453s] Level 1:colcon.colcon_core.package_identification:_identify(src/ros2_tutorial/my_custom_interfaces) by extension 'ignore'
[0.453s] Level 1:colcon.colcon_core.package_identification:_identify(src/ros2_tutorial/my_custom_interfaces) by extension 'ignore_ament_install'
[0.453s] Level 1:colcon.colcon_core.package_identification:_identify(src/ros2_tutorial/my_custom_interfaces) by extensions ['colcon_pkg']
[0.453s] Level 1:colcon.colcon_core.package_identification:_identify(src/ros2_tutorial/my_custom_interfaces) by extension 'colcon_pkg'
[0.453s] Level 1:colcon.colcon_core.package_identification:_identify(src/ros2_tutorial/my_custom_interfaces) by extensions ['colcon_meta']
[0.453s] Level 1:colcon.colcon_core.package_identification:_identify(src/ros2_tutorial/my_custom_interfaces) by extension 'colcon_meta'
[0.453s] Level 1:colcon.colcon_core.package_identification:_identify(src/ros2_tutorial/my_custom_interfaces) by extensions ['ros']
[0.453s] Level 1:colcon.colcon_core.package_identification:_identify(src/ros2_tutorial/my_custom_interfaces) by extension 'ros'
[0.454s] DEBUG:colcon.colcon_core.package_identification:Package 'src/ros2_tutorial/my_custom_interfaces' with type 'ros.ament_cmake' and name 'my_custom_interfaces'
[0.454s] Level 1:colcon.colcon_core.package_identification:_identify(src/ros2_tutorial/my_py_pkg) by extensions ['ignore', 'ignore_ament_install']
[0.455s] Level 1:colcon.colcon_core.package_identification:_identify(src/ros2_tutorial/my_py_pkg) by extension 'ignore'
[0.455s] Level 1:colcon.colcon_core.package_identification:_identify(src/ros2_tutorial/my_py_pkg) by extension 'ignore_ament_install'
[0.455s] Level 1:colcon.colcon_core.package_identification:_identify(src/ros2_tutorial/my_py_pkg) by extensions ['colcon_pkg']
[0.455s] Level 1:colcon.colcon_core.package_identification:_identify(src/ros2_tutorial/my_py_pkg) by extension 'colcon_pkg'
[0.455s] Level 1:colcon.colcon_core.package_identification:_identify(src/ros2_tutorial/my_py_pkg) by extensions ['colcon_meta']
[0.455s] Level 1:colcon.colcon_core.package_identification:_identify(src/ros2_tutorial/my_py_pkg) by extension 'colcon_meta'
[0.455s] Level 1:colcon.colcon_core.package_identification:_identify(src/ros2_tutorial/my_py_pkg) by extensions ['ros']
[0.455s] Level 1:colcon.colcon_core.package_identification:_identify(src/ros2_tutorial/my_py_pkg) by extension 'ros'
[0.456s] DEBUG:colcon.colcon_core.package_identification:Package 'src/ros2_tutorial/my_py_pkg' with type 'ros.ament_python' and name 'my_py_pkg'
[0.456s] Level 1:colcon.colcon_core.package_identification:_identify(src/ros2_tutorial/my_service_pkg) by extensions ['ignore', 'ignore_ament_install']
[0.457s] Level 1:colcon.colcon_core.package_identification:_identify(src/ros2_tutorial/my_service_pkg) by extension 'ignore'
[0.457s] Level 1:colcon.colcon_core.package_identification:_identify(src/ros2_tutorial/my_service_pkg) by extension 'ignore_ament_install'
[0.457s] Level 1:colcon.colcon_core.package_identification:_identify(src/ros2_tutorial/my_service_pkg) by extensions ['colcon_pkg']
[0.457s] Level 1:colcon.colcon_core.package_identification:_identify(src/ros2_tutorial/my_service_pkg) by extension 'colcon_pkg'
[0.457s] Level 1:colcon.colcon_core.package_identification:_identify(src/ros2_tutorial/my_service_pkg) by extensions ['colcon_meta']
[0.457s] Level 1:colcon.colcon_core.package_identification:_identify(src/ros2_tutorial/my_service_pkg) by extension 'colcon_meta'
[0.457s] Level 1:colcon.colcon_core.package_identification:_identify(src/ros2_tutorial/my_service_pkg) by extensions ['ros']
[0.457s] Level 1:colcon.colcon_core.package_identification:_identify(src/ros2_tutorial/my_service_pkg) by extension 'ros'
[0.458s] DEBUG:colcon.colcon_core.package_identification:Package 'src/ros2_tutorial/my_service_pkg' with type 'ros.ament_python' and name 'my_service_pkg'
[0.458s] Level 1:colcon.colcon_core.package_discovery:discover_packages(recursive) using defaults
[0.458s] Level 1:colcon.colcon_core.package_discovery:discover_packages(ignore) discover
[0.458s] Level 1:colcon.colcon_core.package_discovery:discover_packages(ignore) using defaults
[0.458s] Level 1:colcon.colcon_core.package_discovery:discover_packages(path) discover
[0.458s] Level 1:colcon.colcon_core.package_discovery:discover_packages(path) using defaults
[0.492s] Level 1:colcon.colcon_core.package_discovery:discover_packages(prefix_path) check parameters
[0.492s] Level 1:colcon.colcon_core.package_discovery:discover_packages(prefix_path) discover
[0.498s] DEBUG:colcon.colcon_installed_package_information.package_discovery:Found 285 installed packages in /opt/ros/jazzy
[0.501s] Level 1:colcon.colcon_core.package_discovery:discover_packages(prefix_path) using defaults
[0.596s] Level 5:colcon.colcon_core.verb:set package 'move_pose' build argument 'cmake_args' from command line to 'None'
[0.596s] Level 5:colcon.colcon_core.verb:set package 'move_pose' build argument 'cmake_target' from command line to 'None'
[0.596s] Level 5:colcon.colcon_core.verb:set package 'move_pose' build argument 'cmake_target_skip_unavailable' from command line to 'False'
[0.596s] Level 5:colcon.colcon_core.verb:set package 'move_pose' build argument 'cmake_clean_cache' from command line to 'False'
[0.596s] Level 5:colcon.colcon_core.verb:set package 'move_pose' build argument 'cmake_clean_first' from command line to 'False'
[0.596s] Level 5:colcon.colcon_core.verb:set package 'move_pose' build argument 'cmake_force_configure' from command line to 'False'
[0.596s] Level 5:colcon.colcon_core.verb:set package 'move_pose' build argument 'ament_cmake_args' from command line to 'None'
[0.596s] Level 5:colcon.colcon_core.verb:set package 'move_pose' build argument 'catkin_cmake_args' from command line to 'None'
[0.596s] Level 5:colcon.colcon_core.verb:set package 'move_pose' build argument 'catkin_skip_building_tests' from command line to 'False'
[0.596s] DEBUG:colcon.colcon_core.verb:Building package 'move_pose' with the following arguments: {'ament_cmake_args': None, 'build_base': '/home/info/ros2_ws/build/move_pose', 'catkin_cmake_args': None, 'catkin_skip_building_tests': False, 'cmake_args': None, 'cmake_clean_cache': False, 'cmake_clean_first': False, 'cmake_force_configure': False, 'cmake_target': None, 'cmake_target_skip_unavailable': False, 'install_base': '/home/info/ros2_ws/install/move_pose', 'merge_install': False, 'path': '/home/info/ros2_ws/src/move_pose', 'symlink_install': False, 'test_result_base': None}
[0.597s] Level 5:colcon.colcon_core.verb:set package 'move_turtle' build argument 'cmake_args' from command line to 'None'
[0.597s] Level 5:colcon.colcon_core.verb:set package 'move_turtle' build argument 'cmake_target' from command line to 'None'
[0.597s] Level 5:colcon.colcon_core.verb:set package 'move_turtle' build argument 'cmake_target_skip_unavailable' from command line to 'False'
[0.597s] Level 5:colcon.colcon_core.verb:set package 'move_turtle' build argument 'cmake_clean_cache' from command line to 'False'
[0.597s] Level 5:colcon.colcon_core.verb:set package 'move_turtle' build argument 'cmake_clean_first' from command line to 'False'
[0.597s] Level 5:colcon.colcon_core.verb:set package 'move_turtle' build argument 'cmake_force_configure' from command line to 'False'
[0.597s] Level 5:colcon.colcon_core.verb:set package 'move_turtle' build argument 'ament_cmake_args' from command line to 'None'
[0.597s] Level 5:colcon.colcon_core.verb:set package 'move_turtle' build argument 'catkin_cmake_args' from command line to 'None'
[0.597s] Level 5:colcon.colcon_core.verb:set package 'move_turtle' build argument 'catkin_skip_building_tests' from command line to 'False'
[0.597s] DEBUG:colcon.colcon_core.verb:Building package 'move_turtle' with the following arguments: {'ament_cmake_args': None, 'build_base': '/home/info/ros2_ws/build/move_turtle', 'catkin_cmake_args': None, 'catkin_skip_building_tests': False, 'cmake_args': None, 'cmake_clean_cache': False, 'cmake_clean_first': False, 'cmake_force_configure': False, 'cmake_target': None, 'cmake_target_skip_unavailable': False, 'install_base': '/home/info/ros2_ws/install/move_turtle', 'merge_install': False, 'path': '/home/info/ros2_ws/src/move_turtle', 'symlink_install': False, 'test_result_base': None}
[0.598s] Level 5:colcon.colcon_core.verb:set package 'my_custom_interfaces' build argument 'cmake_args' from command line to 'None'
[0.598s] Level 5:colcon.colcon_core.verb:set package 'my_custom_interfaces' build argument 'cmake_target' from command line to 'None'
[0.598s] Level 5:colcon.colcon_core.verb:set package 'my_custom_interfaces' build argument 'cmake_target_skip_unavailable' from command line to 'False'
[0.598s] Level 5:colcon.colcon_core.verb:set package 'my_custom_interfaces' build argument 'cmake_clean_cache' from command line to 'False'
[0.598s] Level 5:colcon.colcon_core.verb:set package 'my_custom_interfaces' build argument 'cmake_clean_first' from command line to 'False'
[0.598s] Level 5:colcon.colcon_core.verb:set package 'my_custom_interfaces' build argument 'cmake_force_configure' from command line to 'False'
[0.598s] Level 5:colcon.colcon_core.verb:set package 'my_custom_interfaces' build argument 'ament_cmake_args' from command line to 'None'
[0.598s] Level 5:colcon.colcon_core.verb:set package 'my_custom_interfaces' build argument 'catkin_cmake_args' from command line to 'None'
[0.598s] Level 5:colcon.colcon_core.verb:set package 'my_custom_interfaces' build argument 'catkin_skip_building_tests' from command line to 'False'
[0.598s] DEBUG:colcon.colcon_core.verb:Building package 'my_custom_interfaces' with the following arguments: {'ament_cmake_args': None, 'build_base': '/home/info/ros2_ws/build/my_custom_interfaces', 'catkin_cmake_args': None, 'catkin_skip_building_tests': False, 'cmake_args': None, 'cmake_clean_cache': False, 'cmake_clean_first': False, 'cmake_force_configure': False, 'cmake_target': None, 'cmake_target_skip_unavailable': False, 'install_base': '/home/info/ros2_ws/install/my_custom_interfaces', 'merge_install': False, 'path': '/home/info/ros2_ws/src/ros2_tutorial/my_custom_interfaces', 'symlink_install': False, 'test_result_base': None}
[0.598s] Level 5:colcon.colcon_core.verb:set package 'my_service_pkg' build argument 'cmake_args' from command line to 'None'
[0.599s] Level 5:colcon.colcon_core.verb:set package 'my_service_pkg' build argument 'cmake_target' from command line to 'None'
[0.599s] Level 5:colcon.colcon_core.verb:set package 'my_service_pkg' build argument 'cmake_target_skip_unavailable' from command line to 'False'
[0.599s] Level 5:colcon.colcon_core.verb:set package 'my_service_pkg' build argument 'cmake_clean_cache' from command line to 'False'
[0.599s] Level 5:colcon.colcon_core.verb:set package 'my_service_pkg' build argument 'cmake_clean_first' from command line to 'False'
[0.599s] Level 5:colcon.colcon_core.verb:set package 'my_service_pkg' build argument 'cmake_force_configure' from command line to 'False'
[0.599s] Level 5:colcon.colcon_core.verb:set package 'my_service_pkg' build argument 'ament_cmake_args' from command line to 'None'
[0.599s] Level 5:colcon.colcon_core.verb:set package 'my_service_pkg' build argument 'catkin_cmake_args' from command line to 'None'
[0.599s] Level 5:colcon.colcon_core.verb:set package 'my_service_pkg' build argument 'catkin_skip_building_tests' from command line to 'False'
[0.599s] DEBUG:colcon.colcon_core.verb:Building package 'my_service_pkg' with the following arguments: {'ament_cmake_args': None, 'build_base': '/home/info/ros2_ws/build/my_service_pkg', 'catkin_cmake_args': None, 'catkin_skip_building_tests': False, 'cmake_args': None, 'cmake_clean_cache': False, 'cmake_clean_first': False, 'cmake_force_configure': False, 'cmake_target': None, 'cmake_target_skip_unavailable': False, 'install_base': '/home/info/ros2_ws/install/my_service_pkg', 'merge_install': False, 'path': '/home/info/ros2_ws/src/ros2_tutorial/my_service_pkg', 'symlink_install': False, 'test_result_base': None}
[0.599s] Level 5:colcon.colcon_core.verb:set package 'my_py_pkg' build argument 'cmake_args' from command line to 'None'
[0.599s] Level 5:colcon.colcon_core.verb:set package 'my_py_pkg' build argument 'cmake_target' from command line to 'None'
[0.599s] Level 5:colcon.colcon_core.verb:set package 'my_py_pkg' build argument 'cmake_target_skip_unavailable' from command line to 'False'
[0.599s] Level 5:colcon.colcon_core.verb:set package 'my_py_pkg' build argument 'cmake_clean_cache' from command line to 'False'
[0.599s] Level 5:colcon.colcon_core.verb:set package 'my_py_pkg' build argument 'cmake_clean_first' from command line to 'False'
[0.600s] Level 5:colcon.colcon_core.verb:set package 'my_py_pkg' build argument 'cmake_force_configure' from command line to 'False'
[0.600s] Level 5:colcon.colcon_core.verb:set package 'my_py_pkg' build argument 'ament_cmake_args' from command line to 'None'
[0.600s] Level 5:colcon.colcon_core.verb:set package 'my_py_pkg' build argument 'catkin_cmake_args' from command line to 'None'
[0.600s] Level 5:colcon.colcon_core.verb:set package 'my_py_pkg' build argument 'catkin_skip_building_tests' from command line to 'False'
[0.600s] DEBUG:colcon.colcon_core.verb:Building package 'my_py_pkg' with the following arguments: {'ament_cmake_args': None, 'build_base': '/home/info/ros2_ws/build/my_py_pkg', 'catkin_cmake_args': None, 'catkin_skip_building_tests': False, 'cmake_args': None, 'cmake_clean_cache': False, 'cmake_clean_first': False, 'cmake_force_configure': False, 'cmake_target': None, 'cmake_target_skip_unavailable': False, 'install_base': '/home/info/ros2_ws/install/my_py_pkg', 'merge_install': False, 'path': '/home/info/ros2_ws/src/ros2_tutorial/my_py_pkg', 'symlink_install': False, 'test_result_base': None}
[0.600s] INFO:colcon.colcon_core.executor:Executing jobs using 'parallel' executor
[0.601s] DEBUG:colcon.colcon_parallel_executor.executor.parallel:run_until_complete
[0.601s] INFO:colcon.colcon_ros.task.ament_cmake.build:Building ROS package in '/home/info/ros2_ws/src/ros2_tutorial/my_custom_interfaces' with build type 'ament_cmake'
[0.602s] INFO:colcon.colcon_cmake.task.cmake.build:Building CMake package in '/home/info/ros2_ws/src/ros2_tutorial/my_custom_interfaces'
[0.606s] INFO:colcon.colcon_core.plugin_system:Skipping extension 'colcon_core.shell.bat': Not used on non-Windows systems
[0.606s] INFO:colcon.colcon_core.shell:Skip shell extension 'powershell' for command environment: Not usable outside of PowerShell
[0.606s] DEBUG:colcon.colcon_core.shell:Skip shell extension 'dsv' for command environment
[0.632s] INFO:colcon.colcon_ros.task.ament_python.build:Building ROS package in '/home/info/ros2_ws/src/move_pose' with build type 'ament_python'
[0.632s] Level 1:colcon.colcon_core.shell:create_environment_hook('move_pose', 'ament_prefix_path')
[0.633s] INFO:colcon.colcon_core.shell:Creating environment hook '/home/info/ros2_ws/install/move_pose/share/move_pose/hook/ament_prefix_path.ps1'
[0.655s] INFO:colcon.colcon_core.shell:Creating environment descriptor '/home/info/ros2_ws/install/move_pose/share/move_pose/hook/ament_prefix_path.dsv'
[0.656s] INFO:colcon.colcon_core.shell:Creating environment hook '/home/info/ros2_ws/install/move_pose/share/move_pose/hook/ament_prefix_path.sh'
[0.657s] INFO:colcon.colcon_core.shell:Skip shell extension 'powershell' for command environment: Not usable outside of PowerShell
[0.657s] DEBUG:colcon.colcon_core.shell:Skip shell extension 'dsv' for command environment
[0.675s] INFO:colcon.colcon_ros.task.ament_python.build:Building ROS package in '/home/info/ros2_ws/src/move_turtle' with build type 'ament_python'
[0.675s] Level 1:colcon.colcon_core.shell:create_environment_hook('move_turtle', 'ament_prefix_path')
[0.676s] INFO:colcon.colcon_core.shell:Creating environment hook '/home/info/ros2_ws/install/move_turtle/share/move_turtle/hook/ament_prefix_path.ps1'
[0.677s] INFO:colcon.colcon_core.shell:Creating environment descriptor '/home/info/ros2_ws/install/move_turtle/share/move_turtle/hook/ament_prefix_path.dsv'
[0.678s] INFO:colcon.colcon_core.shell:Creating environment hook '/home/info/ros2_ws/install/move_turtle/share/move_turtle/hook/ament_prefix_path.sh'
[0.680s] INFO:colcon.colcon_core.shell:Skip shell extension 'powershell' for command environment: Not usable outside of PowerShell
[0.680s] DEBUG:colcon.colcon_core.shell:Skip shell extension 'dsv' for command environment
[0.705s] INFO:colcon.colcon_ros.task.ament_python.build:Building ROS package in '/home/info/ros2_ws/src/ros2_tutorial/my_service_pkg' with build type 'ament_python'
[0.705s] Level 1:colcon.colcon_core.shell:create_environment_hook('my_service_pkg', 'ament_prefix_path')
[0.706s] INFO:colcon.colcon_core.shell:Creating environment hook '/home/info/ros2_ws/install/my_service_pkg/share/my_service_pkg/hook/ament_prefix_path.ps1'
[0.709s] INFO:colcon.colcon_core.shell:Creating environment descriptor '/home/info/ros2_ws/install/my_service_pkg/share/my_service_pkg/hook/ament_prefix_path.dsv'
[0.710s] INFO:colcon.colcon_core.shell:Creating environment hook '/home/info/ros2_ws/install/my_service_pkg/share/my_service_pkg/hook/ament_prefix_path.sh'
[0.713s] INFO:colcon.colcon_core.shell:Skip shell extension 'powershell' for command environment: Not usable outside of PowerShell
[0.713s] DEBUG:colcon.colcon_core.shell:Skip shell extension 'dsv' for command environment
[0.774s] DEBUG:colcon.colcon_core.event_handler.log_command:Invoking command in '/home/info/ros2_ws/build/my_custom_interfaces': CMAKE_PREFIX_PATH=${CMAKE_PREFIX_PATH}:/opt/ros/jazzy DEBUGINFOD_URLS=https://debuginfod.ubuntu.com /usr/bin/cmake /home/info/ros2_ws/src/ros2_tutorial/my_custom_interfaces -DCMAKE_INSTALL_PREFIX=/home/info/ros2_ws/install/my_custom_interfaces
[1.370s] INFO:colcon.colcon_core.task.python.build:Building Python package in '/home/info/ros2_ws/src/move_pose'
[1.370s] INFO:colcon.colcon_core.shell:Skip shell extension 'powershell' for command environment: Not usable outside of PowerShell
[1.370s] DEBUG:colcon.colcon_core.shell:Skip shell extension 'dsv' for command environment
[1.923s] INFO:colcon.colcon_core.task.python.build:Building Python package in '/home/info/ros2_ws/src/move_turtle'
[1.924s] INFO:colcon.colcon_core.shell:Skip shell extension 'powershell' for command environment: Not usable outside of PowerShell
[1.924s] DEBUG:colcon.colcon_core.shell:Skip shell extension 'dsv' for command environment
[2.547s] INFO:colcon.colcon_core.task.python.build:Building Python package in '/home/info/ros2_ws/src/ros2_tutorial/my_service_pkg'
[2.547s] INFO:colcon.colcon_core.shell:Skip shell extension 'powershell' for command environment: Not usable outside of PowerShell
[2.547s] DEBUG:colcon.colcon_core.shell:Skip shell extension 'dsv' for command environment
[5.806s] DEBUG:colcon.colcon_core.event_handler.log_command:Invoking command in '/home/info/ros2_ws/src/move_pose': DEBUGINFOD_URLS=https://debuginfod.ubuntu.com PYTHONPATH=/home/info/ros2_ws/build/move_pose/prefix_override:/usr/lib/python3/dist-packages/colcon_core/task/python/colcon_distutils_commands:/home/info/ros2_ws/install/move_pose/lib/python3.12/site-packages:${PYTHONPATH} /usr/bin/python3 -W ignore:setup.py install is deprecated -W ignore:easy_install command is deprecated setup.py egg_info --egg-base ../../build/move_pose build --build-base /home/info/ros2_ws/build/move_pose/build install --record /home/info/ros2_ws/build/move_pose/install.log --single-version-externally-managed install_data
[5.829s] DEBUG:colcon.colcon_core.event_handler.log_command:Invoking command in '/home/info/ros2_ws/src/ros2_tutorial/my_service_pkg': DEBUGINFOD_URLS=https://debuginfod.ubuntu.com PYTHONPATH=/home/info/ros2_ws/build/my_service_pkg/prefix_override:/usr/lib/python3/dist-packages/colcon_core/task/python/colcon_distutils_commands:/home/info/ros2_ws/install/my_service_pkg/lib/python3.12/site-packages:${PYTHONPATH} /usr/bin/python3 -W ignore:setup.py install is deprecated -W ignore:easy_install command is deprecated setup.py egg_info --egg-base ../../../build/my_service_pkg build --build-base /home/info/ros2_ws/build/my_service_pkg/build install --record /home/info/ros2_ws/build/my_service_pkg/install.log --single-version-externally-managed install_data
[5.838s] DEBUG:colcon.colcon_core.event_handler.log_command:Invoking command in '/home/info/ros2_ws/src/move_turtle': DEBUGINFOD_URLS=https://debuginfod.ubuntu.com PYTHONPATH=/home/info/ros2_ws/build/move_turtle/prefix_override:/usr/lib/python3/dist-packages/colcon_core/task/python/colcon_distutils_commands:/home/info/ros2_ws/install/move_turtle/lib/python3.12/site-packages:${PYTHONPATH} /usr/bin/python3 -W ignore:setup.py install is deprecated -W ignore:easy_install command is deprecated setup.py egg_info --egg-base ../../build/move_turtle build --build-base /home/info/ros2_ws/build/move_turtle/build install --record /home/info/ros2_ws/build/move_turtle/install.log --single-version-externally-managed install_data
[7.432s] DEBUG:colcon.colcon_core.event_handler.log_command:Invoked command in '/home/info/ros2_ws/src/move_pose' returned '0': DEBUGINFOD_URLS=https://debuginfod.ubuntu.com PYTHONPATH=/home/info/ros2_ws/build/move_pose/prefix_override:/usr/lib/python3/dist-packages/colcon_core/task/python/colcon_distutils_commands:/home/info/ros2_ws/install/move_pose/lib/python3.12/site-packages:${PYTHONPATH} /usr/bin/python3 -W ignore:setup.py install is deprecated -W ignore:easy_install command is deprecated setup.py egg_info --egg-base ../../build/move_pose build --build-base /home/info/ros2_ws/build/move_pose/build install --record /home/info/ros2_ws/build/move_pose/install.log --single-version-externally-managed install_data
[7.480s] Level 1:colcon.colcon_core.environment:checking '/home/info/ros2_ws/install/move_pose' for CMake module files
[7.481s] Level 1:colcon.colcon_core.environment:checking '/home/info/ros2_ws/install/move_pose' for CMake config files
[7.483s] Level 1:colcon.colcon_core.environment:checking '/home/info/ros2_ws/install/move_pose/lib'
[7.483s] Level 1:colcon.colcon_core.environment:checking '/home/info/ros2_ws/install/move_pose/bin'
[7.483s] Level 1:colcon.colcon_core.environment:checking '/home/info/ros2_ws/install/move_pose/lib/pkgconfig/move_pose.pc'
[7.484s] Level 1:colcon.colcon_core.environment:checking '/home/info/ros2_ws/install/move_pose/lib/python3.12/site-packages'
[7.484s] Level 1:colcon.colcon_core.shell:create_environment_hook('move_pose', 'pythonpath')
[7.484s] INFO:colcon.colcon_core.shell:Creating environment hook '/home/info/ros2_ws/install/move_pose/share/move_pose/hook/pythonpath.ps1'
[7.484s] INFO:colcon.colcon_core.shell:Creating environment descriptor '/home/info/ros2_ws/install/move_pose/share/move_pose/hook/pythonpath.dsv'
[7.485s] INFO:colcon.colcon_core.shell:Creating environment hook '/home/info/ros2_ws/install/move_pose/share/move_pose/hook/pythonpath.sh'
[7.486s] Level 1:colcon.colcon_core.environment:checking '/home/info/ros2_ws/install/move_pose/bin'
[7.486s] Level 1:colcon.colcon_core.environment:create_environment_scripts_only(move_pose)
[7.486s] INFO:colcon.colcon_core.shell:Creating package script '/home/info/ros2_ws/install/move_pose/share/move_pose/package.ps1'
[7.487s] INFO:colcon.colcon_core.shell:Creating package descriptor '/home/info/ros2_ws/install/move_pose/share/move_pose/package.dsv'
[7.488s] INFO:colcon.colcon_core.shell:Creating package script '/home/info/ros2_ws/install/move_pose/share/move_pose/package.sh'
[7.489s] INFO:colcon.colcon_core.shell:Creating package script '/home/info/ros2_ws/install/move_pose/share/move_pose/package.bash'
[7.490s] INFO:colcon.colcon_core.shell:Creating package script '/home/info/ros2_ws/install/move_pose/share/move_pose/package.zsh'
[7.491s] Level 1:colcon.colcon_core.environment:create_file_with_runtime_dependencies(/home/info/ros2_ws/install/move_pose/share/colcon-core/packages/move_pose)
[7.494s] Level 1:colcon.colcon_core.environment:checking '/home/info/ros2_ws/install/my_service_pkg' for CMake module files
[7.494s] DEBUG:colcon.colcon_core.event_handler.log_command:Invoked command in '/home/info/ros2_ws/src/ros2_tutorial/my_service_pkg' returned '0': DEBUGINFOD_URLS=https://debuginfod.ubuntu.com PYTHONPATH=/home/info/ros2_ws/build/my_service_pkg/prefix_override:/usr/lib/python3/dist-packages/colcon_core/task/python/colcon_distutils_commands:/home/info/ros2_ws/install/my_service_pkg/lib/python3.12/site-packages:${PYTHONPATH} /usr/bin/python3 -W ignore:setup.py install is deprecated -W ignore:easy_install command is deprecated setup.py egg_info --egg-base ../../../build/my_service_pkg build --build-base /home/info/ros2_ws/build/my_service_pkg/build install --record /home/info/ros2_ws/build/my_service_pkg/install.log --single-version-externally-managed install_data
[7.495s] Level 1:colcon.colcon_core.environment:checking '/home/info/ros2_ws/install/my_service_pkg' for CMake config files
[7.496s] Level 1:colcon.colcon_core.environment:checking '/home/info/ros2_ws/install/my_service_pkg/lib'
[7.497s] Level 1:colcon.colcon_core.environment:checking '/home/info/ros2_ws/install/my_service_pkg/bin'
[7.497s] Level 1:colcon.colcon_core.environment:checking '/home/info/ros2_ws/install/my_service_pkg/lib/pkgconfig/my_service_pkg.pc'
[7.509s] Level 1:colcon.colcon_core.environment:checking '/home/info/ros2_ws/install/my_service_pkg/lib/python3.12/site-packages'
[7.514s] Level 1:colcon.colcon_core.shell:create_environment_hook('my_service_pkg', 'pythonpath')
[7.517s] INFO:colcon.colcon_core.shell:Creating environment hook '/home/info/ros2_ws/install/my_service_pkg/share/my_service_pkg/hook/pythonpath.ps1'
[7.523s] INFO:colcon.colcon_core.shell:Creating environment descriptor '/home/info/ros2_ws/install/my_service_pkg/share/my_service_pkg/hook/pythonpath.dsv'
[7.524s] INFO:colcon.colcon_core.shell:Creating environment hook '/home/info/ros2_ws/install/my_service_pkg/share/my_service_pkg/hook/pythonpath.sh'
[7.529s] Level 1:colcon.colcon_core.environment:checking '/home/info/ros2_ws/install/my_service_pkg/bin'
[7.529s] Level 1:colcon.colcon_core.environment:create_environment_scripts_only(my_service_pkg)
[7.530s] INFO:colcon.colcon_core.shell:Creating package script '/home/info/ros2_ws/install/my_service_pkg/share/my_service_pkg/package.ps1'
[7.534s] INFO:colcon.colcon_core.shell:Creating package descriptor '/home/info/ros2_ws/install/my_service_pkg/share/my_service_pkg/package.dsv'
[7.535s] INFO:colcon.colcon_core.shell:Creating package script '/home/info/ros2_ws/install/my_service_pkg/share/my_service_pkg/package.sh'
[7.536s] INFO:colcon.colcon_core.shell:Creating package script '/home/info/ros2_ws/install/my_service_pkg/share/my_service_pkg/package.bash'
[7.537s] INFO:colcon.colcon_core.shell:Creating package script '/home/info/ros2_ws/install/my_service_pkg/share/my_service_pkg/package.zsh'
[7.538s] Level 1:colcon.colcon_core.environment:create_file_with_runtime_dependencies(/home/info/ros2_ws/install/my_service_pkg/share/colcon-core/packages/my_service_pkg)
[7.539s] Level 1:colcon.colcon_core.environment:checking '/home/info/ros2_ws/install/move_turtle' for CMake module files
[7.543s] DEBUG:colcon.colcon_core.event_handler.log_command:Invoked command in '/home/info/ros2_ws/src/move_turtle' returned '0': DEBUGINFOD_URLS=https://debuginfod.ubuntu.com PYTHONPATH=/home/info/ros2_ws/build/move_turtle/prefix_override:/usr/lib/python3/dist-packages/colcon_core/task/python/colcon_distutils_commands:/home/info/ros2_ws/install/move_turtle/lib/python3.12/site-packages:${PYTHONPATH} /usr/bin/python3 -W ignore:setup.py install is deprecated -W ignore:easy_install command is deprecated setup.py egg_info --egg-base ../../build/move_turtle build --build-base /home/info/ros2_ws/build/move_turtle/build install --record /home/info/ros2_ws/build/move_turtle/install.log --single-version-externally-managed install_data
[7.543s] Level 1:colcon.colcon_core.environment:checking '/home/info/ros2_ws/install/move_turtle' for CMake config files
[7.546s] Level 1:colcon.colcon_core.environment:checking '/home/info/ros2_ws/install/move_turtle/lib'
[7.546s] Level 1:colcon.colcon_core.environment:checking '/home/info/ros2_ws/install/move_turtle/bin'
[7.546s] Level 1:colcon.colcon_core.environment:checking '/home/info/ros2_ws/install/move_turtle/lib/pkgconfig/move_turtle.pc'
[7.546s] Level 1:colcon.colcon_core.environment:checking '/home/info/ros2_ws/install/move_turtle/lib/python3.12/site-packages'
[7.546s] Level 1:colcon.colcon_core.shell:create_environment_hook('move_turtle', 'pythonpath')
[7.547s] INFO:colcon.colcon_core.shell:Creating environment hook '/home/info/ros2_ws/install/move_turtle/share/move_turtle/hook/pythonpath.ps1'
[7.547s] INFO:colcon.colcon_core.shell:Creating environment descriptor '/home/info/ros2_ws/install/move_turtle/share/move_turtle/hook/pythonpath.dsv'
[7.548s] INFO:colcon.colcon_core.shell:Creating environment hook '/home/info/ros2_ws/install/move_turtle/share/move_turtle/hook/pythonpath.sh'
[7.549s] Level 1:colcon.colcon_core.environment:checking '/home/info/ros2_ws/install/move_turtle/bin'
[7.552s] Level 1:colcon.colcon_core.environment:create_environment_scripts_only(move_turtle)
[7.552s] INFO:colcon.colcon_core.shell:Creating package script '/home/info/ros2_ws/install/move_turtle/share/move_turtle/package.ps1'
[7.553s] INFO:colcon.colcon_core.shell:Creating package descriptor '/home/info/ros2_ws/install/move_turtle/share/move_turtle/package.dsv'
[7.554s] INFO:colcon.colcon_core.shell:Creating package script '/home/info/ros2_ws/install/move_turtle/share/move_turtle/package.sh'
[7.555s] INFO:colcon.colcon_core.shell:Creating package script '/home/info/ros2_ws/install/move_turtle/share/move_turtle/package.bash'
[7.555s] INFO:colcon.colcon_core.shell:Creating package script '/home/info/ros2_ws/install/move_turtle/share/move_turtle/package.zsh'
[7.556s] Level 1:colcon.colcon_core.environment:create_file_with_runtime_dependencies(/home/info/ros2_ws/install/move_turtle/share/colcon-core/packages/move_turtle)
[14.758s] DEBUG:colcon.colcon_core.event_handler.log_command:Invoked command in '/home/info/ros2_ws/build/my_custom_interfaces' returned '0': CMAKE_PREFIX_PATH=${CMAKE_PREFIX_PATH}:/opt/ros/jazzy DEBUGINFOD_URLS=https://debuginfod.ubuntu.com /usr/bin/cmake /home/info/ros2_ws/src/ros2_tutorial/my_custom_interfaces -DCMAKE_INSTALL_PREFIX=/home/info/ros2_ws/install/my_custom_interfaces
[14.760s] DEBUG:colcon.colcon_core.event_handler.log_command:Invoking command in '/home/info/ros2_ws/build/my_custom_interfaces': CMAKE_PREFIX_PATH=${CMAKE_PREFIX_PATH}:/opt/ros/jazzy DEBUGINFOD_URLS=https://debuginfod.ubuntu.com /usr/bin/cmake --build /home/info/ros2_ws/build/my_custom_interfaces -- -j6 -l6
[50.929s] DEBUG:colcon.colcon_core.event_handler.log_command:Invoked command in '/home/info/ros2_ws/build/my_custom_interfaces' returned '0': CMAKE_PREFIX_PATH=${CMAKE_PREFIX_PATH}:/opt/ros/jazzy DEBUGINFOD_URLS=https://debuginfod.ubuntu.com /usr/bin/cmake --build /home/info/ros2_ws/build/my_custom_interfaces -- -j6 -l6
[50.988s] DEBUG:colcon.colcon_core.event_handler.log_command:Invoking command in '/home/info/ros2_ws/build/my_custom_interfaces': CMAKE_PREFIX_PATH=${CMAKE_PREFIX_PATH}:/opt/ros/jazzy DEBUGINFOD_URLS=https://debuginfod.ubuntu.com /usr/bin/cmake --install /home/info/ros2_ws/build/my_custom_interfaces
[51.285s] Level 1:colcon.colcon_core.environment:create_environment_scripts_only(my_custom_interfaces)
[51.285s] Level 1:colcon.colcon_core.environment:checking '/home/info/ros2_ws/install/my_custom_interfaces' for CMake module files
[51.285s] DEBUG:colcon.colcon_core.event_handler.log_command:Invoked command in '/home/info/ros2_ws/build/my_custom_interfaces' returned '0': CMAKE_PREFIX_PATH=${CMAKE_PREFIX_PATH}:/opt/ros/jazzy DEBUGINFOD_URLS=https://debuginfod.ubuntu.com /usr/bin/cmake --install /home/info/ros2_ws/build/my_custom_interfaces
[51.286s] Level 1:colcon.colcon_core.environment:checking '/home/info/ros2_ws/install/my_custom_interfaces' for CMake config files
[51.287s] Level 1:colcon.colcon_core.shell:create_environment_hook('my_custom_interfaces', 'cmake_prefix_path')
[51.287s] INFO:colcon.colcon_core.shell:Creating environment hook '/home/info/ros2_ws/install/my_custom_interfaces/share/my_custom_interfaces/hook/cmake_prefix_path.ps1'
[51.288s] INFO:colcon.colcon_core.shell:Creating environment descriptor '/home/info/ros2_ws/install/my_custom_interfaces/share/my_custom_interfaces/hook/cmake_prefix_path.dsv'
[51.288s] INFO:colcon.colcon_core.shell:Creating environment hook '/home/info/ros2_ws/install/my_custom_interfaces/share/my_custom_interfaces/hook/cmake_prefix_path.sh'
[51.289s] Level 1:colcon.colcon_core.environment:checking '/home/info/ros2_ws/install/my_custom_interfaces/lib'
[51.289s] Level 1:colcon.colcon_core.shell:create_environment_hook('my_custom_interfaces', 'ld_library_path_lib')
[51.289s] INFO:colcon.colcon_core.shell:Creating environment hook '/home/info/ros2_ws/install/my_custom_interfaces/share/my_custom_interfaces/hook/ld_library_path_lib.ps1'
[51.290s] INFO:colcon.colcon_core.shell:Creating environment descriptor '/home/info/ros2_ws/install/my_custom_interfaces/share/my_custom_interfaces/hook/ld_library_path_lib.dsv'
[51.290s] INFO:colcon.colcon_core.shell:Creating environment hook '/home/info/ros2_ws/install/my_custom_interfaces/share/my_custom_interfaces/hook/ld_library_path_lib.sh'
[51.291s] Level 1:colcon.colcon_core.environment:checking '/home/info/ros2_ws/install/my_custom_interfaces/bin'
[51.291s] Level 1:colcon.colcon_core.environment:checking '/home/info/ros2_ws/install/my_custom_interfaces/lib/pkgconfig/my_custom_interfaces.pc'
[51.291s] Level 1:colcon.colcon_core.environment:checking '/home/info/ros2_ws/install/my_custom_interfaces/lib/python3.12/site-packages'
[51.292s] Level 1:colcon.colcon_core.shell:create_environment_hook('my_custom_interfaces', 'pythonpath')
[51.292s] INFO:colcon.colcon_core.shell:Creating environment hook '/home/info/ros2_ws/install/my_custom_interfaces/share/my_custom_interfaces/hook/pythonpath.ps1'
[51.292s] INFO:colcon.colcon_core.shell:Creating environment descriptor '/home/info/ros2_ws/install/my_custom_interfaces/share/my_custom_interfaces/hook/pythonpath.dsv'
[51.293s] INFO:colcon.colcon_core.shell:Creating environment hook '/home/info/ros2_ws/install/my_custom_interfaces/share/my_custom_interfaces/hook/pythonpath.sh'
[51.294s] Level 1:colcon.colcon_core.environment:checking '/home/info/ros2_ws/install/my_custom_interfaces/bin'
[51.294s] INFO:colcon.colcon_core.shell:Creating package script '/home/info/ros2_ws/install/my_custom_interfaces/share/my_custom_interfaces/package.ps1'
[51.295s] INFO:colcon.colcon_core.shell:Creating package descriptor '/home/info/ros2_ws/install/my_custom_interfaces/share/my_custom_interfaces/package.dsv'
[51.295s] INFO:colcon.colcon_core.shell:Creating package script '/home/info/ros2_ws/install/my_custom_interfaces/share/my_custom_interfaces/package.sh'
[51.296s] INFO:colcon.colcon_core.shell:Creating package script '/home/info/ros2_ws/install/my_custom_interfaces/share/my_custom_interfaces/package.bash'
[51.297s] INFO:colcon.colcon_core.shell:Creating package script '/home/info/ros2_ws/install/my_custom_interfaces/share/my_custom_interfaces/package.zsh'
[51.297s] Level 1:colcon.colcon_core.environment:create_file_with_runtime_dependencies(/home/info/ros2_ws/install/my_custom_interfaces/share/colcon-core/packages/my_custom_interfaces)
[51.298s] Level 1:colcon.colcon_core.environment:create_environment_scripts_only(my_custom_interfaces)
[51.298s] Level 1:colcon.colcon_core.environment:checking '/home/info/ros2_ws/install/my_custom_interfaces' for CMake module files
[51.300s] Level 1:colcon.colcon_core.environment:checking '/home/info/ros2_ws/install/my_custom_interfaces' for CMake config files
[51.301s] Level 1:colcon.colcon_core.shell:create_environment_hook('my_custom_interfaces', 'cmake_prefix_path')
[51.301s] INFO:colcon.colcon_core.shell:Creating environment hook '/home/info/ros2_ws/install/my_custom_interfaces/share/my_custom_interfaces/hook/cmake_prefix_path.ps1'
[51.301s] INFO:colcon.colcon_core.shell:Creating environment descriptor '/home/info/ros2_ws/install/my_custom_interfaces/share/my_custom_interfaces/hook/cmake_prefix_path.dsv'
[51.302s] INFO:colcon.colcon_core.shell:Creating environment hook '/home/info/ros2_ws/install/my_custom_interfaces/share/my_custom_interfaces/hook/cmake_prefix_path.sh'
[51.303s] Level 1:colcon.colcon_core.environment:checking '/home/info/ros2_ws/install/my_custom_interfaces/lib'
[51.303s] Level 1:colcon.colcon_core.shell:create_environment_hook('my_custom_interfaces', 'ld_library_path_lib')
[51.303s] INFO:colcon.colcon_core.shell:Creating environment hook '/home/info/ros2_ws/install/my_custom_interfaces/share/my_custom_interfaces/hook/ld_library_path_lib.ps1'
[51.304s] INFO:colcon.colcon_core.shell:Creating environment descriptor '/home/info/ros2_ws/install/my_custom_interfaces/share/my_custom_interfaces/hook/ld_library_path_lib.dsv'
[51.304s] INFO:colcon.colcon_core.shell:Creating environment hook '/home/info/ros2_ws/install/my_custom_interfaces/share/my_custom_interfaces/hook/ld_library_path_lib.sh'
[51.305s] Level 1:colcon.colcon_core.environment:checking '/home/info/ros2_ws/install/my_custom_interfaces/bin'
[51.305s] Level 1:colcon.colcon_core.environment:checking '/home/info/ros2_ws/install/my_custom_interfaces/lib/pkgconfig/my_custom_interfaces.pc'
[51.305s] Level 1:colcon.colcon_core.environment:checking '/home/info/ros2_ws/install/my_custom_interfaces/lib/python3.12/site-packages'
[51.305s] Level 1:colcon.colcon_core.shell:create_environment_hook('my_custom_interfaces', 'pythonpath')
[51.306s] INFO:colcon.colcon_core.shell:Creating environment hook '/home/info/ros2_ws/install/my_custom_interfaces/share/my_custom_interfaces/hook/pythonpath.ps1'
[51.306s] INFO:colcon.colcon_core.shell:Creating environment descriptor '/home/info/ros2_ws/install/my_custom_interfaces/share/my_custom_interfaces/hook/pythonpath.dsv'
[51.307s] INFO:colcon.colcon_core.shell:Creating environment hook '/home/info/ros2_ws/install/my_custom_interfaces/share/my_custom_interfaces/hook/pythonpath.sh'
[51.308s] Level 1:colcon.colcon_core.environment:checking '/home/info/ros2_ws/install/my_custom_interfaces/bin'
[51.308s] INFO:colcon.colcon_core.shell:Creating package script '/home/info/ros2_ws/install/my_custom_interfaces/share/my_custom_interfaces/package.ps1'
[51.309s] INFO:colcon.colcon_core.shell:Creating package descriptor '/home/info/ros2_ws/install/my_custom_interfaces/share/my_custom_interfaces/package.dsv'
[51.310s] INFO:colcon.colcon_core.shell:Creating package script '/home/info/ros2_ws/install/my_custom_interfaces/share/my_custom_interfaces/package.sh'
[51.310s] INFO:colcon.colcon_core.shell:Creating package script '/home/info/ros2_ws/install/my_custom_interfaces/share/my_custom_interfaces/package.bash'
[51.311s] INFO:colcon.colcon_core.shell:Creating package script '/home/info/ros2_ws/install/my_custom_interfaces/share/my_custom_interfaces/package.zsh'
[51.311s] Level 1:colcon.colcon_core.environment:create_file_with_runtime_dependencies(/home/info/ros2_ws/install/my_custom_interfaces/share/colcon-core/packages/my_custom_interfaces)
[51.312s] INFO:colcon.colcon_ros.task.ament_python.build:Building ROS package in '/home/info/ros2_ws/src/ros2_tutorial/my_py_pkg' with build type 'ament_python'
[51.312s] Level 1:colcon.colcon_core.shell:create_environment_hook('my_py_pkg', 'ament_prefix_path')
[51.312s] INFO:colcon.colcon_core.shell:Creating environment hook '/home/info/ros2_ws/install/my_py_pkg/share/my_py_pkg/hook/ament_prefix_path.ps1'
[51.313s] INFO:colcon.colcon_core.shell:Creating environment descriptor '/home/info/ros2_ws/install/my_py_pkg/share/my_py_pkg/hook/ament_prefix_path.dsv'
[51.314s] INFO:colcon.colcon_core.shell:Creating environment hook '/home/info/ros2_ws/install/my_py_pkg/share/my_py_pkg/hook/ament_prefix_path.sh'
[51.315s] INFO:colcon.colcon_core.shell:Skip shell extension 'powershell' for command environment: Not usable outside of PowerShell
[51.315s] DEBUG:colcon.colcon_core.shell:Skip shell extension 'dsv' for command environment
[51.965s] INFO:colcon.colcon_core.task.python.build:Building Python package in '/home/info/ros2_ws/src/ros2_tutorial/my_py_pkg'
[51.965s] INFO:colcon.colcon_core.shell:Skip shell extension 'powershell' for command environment: Not usable outside of PowerShell
[51.965s] DEBUG:colcon.colcon_core.shell:Skip shell extension 'dsv' for command environment
[53.328s] DEBUG:colcon.colcon_core.event_handler.log_command:Invoking command in '/home/info/ros2_ws/src/ros2_tutorial/my_py_pkg': AMENT_PREFIX_PATH=/home/info/ros2_ws/install/my_custom_interfaces:${AMENT_PREFIX_PATH} CMAKE_PREFIX_PATH=/home/info/ros2_ws/install/my_custom_interfaces:${CMAKE_PREFIX_PATH} DEBUGINFOD_URLS=https://debuginfod.ubuntu.com LD_LIBRARY_PATH=/home/info/ros2_ws/install/my_custom_interfaces/lib:${LD_LIBRARY_PATH} PYTHONPATH=/home/info/ros2_ws/build/my_py_pkg/prefix_override:/usr/lib/python3/dist-packages/colcon_core/task/python/colcon_distutils_commands:/home/info/ros2_ws/install/my_py_pkg/lib/python3.12/site-packages:/home/info/ros2_ws/install/my_custom_interfaces/lib/python3.12/site-packages:${PYTHONPATH} /usr/bin/python3 -W ignore:setup.py install is deprecated -W ignore:easy_install command is deprecated setup.py egg_info --egg-base ../../../build/my_py_pkg build --build-base /home/info/ros2_ws/build/my_py_pkg/build install --record /home/info/ros2_ws/build/my_py_pkg/install.log --single-version-externally-managed install_data
[54.555s] Level 1:colcon.colcon_core.environment:checking '/home/info/ros2_ws/install/my_py_pkg' for CMake module files
[54.556s] DEBUG:colcon.colcon_core.event_handler.log_command:Invoked command in '/home/info/ros2_ws/src/ros2_tutorial/my_py_pkg' returned '0': AMENT_PREFIX_PATH=/home/info/ros2_ws/install/my_custom_interfaces:${AMENT_PREFIX_PATH} CMAKE_PREFIX_PATH=/home/info/ros2_ws/install/my_custom_interfaces:${CMAKE_PREFIX_PATH} DEBUGINFOD_URLS=https://debuginfod.ubuntu.com LD_LIBRARY_PATH=/home/info/ros2_ws/install/my_custom_interfaces/lib:${LD_LIBRARY_PATH} PYTHONPATH=/home/info/ros2_ws/build/my_py_pkg/prefix_override:/usr/lib/python3/dist-packages/colcon_core/task/python/colcon_distutils_commands:/home/info/ros2_ws/install/my_py_pkg/lib/python3.12/site-packages:/home/info/ros2_ws/install/my_custom_interfaces/lib/python3.12/site-packages:${PYTHONPATH} /usr/bin/python3 -W ignore:setup.py install is deprecated -W ignore:easy_install command is deprecated setup.py egg_info --egg-base ../../../build/my_py_pkg build --build-base /home/info/ros2_ws/build/my_py_pkg/build install --record /home/info/ros2_ws/build/my_py_pkg/install.log --single-version-externally-managed install_data
[54.556s] Level 1:colcon.colcon_core.environment:checking '/home/info/ros2_ws/install/my_py_pkg' for CMake config files
[54.558s] Level 1:colcon.colcon_core.environment:checking '/home/info/ros2_ws/install/my_py_pkg/lib'
[54.558s] Level 1:colcon.colcon_core.environment:checking '/home/info/ros2_ws/install/my_py_pkg/bin'
[54.558s] Level 1:colcon.colcon_core.environment:checking '/home/info/ros2_ws/install/my_py_pkg/lib/pkgconfig/my_py_pkg.pc'
[54.558s] Level 1:colcon.colcon_core.environment:checking '/home/info/ros2_ws/install/my_py_pkg/lib/python3.12/site-packages'
[54.559s] Level 1:colcon.colcon_core.shell:create_environment_hook('my_py_pkg', 'pythonpath')
[54.559s] INFO:colcon.colcon_core.shell:Creating environment hook '/home/info/ros2_ws/install/my_py_pkg/share/my_py_pkg/hook/pythonpath.ps1'
[54.560s] INFO:colcon.colcon_core.shell:Creating environment descriptor '/home/info/ros2_ws/install/my_py_pkg/share/my_py_pkg/hook/pythonpath.dsv'
[54.560s] INFO:colcon.colcon_core.shell:Creating environment hook '/home/info/ros2_ws/install/my_py_pkg/share/my_py_pkg/hook/pythonpath.sh'
[54.561s] Level 1:colcon.colcon_core.environment:checking '/home/info/ros2_ws/install/my_py_pkg/bin'
[54.561s] Level 1:colcon.colcon_core.environment:create_environment_scripts_only(my_py_pkg)
[54.561s] INFO:colcon.colcon_core.shell:Creating package script '/home/info/ros2_ws/install/my_py_pkg/share/my_py_pkg/package.ps1'
[54.562s] INFO:colcon.colcon_core.shell:Creating package descriptor '/home/info/ros2_ws/install/my_py_pkg/share/my_py_pkg/package.dsv'
[54.563s] INFO:colcon.colcon_core.shell:Creating package script '/home/info/ros2_ws/install/my_py_pkg/share/my_py_pkg/package.sh'
[54.563s] INFO:colcon.colcon_core.shell:Creating package script '/home/info/ros2_ws/install/my_py_pkg/share/my_py_pkg/package.bash'
[54.564s] INFO:colcon.colcon_core.shell:Creating package script '/home/info/ros2_ws/install/my_py_pkg/share/my_py_pkg/package.zsh'
[54.564s] Level 1:colcon.colcon_core.environment:create_file_with_runtime_dependencies(/home/info/ros2_ws/install/my_py_pkg/share/colcon-core/packages/my_py_pkg)
[54.565s] DEBUG:colcon.colcon_parallel_executor.executor.parallel:closing loop
[54.565s] DEBUG:colcon.colcon_parallel_executor.executor.parallel:loop closed
[54.566s] DEBUG:colcon.colcon_parallel_executor.executor.parallel:run_until_complete finished with '0'
[54.566s] DEBUG:colcon.colcon_core.event_reactor:joining thread
[54.605s] INFO:colcon.colcon_core.plugin_system:Skipping extension 'colcon_notification.desktop_notification.terminal_notifier': Not used on non-Darwin systems
[54.605s] INFO:colcon.colcon_core.plugin_system:Skipping extension 'colcon_notification.desktop_notification.win32': Not used on non-Windows systems
[54.605s] INFO:colcon.colcon_notification.desktop_notification:Sending desktop notification using 'notify2'
[54.681s] DEBUG:colcon.colcon_core.event_reactor:joined thread
[54.682s] INFO:colcon.colcon_core.shell:Creating prefix script '/home/info/ros2_ws/install/local_setup.ps1'
[54.683s] INFO:colcon.colcon_core.shell:Creating prefix util module '/home/info/ros2_ws/install/_local_setup_util_ps1.py'
[54.685s] INFO:colcon.colcon_core.shell:Creating prefix chain script '/home/info/ros2_ws/install/setup.ps1'
[54.687s] INFO:colcon.colcon_core.shell:Creating prefix script '/home/info/ros2_ws/install/local_setup.sh'
[54.687s] INFO:colcon.colcon_core.shell:Creating prefix util module '/home/info/ros2_ws/install/_local_setup_util_sh.py'
[54.688s] INFO:colcon.colcon_core.shell:Creating prefix chain script '/home/info/ros2_ws/install/setup.sh'
[54.690s] INFO:colcon.colcon_core.shell:Creating prefix script '/home/info/ros2_ws/install/local_setup.bash'
[54.691s] INFO:colcon.colcon_core.shell:Creating prefix chain script '/home/info/ros2_ws/install/setup.bash'
[54.692s] INFO:colcon.colcon_core.shell:Creating prefix script '/home/info/ros2_ws/install/local_setup.zsh'
[54.693s] INFO:colcon.colcon_core.shell:Creating prefix chain script '/home/info/ros2_ws/install/setup.zsh'
