[16.438s] Invoking command in '/home/info/ros2_ws/tp_turtle_regulation_Emie/src/move_pose': DEBUGINFOD_URLS=https://debuginfod.ubuntu.com PYTHONPATH=/home/info/ros2_ws/build/move_pose/prefix_override:/usr/lib/python3/dist-packages/colcon_core/task/python/colcon_distutils_commands:/home/info/ros2_ws/install/move_pose/lib/python3.12/site-packages:${PYTHONPATH} /usr/bin/python3 -W ignore:setup.py install is deprecated -W ignore:easy_install command is deprecated setup.py egg_info --egg-base ../../../build/move_pose build --build-base /home/info/ros2_ws/build/move_pose/build install --record /home/info/ros2_ws/build/move_pose/install.log --single-version-externally-managed install_data
[19.532s] running egg_info
[19.626s] writing ../../../build/move_pose/move_pose.egg-info/PKG-INFO
[19.627s] writing dependency_links to ../../../build/move_pose/move_pose.egg-info/dependency_links.txt
[19.627s] writing entry points to ../../../build/move_pose/move_pose.egg-info/entry_points.txt
[19.627s] writing requirements to ../../../build/move_pose/move_pose.egg-info/requires.txt
[19.627s] writing top-level names to ../../../build/move_pose/move_pose.egg-info/top_level.txt
[19.795s] reading manifest file '../../../build/move_pose/move_pose.egg-info/SOURCES.txt'
[19.804s] writing manifest file '../../../build/move_pose/move_pose.egg-info/SOURCES.txt'
[19.804s] running build
[19.805s] running build_py
[19.807s] running install
[19.847s] running install_lib
[19.970s] running install_data
[19.971s] running install_egg_info
[20.055s] removing '/home/info/ros2_ws/install/move_pose/lib/python3.12/site-packages/move_pose-0.0.0-py3.12.egg-info' (and everything under it)
[20.057s] Copying ../../../build/move_pose/move_pose.egg-info to /home/info/ros2_ws/install/move_pose/lib/python3.12/site-packages/move_pose-0.0.0-py3.12.egg-info
[20.061s] running install_scripts
[20.684s] Installing move_circle script to /home/info/ros2_ws/install/move_pose/lib/move_pose
[20.685s] Installing move_teleop script to /home/info/ros2_ws/install/move_pose/lib/move_pose
[20.685s] writing list of installed files to '/home/info/ros2_ws/build/move_pose/install.log'
[20.738s] Invoked command in '/home/info/ros2_ws/tp_turtle_regulation_Emie/src/move_pose' returned '0': DEBUGINFOD_URLS=https://debuginfod.ubuntu.com PYTHONPATH=/home/info/ros2_ws/build/move_pose/prefix_override:/usr/lib/python3/dist-packages/colcon_core/task/python/colcon_distutils_commands:/home/info/ros2_ws/install/move_pose/lib/python3.12/site-packages:${PYTHONPATH} /usr/bin/python3 -W ignore:setup.py install is deprecated -W ignore:easy_install command is deprecated setup.py egg_info --egg-base ../../../build/move_pose build --build-base /home/info/ros2_ws/build/move_pose/build install --record /home/info/ros2_ws/build/move_pose/install.log --single-version-externally-managed install_data
