[4.631s] Invoking command in '/home/info/ros2_ws/build/turtle_interfaces': CMAKE_PREFIX_PATH=${CMAKE_PREFIX_PATH}:/opt/ros/jazzy DEBUGINFOD_URLS=https://debuginfod.ubuntu.com /usr/bin/cmake --build /home/info/ros2_ws/build/turtle_interfaces -- -j6 -l6
[6.973s] [  2%] Built target turtle_interfaces__rosidl_generator_type_description
[6.974s] [  2%] Built target ament_cmake_python_copy_turtle_interfaces
[7.768s] [  5%] Built target turtle_interfaces__cpp
[8.028s] [ 20%] Built target turtle_interfaces__rosidl_generator_c
[10.616s] [ 29%] Built target turtle_interfaces__rosidl_typesupport_fastrtps_cpp
[10.623s] [ 38%] Built target turtle_interfaces__rosidl_typesupport_cpp
[10.683s] [ 47%] Built target turtle_interfaces__rosidl_typesupport_introspection_c
[10.829s] [ 55%] Built target turtle_interfaces__rosidl_typesupport_introspection_cpp
[11.091s] [ 64%] Built target turtle_interfaces__rosidl_typesupport_fastrtps_c
[11.396s] [ 73%] Built target turtle_interfaces__rosidl_typesupport_c
[11.571s] running egg_info
[11.667s] writing turtle_interfaces.egg-info/PKG-INFO
[11.668s] writing dependency_links to turtle_interfaces.egg-info/dependency_links.txt
[11.668s] writing top-level names to turtle_interfaces.egg-info/top_level.txt
[12.065s] reading manifest file 'turtle_interfaces.egg-info/SOURCES.txt'
[12.070s] writing manifest file 'turtle_interfaces.egg-info/SOURCES.txt'
[12.379s] [ 73%] Built target turtle_interfaces
[12.615s] [ 73%] Built target ament_cmake_python_build_turtle_interfaces_egg
[12.786s] [ 76%] Built target turtle_interfaces__py
[13.183s] [ 82%] Built target turtle_interfaces__rosidl_generator_py
[15.127s] [ 88%] Built target turtle_interfaces_s__rosidl_typesupport_introspection_c
[15.201s] [ 94%] Built target turtle_interfaces_s__rosidl_typesupport_fastrtps_c
[15.220s] [100%] Built target turtle_interfaces_s__rosidl_typesupport_c
[15.637s] Invoked command in '/home/info/ros2_ws/build/turtle_interfaces' returned '0': CMAKE_PREFIX_PATH=${CMAKE_PREFIX_PATH}:/opt/ros/jazzy DEBUGINFOD_URLS=https://debuginfod.ubuntu.com /usr/bin/cmake --build /home/info/ros2_ws/build/turtle_interfaces -- -j6 -l6
[15.652s] Invoking command in '/home/info/ros2_ws/build/turtle_interfaces': CMAKE_PREFIX_PATH=${CMAKE_PREFIX_PATH}:/opt/ros/jazzy DEBUGINFOD_URLS=https://debuginfod.ubuntu.com /usr/bin/cmake --install /home/info/ros2_ws/build/turtle_interfaces
[15.794s] -- Install configuration: ""
[15.795s] -- Up-to-date: /home/info/ros2_ws/install/turtle_interfaces/share/ament_index/resource_index/rosidl_interfaces/turtle_interfaces
[15.795s] -- Up-to-date: /home/info/ros2_ws/install/turtle_interfaces/share/turtle_interfaces/srv/SetWayPoint.json
[15.795s] -- Up-to-date: /home/info/ros2_ws/install/turtle_interfaces/include/turtle_interfaces/turtle_interfaces
[15.796s] -- Up-to-date: /home/info/ros2_ws/install/turtle_interfaces/include/turtle_interfaces/turtle_interfaces/srv
[15.796s] -- Up-to-date: /home/info/ros2_ws/install/turtle_interfaces/include/turtle_interfaces/turtle_interfaces/srv/set_way_point.h
[15.797s] -- Up-to-date: /home/info/ros2_ws/install/turtle_interfaces/include/turtle_interfaces/turtle_interfaces/srv/detail
[15.797s] -- Up-to-date: /home/info/ros2_ws/install/turtle_interfaces/include/turtle_interfaces/turtle_interfaces/srv/detail/set_way_point__functions.c
[15.798s] -- Installing: /home/info/ros2_ws/install/turtle_interfaces/include/turtle_interfaces/turtle_interfaces/srv/detail/set_way_point__type_support.c
[15.800s] -- Up-to-date: /home/info/ros2_ws/install/turtle_interfaces/include/turtle_interfaces/turtle_interfaces/srv/detail/set_way_point__description.c
[15.801s] -- Up-to-date: /home/info/ros2_ws/install/turtle_interfaces/include/turtle_interfaces/turtle_interfaces/srv/detail/set_way_point__struct.h
[15.802s] -- Up-to-date: /home/info/ros2_ws/install/turtle_interfaces/include/turtle_interfaces/turtle_interfaces/srv/detail/set_way_point__functions.h
[15.802s] -- Up-to-date: /home/info/ros2_ws/install/turtle_interfaces/include/turtle_interfaces/turtle_interfaces/srv/detail/set_way_point__type_support.h
[15.802s] -- Up-to-date: /home/info/ros2_ws/install/turtle_interfaces/include/turtle_interfaces/turtle_interfaces/msg
[15.803s] -- Up-to-date: /home/info/ros2_ws/install/turtle_interfaces/include/turtle_interfaces/turtle_interfaces/msg/rosidl_generator_c__visibility_control.h
[15.804s] -- Up-to-date: /home/info/ros2_ws/install/turtle_interfaces/share/turtle_interfaces/environment/library_path.sh
[15.804s] -- Up-to-date: /home/info/ros2_ws/install/turtle_interfaces/share/turtle_interfaces/environment/library_path.dsv
[15.807s] -- Up-to-date: /home/info/ros2_ws/install/turtle_interfaces/lib/libturtle_interfaces__rosidl_generator_c.so
[15.807s] -- Up-to-date: /home/info/ros2_ws/install/turtle_interfaces/include/turtle_interfaces/turtle_interfaces
[15.815s] -- Up-to-date: /home/info/ros2_ws/install/turtle_interfaces/include/turtle_interfaces/turtle_interfaces/srv
[15.815s] -- Up-to-date: /home/info/ros2_ws/install/turtle_interfaces/include/turtle_interfaces/turtle_interfaces/srv/detail
[15.816s] -- Up-to-date: /home/info/ros2_ws/install/turtle_interfaces/include/turtle_interfaces/turtle_interfaces/srv/detail/set_way_point__rosidl_typesupport_fastrtps_c.h
[15.817s] -- Up-to-date: /home/info/ros2_ws/install/turtle_interfaces/include/turtle_interfaces/turtle_interfaces/msg
[15.818s] -- Up-to-date: /home/info/ros2_ws/install/turtle_interfaces/include/turtle_interfaces/turtle_interfaces/msg/rosidl_typesupport_fastrtps_c__visibility_control.h
[15.821s] -- Up-to-date: /home/info/ros2_ws/install/turtle_interfaces/lib/libturtle_interfaces__rosidl_typesupport_fastrtps_c.so
[15.824s] -- Up-to-date: /home/info/ros2_ws/install/turtle_interfaces/include/turtle_interfaces/turtle_interfaces
[15.825s] -- Up-to-date: /home/info/ros2_ws/install/turtle_interfaces/include/turtle_interfaces/turtle_interfaces/srv
[15.831s] -- Up-to-date: /home/info/ros2_ws/install/turtle_interfaces/include/turtle_interfaces/turtle_interfaces/srv/detail
[15.834s] -- Up-to-date: /home/info/ros2_ws/install/turtle_interfaces/include/turtle_interfaces/turtle_interfaces/srv/detail/set_way_point__rosidl_typesupport_introspection_c.h
[15.835s] -- Installing: /home/info/ros2_ws/install/turtle_interfaces/include/turtle_interfaces/turtle_interfaces/srv/detail/set_way_point__type_support.c
[15.838s] -- Up-to-date: /home/info/ros2_ws/install/turtle_interfaces/include/turtle_interfaces/turtle_interfaces/msg
[15.840s] -- Up-to-date: /home/info/ros2_ws/install/turtle_interfaces/include/turtle_interfaces/turtle_interfaces/msg/rosidl_typesupport_introspection_c__visibility_control.h
[15.841s] -- Up-to-date: /home/info/ros2_ws/install/turtle_interfaces/lib/libturtle_interfaces__rosidl_typesupport_introspection_c.so
[15.849s] -- Up-to-date: /home/info/ros2_ws/install/turtle_interfaces/lib/libturtle_interfaces__rosidl_typesupport_c.so
[15.851s] -- Up-to-date: /home/info/ros2_ws/install/turtle_interfaces/include/turtle_interfaces/turtle_interfaces
[15.854s] -- Up-to-date: /home/info/ros2_ws/install/turtle_interfaces/include/turtle_interfaces/turtle_interfaces/srv
[15.855s] -- Up-to-date: /home/info/ros2_ws/install/turtle_interfaces/include/turtle_interfaces/turtle_interfaces/srv/detail
[15.858s] -- Up-to-date: /home/info/ros2_ws/install/turtle_interfaces/include/turtle_interfaces/turtle_interfaces/srv/detail/set_way_point__builder.hpp
[15.859s] -- Up-to-date: /home/info/ros2_ws/install/turtle_interfaces/include/turtle_interfaces/turtle_interfaces/srv/detail/set_way_point__type_support.hpp
[15.859s] -- Up-to-date: /home/info/ros2_ws/install/turtle_interfaces/include/turtle_interfaces/turtle_interfaces/srv/detail/set_way_point__traits.hpp
[15.859s] -- Up-to-date: /home/info/ros2_ws/install/turtle_interfaces/include/turtle_interfaces/turtle_interfaces/srv/detail/set_way_point__struct.hpp
[15.860s] -- Up-to-date: /home/info/ros2_ws/install/turtle_interfaces/include/turtle_interfaces/turtle_interfaces/srv/set_way_point.hpp
[15.861s] -- Up-to-date: /home/info/ros2_ws/install/turtle_interfaces/include/turtle_interfaces/turtle_interfaces/msg
[15.861s] -- Up-to-date: /home/info/ros2_ws/install/turtle_interfaces/include/turtle_interfaces/turtle_interfaces/msg/rosidl_generator_cpp__visibility_control.hpp
[15.861s] -- Up-to-date: /home/info/ros2_ws/install/turtle_interfaces/include/turtle_interfaces/turtle_interfaces
[15.862s] -- Up-to-date: /home/info/ros2_ws/install/turtle_interfaces/include/turtle_interfaces/turtle_interfaces/srv
[15.862s] -- Up-to-date: /home/info/ros2_ws/install/turtle_interfaces/include/turtle_interfaces/turtle_interfaces/srv/detail
[15.863s] -- Up-to-date: /home/info/ros2_ws/install/turtle_interfaces/include/turtle_interfaces/turtle_interfaces/srv/detail/dds_fastrtps
[15.863s] -- Up-to-date: /home/info/ros2_ws/install/turtle_interfaces/include/turtle_interfaces/turtle_interfaces/srv/detail/set_way_point__rosidl_typesupport_fastrtps_cpp.hpp
[15.863s] -- Up-to-date: /home/info/ros2_ws/install/turtle_interfaces/include/turtle_interfaces/turtle_interfaces/msg
[15.864s] -- Up-to-date: /home/info/ros2_ws/install/turtle_interfaces/include/turtle_interfaces/turtle_interfaces/msg/rosidl_typesupport_fastrtps_cpp__visibility_control.h
[15.866s] -- Up-to-date: /home/info/ros2_ws/install/turtle_interfaces/lib/libturtle_interfaces__rosidl_typesupport_fastrtps_cpp.so
[15.868s] -- Up-to-date: /home/info/ros2_ws/install/turtle_interfaces/include/turtle_interfaces/turtle_interfaces
[15.868s] -- Up-to-date: /home/info/ros2_ws/install/turtle_interfaces/include/turtle_interfaces/turtle_interfaces/srv
[15.869s] -- Up-to-date: /home/info/ros2_ws/install/turtle_interfaces/include/turtle_interfaces/turtle_interfaces/srv/detail
[15.869s] -- Up-to-date: /home/info/ros2_ws/install/turtle_interfaces/include/turtle_interfaces/turtle_interfaces/srv/detail/set_way_point__rosidl_typesupport_introspection_cpp.hpp
[15.871s] -- Up-to-date: /home/info/ros2_ws/install/turtle_interfaces/include/turtle_interfaces/turtle_interfaces/srv/detail/set_way_point__type_support.cpp
[15.871s] -- Up-to-date: /home/info/ros2_ws/install/turtle_interfaces/lib/libturtle_interfaces__rosidl_typesupport_introspection_cpp.so
[15.874s] -- Up-to-date: /home/info/ros2_ws/install/turtle_interfaces/lib/libturtle_interfaces__rosidl_typesupport_cpp.so
[15.876s] -- Up-to-date: /home/info/ros2_ws/install/turtle_interfaces/share/turtle_interfaces/environment/pythonpath.sh
[15.876s] -- Up-to-date: /home/info/ros2_ws/install/turtle_interfaces/share/turtle_interfaces/environment/pythonpath.dsv
[15.877s] -- Up-to-date: /home/info/ros2_ws/install/turtle_interfaces/lib/python3.12/site-packages/turtle_interfaces-0.0.0-py3.12.egg-info
[15.877s] -- Installing: /home/info/ros2_ws/install/turtle_interfaces/lib/python3.12/site-packages/turtle_interfaces-0.0.0-py3.12.egg-info/top_level.txt
[15.878s] -- Installing: /home/info/ros2_ws/install/turtle_interfaces/lib/python3.12/site-packages/turtle_interfaces-0.0.0-py3.12.egg-info/dependency_links.txt
[15.878s] -- Installing: /home/info/ros2_ws/install/turtle_interfaces/lib/python3.12/site-packages/turtle_interfaces-0.0.0-py3.12.egg-info/SOURCES.txt
[15.880s] -- Installing: /home/info/ros2_ws/install/turtle_interfaces/lib/python3.12/site-packages/turtle_interfaces-0.0.0-py3.12.egg-info/PKG-INFO
[15.880s] -- Up-to-date: /home/info/ros2_ws/install/turtle_interfaces/lib/python3.12/site-packages/turtle_interfaces
[15.881s] -- Up-to-date: /home/info/ros2_ws/install/turtle_interfaces/lib/python3.12/site-packages/turtle_interfaces/turtle_interfaces_s__rosidl_typesupport_c.so
[15.881s] -- Up-to-date: /home/info/ros2_ws/install/turtle_interfaces/lib/python3.12/site-packages/turtle_interfaces/_turtle_interfaces_s.ep.rosidl_typesupport_fastrtps_c.c
[15.882s] -- Up-to-date: /home/info/ros2_ws/install/turtle_interfaces/lib/python3.12/site-packages/turtle_interfaces/_turtle_interfaces_s.ep.rosidl_typesupport_c.c
[15.882s] -- Up-to-date: /home/info/ros2_ws/install/turtle_interfaces/lib/python3.12/site-packages/turtle_interfaces/srv
[15.882s] -- Up-to-date: /home/info/ros2_ws/install/turtle_interfaces/lib/python3.12/site-packages/turtle_interfaces/srv/__init__.py
[15.883s] -- Up-to-date: /home/info/ros2_ws/install/turtle_interfaces/lib/python3.12/site-packages/turtle_interfaces/srv/_set_way_point.py
[15.883s] -- Up-to-date: /home/info/ros2_ws/install/turtle_interfaces/lib/python3.12/site-packages/turtle_interfaces/srv/_set_way_point_s.c
[15.883s] -- Up-to-date: /home/info/ros2_ws/install/turtle_interfaces/lib/python3.12/site-packages/turtle_interfaces/__init__.py
[15.884s] -- Up-to-date: /home/info/ros2_ws/install/turtle_interfaces/lib/python3.12/site-packages/turtle_interfaces/_turtle_interfaces_s.ep.rosidl_typesupport_introspection_c.c
[15.884s] -- Up-to-date: /home/info/ros2_ws/install/turtle_interfaces/lib/python3.12/site-packages/turtle_interfaces/turtle_interfaces_s__rosidl_typesupport_introspection_c.so
[15.887s] -- Up-to-date: /home/info/ros2_ws/install/turtle_interfaces/lib/python3.12/site-packages/turtle_interfaces/turtle_interfaces_s__rosidl_typesupport_fastrtps_c.so
[16.065s] Listing '/home/info/ros2_ws/install/turtle_interfaces/lib/python3.12/site-packages/turtle_interfaces'...
[16.066s] Listing '/home/info/ros2_ws/install/turtle_interfaces/lib/python3.12/site-packages/turtle_interfaces/srv'...
[16.089s] -- Up-to-date: /home/info/ros2_ws/install/turtle_interfaces/lib/python3.12/site-packages/turtle_interfaces/turtle_interfaces_s__rosidl_typesupport_fastrtps_c.so
[16.092s] -- Up-to-date: /home/info/ros2_ws/install/turtle_interfaces/lib/python3.12/site-packages/turtle_interfaces/turtle_interfaces_s__rosidl_typesupport_introspection_c.so
[16.095s] -- Up-to-date: /home/info/ros2_ws/install/turtle_interfaces/lib/python3.12/site-packages/turtle_interfaces/turtle_interfaces_s__rosidl_typesupport_c.so
[16.097s] -- Up-to-date: /home/info/ros2_ws/install/turtle_interfaces/lib/libturtle_interfaces__rosidl_generator_py.so
[16.100s] -- Up-to-date: /home/info/ros2_ws/install/turtle_interfaces/share/turtle_interfaces/srv/SetWayPoint.idl
[16.101s] -- Up-to-date: /home/info/ros2_ws/install/turtle_interfaces/share/turtle_interfaces/srv/SetWayPoint.srv
[16.102s] -- Up-to-date: /home/info/ros2_ws/install/turtle_interfaces/share/ament_index/resource_index/package_run_dependencies/turtle_interfaces
[16.102s] -- Up-to-date: /home/info/ros2_ws/install/turtle_interfaces/share/ament_index/resource_index/parent_prefix_path/turtle_interfaces
[16.102s] -- Up-to-date: /home/info/ros2_ws/install/turtle_interfaces/share/turtle_interfaces/environment/ament_prefix_path.sh
[16.102s] -- Up-to-date: /home/info/ros2_ws/install/turtle_interfaces/share/turtle_interfaces/environment/ament_prefix_path.dsv
[16.102s] -- Up-to-date: /home/info/ros2_ws/install/turtle_interfaces/share/turtle_interfaces/environment/path.sh
[16.102s] -- Up-to-date: /home/info/ros2_ws/install/turtle_interfaces/share/turtle_interfaces/environment/path.dsv
[16.103s] -- Up-to-date: /home/info/ros2_ws/install/turtle_interfaces/share/turtle_interfaces/local_setup.bash
[16.103s] -- Up-to-date: /home/info/ros2_ws/install/turtle_interfaces/share/turtle_interfaces/local_setup.sh
[16.103s] -- Up-to-date: /home/info/ros2_ws/install/turtle_interfaces/share/turtle_interfaces/local_setup.zsh
[16.103s] -- Up-to-date: /home/info/ros2_ws/install/turtle_interfaces/share/turtle_interfaces/local_setup.dsv
[16.111s] -- Installing: /home/info/ros2_ws/install/turtle_interfaces/share/turtle_interfaces/package.dsv
[16.112s] -- Up-to-date: /home/info/ros2_ws/install/turtle_interfaces/share/ament_index/resource_index/packages/turtle_interfaces
[16.112s] -- Up-to-date: /home/info/ros2_ws/install/turtle_interfaces/share/turtle_interfaces/cmake/export_turtle_interfaces__rosidl_generator_cExport.cmake
[16.113s] -- Up-to-date: /home/info/ros2_ws/install/turtle_interfaces/share/turtle_interfaces/cmake/export_turtle_interfaces__rosidl_generator_cExport-noconfig.cmake
[16.115s] -- Up-to-date: /home/info/ros2_ws/install/turtle_interfaces/share/turtle_interfaces/cmake/export_turtle_interfaces__rosidl_typesupport_fastrtps_cExport.cmake
[16.115s] -- Up-to-date: /home/info/ros2_ws/install/turtle_interfaces/share/turtle_interfaces/cmake/export_turtle_interfaces__rosidl_typesupport_fastrtps_cExport-noconfig.cmake
[16.119s] -- Up-to-date: /home/info/ros2_ws/install/turtle_interfaces/share/turtle_interfaces/cmake/turtle_interfaces__rosidl_typesupport_introspection_cExport.cmake
[16.122s] -- Up-to-date: /home/info/ros2_ws/install/turtle_interfaces/share/turtle_interfaces/cmake/turtle_interfaces__rosidl_typesupport_introspection_cExport-noconfig.cmake
[16.122s] -- Up-to-date: /home/info/ros2_ws/install/turtle_interfaces/share/turtle_interfaces/cmake/turtle_interfaces__rosidl_typesupport_cExport.cmake
[16.123s] -- Up-to-date: /home/info/ros2_ws/install/turtle_interfaces/share/turtle_interfaces/cmake/turtle_interfaces__rosidl_typesupport_cExport-noconfig.cmake
[16.123s] -- Up-to-date: /home/info/ros2_ws/install/turtle_interfaces/share/turtle_interfaces/cmake/export_turtle_interfaces__rosidl_generator_cppExport.cmake
[16.123s] -- Up-to-date: /home/info/ros2_ws/install/turtle_interfaces/share/turtle_interfaces/cmake/export_turtle_interfaces__rosidl_typesupport_fastrtps_cppExport.cmake
[16.125s] -- Up-to-date: /home/info/ros2_ws/install/turtle_interfaces/share/turtle_interfaces/cmake/export_turtle_interfaces__rosidl_typesupport_fastrtps_cppExport-noconfig.cmake
[16.125s] -- Up-to-date: /home/info/ros2_ws/install/turtle_interfaces/share/turtle_interfaces/cmake/turtle_interfaces__rosidl_typesupport_introspection_cppExport.cmake
[16.128s] -- Up-to-date: /home/info/ros2_ws/install/turtle_interfaces/share/turtle_interfaces/cmake/turtle_interfaces__rosidl_typesupport_introspection_cppExport-noconfig.cmake
[16.129s] -- Up-to-date: /home/info/ros2_ws/install/turtle_interfaces/share/turtle_interfaces/cmake/turtle_interfaces__rosidl_typesupport_cppExport.cmake
[16.133s] -- Up-to-date: /home/info/ros2_ws/install/turtle_interfaces/share/turtle_interfaces/cmake/turtle_interfaces__rosidl_typesupport_cppExport-noconfig.cmake
[16.133s] -- Up-to-date: /home/info/ros2_ws/install/turtle_interfaces/share/turtle_interfaces/cmake/export_turtle_interfaces__rosidl_generator_pyExport.cmake
[16.133s] -- Up-to-date: /home/info/ros2_ws/install/turtle_interfaces/share/turtle_interfaces/cmake/export_turtle_interfaces__rosidl_generator_pyExport-noconfig.cmake
[16.133s] -- Up-to-date: /home/info/ros2_ws/install/turtle_interfaces/share/turtle_interfaces/cmake/rosidl_cmake-extras.cmake
[16.133s] -- Up-to-date: /home/info/ros2_ws/install/turtle_interfaces/share/turtle_interfaces/cmake/ament_cmake_export_dependencies-extras.cmake
[16.134s] -- Up-to-date: /home/info/ros2_ws/install/turtle_interfaces/share/turtle_interfaces/cmake/ament_cmake_export_include_directories-extras.cmake
[16.134s] -- Up-to-date: /home/info/ros2_ws/install/turtle_interfaces/share/turtle_interfaces/cmake/ament_cmake_export_libraries-extras.cmake
[16.134s] -- Up-to-date: /home/info/ros2_ws/install/turtle_interfaces/share/turtle_interfaces/cmake/ament_cmake_export_targets-extras.cmake
[16.134s] -- Up-to-date: /home/info/ros2_ws/install/turtle_interfaces/share/turtle_interfaces/cmake/rosidl_cmake_export_typesupport_targets-extras.cmake
[16.134s] -- Up-to-date: /home/info/ros2_ws/install/turtle_interfaces/share/turtle_interfaces/cmake/rosidl_cmake_export_typesupport_libraries-extras.cmake
[16.134s] -- Up-to-date: /home/info/ros2_ws/install/turtle_interfaces/share/turtle_interfaces/cmake/turtle_interfacesConfig.cmake
[16.135s] -- Up-to-date: /home/info/ros2_ws/install/turtle_interfaces/share/turtle_interfaces/cmake/turtle_interfacesConfig-version.cmake
[16.135s] -- Up-to-date: /home/info/ros2_ws/install/turtle_interfaces/share/turtle_interfaces/package.xml
[16.216s] Invoked command in '/home/info/ros2_ws/build/turtle_interfaces' returned '0': CMAKE_PREFIX_PATH=${CMAKE_PREFIX_PATH}:/opt/ros/jazzy DEBUGINFOD_URLS=https://debuginfod.ubuntu.com /usr/bin/cmake --install /home/info/ros2_ws/build/turtle_interfaces
