[7.900s] Invoking command in '/home/info/ros2_ws/src/tp_turtle_regulation_Emie/turtle_regulation': DEBUGINFOD_URLS=https://debuginfod.ubuntu.com PYTHONPATH=/home/info/ros2_ws/build/turtle_regulation/prefix_override:/usr/lib/python3/dist-packages/colcon_core/task/python/colcon_distutils_commands:/home/info/ros2_ws/install/turtle_regulation/lib/python3.12/site-packages:${PYTHONPATH} /usr/bin/python3 -W ignore:setup.py install is deprecated -W ignore:easy_install command is deprecated setup.py egg_info --egg-base ../../../build/turtle_regulation build --build-base /home/info/ros2_ws/build/turtle_regulation/build install --record /home/info/ros2_ws/build/turtle_regulation/install.log --single-version-externally-managed install_data
[8.732s] running egg_info
[8.778s] writing ../../../build/turtle_regulation/turtle_regulation.egg-info/PKG-INFO
[8.779s] writing dependency_links to ../../../build/turtle_regulation/turtle_regulation.egg-info/dependency_links.txt
[8.781s] writing entry points to ../../../build/turtle_regulation/turtle_regulation.egg-info/entry_points.txt
[8.781s] writing requirements to ../../../build/turtle_regulation/turtle_regulation.egg-info/requires.txt
[8.785s] writing top-level names to ../../../build/turtle_regulation/turtle_regulation.egg-info/top_level.txt
[8.869s] reading manifest file '../../../build/turtle_regulation/turtle_regulation.egg-info/SOURCES.txt'
[8.872s] writing manifest file '../../../build/turtle_regulation/turtle_regulation.egg-info/SOURCES.txt'
[8.872s] running build
[8.877s] running build_py
[8.877s] copying turtle_regulation/set_way_point.py -> /home/info/ros2_ws/build/turtle_regulation/build/lib/turtle_regulation
[8.877s] running install
[8.886s] running install_lib
[8.930s] copying /home/info/ros2_ws/build/turtle_regulation/build/lib/turtle_regulation/set_way_point.py -> /home/info/ros2_ws/install/turtle_regulation/lib/python3.12/site-packages/turtle_regulation
[8.931s] byte-compiling /home/info/ros2_ws/install/turtle_regulation/lib/python3.12/site-packages/turtle_regulation/set_way_point.py to set_way_point.cpython-312.pyc
[8.932s] running install_data
[8.932s]   File "/home/info/ros2_ws/install/turtle_regulation/lib/python3.12/site-packages/turtle_regulation/set_way_point.py", line 1
[8.932s]     mport rclpy
[8.932s]           ^^^^^
[8.932s] SyntaxError: invalid syntax
[8.933s] 
[8.933s] running install_egg_info
[8.981s] removing '/home/info/ros2_ws/install/turtle_regulation/lib/python3.12/site-packages/turtle_regulation-0.0.0-py3.12.egg-info' (and everything under it)
[8.982s] Copying ../../../build/turtle_regulation/turtle_regulation.egg-info to /home/info/ros2_ws/install/turtle_regulation/lib/python3.12/site-packages/turtle_regulation-0.0.0-py3.12.egg-info
[8.986s] running install_scripts
[9.476s] Installing set_way_point script to /home/info/ros2_ws/install/turtle_regulation/lib/turtle_regulation
[9.479s] writing list of installed files to '/home/info/ros2_ws/build/turtle_regulation/install.log'
[9.528s] Invoked command in '/home/info/ros2_ws/src/tp_turtle_regulation_Emie/turtle_regulation' returned '0': DEBUGINFOD_URLS=https://debuginfod.ubuntu.com PYTHONPATH=/home/info/ros2_ws/build/turtle_regulation/prefix_override:/usr/lib/python3/dist-packages/colcon_core/task/python/colcon_distutils_commands:/home/info/ros2_ws/install/turtle_regulation/lib/python3.12/site-packages:${PYTHONPATH} /usr/bin/python3 -W ignore:setup.py install is deprecated -W ignore:easy_install command is deprecated setup.py egg_info --egg-base ../../../build/turtle_regulation build --build-base /home/info/ros2_ws/build/turtle_regulation/build install --record /home/info/ros2_ws/build/turtle_regulation/install.log --single-version-externally-managed install_data
