[1.283s] DEBUG:colcon:Command line arguments: ['/usr/bin/colcon', 'list', '-p', '--base-paths', '/home/info/ros2_ws']
[1.283s] DEBUG:colcon:Parsed command line arguments: Namespace(log_base=None, log_level=None, verb_name='list', build_base='build', ignore_user_meta=False, metas=['./colcon.meta'], base_paths=['/home/info/ros2_ws'], packages_ignore=None, packages_ignore_regex=None, paths=None, packages_up_to=None, packages_up_to_regex=None, packages_above=None, packages_above_and_dependencies=None, packages_above_depth=None, packages_select_by_dep=None, packages_skip_by_dep=None, packages_skip_up_to=None, packages_select_build_failed=False, packages_skip_build_finished=False, packages_select_test_failures=False, packages_skip_test_passed=False, packages_select=None, packages_skip=None, packages_select_regex=None, packages_skip_regex=None, packages_start=None, packages_end=None, allow_overriding=[], topological_order=False, names_only=False, paths_only=True, topological_graph=False, topological_graph_dot=False, topological_graph_density=False, topological_graph_legend=False, topological_graph_dot_cluster=False, topological_graph_dot_include_skipped=False, mixin_files=None, mixin=None, verb_parser=<colcon_mixin.mixin.mixin_argument.MixinArgumentDecorator object at 0x71e7bb099460>, verb_extension=<colcon_package_information.verb.list.ListVerb object at 0x71e7bb098830>, main=<bound method ListVerb.main of <colcon_package_information.verb.list.ListVerb object at 0x71e7bb098830>>, mixin_verb=('list',))
[1.676s] Level 1:colcon.colcon_core.package_discovery:discover_packages(colcon_meta) check parameters
[1.676s] Level 1:colcon.colcon_core.package_discovery:discover_packages(recursive) check parameters
[1.676s] Level 1:colcon.colcon_core.package_discovery:discover_packages(ignore) check parameters
[1.676s] Level 1:colcon.colcon_core.package_discovery:discover_packages(path) check parameters
[1.676s] Level 1:colcon.colcon_core.package_discovery:discover_packages(recursive) discover
[1.676s] INFO:colcon.colcon_core.package_discovery:Crawling recursively for packages in '/home/info/ros2_ws'
[1.677s] Level 1:colcon.colcon_core.package_identification:_identify(/home/info/ros2_ws) by extensions ['ignore', 'ignore_ament_install']
[1.677s] Level 1:colcon.colcon_core.package_identification:_identify(/home/info/ros2_ws) by extension 'ignore'
[1.677s] Level 1:colcon.colcon_core.package_identification:_identify(/home/info/ros2_ws) by extension 'ignore_ament_install'
[1.677s] Level 1:colcon.colcon_core.package_identification:_identify(/home/info/ros2_ws) by extensions ['colcon_pkg']
[1.677s] Level 1:colcon.colcon_core.package_identification:_identify(/home/info/ros2_ws) by extension 'colcon_pkg'
[1.677s] Level 1:colcon.colcon_core.package_identification:_identify(/home/info/ros2_ws) by extensions ['colcon_meta']
[1.677s] Level 1:colcon.colcon_core.package_identification:_identify(/home/info/ros2_ws) by extension 'colcon_meta'
[1.677s] Level 1:colcon.colcon_core.package_identification:_identify(/home/info/ros2_ws) by extensions ['ros']
[1.677s] Level 1:colcon.colcon_core.package_identification:_identify(/home/info/ros2_ws) by extension 'ros'
[1.885s] Level 1:colcon.colcon_core.package_identification:_identify(/home/info/ros2_ws) by extensions ['cmake', 'python']
[1.885s] Level 1:colcon.colcon_core.package_identification:_identify(/home/info/ros2_ws) by extension 'cmake'
[1.885s] Level 1:colcon.colcon_core.package_identification:_identify(/home/info/ros2_ws) by extension 'python'
[1.886s] Level 1:colcon.colcon_core.package_identification:_identify(/home/info/ros2_ws) by extensions ['python_setup_py']
[1.886s] Level 1:colcon.colcon_core.package_identification:_identify(/home/info/ros2_ws) by extension 'python_setup_py'
[1.886s] Level 1:colcon.colcon_core.package_identification:_identify(/home/info/ros2_ws/build) by extensions ['ignore', 'ignore_ament_install']
[1.886s] Level 1:colcon.colcon_core.package_identification:_identify(/home/info/ros2_ws/build) by extension 'ignore'
[1.886s] Level 1:colcon.colcon_core.package_identification:_identify(/home/info/ros2_ws/build) ignored
[1.890s] Level 1:colcon.colcon_core.package_identification:_identify(/home/info/ros2_ws/install) by extensions ['ignore', 'ignore_ament_install']
[1.891s] Level 1:colcon.colcon_core.package_identification:_identify(/home/info/ros2_ws/install) by extension 'ignore'
[1.891s] Level 1:colcon.colcon_core.package_identification:_identify(/home/info/ros2_ws/install) ignored
[1.891s] Level 1:colcon.colcon_core.package_identification:_identify(/home/info/ros2_ws/log) by extensions ['ignore', 'ignore_ament_install']
[1.895s] Level 1:colcon.colcon_core.package_identification:_identify(/home/info/ros2_ws/log) by extension 'ignore'
[1.895s] Level 1:colcon.colcon_core.package_identification:_identify(/home/info/ros2_ws/log) ignored
[1.895s] Level 1:colcon.colcon_core.package_identification:_identify(/home/info/ros2_ws/src) by extensions ['ignore', 'ignore_ament_install']
[1.895s] Level 1:colcon.colcon_core.package_identification:_identify(/home/info/ros2_ws/src) by extension 'ignore'
[1.895s] Level 1:colcon.colcon_core.package_identification:_identify(/home/info/ros2_ws/src) by extension 'ignore_ament_install'
[1.896s] Level 1:colcon.colcon_core.package_identification:_identify(/home/info/ros2_ws/src) by extensions ['colcon_pkg']
[1.896s] Level 1:colcon.colcon_core.package_identification:_identify(/home/info/ros2_ws/src) by extension 'colcon_pkg'
[1.896s] Level 1:colcon.colcon_core.package_identification:_identify(/home/info/ros2_ws/src) by extensions ['colcon_meta']
[1.896s] Level 1:colcon.colcon_core.package_identification:_identify(/home/info/ros2_ws/src) by extension 'colcon_meta'
[1.896s] Level 1:colcon.colcon_core.package_identification:_identify(/home/info/ros2_ws/src) by extensions ['ros']
[1.896s] Level 1:colcon.colcon_core.package_identification:_identify(/home/info/ros2_ws/src) by extension 'ros'
[1.897s] Level 1:colcon.colcon_core.package_identification:_identify(/home/info/ros2_ws/src) by extensions ['cmake', 'python']
[1.897s] Level 1:colcon.colcon_core.package_identification:_identify(/home/info/ros2_ws/src) by extension 'cmake'
[1.900s] Level 1:colcon.colcon_core.package_identification:_identify(/home/info/ros2_ws/src) by extension 'python'
[1.900s] Level 1:colcon.colcon_core.package_identification:_identify(/home/info/ros2_ws/src) by extensions ['python_setup_py']
[1.900s] Level 1:colcon.colcon_core.package_identification:_identify(/home/info/ros2_ws/src) by extension 'python_setup_py'
[1.901s] Level 1:colcon.colcon_core.package_identification:_identify(/home/info/ros2_ws/src/move_pose) by extensions ['ignore', 'ignore_ament_install']
[1.901s] Level 1:colcon.colcon_core.package_identification:_identify(/home/info/ros2_ws/src/move_pose) by extension 'ignore'
[1.901s] Level 1:colcon.colcon_core.package_identification:_identify(/home/info/ros2_ws/src/move_pose) by extension 'ignore_ament_install'
[1.901s] Level 1:colcon.colcon_core.package_identification:_identify(/home/info/ros2_ws/src/move_pose) by extensions ['colcon_pkg']
[1.901s] Level 1:colcon.colcon_core.package_identification:_identify(/home/info/ros2_ws/src/move_pose) by extension 'colcon_pkg'
[1.901s] Level 1:colcon.colcon_core.package_identification:_identify(/home/info/ros2_ws/src/move_pose) by extensions ['colcon_meta']
[1.901s] Level 1:colcon.colcon_core.package_identification:_identify(/home/info/ros2_ws/src/move_pose) by extension 'colcon_meta'
[1.902s] Level 1:colcon.colcon_core.package_identification:_identify(/home/info/ros2_ws/src/move_pose) by extensions ['ros']
[1.902s] Level 1:colcon.colcon_core.package_identification:_identify(/home/info/ros2_ws/src/move_pose) by extension 'ros'
[1.938s] DEBUG:colcon.colcon_core.package_identification:Package '/home/info/ros2_ws/src/move_pose' with type 'ros.ament_python' and name 'move_pose'
[1.939s] Level 1:colcon.colcon_core.package_identification:_identify(/home/info/ros2_ws/src/move_turtle) by extensions ['ignore', 'ignore_ament_install']
[1.942s] Level 1:colcon.colcon_core.package_identification:_identify(/home/info/ros2_ws/src/move_turtle) by extension 'ignore'
[1.942s] Level 1:colcon.colcon_core.package_identification:_identify(/home/info/ros2_ws/src/move_turtle) by extension 'ignore_ament_install'
[1.942s] Level 1:colcon.colcon_core.package_identification:_identify(/home/info/ros2_ws/src/move_turtle) by extensions ['colcon_pkg']
[1.942s] Level 1:colcon.colcon_core.package_identification:_identify(/home/info/ros2_ws/src/move_turtle) by extension 'colcon_pkg'
[1.942s] Level 1:colcon.colcon_core.package_identification:_identify(/home/info/ros2_ws/src/move_turtle) by extensions ['colcon_meta']
[1.942s] Level 1:colcon.colcon_core.package_identification:_identify(/home/info/ros2_ws/src/move_turtle) by extension 'colcon_meta'
[1.943s] Level 1:colcon.colcon_core.package_identification:_identify(/home/info/ros2_ws/src/move_turtle) by extensions ['ros']
[1.943s] Level 1:colcon.colcon_core.package_identification:_identify(/home/info/ros2_ws/src/move_turtle) by extension 'ros'
[1.945s] DEBUG:colcon.colcon_core.package_identification:Package '/home/info/ros2_ws/src/move_turtle' with type 'ros.ament_python' and name 'move_turtle'
[1.950s] Level 1:colcon.colcon_core.package_identification:_identify(/home/info/ros2_ws/src/ros2_tutorial) by extensions ['ignore', 'ignore_ament_install']
[1.950s] Level 1:colcon.colcon_core.package_identification:_identify(/home/info/ros2_ws/src/ros2_tutorial) by extension 'ignore'
[1.950s] Level 1:colcon.colcon_core.package_identification:_identify(/home/info/ros2_ws/src/ros2_tutorial) by extension 'ignore_ament_install'
[1.951s] Level 1:colcon.colcon_core.package_identification:_identify(/home/info/ros2_ws/src/ros2_tutorial) by extensions ['colcon_pkg']
[1.951s] Level 1:colcon.colcon_core.package_identification:_identify(/home/info/ros2_ws/src/ros2_tutorial) by extension 'colcon_pkg'
[1.951s] Level 1:colcon.colcon_core.package_identification:_identify(/home/info/ros2_ws/src/ros2_tutorial) by extensions ['colcon_meta']
[1.951s] Level 1:colcon.colcon_core.package_identification:_identify(/home/info/ros2_ws/src/ros2_tutorial) by extension 'colcon_meta'
[1.954s] Level 1:colcon.colcon_core.package_identification:_identify(/home/info/ros2_ws/src/ros2_tutorial) by extensions ['ros']
[1.954s] Level 1:colcon.colcon_core.package_identification:_identify(/home/info/ros2_ws/src/ros2_tutorial) by extension 'ros'
[1.954s] Level 1:colcon.colcon_core.package_identification:_identify(/home/info/ros2_ws/src/ros2_tutorial) by extensions ['cmake', 'python']
[1.954s] Level 1:colcon.colcon_core.package_identification:_identify(/home/info/ros2_ws/src/ros2_tutorial) by extension 'cmake'
[1.954s] Level 1:colcon.colcon_core.package_identification:_identify(/home/info/ros2_ws/src/ros2_tutorial) by extension 'python'
[1.955s] Level 1:colcon.colcon_core.package_identification:_identify(/home/info/ros2_ws/src/ros2_tutorial) by extensions ['python_setup_py']
[1.955s] Level 1:colcon.colcon_core.package_identification:_identify(/home/info/ros2_ws/src/ros2_tutorial) by extension 'python_setup_py'
[1.955s] Level 1:colcon.colcon_core.package_identification:_identify(/home/info/ros2_ws/src/ros2_tutorial/my_custom_interfaces) by extensions ['ignore', 'ignore_ament_install']
[1.955s] Level 1:colcon.colcon_core.package_identification:_identify(/home/info/ros2_ws/src/ros2_tutorial/my_custom_interfaces) by extension 'ignore'
[1.955s] Level 1:colcon.colcon_core.package_identification:_identify(/home/info/ros2_ws/src/ros2_tutorial/my_custom_interfaces) by extension 'ignore_ament_install'
[1.956s] Level 1:colcon.colcon_core.package_identification:_identify(/home/info/ros2_ws/src/ros2_tutorial/my_custom_interfaces) by extensions ['colcon_pkg']
[1.956s] Level 1:colcon.colcon_core.package_identification:_identify(/home/info/ros2_ws/src/ros2_tutorial/my_custom_interfaces) by extension 'colcon_pkg'
[1.956s] Level 1:colcon.colcon_core.package_identification:_identify(/home/info/ros2_ws/src/ros2_tutorial/my_custom_interfaces) by extensions ['colcon_meta']
[1.956s] Level 1:colcon.colcon_core.package_identification:_identify(/home/info/ros2_ws/src/ros2_tutorial/my_custom_interfaces) by extension 'colcon_meta'
[1.960s] Level 1:colcon.colcon_core.package_identification:_identify(/home/info/ros2_ws/src/ros2_tutorial/my_custom_interfaces) by extensions ['ros']
[1.960s] Level 1:colcon.colcon_core.package_identification:_identify(/home/info/ros2_ws/src/ros2_tutorial/my_custom_interfaces) by extension 'ros'
[1.971s] DEBUG:colcon.colcon_core.package_identification:Package '/home/info/ros2_ws/src/ros2_tutorial/my_custom_interfaces' with type 'ros.ament_cmake' and name 'my_custom_interfaces'
[1.972s] Level 1:colcon.colcon_core.package_identification:_identify(/home/info/ros2_ws/src/ros2_tutorial/my_py_pkg) by extensions ['ignore', 'ignore_ament_install']
[1.972s] Level 1:colcon.colcon_core.package_identification:_identify(/home/info/ros2_ws/src/ros2_tutorial/my_py_pkg) by extension 'ignore'
[1.972s] Level 1:colcon.colcon_core.package_identification:_identify(/home/info/ros2_ws/src/ros2_tutorial/my_py_pkg) by extension 'ignore_ament_install'
[1.987s] Level 1:colcon.colcon_core.package_identification:_identify(/home/info/ros2_ws/src/ros2_tutorial/my_py_pkg) by extensions ['colcon_pkg']
[1.987s] Level 1:colcon.colcon_core.package_identification:_identify(/home/info/ros2_ws/src/ros2_tutorial/my_py_pkg) by extension 'colcon_pkg'
[1.987s] Level 1:colcon.colcon_core.package_identification:_identify(/home/info/ros2_ws/src/ros2_tutorial/my_py_pkg) by extensions ['colcon_meta']
[1.987s] Level 1:colcon.colcon_core.package_identification:_identify(/home/info/ros2_ws/src/ros2_tutorial/my_py_pkg) by extension 'colcon_meta'
[1.987s] Level 1:colcon.colcon_core.package_identification:_identify(/home/info/ros2_ws/src/ros2_tutorial/my_py_pkg) by extensions ['ros']
[1.987s] Level 1:colcon.colcon_core.package_identification:_identify(/home/info/ros2_ws/src/ros2_tutorial/my_py_pkg) by extension 'ros'
[1.989s] DEBUG:colcon.colcon_core.package_identification:Package '/home/info/ros2_ws/src/ros2_tutorial/my_py_pkg' with type 'ros.ament_python' and name 'my_py_pkg'
[1.993s] Level 1:colcon.colcon_core.package_identification:_identify(/home/info/ros2_ws/src/ros2_tutorial/my_service_pkg) by extensions ['ignore', 'ignore_ament_install']
[1.993s] Level 1:colcon.colcon_core.package_identification:_identify(/home/info/ros2_ws/src/ros2_tutorial/my_service_pkg) by extension 'ignore'
[1.993s] Level 1:colcon.colcon_core.package_identification:_identify(/home/info/ros2_ws/src/ros2_tutorial/my_service_pkg) by extension 'ignore_ament_install'
[1.993s] Level 1:colcon.colcon_core.package_identification:_identify(/home/info/ros2_ws/src/ros2_tutorial/my_service_pkg) by extensions ['colcon_pkg']
[1.994s] Level 1:colcon.colcon_core.package_identification:_identify(/home/info/ros2_ws/src/ros2_tutorial/my_service_pkg) by extension 'colcon_pkg'
[1.994s] Level 1:colcon.colcon_core.package_identification:_identify(/home/info/ros2_ws/src/ros2_tutorial/my_service_pkg) by extensions ['colcon_meta']
[1.994s] Level 1:colcon.colcon_core.package_identification:_identify(/home/info/ros2_ws/src/ros2_tutorial/my_service_pkg) by extension 'colcon_meta'
[1.994s] Level 1:colcon.colcon_core.package_identification:_identify(/home/info/ros2_ws/src/ros2_tutorial/my_service_pkg) by extensions ['ros']
[1.994s] Level 1:colcon.colcon_core.package_identification:_identify(/home/info/ros2_ws/src/ros2_tutorial/my_service_pkg) by extension 'ros'
[1.996s] DEBUG:colcon.colcon_core.package_identification:Package '/home/info/ros2_ws/src/ros2_tutorial/my_service_pkg' with type 'ros.ament_python' and name 'my_service_pkg'
[1.997s] Level 1:colcon.colcon_core.package_identification:_identify(/home/info/ros2_ws/src/tp_turtle_regulation_Emie) by extensions ['ignore', 'ignore_ament_install']
[1.997s] Level 1:colcon.colcon_core.package_identification:_identify(/home/info/ros2_ws/src/tp_turtle_regulation_Emie) by extension 'ignore'
[1.997s] Level 1:colcon.colcon_core.package_identification:_identify(/home/info/ros2_ws/src/tp_turtle_regulation_Emie) by extension 'ignore_ament_install'
[1.998s] Level 1:colcon.colcon_core.package_identification:_identify(/home/info/ros2_ws/src/tp_turtle_regulation_Emie) by extensions ['colcon_pkg']
[1.998s] Level 1:colcon.colcon_core.package_identification:_identify(/home/info/ros2_ws/src/tp_turtle_regulation_Emie) by extension 'colcon_pkg'
[1.998s] Level 1:colcon.colcon_core.package_identification:_identify(/home/info/ros2_ws/src/tp_turtle_regulation_Emie) by extensions ['colcon_meta']
[1.998s] Level 1:colcon.colcon_core.package_identification:_identify(/home/info/ros2_ws/src/tp_turtle_regulation_Emie) by extension 'colcon_meta'
[1.998s] Level 1:colcon.colcon_core.package_identification:_identify(/home/info/ros2_ws/src/tp_turtle_regulation_Emie) by extensions ['ros']
[1.998s] Level 1:colcon.colcon_core.package_identification:_identify(/home/info/ros2_ws/src/tp_turtle_regulation_Emie) by extension 'ros'
[1.998s] Level 1:colcon.colcon_core.package_identification:_identify(/home/info/ros2_ws/src/tp_turtle_regulation_Emie) by extensions ['cmake', 'python']
[1.998s] Level 1:colcon.colcon_core.package_identification:_identify(/home/info/ros2_ws/src/tp_turtle_regulation_Emie) by extension 'cmake'
[1.998s] Level 1:colcon.colcon_core.package_identification:_identify(/home/info/ros2_ws/src/tp_turtle_regulation_Emie) by extension 'python'
[1.999s] Level 1:colcon.colcon_core.package_identification:_identify(/home/info/ros2_ws/src/tp_turtle_regulation_Emie) by extensions ['python_setup_py']
[1.999s] Level 1:colcon.colcon_core.package_identification:_identify(/home/info/ros2_ws/src/tp_turtle_regulation_Emie) by extension 'python_setup_py'
[1.999s] Level 1:colcon.colcon_core.package_identification:_identify(/home/info/ros2_ws/src/tp_turtle_regulation_Emie/turtle_regulation) by extensions ['ignore', 'ignore_ament_install']
[1.999s] Level 1:colcon.colcon_core.package_identification:_identify(/home/info/ros2_ws/src/tp_turtle_regulation_Emie/turtle_regulation) by extension 'ignore'
[1.999s] Level 1:colcon.colcon_core.package_identification:_identify(/home/info/ros2_ws/src/tp_turtle_regulation_Emie/turtle_regulation) by extension 'ignore_ament_install'
[1.999s] Level 1:colcon.colcon_core.package_identification:_identify(/home/info/ros2_ws/src/tp_turtle_regulation_Emie/turtle_regulation) by extensions ['colcon_pkg']
[2.000s] Level 1:colcon.colcon_core.package_identification:_identify(/home/info/ros2_ws/src/tp_turtle_regulation_Emie/turtle_regulation) by extension 'colcon_pkg'
[2.000s] Level 1:colcon.colcon_core.package_identification:_identify(/home/info/ros2_ws/src/tp_turtle_regulation_Emie/turtle_regulation) by extensions ['colcon_meta']
[2.000s] Level 1:colcon.colcon_core.package_identification:_identify(/home/info/ros2_ws/src/tp_turtle_regulation_Emie/turtle_regulation) by extension 'colcon_meta'
[2.001s] Level 1:colcon.colcon_core.package_identification:_identify(/home/info/ros2_ws/src/tp_turtle_regulation_Emie/turtle_regulation) by extensions ['ros']
[2.001s] Level 1:colcon.colcon_core.package_identification:_identify(/home/info/ros2_ws/src/tp_turtle_regulation_Emie/turtle_regulation) by extension 'ros'
[2.006s] DEBUG:colcon.colcon_core.package_identification:Package '/home/info/ros2_ws/src/tp_turtle_regulation_Emie/turtle_regulation' with type 'ros.ament_python' and name 'turtle_regulation'
[2.019s] Level 1:colcon.colcon_core.package_identification:_identify(/home/info/ros2_ws/tp_turtle_regulation_Emie) by extensions ['ignore', 'ignore_ament_install']
[2.021s] Level 1:colcon.colcon_core.package_identification:_identify(/home/info/ros2_ws/tp_turtle_regulation_Emie) by extension 'ignore'
[2.021s] Level 1:colcon.colcon_core.package_identification:_identify(/home/info/ros2_ws/tp_turtle_regulation_Emie) by extension 'ignore_ament_install'
[2.022s] Level 1:colcon.colcon_core.package_identification:_identify(/home/info/ros2_ws/tp_turtle_regulation_Emie) by extensions ['colcon_pkg']
[2.022s] Level 1:colcon.colcon_core.package_identification:_identify(/home/info/ros2_ws/tp_turtle_regulation_Emie) by extension 'colcon_pkg'
[2.022s] Level 1:colcon.colcon_core.package_identification:_identify(/home/info/ros2_ws/tp_turtle_regulation_Emie) by extensions ['colcon_meta']
[2.022s] Level 1:colcon.colcon_core.package_identification:_identify(/home/info/ros2_ws/tp_turtle_regulation_Emie) by extension 'colcon_meta'
[2.023s] Level 1:colcon.colcon_core.package_identification:_identify(/home/info/ros2_ws/tp_turtle_regulation_Emie) by extensions ['ros']
[2.032s] Level 1:colcon.colcon_core.package_identification:_identify(/home/info/ros2_ws/tp_turtle_regulation_Emie) by extension 'ros'
[2.032s] Level 1:colcon.colcon_core.package_identification:_identify(/home/info/ros2_ws/tp_turtle_regulation_Emie) by extensions ['cmake', 'python']
[2.032s] Level 1:colcon.colcon_core.package_identification:_identify(/home/info/ros2_ws/tp_turtle_regulation_Emie) by extension 'cmake'
[2.032s] Level 1:colcon.colcon_core.package_identification:_identify(/home/info/ros2_ws/tp_turtle_regulation_Emie) by extension 'python'
[2.032s] Level 1:colcon.colcon_core.package_identification:_identify(/home/info/ros2_ws/tp_turtle_regulation_Emie) by extensions ['python_setup_py']
[2.032s] Level 1:colcon.colcon_core.package_identification:_identify(/home/info/ros2_ws/tp_turtle_regulation_Emie) by extension 'python_setup_py'
[2.033s] Level 1:colcon.colcon_core.package_discovery:discover_packages(recursive) using defaults
