[18.392s] Invoking command in '/home/info/ros2_ws/tp_turtle_regulation_Emie/src/move_turtle': DEBUGINFOD_URLS=https://debuginfod.ubuntu.com PYTHONPATH=/home/info/ros2_ws/build/move_turtle/prefix_override:/usr/lib/python3/dist-packages/colcon_core/task/python/colcon_distutils_commands:/home/info/ros2_ws/install/move_turtle/lib/python3.12/site-packages:${PYTHONPATH} /usr/bin/python3 -W ignore:setup.py install is deprecated -W ignore:easy_install command is deprecated setup.py egg_info --egg-base ../../../build/move_turtle build --build-base /home/info/ros2_ws/build/move_turtle/build install --record /home/info/ros2_ws/build/move_turtle/install.log --single-version-externally-managed install_data
[20.811s] running egg_info
[20.865s] writing ../../../build/move_turtle/move_turtle.egg-info/PKG-INFO
[20.866s] writing dependency_links to ../../../build/move_turtle/move_turtle.egg-info/dependency_links.txt
[20.867s] writing entry points to ../../../build/move_turtle/move_turtle.egg-info/entry_points.txt
[20.867s] writing requirements to ../../../build/move_turtle/move_turtle.egg-info/requires.txt
[20.869s] writing top-level names to ../../../build/move_turtle/move_turtle.egg-info/top_level.txt
[20.991s] reading manifest file '../../../build/move_turtle/move_turtle.egg-info/SOURCES.txt'
[20.995s] writing manifest file '../../../build/move_turtle/move_turtle.egg-info/SOURCES.txt'
[20.996s] running build
[20.996s] running build_py
[20.996s] running install
[21.010s] running install_lib
[21.059s] running install_data
[21.060s] running install_egg_info
[21.113s] removing '/home/info/ros2_ws/install/move_turtle/lib/python3.12/site-packages/move_turtle-0.0.0-py3.12.egg-info' (and everything under it)
[21.114s] Copying ../../../build/move_turtle/move_turtle.egg-info to /home/info/ros2_ws/install/move_turtle/lib/python3.12/site-packages/move_turtle-0.0.0-py3.12.egg-info
[21.116s] running install_scripts
[21.648s] Installing my_move_square script to /home/info/ros2_ws/install/move_turtle/lib/move_turtle
[21.652s] writing list of installed files to '/home/info/ros2_ws/build/move_turtle/install.log'
[21.731s] Invoked command in '/home/info/ros2_ws/tp_turtle_regulation_Emie/src/move_turtle' returned '0': DEBUGINFOD_URLS=https://debuginfod.ubuntu.com PYTHONPATH=/home/info/ros2_ws/build/move_turtle/prefix_override:/usr/lib/python3/dist-packages/colcon_core/task/python/colcon_distutils_commands:/home/info/ros2_ws/install/move_turtle/lib/python3.12/site-packages:${PYTHONPATH} /usr/bin/python3 -W ignore:setup.py install is deprecated -W ignore:easy_install command is deprecated setup.py egg_info --egg-base ../../../build/move_turtle build --build-base /home/info/ros2_ws/build/move_turtle/build install --record /home/info/ros2_ws/build/move_turtle/install.log --single-version-externally-managed install_data
