[8.043s] Invoking command in '/home/info/ros2_ws/tp_turtle_regulation_Emie/src/move_pose': DEBUGINFOD_URLS=https://debuginfod.ubuntu.com PYTHONPATH=/home/info/ros2_ws/build/move_pose/prefix_override:/usr/lib/python3/dist-packages/colcon_core/task/python/colcon_distutils_commands:/home/info/ros2_ws/install/move_pose/lib/python3.12/site-packages:${PYTHONPATH} /usr/bin/python3 -W ignore:setup.py install is deprecated -W ignore:easy_install command is deprecated setup.py egg_info --egg-base ../../../build/move_pose build --build-base /home/info/ros2_ws/build/move_pose/build install --record /home/info/ros2_ws/build/move_pose/install.log --single-version-externally-managed install_data
[8.951s] running egg_info
[8.992s] writing ../../../build/move_pose/move_pose.egg-info/PKG-INFO
[8.993s] writing dependency_links to ../../../build/move_pose/move_pose.egg-info/dependency_links.txt
[8.993s] writing entry points to ../../../build/move_pose/move_pose.egg-info/entry_points.txt
[8.993s] writing requirements to ../../../build/move_pose/move_pose.egg-info/requires.txt
[8.994s] writing top-level names to ../../../build/move_pose/move_pose.egg-info/top_level.txt
[9.081s] reading manifest file '../../../build/move_pose/move_pose.egg-info/SOURCES.txt'
[9.083s] writing manifest file '../../../build/move_pose/move_pose.egg-info/SOURCES.txt'
[9.084s] running build
[9.084s] running build_py
[9.085s] running install
[9.099s] running install_lib
[9.195s] running install_data
[9.195s] running install_egg_info
[9.252s] removing '/home/info/ros2_ws/install/move_pose/lib/python3.12/site-packages/move_pose-0.0.0-py3.12.egg-info' (and everything under it)
[9.253s] Copying ../../../build/move_pose/move_pose.egg-info to /home/info/ros2_ws/install/move_pose/lib/python3.12/site-packages/move_pose-0.0.0-py3.12.egg-info
[9.260s] running install_scripts
[9.894s] Installing move_circle script to /home/info/ros2_ws/install/move_pose/lib/move_pose
[9.895s] Installing move_teleop script to /home/info/ros2_ws/install/move_pose/lib/move_pose
[9.895s] writing list of installed files to '/home/info/ros2_ws/build/move_pose/install.log'
[9.954s] Invoked command in '/home/info/ros2_ws/tp_turtle_regulation_Emie/src/move_pose' returned '0': DEBUGINFOD_URLS=https://debuginfod.ubuntu.com PYTHONPATH=/home/info/ros2_ws/build/move_pose/prefix_override:/usr/lib/python3/dist-packages/colcon_core/task/python/colcon_distutils_commands:/home/info/ros2_ws/install/move_pose/lib/python3.12/site-packages:${PYTHONPATH} /usr/bin/python3 -W ignore:setup.py install is deprecated -W ignore:easy_install command is deprecated setup.py egg_info --egg-base ../../../build/move_pose build --build-base /home/info/ros2_ws/build/move_pose/build install --record /home/info/ros2_ws/build/move_pose/install.log --single-version-externally-managed install_data
