[5.552s] Invoking command in '/home/info/ros2_ws/src/tp_turtle_regulation_Emie/turtle_regulation': DEBUGINFOD_URLS=https://debuginfod.ubuntu.com PYTHONPATH=/home/info/ros2_ws/build/turtle_regulation/prefix_override:/usr/lib/python3/dist-packages/colcon_core/task/python/colcon_distutils_commands:/home/info/ros2_ws/install/turtle_regulation/lib/python3.12/site-packages:${PYTHONPATH} /usr/bin/python3 -W ignore:setup.py install is deprecated -W ignore:easy_install command is deprecated setup.py egg_info --egg-base ../../../build/turtle_regulation build --build-base /home/info/ros2_ws/build/turtle_regulation/build install --record /home/info/ros2_ws/build/turtle_regulation/install.log --single-version-externally-managed install_data
[6.973s] running egg_info
[7.037s] writing ../../../build/turtle_regulation/turtle_regulation.egg-info/PKG-INFO
[7.037s] writing dependency_links to ../../../build/turtle_regulation/turtle_regulation.egg-info/dependency_links.txt
[7.037s] writing entry points to ../../../build/turtle_regulation/turtle_regulation.egg-info/entry_points.txt
[7.037s] writing requirements to ../../../build/turtle_regulation/turtle_regulation.egg-info/requires.txt
[7.037s] writing top-level names to ../../../build/turtle_regulation/turtle_regulation.egg-info/top_level.txt
[7.134s] reading manifest file '../../../build/turtle_regulation/turtle_regulation.egg-info/SOURCES.txt'
[7.135s] writing manifest file '../../../build/turtle_regulation/turtle_regulation.egg-info/SOURCES.txt'
[7.136s] running build
[7.136s] running build_py
[7.136s] copying turtle_regulation/set_way_point.py -> /home/info/ros2_ws/build/turtle_regulation/build/lib/turtle_regulation
[7.137s] running install
[7.152s] running install_lib
[7.199s] copying /home/info/ros2_ws/build/turtle_regulation/build/lib/turtle_regulation/set_way_point.py -> /home/info/ros2_ws/install/turtle_regulation/lib/python3.12/site-packages/turtle_regulation
[7.199s] byte-compiling /home/info/ros2_ws/install/turtle_regulation/lib/python3.12/site-packages/turtle_regulation/set_way_point.py to set_way_point.cpython-312.pyc
[7.213s] running install_data
[7.215s] running install_egg_info
[7.267s] removing '/home/info/ros2_ws/install/turtle_regulation/lib/python3.12/site-packages/turtle_regulation-0.0.0-py3.12.egg-info' (and everything under it)
[7.268s] Copying ../../../build/turtle_regulation/turtle_regulation.egg-info to /home/info/ros2_ws/install/turtle_regulation/lib/python3.12/site-packages/turtle_regulation-0.0.0-py3.12.egg-info
[7.271s] running install_scripts
[7.928s] Installing set_way_point script to /home/info/ros2_ws/install/turtle_regulation/lib/turtle_regulation
[7.929s] writing list of installed files to '/home/info/ros2_ws/build/turtle_regulation/install.log'
[8.044s] Invoked command in '/home/info/ros2_ws/src/tp_turtle_regulation_Emie/turtle_regulation' returned '0': DEBUGINFOD_URLS=https://debuginfod.ubuntu.com PYTHONPATH=/home/info/ros2_ws/build/turtle_regulation/prefix_override:/usr/lib/python3/dist-packages/colcon_core/task/python/colcon_distutils_commands:/home/info/ros2_ws/install/turtle_regulation/lib/python3.12/site-packages:${PYTHONPATH} /usr/bin/python3 -W ignore:setup.py install is deprecated -W ignore:easy_install command is deprecated setup.py egg_info --egg-base ../../../build/turtle_regulation build --build-base /home/info/ros2_ws/build/turtle_regulation/build install --record /home/info/ros2_ws/build/turtle_regulation/install.log --single-version-externally-managed install_data
