[13.812s] Invoking command in '/home/info/ros2_ws/tp_turtle_regulation_Emie/src/move_turtle': DEBUGINFOD_URLS=https://debuginfod.ubuntu.com PYTHONPATH=/home/info/ros2_ws/build/move_turtle/prefix_override:/usr/lib/python3/dist-packages/colcon_core/task/python/colcon_distutils_commands:/home/info/ros2_ws/install/move_turtle/lib/python3.12/site-packages:${PYTHONPATH} /usr/bin/python3 -W ignore:setup.py install is deprecated -W ignore:easy_install command is deprecated setup.py egg_info --egg-base ../../../build/move_turtle build --build-base /home/info/ros2_ws/build/move_turtle/build install --record /home/info/ros2_ws/build/move_turtle/install.log --single-version-externally-managed install_data
[17.070s] running egg_info
[17.332s] writing ../../../build/move_turtle/move_turtle.egg-info/PKG-INFO
[17.332s] writing dependency_links to ../../../build/move_turtle/move_turtle.egg-info/dependency_links.txt
[17.332s] writing entry points to ../../../build/move_turtle/move_turtle.egg-info/entry_points.txt
[17.333s] writing requirements to ../../../build/move_turtle/move_turtle.egg-info/requires.txt
[17.333s] writing top-level names to ../../../build/move_turtle/move_turtle.egg-info/top_level.txt
[17.820s] reading manifest file '../../../build/move_turtle/move_turtle.egg-info/SOURCES.txt'
[17.820s] writing manifest file '../../../build/move_turtle/move_turtle.egg-info/SOURCES.txt'
[17.822s] running build
[17.822s] running build_py
[17.823s] running install
[17.844s] running install_lib
[17.973s] running install_data
[17.973s] running install_egg_info
[18.099s] removing '/home/info/ros2_ws/install/move_turtle/lib/python3.12/site-packages/move_turtle-0.0.0-py3.12.egg-info' (and everything under it)
[18.100s] Copying ../../../build/move_turtle/move_turtle.egg-info to /home/info/ros2_ws/install/move_turtle/lib/python3.12/site-packages/move_turtle-0.0.0-py3.12.egg-info
[18.112s] running install_scripts
[19.496s] Installing my_move_square script to /home/info/ros2_ws/install/move_turtle/lib/move_turtle
[19.500s] writing list of installed files to '/home/info/ros2_ws/build/move_turtle/install.log'
[19.688s] Invoked command in '/home/info/ros2_ws/tp_turtle_regulation_Emie/src/move_turtle' returned '0': DEBUGINFOD_URLS=https://debuginfod.ubuntu.com PYTHONPATH=/home/info/ros2_ws/build/move_turtle/prefix_override:/usr/lib/python3/dist-packages/colcon_core/task/python/colcon_distutils_commands:/home/info/ros2_ws/install/move_turtle/lib/python3.12/site-packages:${PYTHONPATH} /usr/bin/python3 -W ignore:setup.py install is deprecated -W ignore:easy_install command is deprecated setup.py egg_info --egg-base ../../../build/move_turtle build --build-base /home/info/ros2_ws/build/move_turtle/build install --record /home/info/ros2_ws/build/move_turtle/install.log --single-version-externally-managed install_data
