[0.193s] Invoking command in '/home/info/ros2_ws/build/my_custom_interfaces': CMAKE_PREFIX_PATH=${CMAKE_PREFIX_PATH}:/home/info/ros2_ws/install/turtle_regulation:/home/info/ros2_ws/install/my_service_pkg:/home/info/ros2_ws/install/my_py_pkg:/home/info/ros2_ws/install/move_turtle:/home/info/ros2_ws/install/move_pose:/opt/ros/jazzy DEBUGINFOD_URLS=https://debuginfod.ubuntu.com /usr/bin/cmake --build /home/info/ros2_ws/build/my_custom_interfaces -- -j6 -l6
[4.988s] [  1%] Built target my_custom_interfaces__rosidl_generator_type_description
[4.989s] [  1%] Built target ament_cmake_python_copy_my_custom_interfaces
[4.990s] [  3%] Built target my_custom_interfaces__cpp
[4.994s] [ 24%] Built target my_custom_interfaces__rosidl_generator_c
[4.994s] [ 33%] Built target my_custom_interfaces__rosidl_typesupport_introspection_cpp
[4.994s] [ 42%] Built target my_custom_interfaces__rosidl_typesupport_fastrtps_c
[4.994s] [ 51%] Built target my_custom_interfaces__rosidl_typesupport_introspection_c
[4.995s] [ 61%] Built target my_custom_interfaces__rosidl_typesupport_cpp
[4.995s] [ 70%] Built target my_custom_interfaces__rosidl_typesupport_c
[4.995s] [ 79%] Built target my_custom_interfaces__rosidl_typesupport_fastrtps_cpp
[4.995s] running egg_info
[4.996s] [ 79%] Built target my_custom_interfaces
[4.996s] writing my_custom_interfaces.egg-info/PKG-INFO
[4.996s] writing dependency_links to my_custom_interfaces.egg-info/dependency_links.txt
[4.996s] writing top-level names to my_custom_interfaces.egg-info/top_level.txt
[4.997s] [ 81%] Built target my_custom_interfaces__py
[4.997s] reading manifest file 'my_custom_interfaces.egg-info/SOURCES.txt'
[4.997s] writing manifest file 'my_custom_interfaces.egg-info/SOURCES.txt'
[4.997s] [ 81%] Built target ament_cmake_python_build_my_custom_interfaces_egg
[4.998s] [ 88%] Built target my_custom_interfaces__rosidl_generator_py
[4.998s] [ 92%] Built target my_custom_interfaces_s__rosidl_typesupport_c
[4.998s] [ 96%] Built target my_custom_interfaces_s__rosidl_typesupport_fastrtps_c
[4.999s] [100%] Built target my_custom_interfaces_s__rosidl_typesupport_introspection_c
[5.559s] Invoked command in '/home/info/ros2_ws/build/my_custom_interfaces' returned '0': CMAKE_PREFIX_PATH=${CMAKE_PREFIX_PATH}:/home/info/ros2_ws/install/turtle_regulation:/home/info/ros2_ws/install/my_service_pkg:/home/info/ros2_ws/install/my_py_pkg:/home/info/ros2_ws/install/move_turtle:/home/info/ros2_ws/install/move_pose:/opt/ros/jazzy DEBUGINFOD_URLS=https://debuginfod.ubuntu.com /usr/bin/cmake --build /home/info/ros2_ws/build/my_custom_interfaces -- -j6 -l6
[5.825s] Invoking command in '/home/info/ros2_ws/build/my_custom_interfaces': CMAKE_PREFIX_PATH=${CMAKE_PREFIX_PATH}:/home/info/ros2_ws/install/turtle_regulation:/home/info/ros2_ws/install/my_service_pkg:/home/info/ros2_ws/install/my_py_pkg:/home/info/ros2_ws/install/move_turtle:/home/info/ros2_ws/install/move_pose:/opt/ros/jazzy DEBUGINFOD_URLS=https://debuginfod.ubuntu.com /usr/bin/cmake --install /home/info/ros2_ws/build/my_custom_interfaces
[6.101s] -- Install configuration: ""
[6.101s] -- Up-to-date: /home/info/ros2_ws/install/my_custom_interfaces/share/ament_index/resource_index/rosidl_interfaces/my_custom_interfaces
[6.102s] -- Up-to-date: /home/info/ros2_ws/install/my_custom_interfaces/share/my_custom_interfaces/msg/SensorStatus.json
[6.102s] -- Up-to-date: /home/info/ros2_ws/install/my_custom_interfaces/share/my_custom_interfaces/msg/SensorStatusStamped.json
[6.102s] -- Up-to-date: /home/info/ros2_ws/install/my_custom_interfaces/share/my_custom_interfaces/srv/ChangeLedColor.json
[6.102s] -- Up-to-date: /home/info/ros2_ws/install/my_custom_interfaces/include/my_custom_interfaces/my_custom_interfaces
[6.103s] -- Up-to-date: /home/info/ros2_ws/install/my_custom_interfaces/include/my_custom_interfaces/my_custom_interfaces/srv
[6.103s] -- Up-to-date: /home/info/ros2_ws/install/my_custom_interfaces/include/my_custom_interfaces/my_custom_interfaces/srv/detail
[6.104s] -- Up-to-date: /home/info/ros2_ws/install/my_custom_interfaces/include/my_custom_interfaces/my_custom_interfaces/srv/detail/change_led_color__functions.c
[6.104s] -- Up-to-date: /home/info/ros2_ws/install/my_custom_interfaces/include/my_custom_interfaces/my_custom_interfaces/srv/detail/change_led_color__type_support.h
[6.105s] -- Installing: /home/info/ros2_ws/install/my_custom_interfaces/include/my_custom_interfaces/my_custom_interfaces/srv/detail/change_led_color__type_support.c
[6.106s] -- Up-to-date: /home/info/ros2_ws/install/my_custom_interfaces/include/my_custom_interfaces/my_custom_interfaces/srv/detail/change_led_color__description.c
[6.106s] -- Up-to-date: /home/info/ros2_ws/install/my_custom_interfaces/include/my_custom_interfaces/my_custom_interfaces/srv/detail/change_led_color__functions.h
[6.107s] -- Up-to-date: /home/info/ros2_ws/install/my_custom_interfaces/include/my_custom_interfaces/my_custom_interfaces/srv/detail/change_led_color__struct.h
[6.107s] -- Up-to-date: /home/info/ros2_ws/install/my_custom_interfaces/include/my_custom_interfaces/my_custom_interfaces/srv/change_led_color.h
[6.107s] -- Up-to-date: /home/info/ros2_ws/install/my_custom_interfaces/include/my_custom_interfaces/my_custom_interfaces/msg
[6.107s] -- Up-to-date: /home/info/ros2_ws/install/my_custom_interfaces/include/my_custom_interfaces/my_custom_interfaces/msg/sensor_status_stamped.h
[6.107s] -- Up-to-date: /home/info/ros2_ws/install/my_custom_interfaces/include/my_custom_interfaces/my_custom_interfaces/msg/detail
[6.108s] -- Up-to-date: /home/info/ros2_ws/install/my_custom_interfaces/include/my_custom_interfaces/my_custom_interfaces/msg/detail/sensor_status_stamped__functions.h
[6.108s] -- Up-to-date: /home/info/ros2_ws/install/my_custom_interfaces/include/my_custom_interfaces/my_custom_interfaces/msg/detail/sensor_status_stamped__functions.c
[6.109s] -- Installing: /home/info/ros2_ws/install/my_custom_interfaces/include/my_custom_interfaces/my_custom_interfaces/msg/detail/sensor_status__type_support.c
[6.109s] -- Up-to-date: /home/info/ros2_ws/install/my_custom_interfaces/include/my_custom_interfaces/my_custom_interfaces/msg/detail/sensor_status_stamped__description.c
[6.110s] -- Up-to-date: /home/info/ros2_ws/install/my_custom_interfaces/include/my_custom_interfaces/my_custom_interfaces/msg/detail/sensor_status__struct.h
[6.110s] -- Up-to-date: /home/info/ros2_ws/install/my_custom_interfaces/include/my_custom_interfaces/my_custom_interfaces/msg/detail/sensor_status__description.c
[6.112s] -- Up-to-date: /home/info/ros2_ws/install/my_custom_interfaces/include/my_custom_interfaces/my_custom_interfaces/msg/detail/sensor_status__functions.c
[6.113s] -- Up-to-date: /home/info/ros2_ws/install/my_custom_interfaces/include/my_custom_interfaces/my_custom_interfaces/msg/detail/sensor_status_stamped__type_support.h
[6.113s] -- Installing: /home/info/ros2_ws/install/my_custom_interfaces/include/my_custom_interfaces/my_custom_interfaces/msg/detail/sensor_status_stamped__type_support.c
[6.113s] -- Up-to-date: /home/info/ros2_ws/install/my_custom_interfaces/include/my_custom_interfaces/my_custom_interfaces/msg/detail/sensor_status_stamped__struct.h
[6.114s] -- Up-to-date: /home/info/ros2_ws/install/my_custom_interfaces/include/my_custom_interfaces/my_custom_interfaces/msg/detail/sensor_status__functions.h
[6.114s] -- Up-to-date: /home/info/ros2_ws/install/my_custom_interfaces/include/my_custom_interfaces/my_custom_interfaces/msg/detail/sensor_status__type_support.h
[6.114s] -- Up-to-date: /home/info/ros2_ws/install/my_custom_interfaces/include/my_custom_interfaces/my_custom_interfaces/msg/rosidl_generator_c__visibility_control.h
[6.114s] -- Up-to-date: /home/info/ros2_ws/install/my_custom_interfaces/include/my_custom_interfaces/my_custom_interfaces/msg/sensor_status.h
[6.115s] -- Up-to-date: /home/info/ros2_ws/install/my_custom_interfaces/share/my_custom_interfaces/environment/library_path.sh
[6.115s] -- Up-to-date: /home/info/ros2_ws/install/my_custom_interfaces/share/my_custom_interfaces/environment/library_path.dsv
[6.116s] -- Up-to-date: /home/info/ros2_ws/install/my_custom_interfaces/lib/libmy_custom_interfaces__rosidl_generator_c.so
[6.118s] -- Up-to-date: /home/info/ros2_ws/install/my_custom_interfaces/include/my_custom_interfaces/my_custom_interfaces
[6.118s] -- Up-to-date: /home/info/ros2_ws/install/my_custom_interfaces/include/my_custom_interfaces/my_custom_interfaces/srv
[6.119s] -- Up-to-date: /home/info/ros2_ws/install/my_custom_interfaces/include/my_custom_interfaces/my_custom_interfaces/srv/detail
[6.119s] -- Up-to-date: /home/info/ros2_ws/install/my_custom_interfaces/include/my_custom_interfaces/my_custom_interfaces/srv/detail/change_led_color__rosidl_typesupport_fastrtps_c.h
[6.119s] -- Up-to-date: /home/info/ros2_ws/install/my_custom_interfaces/include/my_custom_interfaces/my_custom_interfaces/msg
[6.120s] -- Up-to-date: /home/info/ros2_ws/install/my_custom_interfaces/include/my_custom_interfaces/my_custom_interfaces/msg/rosidl_typesupport_fastrtps_c__visibility_control.h
[6.120s] -- Up-to-date: /home/info/ros2_ws/install/my_custom_interfaces/include/my_custom_interfaces/my_custom_interfaces/msg/detail
[6.120s] -- Up-to-date: /home/info/ros2_ws/install/my_custom_interfaces/include/my_custom_interfaces/my_custom_interfaces/msg/detail/sensor_status__rosidl_typesupport_fastrtps_c.h
[6.121s] -- Up-to-date: /home/info/ros2_ws/install/my_custom_interfaces/include/my_custom_interfaces/my_custom_interfaces/msg/detail/sensor_status_stamped__rosidl_typesupport_fastrtps_c.h
[6.122s] -- Up-to-date: /home/info/ros2_ws/install/my_custom_interfaces/lib/libmy_custom_interfaces__rosidl_typesupport_fastrtps_c.so
[6.124s] -- Up-to-date: /home/info/ros2_ws/install/my_custom_interfaces/include/my_custom_interfaces/my_custom_interfaces
[6.124s] -- Up-to-date: /home/info/ros2_ws/install/my_custom_interfaces/include/my_custom_interfaces/my_custom_interfaces/srv
[6.125s] -- Up-to-date: /home/info/ros2_ws/install/my_custom_interfaces/include/my_custom_interfaces/my_custom_interfaces/srv/detail
[6.125s] -- Up-to-date: /home/info/ros2_ws/install/my_custom_interfaces/include/my_custom_interfaces/my_custom_interfaces/srv/detail/change_led_color__rosidl_typesupport_introspection_c.h
[6.125s] -- Installing: /home/info/ros2_ws/install/my_custom_interfaces/include/my_custom_interfaces/my_custom_interfaces/srv/detail/change_led_color__type_support.c
[6.126s] -- Up-to-date: /home/info/ros2_ws/install/my_custom_interfaces/include/my_custom_interfaces/my_custom_interfaces/msg
[6.126s] -- Up-to-date: /home/info/ros2_ws/install/my_custom_interfaces/include/my_custom_interfaces/my_custom_interfaces/msg/rosidl_typesupport_introspection_c__visibility_control.h
[6.126s] -- Up-to-date: /home/info/ros2_ws/install/my_custom_interfaces/include/my_custom_interfaces/my_custom_interfaces/msg/detail
[6.127s] -- Installing: /home/info/ros2_ws/install/my_custom_interfaces/include/my_custom_interfaces/my_custom_interfaces/msg/detail/sensor_status__type_support.c
[6.127s] -- Up-to-date: /home/info/ros2_ws/install/my_custom_interfaces/include/my_custom_interfaces/my_custom_interfaces/msg/detail/sensor_status_stamped__rosidl_typesupport_introspection_c.h
[6.127s] -- Up-to-date: /home/info/ros2_ws/install/my_custom_interfaces/include/my_custom_interfaces/my_custom_interfaces/msg/detail/sensor_status__rosidl_typesupport_introspection_c.h
[6.127s] -- Installing: /home/info/ros2_ws/install/my_custom_interfaces/include/my_custom_interfaces/my_custom_interfaces/msg/detail/sensor_status_stamped__type_support.c
[6.129s] -- Up-to-date: /home/info/ros2_ws/install/my_custom_interfaces/lib/libmy_custom_interfaces__rosidl_typesupport_introspection_c.so
[6.132s] -- Up-to-date: /home/info/ros2_ws/install/my_custom_interfaces/lib/libmy_custom_interfaces__rosidl_typesupport_c.so
[6.133s] -- Up-to-date: /home/info/ros2_ws/install/my_custom_interfaces/include/my_custom_interfaces/my_custom_interfaces
[6.134s] -- Up-to-date: /home/info/ros2_ws/install/my_custom_interfaces/include/my_custom_interfaces/my_custom_interfaces/srv
[6.134s] -- Up-to-date: /home/info/ros2_ws/install/my_custom_interfaces/include/my_custom_interfaces/my_custom_interfaces/srv/change_led_color.hpp
[6.134s] -- Up-to-date: /home/info/ros2_ws/install/my_custom_interfaces/include/my_custom_interfaces/my_custom_interfaces/srv/detail
[6.135s] -- Up-to-date: /home/info/ros2_ws/install/my_custom_interfaces/include/my_custom_interfaces/my_custom_interfaces/srv/detail/change_led_color__builder.hpp
[6.135s] -- Up-to-date: /home/info/ros2_ws/install/my_custom_interfaces/include/my_custom_interfaces/my_custom_interfaces/srv/detail/change_led_color__struct.hpp
[6.135s] -- Up-to-date: /home/info/ros2_ws/install/my_custom_interfaces/include/my_custom_interfaces/my_custom_interfaces/srv/detail/change_led_color__traits.hpp
[6.136s] -- Up-to-date: /home/info/ros2_ws/install/my_custom_interfaces/include/my_custom_interfaces/my_custom_interfaces/srv/detail/change_led_color__type_support.hpp
[6.136s] -- Up-to-date: /home/info/ros2_ws/install/my_custom_interfaces/include/my_custom_interfaces/my_custom_interfaces/msg
[6.136s] -- Up-to-date: /home/info/ros2_ws/install/my_custom_interfaces/include/my_custom_interfaces/my_custom_interfaces/msg/sensor_status.hpp
[6.137s] -- Up-to-date: /home/info/ros2_ws/install/my_custom_interfaces/include/my_custom_interfaces/my_custom_interfaces/msg/detail
[6.137s] -- Up-to-date: /home/info/ros2_ws/install/my_custom_interfaces/include/my_custom_interfaces/my_custom_interfaces/msg/detail/sensor_status_stamped__struct.hpp
[6.137s] -- Up-to-date: /home/info/ros2_ws/install/my_custom_interfaces/include/my_custom_interfaces/my_custom_interfaces/msg/detail/sensor_status__type_support.hpp
[6.137s] -- Up-to-date: /home/info/ros2_ws/install/my_custom_interfaces/include/my_custom_interfaces/my_custom_interfaces/msg/detail/sensor_status__traits.hpp
[6.137s] -- Up-to-date: /home/info/ros2_ws/install/my_custom_interfaces/include/my_custom_interfaces/my_custom_interfaces/msg/detail/sensor_status_stamped__traits.hpp
[6.138s] -- Up-to-date: /home/info/ros2_ws/install/my_custom_interfaces/include/my_custom_interfaces/my_custom_interfaces/msg/detail/sensor_status__builder.hpp
[6.138s] -- Up-to-date: /home/info/ros2_ws/install/my_custom_interfaces/include/my_custom_interfaces/my_custom_interfaces/msg/detail/sensor_status_stamped__type_support.hpp
[6.138s] -- Up-to-date: /home/info/ros2_ws/install/my_custom_interfaces/include/my_custom_interfaces/my_custom_interfaces/msg/detail/sensor_status__struct.hpp
[6.139s] -- Up-to-date: /home/info/ros2_ws/install/my_custom_interfaces/include/my_custom_interfaces/my_custom_interfaces/msg/detail/sensor_status_stamped__builder.hpp
[6.139s] -- Up-to-date: /home/info/ros2_ws/install/my_custom_interfaces/include/my_custom_interfaces/my_custom_interfaces/msg/rosidl_generator_cpp__visibility_control.hpp
[6.140s] -- Up-to-date: /home/info/ros2_ws/install/my_custom_interfaces/include/my_custom_interfaces/my_custom_interfaces/msg/sensor_status_stamped.hpp
[6.140s] -- Up-to-date: /home/info/ros2_ws/install/my_custom_interfaces/include/my_custom_interfaces/my_custom_interfaces
[6.144s] -- Up-to-date: /home/info/ros2_ws/install/my_custom_interfaces/include/my_custom_interfaces/my_custom_interfaces/srv
[6.144s] -- Up-to-date: /home/info/ros2_ws/install/my_custom_interfaces/include/my_custom_interfaces/my_custom_interfaces/srv/detail
[6.144s] -- Up-to-date: /home/info/ros2_ws/install/my_custom_interfaces/include/my_custom_interfaces/my_custom_interfaces/srv/detail/dds_fastrtps
[6.144s] -- Up-to-date: /home/info/ros2_ws/install/my_custom_interfaces/include/my_custom_interfaces/my_custom_interfaces/srv/detail/change_led_color__rosidl_typesupport_fastrtps_cpp.hpp
[6.145s] -- Up-to-date: /home/info/ros2_ws/install/my_custom_interfaces/include/my_custom_interfaces/my_custom_interfaces/msg
[6.145s] -- Up-to-date: /home/info/ros2_ws/install/my_custom_interfaces/include/my_custom_interfaces/my_custom_interfaces/msg/rosidl_typesupport_fastrtps_cpp__visibility_control.h
[6.145s] -- Up-to-date: /home/info/ros2_ws/install/my_custom_interfaces/include/my_custom_interfaces/my_custom_interfaces/msg/detail
[6.145s] -- Up-to-date: /home/info/ros2_ws/install/my_custom_interfaces/include/my_custom_interfaces/my_custom_interfaces/msg/detail/dds_fastrtps
[6.145s] -- Up-to-date: /home/info/ros2_ws/install/my_custom_interfaces/include/my_custom_interfaces/my_custom_interfaces/msg/detail/sensor_status_stamped__rosidl_typesupport_fastrtps_cpp.hpp
[6.146s] -- Up-to-date: /home/info/ros2_ws/install/my_custom_interfaces/include/my_custom_interfaces/my_custom_interfaces/msg/detail/sensor_status__rosidl_typesupport_fastrtps_cpp.hpp
[6.146s] -- Up-to-date: /home/info/ros2_ws/install/my_custom_interfaces/lib/libmy_custom_interfaces__rosidl_typesupport_fastrtps_cpp.so
[6.147s] -- Up-to-date: /home/info/ros2_ws/install/my_custom_interfaces/include/my_custom_interfaces/my_custom_interfaces
[6.147s] -- Up-to-date: /home/info/ros2_ws/install/my_custom_interfaces/include/my_custom_interfaces/my_custom_interfaces/srv
[6.147s] -- Up-to-date: /home/info/ros2_ws/install/my_custom_interfaces/include/my_custom_interfaces/my_custom_interfaces/srv/detail
[6.151s] -- Up-to-date: /home/info/ros2_ws/install/my_custom_interfaces/include/my_custom_interfaces/my_custom_interfaces/srv/detail/change_led_color__rosidl_typesupport_introspection_cpp.hpp
[6.157s] -- Up-to-date: /home/info/ros2_ws/install/my_custom_interfaces/include/my_custom_interfaces/my_custom_interfaces/srv/detail/change_led_color__type_support.cpp
[6.160s] -- Up-to-date: /home/info/ros2_ws/install/my_custom_interfaces/include/my_custom_interfaces/my_custom_interfaces/msg
[6.165s] -- Up-to-date: /home/info/ros2_ws/install/my_custom_interfaces/include/my_custom_interfaces/my_custom_interfaces/msg/detail
[6.173s] -- Up-to-date: /home/info/ros2_ws/install/my_custom_interfaces/include/my_custom_interfaces/my_custom_interfaces/msg/detail/sensor_status__type_support.cpp
[6.173s] -- Up-to-date: /home/info/ros2_ws/install/my_custom_interfaces/include/my_custom_interfaces/my_custom_interfaces/msg/detail/sensor_status_stamped__rosidl_typesupport_introspection_cpp.hpp
[6.174s] -- Up-to-date: /home/info/ros2_ws/install/my_custom_interfaces/include/my_custom_interfaces/my_custom_interfaces/msg/detail/sensor_status__rosidl_typesupport_introspection_cpp.hpp
[6.174s] -- Up-to-date: /home/info/ros2_ws/install/my_custom_interfaces/include/my_custom_interfaces/my_custom_interfaces/msg/detail/sensor_status_stamped__type_support.cpp
[6.180s] -- Up-to-date: /home/info/ros2_ws/install/my_custom_interfaces/lib/libmy_custom_interfaces__rosidl_typesupport_introspection_cpp.so
[6.181s] -- Up-to-date: /home/info/ros2_ws/install/my_custom_interfaces/lib/libmy_custom_interfaces__rosidl_typesupport_cpp.so
[6.181s] -- Up-to-date: /home/info/ros2_ws/install/my_custom_interfaces/share/my_custom_interfaces/environment/pythonpath.sh
[6.187s] -- Up-to-date: /home/info/ros2_ws/install/my_custom_interfaces/share/my_custom_interfaces/environment/pythonpath.dsv
[6.187s] -- Up-to-date: /home/info/ros2_ws/install/my_custom_interfaces/lib/python3.12/site-packages/my_custom_interfaces-0.0.0-py3.12.egg-info
[6.187s] -- Installing: /home/info/ros2_ws/install/my_custom_interfaces/lib/python3.12/site-packages/my_custom_interfaces-0.0.0-py3.12.egg-info/top_level.txt
[6.187s] -- Installing: /home/info/ros2_ws/install/my_custom_interfaces/lib/python3.12/site-packages/my_custom_interfaces-0.0.0-py3.12.egg-info/dependency_links.txt
[6.188s] -- Installing: /home/info/ros2_ws/install/my_custom_interfaces/lib/python3.12/site-packages/my_custom_interfaces-0.0.0-py3.12.egg-info/SOURCES.txt
[6.188s] -- Installing: /home/info/ros2_ws/install/my_custom_interfaces/lib/python3.12/site-packages/my_custom_interfaces-0.0.0-py3.12.egg-info/PKG-INFO
[6.188s] -- Up-to-date: /home/info/ros2_ws/install/my_custom_interfaces/lib/python3.12/site-packages/my_custom_interfaces
[6.188s] -- Up-to-date: /home/info/ros2_ws/install/my_custom_interfaces/lib/python3.12/site-packages/my_custom_interfaces/_my_custom_interfaces_s.ep.rosidl_typesupport_c.c
[6.188s] -- Up-to-date: /home/info/ros2_ws/install/my_custom_interfaces/lib/python3.12/site-packages/my_custom_interfaces/srv
[6.188s] -- Up-to-date: /home/info/ros2_ws/install/my_custom_interfaces/lib/python3.12/site-packages/my_custom_interfaces/srv/_change_led_color_s.c
[6.189s] -- Up-to-date: /home/info/ros2_ws/install/my_custom_interfaces/lib/python3.12/site-packages/my_custom_interfaces/srv/__init__.py
[6.189s] -- Up-to-date: /home/info/ros2_ws/install/my_custom_interfaces/lib/python3.12/site-packages/my_custom_interfaces/srv/_change_led_color.py
[6.189s] -- Up-to-date: /home/info/ros2_ws/install/my_custom_interfaces/lib/python3.12/site-packages/my_custom_interfaces/msg
[6.189s] -- Up-to-date: /home/info/ros2_ws/install/my_custom_interfaces/lib/python3.12/site-packages/my_custom_interfaces/msg/_sensor_status.py
[6.202s] -- Up-to-date: /home/info/ros2_ws/install/my_custom_interfaces/lib/python3.12/site-packages/my_custom_interfaces/msg/_sensor_status_stamped.py
[6.202s] -- Up-to-date: /home/info/ros2_ws/install/my_custom_interfaces/lib/python3.12/site-packages/my_custom_interfaces/msg/_sensor_status_stamped_s.c
[6.202s] -- Up-to-date: /home/info/ros2_ws/install/my_custom_interfaces/lib/python3.12/site-packages/my_custom_interfaces/msg/_sensor_status_s.c
[6.205s] -- Up-to-date: /home/info/ros2_ws/install/my_custom_interfaces/lib/python3.12/site-packages/my_custom_interfaces/msg/__init__.py
[6.205s] -- Up-to-date: /home/info/ros2_ws/install/my_custom_interfaces/lib/python3.12/site-packages/my_custom_interfaces/_my_custom_interfaces_s.ep.rosidl_typesupport_introspection_c.c
[6.206s] -- Up-to-date: /home/info/ros2_ws/install/my_custom_interfaces/lib/python3.12/site-packages/my_custom_interfaces/__init__.py
[6.206s] -- Up-to-date: /home/info/ros2_ws/install/my_custom_interfaces/lib/python3.12/site-packages/my_custom_interfaces/my_custom_interfaces_s__rosidl_typesupport_introspection_c.so
[6.206s] -- Up-to-date: /home/info/ros2_ws/install/my_custom_interfaces/lib/python3.12/site-packages/my_custom_interfaces/my_custom_interfaces_s__rosidl_typesupport_c.so
[6.206s] -- Up-to-date: /home/info/ros2_ws/install/my_custom_interfaces/lib/python3.12/site-packages/my_custom_interfaces/_my_custom_interfaces_s.ep.rosidl_typesupport_fastrtps_c.c
[6.206s] -- Up-to-date: /home/info/ros2_ws/install/my_custom_interfaces/lib/python3.12/site-packages/my_custom_interfaces/my_custom_interfaces_s__rosidl_typesupport_fastrtps_c.so
[6.347s] Listing '/home/info/ros2_ws/install/my_custom_interfaces/lib/python3.12/site-packages/my_custom_interfaces'...
[6.347s] Listing '/home/info/ros2_ws/install/my_custom_interfaces/lib/python3.12/site-packages/my_custom_interfaces/msg'...
[6.347s] Listing '/home/info/ros2_ws/install/my_custom_interfaces/lib/python3.12/site-packages/my_custom_interfaces/srv'...
[6.380s] -- Up-to-date: /home/info/ros2_ws/install/my_custom_interfaces/lib/python3.12/site-packages/my_custom_interfaces/my_custom_interfaces_s__rosidl_typesupport_fastrtps_c.so
[6.380s] -- Up-to-date: /home/info/ros2_ws/install/my_custom_interfaces/lib/python3.12/site-packages/my_custom_interfaces/my_custom_interfaces_s__rosidl_typesupport_introspection_c.so
[6.383s] -- Up-to-date: /home/info/ros2_ws/install/my_custom_interfaces/lib/python3.12/site-packages/my_custom_interfaces/my_custom_interfaces_s__rosidl_typesupport_c.so
[6.389s] -- Up-to-date: /home/info/ros2_ws/install/my_custom_interfaces/lib/libmy_custom_interfaces__rosidl_generator_py.so
[6.391s] -- Up-to-date: /home/info/ros2_ws/install/my_custom_interfaces/share/my_custom_interfaces/msg/SensorStatus.idl
[6.391s] -- Up-to-date: /home/info/ros2_ws/install/my_custom_interfaces/share/my_custom_interfaces/msg/SensorStatusStamped.idl
[6.392s] -- Up-to-date: /home/info/ros2_ws/install/my_custom_interfaces/share/my_custom_interfaces/srv/ChangeLedColor.idl
[6.392s] -- Up-to-date: /home/info/ros2_ws/install/my_custom_interfaces/share/my_custom_interfaces/msg/SensorStatus.msg
[6.392s] -- Up-to-date: /home/info/ros2_ws/install/my_custom_interfaces/share/my_custom_interfaces/msg/SensorStatusStamped.msg
[6.392s] -- Up-to-date: /home/info/ros2_ws/install/my_custom_interfaces/share/my_custom_interfaces/srv/ChangeLedColor.srv
[6.392s] -- Up-to-date: /home/info/ros2_ws/install/my_custom_interfaces/share/ament_index/resource_index/package_run_dependencies/my_custom_interfaces
[6.392s] -- Up-to-date: /home/info/ros2_ws/install/my_custom_interfaces/share/ament_index/resource_index/parent_prefix_path/my_custom_interfaces
[6.396s] -- Up-to-date: /home/info/ros2_ws/install/my_custom_interfaces/share/my_custom_interfaces/environment/ament_prefix_path.sh
[6.396s] -- Up-to-date: /home/info/ros2_ws/install/my_custom_interfaces/share/my_custom_interfaces/environment/ament_prefix_path.dsv
[6.396s] -- Up-to-date: /home/info/ros2_ws/install/my_custom_interfaces/share/my_custom_interfaces/environment/path.sh
[6.396s] -- Up-to-date: /home/info/ros2_ws/install/my_custom_interfaces/share/my_custom_interfaces/environment/path.dsv
[6.396s] -- Up-to-date: /home/info/ros2_ws/install/my_custom_interfaces/share/my_custom_interfaces/local_setup.bash
[6.397s] -- Up-to-date: /home/info/ros2_ws/install/my_custom_interfaces/share/my_custom_interfaces/local_setup.sh
[6.397s] -- Up-to-date: /home/info/ros2_ws/install/my_custom_interfaces/share/my_custom_interfaces/local_setup.zsh
[6.397s] -- Up-to-date: /home/info/ros2_ws/install/my_custom_interfaces/share/my_custom_interfaces/local_setup.dsv
[6.397s] -- Installing: /home/info/ros2_ws/install/my_custom_interfaces/share/my_custom_interfaces/package.dsv
[6.397s] -- Up-to-date: /home/info/ros2_ws/install/my_custom_interfaces/share/ament_index/resource_index/packages/my_custom_interfaces
[6.398s] -- Up-to-date: /home/info/ros2_ws/install/my_custom_interfaces/share/my_custom_interfaces/cmake/export_my_custom_interfaces__rosidl_generator_cExport.cmake
[6.398s] -- Up-to-date: /home/info/ros2_ws/install/my_custom_interfaces/share/my_custom_interfaces/cmake/export_my_custom_interfaces__rosidl_generator_cExport-noconfig.cmake
[6.398s] -- Up-to-date: /home/info/ros2_ws/install/my_custom_interfaces/share/my_custom_interfaces/cmake/export_my_custom_interfaces__rosidl_typesupport_fastrtps_cExport.cmake
[6.398s] -- Up-to-date: /home/info/ros2_ws/install/my_custom_interfaces/share/my_custom_interfaces/cmake/export_my_custom_interfaces__rosidl_typesupport_fastrtps_cExport-noconfig.cmake
[6.399s] -- Up-to-date: /home/info/ros2_ws/install/my_custom_interfaces/share/my_custom_interfaces/cmake/my_custom_interfaces__rosidl_typesupport_introspection_cExport.cmake
[6.399s] -- Up-to-date: /home/info/ros2_ws/install/my_custom_interfaces/share/my_custom_interfaces/cmake/my_custom_interfaces__rosidl_typesupport_introspection_cExport-noconfig.cmake
[6.399s] -- Up-to-date: /home/info/ros2_ws/install/my_custom_interfaces/share/my_custom_interfaces/cmake/my_custom_interfaces__rosidl_typesupport_cExport.cmake
[6.399s] -- Up-to-date: /home/info/ros2_ws/install/my_custom_interfaces/share/my_custom_interfaces/cmake/my_custom_interfaces__rosidl_typesupport_cExport-noconfig.cmake
[6.400s] -- Up-to-date: /home/info/ros2_ws/install/my_custom_interfaces/share/my_custom_interfaces/cmake/export_my_custom_interfaces__rosidl_generator_cppExport.cmake
[6.400s] -- Up-to-date: /home/info/ros2_ws/install/my_custom_interfaces/share/my_custom_interfaces/cmake/export_my_custom_interfaces__rosidl_typesupport_fastrtps_cppExport.cmake
[6.400s] -- Up-to-date: /home/info/ros2_ws/install/my_custom_interfaces/share/my_custom_interfaces/cmake/export_my_custom_interfaces__rosidl_typesupport_fastrtps_cppExport-noconfig.cmake
[6.400s] -- Up-to-date: /home/info/ros2_ws/install/my_custom_interfaces/share/my_custom_interfaces/cmake/my_custom_interfaces__rosidl_typesupport_introspection_cppExport.cmake
[6.400s] -- Up-to-date: /home/info/ros2_ws/install/my_custom_interfaces/share/my_custom_interfaces/cmake/my_custom_interfaces__rosidl_typesupport_introspection_cppExport-noconfig.cmake
[6.401s] -- Up-to-date: /home/info/ros2_ws/install/my_custom_interfaces/share/my_custom_interfaces/cmake/my_custom_interfaces__rosidl_typesupport_cppExport.cmake
[6.401s] -- Up-to-date: /home/info/ros2_ws/install/my_custom_interfaces/share/my_custom_interfaces/cmake/my_custom_interfaces__rosidl_typesupport_cppExport-noconfig.cmake
[6.401s] -- Up-to-date: /home/info/ros2_ws/install/my_custom_interfaces/share/my_custom_interfaces/cmake/export_my_custom_interfaces__rosidl_generator_pyExport.cmake
[6.402s] -- Up-to-date: /home/info/ros2_ws/install/my_custom_interfaces/share/my_custom_interfaces/cmake/export_my_custom_interfaces__rosidl_generator_pyExport-noconfig.cmake
[6.402s] -- Up-to-date: /home/info/ros2_ws/install/my_custom_interfaces/share/my_custom_interfaces/cmake/rosidl_cmake-extras.cmake
[6.402s] -- Up-to-date: /home/info/ros2_ws/install/my_custom_interfaces/share/my_custom_interfaces/cmake/ament_cmake_export_dependencies-extras.cmake
[6.403s] -- Up-to-date: /home/info/ros2_ws/install/my_custom_interfaces/share/my_custom_interfaces/cmake/ament_cmake_export_include_directories-extras.cmake
[6.403s] -- Up-to-date: /home/info/ros2_ws/install/my_custom_interfaces/share/my_custom_interfaces/cmake/ament_cmake_export_libraries-extras.cmake
[6.403s] -- Up-to-date: /home/info/ros2_ws/install/my_custom_interfaces/share/my_custom_interfaces/cmake/ament_cmake_export_targets-extras.cmake
[6.403s] -- Up-to-date: /home/info/ros2_ws/install/my_custom_interfaces/share/my_custom_interfaces/cmake/rosidl_cmake_export_typesupport_targets-extras.cmake
[6.403s] -- Up-to-date: /home/info/ros2_ws/install/my_custom_interfaces/share/my_custom_interfaces/cmake/rosidl_cmake_export_typesupport_libraries-extras.cmake
[6.403s] -- Up-to-date: /home/info/ros2_ws/install/my_custom_interfaces/share/my_custom_interfaces/cmake/my_custom_interfacesConfig.cmake
[6.404s] -- Up-to-date: /home/info/ros2_ws/install/my_custom_interfaces/share/my_custom_interfaces/cmake/my_custom_interfacesConfig-version.cmake
[6.404s] -- Up-to-date: /home/info/ros2_ws/install/my_custom_interfaces/share/my_custom_interfaces/package.xml
[6.417s] Invoked command in '/home/info/ros2_ws/build/my_custom_interfaces' returned '0': CMAKE_PREFIX_PATH=${CMAKE_PREFIX_PATH}:/home/info/ros2_ws/install/turtle_regulation:/home/info/ros2_ws/install/my_service_pkg:/home/info/ros2_ws/install/my_py_pkg:/home/info/ros2_ws/install/move_turtle:/home/info/ros2_ws/install/move_pose:/opt/ros/jazzy DEBUGINFOD_URLS=https://debuginfod.ubuntu.com /usr/bin/cmake --install /home/info/ros2_ws/build/my_custom_interfaces
