[9.148s] Invoking command in '/home/info/ros2_ws/build/move_turtle': DEBUGINFOD_URLS=https://debuginfod.ubuntu.com PYTHONPATH=/home/info/ros2_ws/build/move_turtle/prefix_override:/usr/lib/python3/dist-packages/colcon_core/task/python/colcon_distutils_commands:/home/info/ros2_ws/install/move_turtle/lib/python3.12/site-packages:${PYTHONPATH} /usr/bin/python3 -W ignore:setup.py install is deprecated -W ignore:easy_install command is deprecated setup.py develop --uninstall --editable --build-directory /home/info/ros2_ws/build/move_turtle/build
[12.413s] running develop
[16.229s] Removing /home/info/ros2_ws/install/move_turtle/lib/python3.12/site-packages/move-turtle.egg-link (link to .)
[16.666s] Invoked command in '/home/info/ros2_ws/build/move_turtle' returned '0': DEBUGINFOD_URLS=https://debuginfod.ubuntu.com PYTHONPATH=/home/info/ros2_ws/build/move_turtle/prefix_override:/usr/lib/python3/dist-packages/colcon_core/task/python/colcon_distutils_commands:/home/info/ros2_ws/install/move_turtle/lib/python3.12/site-packages:${PYTHONPATH} /usr/bin/python3 -W ignore:setup.py install is deprecated -W ignore:easy_install command is deprecated setup.py develop --uninstall --editable --build-directory /home/info/ros2_ws/build/move_turtle/build
[16.693s] Invoking command in '/home/info/ros2_ws/tp_turtle_regulation_Emie/src/move_turtle': DEBUGINFOD_URLS=https://debuginfod.ubuntu.com PYTHONPATH=/home/info/ros2_ws/build/move_turtle/prefix_override:/usr/lib/python3/dist-packages/colcon_core/task/python/colcon_distutils_commands:/home/info/ros2_ws/install/move_turtle/lib/python3.12/site-packages:${PYTHONPATH} /usr/bin/python3 -W ignore:setup.py install is deprecated -W ignore:easy_install command is deprecated setup.py egg_info --egg-base ../../../build/move_turtle build --build-base /home/info/ros2_ws/build/move_turtle/build install --record /home/info/ros2_ws/build/move_turtle/install.log --single-version-externally-managed install_data --force
[22.881s] running egg_info
[23.260s] writing ../../../build/move_turtle/move_turtle.egg-info/PKG-INFO
[23.268s] writing dependency_links to ../../../build/move_turtle/move_turtle.egg-info/dependency_links.txt
[23.269s] writing entry points to ../../../build/move_turtle/move_turtle.egg-info/entry_points.txt
[23.273s] writing requirements to ../../../build/move_turtle/move_turtle.egg-info/requires.txt
[23.274s] writing top-level names to ../../../build/move_turtle/move_turtle.egg-info/top_level.txt
[24.044s] reading manifest file '../../../build/move_turtle/move_turtle.egg-info/SOURCES.txt'
[24.044s] writing manifest file '../../../build/move_turtle/move_turtle.egg-info/SOURCES.txt'
[24.044s] running build
[24.044s] running build_py
[24.045s] creating /home/info/ros2_ws/build/move_turtle/build
[24.045s] creating /home/info/ros2_ws/build/move_turtle/build/lib
[24.045s] creating /home/info/ros2_ws/build/move_turtle/build/lib/move_turtle
[24.045s] copying move_turtle/move_turtle.py -> /home/info/ros2_ws/build/move_turtle/build/lib/move_turtle
[24.045s] copying move_turtle/__init__.py -> /home/info/ros2_ws/build/move_turtle/build/lib/move_turtle
[24.064s] running install
[24.166s] running install_lib
[24.585s] creating /home/info/ros2_ws/install/move_turtle/lib/python3.12/site-packages/move_turtle
[24.595s] copying /home/info/ros2_ws/build/move_turtle/build/lib/move_turtle/move_turtle.py -> /home/info/ros2_ws/install/move_turtle/lib/python3.12/site-packages/move_turtle
[24.596s] copying /home/info/ros2_ws/build/move_turtle/build/lib/move_turtle/__init__.py -> /home/info/ros2_ws/install/move_turtle/lib/python3.12/site-packages/move_turtle
[24.617s] byte-compiling /home/info/ros2_ws/install/move_turtle/lib/python3.12/site-packages/move_turtle/move_turtle.py to move_turtle.cpython-312.pyc
[24.630s] byte-compiling /home/info/ros2_ws/install/move_turtle/lib/python3.12/site-packages/move_turtle/__init__.py to __init__.cpython-312.pyc
[24.638s] running install_data
[24.639s] copying resource/move_turtle -> /home/info/ros2_ws/install/move_turtle/share/ament_index/resource_index/packages
[24.647s] copying package.xml -> /home/info/ros2_ws/install/move_turtle/share/move_turtle
[24.647s] running install_egg_info
[24.907s] Copying ../../../build/move_turtle/move_turtle.egg-info to /home/info/ros2_ws/install/move_turtle/lib/python3.12/site-packages/move_turtle-0.0.0-py3.12.egg-info
[24.928s] running install_scripts
[27.888s] Installing my_move_square script to /home/info/ros2_ws/install/move_turtle/lib/move_turtle
[27.895s] writing list of installed files to '/home/info/ros2_ws/build/move_turtle/install.log'
[28.422s] Invoked command in '/home/info/ros2_ws/tp_turtle_regulation_Emie/src/move_turtle' returned '0': DEBUGINFOD_URLS=https://debuginfod.ubuntu.com PYTHONPATH=/home/info/ros2_ws/build/move_turtle/prefix_override:/usr/lib/python3/dist-packages/colcon_core/task/python/colcon_distutils_commands:/home/info/ros2_ws/install/move_turtle/lib/python3.12/site-packages:${PYTHONPATH} /usr/bin/python3 -W ignore:setup.py install is deprecated -W ignore:easy_install command is deprecated setup.py egg_info --egg-base ../../../build/move_turtle build --build-base /home/info/ros2_ws/build/move_turtle/build install --record /home/info/ros2_ws/build/move_turtle/install.log --single-version-externally-managed install_data --force
