running develop
Removing /home/info/ros2_ws/install/turtle_regulation/lib/python3.12/site-packages/turtle-regulation.egg-link (link to .)
running egg_info
writing ../../../../build/turtle_regulation/turtle_regulation.egg-info/PKG-INFO
writing dependency_links to ../../../../build/turtle_regulation/turtle_regulation.egg-info/dependency_links.txt
writing entry points to ../../../../build/turtle_regulation/turtle_regulation.egg-info/entry_points.txt
writing requirements to ../../../../build/turtle_regulation/turtle_regulation.egg-info/requires.txt
writing top-level names to ../../../../build/turtle_regulation/turtle_regulation.egg-info/top_level.txt
reading manifest file '../../../../build/turtle_regulation/turtle_regulation.egg-info/SOURCES.txt'
writing manifest file '../../../../build/turtle_regulation/turtle_regulation.egg-info/SOURCES.txt'
running build
running build_py
creating /home/info/ros2_ws/build/turtle_regulation/build
creating /home/info/ros2_ws/build/turtle_regulation/build/lib
creating /home/info/ros2_ws/build/turtle_regulation/build/lib/turtle_regulation
copying turtle_regulation/__init__.py -> /home/info/ros2_ws/build/turtle_regulation/build/lib/turtle_regulation
copying turtle_regulation/set_way_point.py -> /home/info/ros2_ws/build/turtle_regulation/build/lib/turtle_regulation
running install
running install_lib
creating /home/info/ros2_ws/install/turtle_regulation/lib/python3.12/site-packages/turtle_regulation
copying /home/info/ros2_ws/build/turtle_regulation/build/lib/turtle_regulation/__init__.py -> /home/info/ros2_ws/install/turtle_regulation/lib/python3.12/site-packages/turtle_regulation
copying /home/info/ros2_ws/build/turtle_regulation/build/lib/turtle_regulation/set_way_point.py -> /home/info/ros2_ws/install/turtle_regulation/lib/python3.12/site-packages/turtle_regulation
byte-compiling /home/info/ros2_ws/install/turtle_regulation/lib/python3.12/site-packages/turtle_regulation/__init__.py to __init__.cpython-312.pyc
byte-compiling /home/info/ros2_ws/install/turtle_regulation/lib/python3.12/site-packages/turtle_regulation/set_way_point.py to set_way_point.cpython-312.pyc
running install_data
copying resource/turtle_regulation -> /home/info/ros2_ws/install/turtle_regulation/share/ament_index/resource_index/packages
copying package.xml -> /home/info/ros2_ws/install/turtle_regulation/share/turtle_regulation
running install_egg_info
Copying ../../../../build/turtle_regulation/turtle_regulation.egg-info to /home/info/ros2_ws/install/turtle_regulation/lib/python3.12/site-packages/turtle_regulation-0.0.0-py3.12.egg-info
running install_scripts
Installing set_way_point script to /home/info/ros2_ws/install/turtle_regulation/lib/turtle_regulation
Installing waypoint_client script to /home/info/ros2_ws/install/turtle_regulation/lib/turtle_regulation
writing list of installed files to '/home/info/ros2_ws/build/turtle_regulation/install.log'
