[10.617s] Invoking command in '/home/info/ros2_ws/src/move_pose': DEBUGINFOD_URLS=https://debuginfod.ubuntu.com PYTHONPATH=/home/info/ros2_ws/build/move_pose/prefix_override:/usr/lib/python3/dist-packages/colcon_core/task/python/colcon_distutils_commands:/home/info/ros2_ws/install/move_pose/lib/python3.12/site-packages:${PYTHONPATH} /usr/bin/python3 -W ignore:setup.py install is deprecated -W ignore:easy_install command is deprecated setup.py egg_info --egg-base ../../build/move_pose build --build-base /home/info/ros2_ws/build/move_pose/build install --record /home/info/ros2_ws/build/move_pose/install.log --single-version-externally-managed install_data
[11.864s] running egg_info
[11.925s] writing ../../build/move_pose/move_pose.egg-info/PKG-INFO
[11.926s] writing dependency_links to ../../build/move_pose/move_pose.egg-info/dependency_links.txt
[11.926s] writing entry points to ../../build/move_pose/move_pose.egg-info/entry_points.txt
[11.927s] writing requirements to ../../build/move_pose/move_pose.egg-info/requires.txt
[11.927s] writing top-level names to ../../build/move_pose/move_pose.egg-info/top_level.txt
[12.023s] reading manifest file '../../build/move_pose/move_pose.egg-info/SOURCES.txt'
[12.024s] writing manifest file '../../build/move_pose/move_pose.egg-info/SOURCES.txt'
[12.025s] running build
[12.025s] running build_py
[12.025s] running install
[12.039s] running install_lib
[12.109s] running install_data
[12.109s] running install_egg_info
[12.158s] removing '/home/info/ros2_ws/install/move_pose/lib/python3.12/site-packages/move_pose-0.0.0-py3.12.egg-info' (and everything under it)
[12.158s] Copying ../../build/move_pose/move_pose.egg-info to /home/info/ros2_ws/install/move_pose/lib/python3.12/site-packages/move_pose-0.0.0-py3.12.egg-info
[12.161s] running install_scripts
[12.729s] Installing move_circle script to /home/info/ros2_ws/install/move_pose/lib/move_pose
[12.729s] Installing move_teleop script to /home/info/ros2_ws/install/move_pose/lib/move_pose
[12.729s] writing list of installed files to '/home/info/ros2_ws/build/move_pose/install.log'
[12.776s] Invoked command in '/home/info/ros2_ws/src/move_pose' returned '0': DEBUGINFOD_URLS=https://debuginfod.ubuntu.com PYTHONPATH=/home/info/ros2_ws/build/move_pose/prefix_override:/usr/lib/python3/dist-packages/colcon_core/task/python/colcon_distutils_commands:/home/info/ros2_ws/install/move_pose/lib/python3.12/site-packages:${PYTHONPATH} /usr/bin/python3 -W ignore:setup.py install is deprecated -W ignore:easy_install command is deprecated setup.py egg_info --egg-base ../../build/move_pose build --build-base /home/info/ros2_ws/build/move_pose/build install --record /home/info/ros2_ws/build/move_pose/install.log --single-version-externally-managed install_data
