[16.152s] Invoking command in '/home/info/ros2_ws/tp_turtle_regulation_Emie/src/move_turtle': DEBUGINFOD_URLS=https://debuginfod.ubuntu.com PYTHONPATH=/home/info/ros2_ws/build/move_turtle/prefix_override:/usr/lib/python3/dist-packages/colcon_core/task/python/colcon_distutils_commands:/home/info/ros2_ws/install/move_turtle/lib/python3.12/site-packages:${PYTHONPATH} /usr/bin/python3 -W ignore:setup.py install is deprecated -W ignore:easy_install command is deprecated setup.py egg_info --egg-base ../../../build/move_turtle build --build-base /home/info/ros2_ws/build/move_turtle/build install --record /home/info/ros2_ws/build/move_turtle/install.log --single-version-externally-managed install_data
[19.001s] running egg_info
[19.106s] writing ../../../build/move_turtle/move_turtle.egg-info/PKG-INFO
[19.112s] writing dependency_links to ../../../build/move_turtle/move_turtle.egg-info/dependency_links.txt
[19.112s] writing entry points to ../../../build/move_turtle/move_turtle.egg-info/entry_points.txt
[19.112s] writing requirements to ../../../build/move_turtle/move_turtle.egg-info/requires.txt
[19.113s] writing top-level names to ../../../build/move_turtle/move_turtle.egg-info/top_level.txt
[19.401s] reading manifest file '../../../build/move_turtle/move_turtle.egg-info/SOURCES.txt'
[19.405s] writing manifest file '../../../build/move_turtle/move_turtle.egg-info/SOURCES.txt'
[19.406s] running build
[19.406s] running build_py
[19.406s] running install
[19.423s] running install_lib
[19.524s] running install_data
[19.525s] running install_egg_info
[19.598s] removing '/home/info/ros2_ws/install/move_turtle/lib/python3.12/site-packages/move_turtle-0.0.0-py3.12.egg-info' (and everything under it)
[19.598s] Copying ../../../build/move_turtle/move_turtle.egg-info to /home/info/ros2_ws/install/move_turtle/lib/python3.12/site-packages/move_turtle-0.0.0-py3.12.egg-info
[19.601s] running install_scripts
[20.270s] Installing my_move_square script to /home/info/ros2_ws/install/move_turtle/lib/move_turtle
[20.270s] writing list of installed files to '/home/info/ros2_ws/build/move_turtle/install.log'
[20.344s] Invoked command in '/home/info/ros2_ws/tp_turtle_regulation_Emie/src/move_turtle' returned '0': DEBUGINFOD_URLS=https://debuginfod.ubuntu.com PYTHONPATH=/home/info/ros2_ws/build/move_turtle/prefix_override:/usr/lib/python3/dist-packages/colcon_core/task/python/colcon_distutils_commands:/home/info/ros2_ws/install/move_turtle/lib/python3.12/site-packages:${PYTHONPATH} /usr/bin/python3 -W ignore:setup.py install is deprecated -W ignore:easy_install command is deprecated setup.py egg_info --egg-base ../../../build/move_turtle build --build-base /home/info/ros2_ws/build/move_turtle/build install --record /home/info/ros2_ws/build/move_turtle/install.log --single-version-externally-managed install_data
