/home/info/ros2_ws/install/my_service_pkg/lib/python3.12/site-packages/my_service_pkg/service_client_no_oop.py
/home/info/ros2_ws/install/my_service_pkg/lib/python3.12/site-packages/my_service_pkg/service_client_oop.py
/home/info/ros2_ws/install/my_service_pkg/lib/python3.12/site-packages/my_service_pkg/__init__.py
/home/info/ros2_ws/install/my_service_pkg/lib/python3.12/site-packages/my_service_pkg/my_first_service_server.py
/home/info/ros2_ws/install/my_service_pkg/lib/python3.12/site-packages/my_service_pkg/__pycache__/service_client_no_oop.cpython-312.pyc
/home/info/ros2_ws/install/my_service_pkg/lib/python3.12/site-packages/my_service_pkg/__pycache__/service_client_oop.cpython-312.pyc
/home/info/ros2_ws/install/my_service_pkg/lib/python3.12/site-packages/my_service_pkg/__pycache__/__init__.cpython-312.pyc
/home/info/ros2_ws/install/my_service_pkg/lib/python3.12/site-packages/my_service_pkg/__pycache__/my_first_service_server.cpython-312.pyc
/home/info/ros2_ws/install/my_service_pkg/share/ament_index/resource_index/packages/my_service_pkg
/home/info/ros2_ws/install/my_service_pkg/share/my_service_pkg/package.xml
/home/info/ros2_ws/install/my_service_pkg/lib/python3.12/site-packages/my_service_pkg-0.0.0-py3.12.egg-info/top_level.txt
/home/info/ros2_ws/install/my_service_pkg/lib/python3.12/site-packages/my_service_pkg-0.0.0-py3.12.egg-info/dependency_links.txt
/home/info/ros2_ws/install/my_service_pkg/lib/python3.12/site-packages/my_service_pkg-0.0.0-py3.12.egg-info/entry_points.txt
/home/info/ros2_ws/install/my_service_pkg/lib/python3.12/site-packages/my_service_pkg-0.0.0-py3.12.egg-info/SOURCES.txt
/home/info/ros2_ws/install/my_service_pkg/lib/python3.12/site-packages/my_service_pkg-0.0.0-py3.12.egg-info/requires.txt
/home/info/ros2_ws/install/my_service_pkg/lib/python3.12/site-packages/my_service_pkg-0.0.0-py3.12.egg-info/zip-safe
/home/info/ros2_ws/install/my_service_pkg/lib/python3.12/site-packages/my_service_pkg-0.0.0-py3.12.egg-info/PKG-INFO
/home/info/ros2_ws/install/my_service_pkg/lib/my_service_pkg/add_two_int_client_no_oop_node
/home/info/ros2_ws/install/my_service_pkg/lib/my_service_pkg/add_two_int_client_oop_node
/home/info/ros2_ws/install/my_service_pkg/lib/my_service_pkg/add_two_int_server_node
