[9.665s] Invoking command in '/home/info/ros2_ws/tp_turtle_regulation_Emie/src/move_pose': DEBUGINFOD_URLS=https://debuginfod.ubuntu.com PYTHONPATH=/home/info/ros2_ws/build/move_pose/prefix_override:/usr/lib/python3/dist-packages/colcon_core/task/python/colcon_distutils_commands:/home/info/ros2_ws/install/move_pose/lib/python3.12/site-packages:${PYTHONPATH} /usr/bin/python3 -W ignore:setup.py install is deprecated -W ignore:easy_install command is deprecated setup.py egg_info --egg-base ../../../build/move_pose build --build-base /home/info/ros2_ws/build/move_pose/build install --record /home/info/ros2_ws/build/move_pose/install.log --single-version-externally-managed install_data
[11.009s] running egg_info
[11.076s] writing ../../../build/move_pose/move_pose.egg-info/PKG-INFO
[11.076s] writing dependency_links to ../../../build/move_pose/move_pose.egg-info/dependency_links.txt
[11.076s] writing entry points to ../../../build/move_pose/move_pose.egg-info/entry_points.txt
[11.077s] writing requirements to ../../../build/move_pose/move_pose.egg-info/requires.txt
[11.077s] writing top-level names to ../../../build/move_pose/move_pose.egg-info/top_level.txt
[11.199s] reading manifest file '../../../build/move_pose/move_pose.egg-info/SOURCES.txt'
[11.201s] writing manifest file '../../../build/move_pose/move_pose.egg-info/SOURCES.txt'
[11.201s] running build
[11.201s] running build_py
[11.202s] running install
[11.217s] running install_lib
[11.281s] running install_data
[11.281s] running install_egg_info
[11.338s] removing '/home/info/ros2_ws/install/move_pose/lib/python3.12/site-packages/move_pose-0.0.0-py3.12.egg-info' (and everything under it)
[11.338s] Copying ../../../build/move_pose/move_pose.egg-info to /home/info/ros2_ws/install/move_pose/lib/python3.12/site-packages/move_pose-0.0.0-py3.12.egg-info
[11.342s] running install_scripts
[12.258s] Installing move_circle script to /home/info/ros2_ws/install/move_pose/lib/move_pose
[12.259s] Installing move_teleop script to /home/info/ros2_ws/install/move_pose/lib/move_pose
[12.260s] writing list of installed files to '/home/info/ros2_ws/build/move_pose/install.log'
[12.466s] Invoked command in '/home/info/ros2_ws/tp_turtle_regulation_Emie/src/move_pose' returned '0': DEBUGINFOD_URLS=https://debuginfod.ubuntu.com PYTHONPATH=/home/info/ros2_ws/build/move_pose/prefix_override:/usr/lib/python3/dist-packages/colcon_core/task/python/colcon_distutils_commands:/home/info/ros2_ws/install/move_pose/lib/python3.12/site-packages:${PYTHONPATH} /usr/bin/python3 -W ignore:setup.py install is deprecated -W ignore:easy_install command is deprecated setup.py egg_info --egg-base ../../../build/move_pose build --build-base /home/info/ros2_ws/build/move_pose/build install --record /home/info/ros2_ws/build/move_pose/install.log --single-version-externally-managed install_data
