[7.959s] Invoking command in '/home/info/ros2_ws/tp_turtle_regulation_Emie/src/move_turtle': DEBUGINFOD_URLS=https://debuginfod.ubuntu.com PYTHONPATH=/home/info/ros2_ws/build/move_turtle/prefix_override:/usr/lib/python3/dist-packages/colcon_core/task/python/colcon_distutils_commands:/home/info/ros2_ws/install/move_turtle/lib/python3.12/site-packages:${PYTHONPATH} /usr/bin/python3 -W ignore:setup.py install is deprecated -W ignore:easy_install command is deprecated setup.py egg_info --egg-base ../../../build/move_turtle build --build-base /home/info/ros2_ws/build/move_turtle/build install --record /home/info/ros2_ws/build/move_turtle/install.log --single-version-externally-managed install_data
[8.942s] running egg_info
[8.982s] writing ../../../build/move_turtle/move_turtle.egg-info/PKG-INFO
[8.983s] writing dependency_links to ../../../build/move_turtle/move_turtle.egg-info/dependency_links.txt
[8.983s] writing entry points to ../../../build/move_turtle/move_turtle.egg-info/entry_points.txt
[8.984s] writing requirements to ../../../build/move_turtle/move_turtle.egg-info/requires.txt
[8.984s] writing top-level names to ../../../build/move_turtle/move_turtle.egg-info/top_level.txt
[9.072s] reading manifest file '../../../build/move_turtle/move_turtle.egg-info/SOURCES.txt'
[9.074s] writing manifest file '../../../build/move_turtle/move_turtle.egg-info/SOURCES.txt'
[9.074s] running build
[9.075s] running build_py
[9.075s] running install
[9.121s] running install_lib
[9.186s] running install_data
[9.187s] running install_egg_info
[9.242s] removing '/home/info/ros2_ws/install/move_turtle/lib/python3.12/site-packages/move_turtle-0.0.0-py3.12.egg-info' (and everything under it)
[9.242s] Copying ../../../build/move_turtle/move_turtle.egg-info to /home/info/ros2_ws/install/move_turtle/lib/python3.12/site-packages/move_turtle-0.0.0-py3.12.egg-info
[9.247s] running install_scripts
[9.804s] Installing my_move_square script to /home/info/ros2_ws/install/move_turtle/lib/move_turtle
[9.805s] writing list of installed files to '/home/info/ros2_ws/build/move_turtle/install.log'
[9.866s] Invoked command in '/home/info/ros2_ws/tp_turtle_regulation_Emie/src/move_turtle' returned '0': DEBUGINFOD_URLS=https://debuginfod.ubuntu.com PYTHONPATH=/home/info/ros2_ws/build/move_turtle/prefix_override:/usr/lib/python3/dist-packages/colcon_core/task/python/colcon_distutils_commands:/home/info/ros2_ws/install/move_turtle/lib/python3.12/site-packages:${PYTHONPATH} /usr/bin/python3 -W ignore:setup.py install is deprecated -W ignore:easy_install command is deprecated setup.py egg_info --egg-base ../../../build/move_turtle build --build-base /home/info/ros2_ws/build/move_turtle/build install --record /home/info/ros2_ws/build/move_turtle/install.log --single-version-externally-managed install_data
