[9.731s] Invoking command in '/home/info/ros2_ws/src/tp_turtle_regulation_Emie/turtle_regulation': DEBUGINFOD_URLS=https://debuginfod.ubuntu.com PYTHONPATH=/home/info/ros2_ws/build/turtle_regulation/prefix_override:/usr/lib/python3/dist-packages/colcon_core/task/python/colcon_distutils_commands:/home/info/ros2_ws/install/turtle_regulation/lib/python3.12/site-packages:${PYTHONPATH} /usr/bin/python3 -W ignore:setup.py install is deprecated -W ignore:easy_install command is deprecated setup.py egg_info --egg-base ../../../build/turtle_regulation build --build-base /home/info/ros2_ws/build/turtle_regulation/build install --record /home/info/ros2_ws/build/turtle_regulation/install.log --single-version-externally-managed install_data
[10.719s] running egg_info
[10.762s] writing ../../../build/turtle_regulation/turtle_regulation.egg-info/PKG-INFO
[10.766s] writing dependency_links to ../../../build/turtle_regulation/turtle_regulation.egg-info/dependency_links.txt
[10.766s] writing entry points to ../../../build/turtle_regulation/turtle_regulation.egg-info/entry_points.txt
[10.767s] writing requirements to ../../../build/turtle_regulation/turtle_regulation.egg-info/requires.txt
[10.767s] writing top-level names to ../../../build/turtle_regulation/turtle_regulation.egg-info/top_level.txt
[10.898s] reading manifest file '../../../build/turtle_regulation/turtle_regulation.egg-info/SOURCES.txt'
[10.900s] writing manifest file '../../../build/turtle_regulation/turtle_regulation.egg-info/SOURCES.txt'
[10.901s] running build
[10.902s] running build_py
[10.902s] running install
[10.920s] running install_lib
[10.971s] running install_data
[10.971s] running install_egg_info
[11.066s] removing '/home/info/ros2_ws/install/turtle_regulation/lib/python3.12/site-packages/turtle_regulation-0.0.0-py3.12.egg-info' (and everything under it)
[11.071s] Copying ../../../build/turtle_regulation/turtle_regulation.egg-info to /home/info/ros2_ws/install/turtle_regulation/lib/python3.12/site-packages/turtle_regulation-0.0.0-py3.12.egg-info
[11.090s] running install_scripts
[11.763s] Installing set_way_point script to /home/info/ros2_ws/install/turtle_regulation/lib/turtle_regulation
[11.766s] writing list of installed files to '/home/info/ros2_ws/build/turtle_regulation/install.log'
[11.816s] Invoked command in '/home/info/ros2_ws/src/tp_turtle_regulation_Emie/turtle_regulation' returned '0': DEBUGINFOD_URLS=https://debuginfod.ubuntu.com PYTHONPATH=/home/info/ros2_ws/build/turtle_regulation/prefix_override:/usr/lib/python3/dist-packages/colcon_core/task/python/colcon_distutils_commands:/home/info/ros2_ws/install/turtle_regulation/lib/python3.12/site-packages:${PYTHONPATH} /usr/bin/python3 -W ignore:setup.py install is deprecated -W ignore:easy_install command is deprecated setup.py egg_info --egg-base ../../../build/turtle_regulation build --build-base /home/info/ros2_ws/build/turtle_regulation/build install --record /home/info/ros2_ws/build/turtle_regulation/install.log --single-version-externally-managed install_data
