[  2%] Built target turtle_interfaces__rosidl_generator_type_description
[  2%] Built target ament_cmake_python_copy_turtle_interfaces
[  5%] Built target turtle_interfaces__cpp
[ 20%] Built target turtle_interfaces__rosidl_generator_c
[ 29%] Built target turtle_interfaces__rosidl_typesupport_cpp
[ 38%] Built target turtle_interfaces__rosidl_typesupport_c
[ 47%] Built target turtle_interfaces__rosidl_typesupport_fastrtps_cpp
[ 55%] Built target turtle_interfaces__rosidl_typesupport_introspection_c
[ 64%] Built target turtle_interfaces__rosidl_typesupport_fastrtps_c
[ 73%] Built target turtle_interfaces__rosidl_typesupport_introspection_cpp
running egg_info
writing turtle_interfaces.egg-info/PKG-INFO
writing dependency_links to turtle_interfaces.egg-info/dependency_links.txt
writing top-level names to turtle_interfaces.egg-info/top_level.txt
[ 73%] Built target turtle_interfaces
reading manifest file 'turtle_interfaces.egg-info/SOURCES.txt'
writing manifest file 'turtle_interfaces.egg-info/SOURCES.txt'
[ 73%] Built target ament_cmake_python_build_turtle_interfaces_egg
[ 76%] Built target turtle_interfaces__py
[ 82%] Built target turtle_interfaces__rosidl_generator_py
[ 88%] Built target turtle_interfaces_s__rosidl_typesupport_c
[ 94%] Built target turtle_interfaces_s__rosidl_typesupport_fastrtps_c
[100%] Built target turtle_interfaces_s__rosidl_typesupport_introspection_c
-- Install configuration: ""
-- Up-to-date: /home/info/ros2_ws/install/turtle_interfaces/share/ament_index/resource_index/rosidl_interfaces/turtle_interfaces
-- Up-to-date: /home/info/ros2_ws/install/turtle_interfaces/share/turtle_interfaces/srv/SetWayPoint.json
-- Up-to-date: /home/info/ros2_ws/install/turtle_interfaces/include/turtle_interfaces/turtle_interfaces
-- Up-to-date: /home/info/ros2_ws/install/turtle_interfaces/include/turtle_interfaces/turtle_interfaces/srv
-- Up-to-date: /home/info/ros2_ws/install/turtle_interfaces/include/turtle_interfaces/turtle_interfaces/srv/set_way_point.h
-- Up-to-date: /home/info/ros2_ws/install/turtle_interfaces/include/turtle_interfaces/turtle_interfaces/srv/detail
-- Up-to-date: /home/info/ros2_ws/install/turtle_interfaces/include/turtle_interfaces/turtle_interfaces/srv/detail/set_way_point__functions.c
-- Installing: /home/info/ros2_ws/install/turtle_interfaces/include/turtle_interfaces/turtle_interfaces/srv/detail/set_way_point__type_support.c
-- Up-to-date: /home/info/ros2_ws/install/turtle_interfaces/include/turtle_interfaces/turtle_interfaces/srv/detail/set_way_point__description.c
-- Up-to-date: /home/info/ros2_ws/install/turtle_interfaces/include/turtle_interfaces/turtle_interfaces/srv/detail/set_way_point__struct.h
-- Up-to-date: /home/info/ros2_ws/install/turtle_interfaces/include/turtle_interfaces/turtle_interfaces/srv/detail/set_way_point__functions.h
-- Up-to-date: /home/info/ros2_ws/install/turtle_interfaces/include/turtle_interfaces/turtle_interfaces/srv/detail/set_way_point__type_support.h
-- Up-to-date: /home/info/ros2_ws/install/turtle_interfaces/include/turtle_interfaces/turtle_interfaces/msg
-- Up-to-date: /home/info/ros2_ws/install/turtle_interfaces/include/turtle_interfaces/turtle_interfaces/msg/rosidl_generator_c__visibility_control.h
-- Up-to-date: /home/info/ros2_ws/install/turtle_interfaces/share/turtle_interfaces/environment/library_path.sh
-- Up-to-date: /home/info/ros2_ws/install/turtle_interfaces/share/turtle_interfaces/environment/library_path.dsv
-- Up-to-date: /home/info/ros2_ws/install/turtle_interfaces/lib/libturtle_interfaces__rosidl_generator_c.so
-- Up-to-date: /home/info/ros2_ws/install/turtle_interfaces/include/turtle_interfaces/turtle_interfaces
-- Up-to-date: /home/info/ros2_ws/install/turtle_interfaces/include/turtle_interfaces/turtle_interfaces/srv
-- Up-to-date: /home/info/ros2_ws/install/turtle_interfaces/include/turtle_interfaces/turtle_interfaces/srv/detail
-- Up-to-date: /home/info/ros2_ws/install/turtle_interfaces/include/turtle_interfaces/turtle_interfaces/srv/detail/set_way_point__rosidl_typesupport_fastrtps_c.h
-- Up-to-date: /home/info/ros2_ws/install/turtle_interfaces/include/turtle_interfaces/turtle_interfaces/msg
-- Up-to-date: /home/info/ros2_ws/install/turtle_interfaces/include/turtle_interfaces/turtle_interfaces/msg/rosidl_typesupport_fastrtps_c__visibility_control.h
-- Up-to-date: /home/info/ros2_ws/install/turtle_interfaces/lib/libturtle_interfaces__rosidl_typesupport_fastrtps_c.so
-- Up-to-date: /home/info/ros2_ws/install/turtle_interfaces/include/turtle_interfaces/turtle_interfaces
-- Up-to-date: /home/info/ros2_ws/install/turtle_interfaces/include/turtle_interfaces/turtle_interfaces/srv
-- Up-to-date: /home/info/ros2_ws/install/turtle_interfaces/include/turtle_interfaces/turtle_interfaces/srv/detail
-- Up-to-date: /home/info/ros2_ws/install/turtle_interfaces/include/turtle_interfaces/turtle_interfaces/srv/detail/set_way_point__rosidl_typesupport_introspection_c.h
-- Installing: /home/info/ros2_ws/install/turtle_interfaces/include/turtle_interfaces/turtle_interfaces/srv/detail/set_way_point__type_support.c
-- Up-to-date: /home/info/ros2_ws/install/turtle_interfaces/include/turtle_interfaces/turtle_interfaces/msg
-- Up-to-date: /home/info/ros2_ws/install/turtle_interfaces/include/turtle_interfaces/turtle_interfaces/msg/rosidl_typesupport_introspection_c__visibility_control.h
-- Up-to-date: /home/info/ros2_ws/install/turtle_interfaces/lib/libturtle_interfaces__rosidl_typesupport_introspection_c.so
-- Up-to-date: /home/info/ros2_ws/install/turtle_interfaces/lib/libturtle_interfaces__rosidl_typesupport_c.so
-- Up-to-date: /home/info/ros2_ws/install/turtle_interfaces/include/turtle_interfaces/turtle_interfaces
-- Up-to-date: /home/info/ros2_ws/install/turtle_interfaces/include/turtle_interfaces/turtle_interfaces/srv
-- Up-to-date: /home/info/ros2_ws/install/turtle_interfaces/include/turtle_interfaces/turtle_interfaces/srv/detail
-- Up-to-date: /home/info/ros2_ws/install/turtle_interfaces/include/turtle_interfaces/turtle_interfaces/srv/detail/set_way_point__builder.hpp
-- Up-to-date: /home/info/ros2_ws/install/turtle_interfaces/include/turtle_interfaces/turtle_interfaces/srv/detail/set_way_point__type_support.hpp
-- Up-to-date: /home/info/ros2_ws/install/turtle_interfaces/include/turtle_interfaces/turtle_interfaces/srv/detail/set_way_point__traits.hpp
-- Up-to-date: /home/info/ros2_ws/install/turtle_interfaces/include/turtle_interfaces/turtle_interfaces/srv/detail/set_way_point__struct.hpp
-- Up-to-date: /home/info/ros2_ws/install/turtle_interfaces/include/turtle_interfaces/turtle_interfaces/srv/set_way_point.hpp
-- Up-to-date: /home/info/ros2_ws/install/turtle_interfaces/include/turtle_interfaces/turtle_interfaces/msg
-- Up-to-date: /home/info/ros2_ws/install/turtle_interfaces/include/turtle_interfaces/turtle_interfaces/msg/rosidl_generator_cpp__visibility_control.hpp
-- Up-to-date: /home/info/ros2_ws/install/turtle_interfaces/include/turtle_interfaces/turtle_interfaces
-- Up-to-date: /home/info/ros2_ws/install/turtle_interfaces/include/turtle_interfaces/turtle_interfaces/srv
-- Up-to-date: /home/info/ros2_ws/install/turtle_interfaces/include/turtle_interfaces/turtle_interfaces/srv/detail
-- Up-to-date: /home/info/ros2_ws/install/turtle_interfaces/include/turtle_interfaces/turtle_interfaces/srv/detail/dds_fastrtps
-- Up-to-date: /home/info/ros2_ws/install/turtle_interfaces/include/turtle_interfaces/turtle_interfaces/srv/detail/set_way_point__rosidl_typesupport_fastrtps_cpp.hpp
-- Up-to-date: /home/info/ros2_ws/install/turtle_interfaces/include/turtle_interfaces/turtle_interfaces/msg
-- Up-to-date: /home/info/ros2_ws/install/turtle_interfaces/include/turtle_interfaces/turtle_interfaces/msg/rosidl_typesupport_fastrtps_cpp__visibility_control.h
-- Up-to-date: /home/info/ros2_ws/install/turtle_interfaces/lib/libturtle_interfaces__rosidl_typesupport_fastrtps_cpp.so
-- Up-to-date: /home/info/ros2_ws/install/turtle_interfaces/include/turtle_interfaces/turtle_interfaces
-- Up-to-date: /home/info/ros2_ws/install/turtle_interfaces/include/turtle_interfaces/turtle_interfaces/srv
-- Up-to-date: /home/info/ros2_ws/install/turtle_interfaces/include/turtle_interfaces/turtle_interfaces/srv/detail
-- Up-to-date: /home/info/ros2_ws/install/turtle_interfaces/include/turtle_interfaces/turtle_interfaces/srv/detail/set_way_point__rosidl_typesupport_introspection_cpp.hpp
-- Up-to-date: /home/info/ros2_ws/install/turtle_interfaces/include/turtle_interfaces/turtle_interfaces/srv/detail/set_way_point__type_support.cpp
-- Up-to-date: /home/info/ros2_ws/install/turtle_interfaces/lib/libturtle_interfaces__rosidl_typesupport_introspection_cpp.so
-- Up-to-date: /home/info/ros2_ws/install/turtle_interfaces/lib/libturtle_interfaces__rosidl_typesupport_cpp.so
-- Up-to-date: /home/info/ros2_ws/install/turtle_interfaces/share/turtle_interfaces/environment/pythonpath.sh
-- Up-to-date: /home/info/ros2_ws/install/turtle_interfaces/share/turtle_interfaces/environment/pythonpath.dsv
-- Up-to-date: /home/info/ros2_ws/install/turtle_interfaces/lib/python3.12/site-packages/turtle_interfaces-0.0.0-py3.12.egg-info
-- Installing: /home/info/ros2_ws/install/turtle_interfaces/lib/python3.12/site-packages/turtle_interfaces-0.0.0-py3.12.egg-info/top_level.txt
-- Installing: /home/info/ros2_ws/install/turtle_interfaces/lib/python3.12/site-packages/turtle_interfaces-0.0.0-py3.12.egg-info/dependency_links.txt
-- Installing: /home/info/ros2_ws/install/turtle_interfaces/lib/python3.12/site-packages/turtle_interfaces-0.0.0-py3.12.egg-info/SOURCES.txt
-- Installing: /home/info/ros2_ws/install/turtle_interfaces/lib/python3.12/site-packages/turtle_interfaces-0.0.0-py3.12.egg-info/PKG-INFO
-- Up-to-date: /home/info/ros2_ws/install/turtle_interfaces/lib/python3.12/site-packages/turtle_interfaces
-- Up-to-date: /home/info/ros2_ws/install/turtle_interfaces/lib/python3.12/site-packages/turtle_interfaces/turtle_interfaces_s__rosidl_typesupport_c.so
-- Up-to-date: /home/info/ros2_ws/install/turtle_interfaces/lib/python3.12/site-packages/turtle_interfaces/_turtle_interfaces_s.ep.rosidl_typesupport_fastrtps_c.c
-- Up-to-date: /home/info/ros2_ws/install/turtle_interfaces/lib/python3.12/site-packages/turtle_interfaces/_turtle_interfaces_s.ep.rosidl_typesupport_c.c
-- Up-to-date: /home/info/ros2_ws/install/turtle_interfaces/lib/python3.12/site-packages/turtle_interfaces/srv
-- Up-to-date: /home/info/ros2_ws/install/turtle_interfaces/lib/python3.12/site-packages/turtle_interfaces/srv/__init__.py
-- Up-to-date: /home/info/ros2_ws/install/turtle_interfaces/lib/python3.12/site-packages/turtle_interfaces/srv/_set_way_point.py
-- Up-to-date: /home/info/ros2_ws/install/turtle_interfaces/lib/python3.12/site-packages/turtle_interfaces/srv/_set_way_point_s.c
-- Up-to-date: /home/info/ros2_ws/install/turtle_interfaces/lib/python3.12/site-packages/turtle_interfaces/__init__.py
-- Up-to-date: /home/info/ros2_ws/install/turtle_interfaces/lib/python3.12/site-packages/turtle_interfaces/_turtle_interfaces_s.ep.rosidl_typesupport_introspection_c.c
-- Up-to-date: /home/info/ros2_ws/install/turtle_interfaces/lib/python3.12/site-packages/turtle_interfaces/turtle_interfaces_s__rosidl_typesupport_introspection_c.so
-- Up-to-date: /home/info/ros2_ws/install/turtle_interfaces/lib/python3.12/site-packages/turtle_interfaces/turtle_interfaces_s__rosidl_typesupport_fastrtps_c.so
Listing '/home/info/ros2_ws/install/turtle_interfaces/lib/python3.12/site-packages/turtle_interfaces'...
Listing '/home/info/ros2_ws/install/turtle_interfaces/lib/python3.12/site-packages/turtle_interfaces/srv'...
-- Up-to-date: /home/info/ros2_ws/install/turtle_interfaces/lib/python3.12/site-packages/turtle_interfaces/turtle_interfaces_s__rosidl_typesupport_fastrtps_c.so
-- Up-to-date: /home/info/ros2_ws/install/turtle_interfaces/lib/python3.12/site-packages/turtle_interfaces/turtle_interfaces_s__rosidl_typesupport_introspection_c.so
-- Up-to-date: /home/info/ros2_ws/install/turtle_interfaces/lib/python3.12/site-packages/turtle_interfaces/turtle_interfaces_s__rosidl_typesupport_c.so
-- Up-to-date: /home/info/ros2_ws/install/turtle_interfaces/lib/libturtle_interfaces__rosidl_generator_py.so
-- Up-to-date: /home/info/ros2_ws/install/turtle_interfaces/share/turtle_interfaces/srv/SetWayPoint.idl
-- Up-to-date: /home/info/ros2_ws/install/turtle_interfaces/share/turtle_interfaces/srv/SetWayPoint.srv
-- Up-to-date: /home/info/ros2_ws/install/turtle_interfaces/share/ament_index/resource_index/package_run_dependencies/turtle_interfaces
-- Up-to-date: /home/info/ros2_ws/install/turtle_interfaces/share/ament_index/resource_index/parent_prefix_path/turtle_interfaces
-- Up-to-date: /home/info/ros2_ws/install/turtle_interfaces/share/turtle_interfaces/environment/ament_prefix_path.sh
-- Up-to-date: /home/info/ros2_ws/install/turtle_interfaces/share/turtle_interfaces/environment/ament_prefix_path.dsv
-- Up-to-date: /home/info/ros2_ws/install/turtle_interfaces/share/turtle_interfaces/environment/path.sh
-- Up-to-date: /home/info/ros2_ws/install/turtle_interfaces/share/turtle_interfaces/environment/path.dsv
-- Up-to-date: /home/info/ros2_ws/install/turtle_interfaces/share/turtle_interfaces/local_setup.bash
-- Up-to-date: /home/info/ros2_ws/install/turtle_interfaces/share/turtle_interfaces/local_setup.sh
-- Up-to-date: /home/info/ros2_ws/install/turtle_interfaces/share/turtle_interfaces/local_setup.zsh
-- Up-to-date: /home/info/ros2_ws/install/turtle_interfaces/share/turtle_interfaces/local_setup.dsv
-- Installing: /home/info/ros2_ws/install/turtle_interfaces/share/turtle_interfaces/package.dsv
-- Up-to-date: /home/info/ros2_ws/install/turtle_interfaces/share/ament_index/resource_index/packages/turtle_interfaces
-- Up-to-date: /home/info/ros2_ws/install/turtle_interfaces/share/turtle_interfaces/cmake/export_turtle_interfaces__rosidl_generator_cExport.cmake
-- Up-to-date: /home/info/ros2_ws/install/turtle_interfaces/share/turtle_interfaces/cmake/export_turtle_interfaces__rosidl_generator_cExport-noconfig.cmake
-- Up-to-date: /home/info/ros2_ws/install/turtle_interfaces/share/turtle_interfaces/cmake/export_turtle_interfaces__rosidl_typesupport_fastrtps_cExport.cmake
-- Up-to-date: /home/info/ros2_ws/install/turtle_interfaces/share/turtle_interfaces/cmake/export_turtle_interfaces__rosidl_typesupport_fastrtps_cExport-noconfig.cmake
-- Up-to-date: /home/info/ros2_ws/install/turtle_interfaces/share/turtle_interfaces/cmake/turtle_interfaces__rosidl_typesupport_introspection_cExport.cmake
-- Up-to-date: /home/info/ros2_ws/install/turtle_interfaces/share/turtle_interfaces/cmake/turtle_interfaces__rosidl_typesupport_introspection_cExport-noconfig.cmake
-- Up-to-date: /home/info/ros2_ws/install/turtle_interfaces/share/turtle_interfaces/cmake/turtle_interfaces__rosidl_typesupport_cExport.cmake
-- Up-to-date: /home/info/ros2_ws/install/turtle_interfaces/share/turtle_interfaces/cmake/turtle_interfaces__rosidl_typesupport_cExport-noconfig.cmake
-- Up-to-date: /home/info/ros2_ws/install/turtle_interfaces/share/turtle_interfaces/cmake/export_turtle_interfaces__rosidl_generator_cppExport.cmake
-- Up-to-date: /home/info/ros2_ws/install/turtle_interfaces/share/turtle_interfaces/cmake/export_turtle_interfaces__rosidl_typesupport_fastrtps_cppExport.cmake
-- Up-to-date: /home/info/ros2_ws/install/turtle_interfaces/share/turtle_interfaces/cmake/export_turtle_interfaces__rosidl_typesupport_fastrtps_cppExport-noconfig.cmake
-- Up-to-date: /home/info/ros2_ws/install/turtle_interfaces/share/turtle_interfaces/cmake/turtle_interfaces__rosidl_typesupport_introspection_cppExport.cmake
-- Up-to-date: /home/info/ros2_ws/install/turtle_interfaces/share/turtle_interfaces/cmake/turtle_interfaces__rosidl_typesupport_introspection_cppExport-noconfig.cmake
-- Up-to-date: /home/info/ros2_ws/install/turtle_interfaces/share/turtle_interfaces/cmake/turtle_interfaces__rosidl_typesupport_cppExport.cmake
-- Up-to-date: /home/info/ros2_ws/install/turtle_interfaces/share/turtle_interfaces/cmake/turtle_interfaces__rosidl_typesupport_cppExport-noconfig.cmake
-- Up-to-date: /home/info/ros2_ws/install/turtle_interfaces/share/turtle_interfaces/cmake/export_turtle_interfaces__rosidl_generator_pyExport.cmake
-- Up-to-date: /home/info/ros2_ws/install/turtle_interfaces/share/turtle_interfaces/cmake/export_turtle_interfaces__rosidl_generator_pyExport-noconfig.cmake
-- Up-to-date: /home/info/ros2_ws/install/turtle_interfaces/share/turtle_interfaces/cmake/rosidl_cmake-extras.cmake
-- Up-to-date: /home/info/ros2_ws/install/turtle_interfaces/share/turtle_interfaces/cmake/ament_cmake_export_dependencies-extras.cmake
-- Up-to-date: /home/info/ros2_ws/install/turtle_interfaces/share/turtle_interfaces/cmake/ament_cmake_export_include_directories-extras.cmake
-- Up-to-date: /home/info/ros2_ws/install/turtle_interfaces/share/turtle_interfaces/cmake/ament_cmake_export_libraries-extras.cmake
-- Up-to-date: /home/info/ros2_ws/install/turtle_interfaces/share/turtle_interfaces/cmake/ament_cmake_export_targets-extras.cmake
-- Up-to-date: /home/info/ros2_ws/install/turtle_interfaces/share/turtle_interfaces/cmake/rosidl_cmake_export_typesupport_targets-extras.cmake
-- Up-to-date: /home/info/ros2_ws/install/turtle_interfaces/share/turtle_interfaces/cmake/rosidl_cmake_export_typesupport_libraries-extras.cmake
-- Up-to-date: /home/info/ros2_ws/install/turtle_interfaces/share/turtle_interfaces/cmake/turtle_interfacesConfig.cmake
-- Up-to-date: /home/info/ros2_ws/install/turtle_interfaces/share/turtle_interfaces/cmake/turtle_interfacesConfig-version.cmake
-- Up-to-date: /home/info/ros2_ws/install/turtle_interfaces/share/turtle_interfaces/package.xml
