[0.116s] Invoking command in '/home/info/ros2_ws/build/my_custom_interfaces': CMAKE_PREFIX_PATH=${CMAKE_PREFIX_PATH}:/opt/ros/jazzy DEBUGINFOD_URLS=https://debuginfod.ubuntu.com /usr/bin/cmake --build /home/info/ros2_ws/build/my_custom_interfaces -- -j6 -l6
[2.184s] [  1%] Built target my_custom_interfaces__rosidl_generator_type_description
[2.184s] [  1%] Built target ament_cmake_python_copy_my_custom_interfaces
[2.205s] [  3%] Built target my_custom_interfaces__cpp
[2.206s] [ 24%] Built target my_custom_interfaces__rosidl_generator_c
[3.468s] [ 33%] Built target my_custom_interfaces__rosidl_typesupport_cpp
[3.546s] [ 42%] Built target my_custom_interfaces__rosidl_typesupport_c
[3.686s] [ 51%] Built target my_custom_interfaces__rosidl_typesupport_fastrtps_c
[3.730s] [ 61%] Built target my_custom_interfaces__rosidl_typesupport_introspection_c
[3.865s] [ 70%] Built target my_custom_interfaces__rosidl_typesupport_introspection_cpp
[4.018s] [ 79%] Built target my_custom_interfaces__rosidl_typesupport_fastrtps_cpp
[4.124s] running egg_info
[4.178s] writing my_custom_interfaces.egg-info/PKG-INFO
[4.178s] writing dependency_links to my_custom_interfaces.egg-info/dependency_links.txt
[4.179s] writing top-level names to my_custom_interfaces.egg-info/top_level.txt
[4.184s] [ 79%] Built target my_custom_interfaces
[4.345s] reading manifest file 'my_custom_interfaces.egg-info/SOURCES.txt'
[4.346s] [ 81%] Built target my_custom_interfaces__py
[4.358s] writing manifest file 'my_custom_interfaces.egg-info/SOURCES.txt'
[4.896s] [ 81%] Built target ament_cmake_python_build_my_custom_interfaces_egg
[5.151s] [ 88%] Built target my_custom_interfaces__rosidl_generator_py
[5.986s] [ 92%] Built target my_custom_interfaces_s__rosidl_typesupport_fastrtps_c
[6.007s] [ 96%] Built target my_custom_interfaces_s__rosidl_typesupport_introspection_c
[6.018s] [100%] Built target my_custom_interfaces_s__rosidl_typesupport_c
[6.113s] Invoked command in '/home/info/ros2_ws/build/my_custom_interfaces' returned '0': CMAKE_PREFIX_PATH=${CMAKE_PREFIX_PATH}:/opt/ros/jazzy DEBUGINFOD_URLS=https://debuginfod.ubuntu.com /usr/bin/cmake --build /home/info/ros2_ws/build/my_custom_interfaces -- -j6 -l6
[6.287s] Invoking command in '/home/info/ros2_ws/build/my_custom_interfaces': CMAKE_PREFIX_PATH=${CMAKE_PREFIX_PATH}:/opt/ros/jazzy DEBUGINFOD_URLS=https://debuginfod.ubuntu.com /usr/bin/cmake --install /home/info/ros2_ws/build/my_custom_interfaces
[6.368s] -- Install configuration: ""
[6.425s] -- Up-to-date: /home/info/ros2_ws/install/my_custom_interfaces/share/ament_index/resource_index/rosidl_interfaces/my_custom_interfaces
[6.429s] -- Up-to-date: /home/info/ros2_ws/install/my_custom_interfaces/share/my_custom_interfaces/msg/SensorStatus.json
[6.446s] -- Up-to-date: /home/info/ros2_ws/install/my_custom_interfaces/share/my_custom_interfaces/msg/SensorStatusStamped.json
[6.451s] -- Up-to-date: /home/info/ros2_ws/install/my_custom_interfaces/share/my_custom_interfaces/srv/ChangeLedColor.json
[6.452s] -- Up-to-date: /home/info/ros2_ws/install/my_custom_interfaces/include/my_custom_interfaces/my_custom_interfaces
[6.460s] -- Up-to-date: /home/info/ros2_ws/install/my_custom_interfaces/include/my_custom_interfaces/my_custom_interfaces/srv
[6.469s] -- Up-to-date: /home/info/ros2_ws/install/my_custom_interfaces/include/my_custom_interfaces/my_custom_interfaces/srv/detail
[6.470s] -- Up-to-date: /home/info/ros2_ws/install/my_custom_interfaces/include/my_custom_interfaces/my_custom_interfaces/srv/detail/change_led_color__functions.c
[6.470s] -- Up-to-date: /home/info/ros2_ws/install/my_custom_interfaces/include/my_custom_interfaces/my_custom_interfaces/srv/detail/change_led_color__type_support.h
[6.471s] -- Installing: /home/info/ros2_ws/install/my_custom_interfaces/include/my_custom_interfaces/my_custom_interfaces/srv/detail/change_led_color__type_support.c
[6.473s] -- Up-to-date: /home/info/ros2_ws/install/my_custom_interfaces/include/my_custom_interfaces/my_custom_interfaces/srv/detail/change_led_color__description.c
[6.474s] -- Up-to-date: /home/info/ros2_ws/install/my_custom_interfaces/include/my_custom_interfaces/my_custom_interfaces/srv/detail/change_led_color__functions.h
[6.474s] -- Up-to-date: /home/info/ros2_ws/install/my_custom_interfaces/include/my_custom_interfaces/my_custom_interfaces/srv/detail/change_led_color__struct.h
[6.474s] -- Up-to-date: /home/info/ros2_ws/install/my_custom_interfaces/include/my_custom_interfaces/my_custom_interfaces/srv/change_led_color.h
[6.474s] -- Up-to-date: /home/info/ros2_ws/install/my_custom_interfaces/include/my_custom_interfaces/my_custom_interfaces/msg
[6.483s] -- Up-to-date: /home/info/ros2_ws/install/my_custom_interfaces/include/my_custom_interfaces/my_custom_interfaces/msg/sensor_status_stamped.h
[6.483s] -- Up-to-date: /home/info/ros2_ws/install/my_custom_interfaces/include/my_custom_interfaces/my_custom_interfaces/msg/detail
[6.483s] -- Up-to-date: /home/info/ros2_ws/install/my_custom_interfaces/include/my_custom_interfaces/my_custom_interfaces/msg/detail/sensor_status_stamped__functions.h
[6.483s] -- Up-to-date: /home/info/ros2_ws/install/my_custom_interfaces/include/my_custom_interfaces/my_custom_interfaces/msg/detail/sensor_status_stamped__functions.c
[6.484s] -- Installing: /home/info/ros2_ws/install/my_custom_interfaces/include/my_custom_interfaces/my_custom_interfaces/msg/detail/sensor_status__type_support.c
[6.487s] -- Up-to-date: /home/info/ros2_ws/install/my_custom_interfaces/include/my_custom_interfaces/my_custom_interfaces/msg/detail/sensor_status_stamped__description.c
[6.488s] -- Up-to-date: /home/info/ros2_ws/install/my_custom_interfaces/include/my_custom_interfaces/my_custom_interfaces/msg/detail/sensor_status__struct.h
[6.488s] -- Up-to-date: /home/info/ros2_ws/install/my_custom_interfaces/include/my_custom_interfaces/my_custom_interfaces/msg/detail/sensor_status__description.c
[6.488s] -- Up-to-date: /home/info/ros2_ws/install/my_custom_interfaces/include/my_custom_interfaces/my_custom_interfaces/msg/detail/sensor_status__functions.c
[6.488s] -- Up-to-date: /home/info/ros2_ws/install/my_custom_interfaces/include/my_custom_interfaces/my_custom_interfaces/msg/detail/sensor_status_stamped__type_support.h
[6.489s] -- Installing: /home/info/ros2_ws/install/my_custom_interfaces/include/my_custom_interfaces/my_custom_interfaces/msg/detail/sensor_status_stamped__type_support.c
[6.497s] -- Up-to-date: /home/info/ros2_ws/install/my_custom_interfaces/include/my_custom_interfaces/my_custom_interfaces/msg/detail/sensor_status_stamped__struct.h
[6.497s] -- Up-to-date: /home/info/ros2_ws/install/my_custom_interfaces/include/my_custom_interfaces/my_custom_interfaces/msg/detail/sensor_status__functions.h
[6.498s] -- Up-to-date: /home/info/ros2_ws/install/my_custom_interfaces/include/my_custom_interfaces/my_custom_interfaces/msg/detail/sensor_status__type_support.h
[6.498s] -- Up-to-date: /home/info/ros2_ws/install/my_custom_interfaces/include/my_custom_interfaces/my_custom_interfaces/msg/rosidl_generator_c__visibility_control.h
[6.498s] -- Up-to-date: /home/info/ros2_ws/install/my_custom_interfaces/include/my_custom_interfaces/my_custom_interfaces/msg/sensor_status.h
[6.502s] -- Up-to-date: /home/info/ros2_ws/install/my_custom_interfaces/share/my_custom_interfaces/environment/library_path.sh
[6.503s] -- Up-to-date: /home/info/ros2_ws/install/my_custom_interfaces/share/my_custom_interfaces/environment/library_path.dsv
[6.517s] -- Up-to-date: /home/info/ros2_ws/install/my_custom_interfaces/lib/libmy_custom_interfaces__rosidl_generator_c.so
[6.519s] -- Up-to-date: /home/info/ros2_ws/install/my_custom_interfaces/include/my_custom_interfaces/my_custom_interfaces
[6.519s] -- Up-to-date: /home/info/ros2_ws/install/my_custom_interfaces/include/my_custom_interfaces/my_custom_interfaces/srv
[6.519s] -- Up-to-date: /home/info/ros2_ws/install/my_custom_interfaces/include/my_custom_interfaces/my_custom_interfaces/srv/detail
[6.519s] -- Up-to-date: /home/info/ros2_ws/install/my_custom_interfaces/include/my_custom_interfaces/my_custom_interfaces/srv/detail/change_led_color__rosidl_typesupport_fastrtps_c.h
[6.519s] -- Up-to-date: /home/info/ros2_ws/install/my_custom_interfaces/include/my_custom_interfaces/my_custom_interfaces/msg
[6.520s] -- Up-to-date: /home/info/ros2_ws/install/my_custom_interfaces/include/my_custom_interfaces/my_custom_interfaces/msg/rosidl_typesupport_fastrtps_c__visibility_control.h
[6.520s] -- Up-to-date: /home/info/ros2_ws/install/my_custom_interfaces/include/my_custom_interfaces/my_custom_interfaces/msg/detail
[6.520s] -- Up-to-date: /home/info/ros2_ws/install/my_custom_interfaces/include/my_custom_interfaces/my_custom_interfaces/msg/detail/sensor_status__rosidl_typesupport_fastrtps_c.h
[6.520s] -- Up-to-date: /home/info/ros2_ws/install/my_custom_interfaces/include/my_custom_interfaces/my_custom_interfaces/msg/detail/sensor_status_stamped__rosidl_typesupport_fastrtps_c.h
[6.538s] -- Up-to-date: /home/info/ros2_ws/install/my_custom_interfaces/lib/libmy_custom_interfaces__rosidl_typesupport_fastrtps_c.so
[6.543s] -- Up-to-date: /home/info/ros2_ws/install/my_custom_interfaces/include/my_custom_interfaces/my_custom_interfaces
[6.544s] -- Up-to-date: /home/info/ros2_ws/install/my_custom_interfaces/include/my_custom_interfaces/my_custom_interfaces/srv
[6.545s] -- Up-to-date: /home/info/ros2_ws/install/my_custom_interfaces/include/my_custom_interfaces/my_custom_interfaces/srv/detail
[6.546s] -- Up-to-date: /home/info/ros2_ws/install/my_custom_interfaces/include/my_custom_interfaces/my_custom_interfaces/srv/detail/change_led_color__rosidl_typesupport_introspection_c.h
[6.547s] -- Installing: /home/info/ros2_ws/install/my_custom_interfaces/include/my_custom_interfaces/my_custom_interfaces/srv/detail/change_led_color__type_support.c
[6.565s] -- Up-to-date: /home/info/ros2_ws/install/my_custom_interfaces/include/my_custom_interfaces/my_custom_interfaces/msg
[6.566s] -- Up-to-date: /home/info/ros2_ws/install/my_custom_interfaces/include/my_custom_interfaces/my_custom_interfaces/msg/rosidl_typesupport_introspection_c__visibility_control.h
[6.567s] -- Up-to-date: /home/info/ros2_ws/install/my_custom_interfaces/include/my_custom_interfaces/my_custom_interfaces/msg/detail
[6.568s] -- Installing: /home/info/ros2_ws/install/my_custom_interfaces/include/my_custom_interfaces/my_custom_interfaces/msg/detail/sensor_status__type_support.c
[6.570s] -- Up-to-date: /home/info/ros2_ws/install/my_custom_interfaces/include/my_custom_interfaces/my_custom_interfaces/msg/detail/sensor_status_stamped__rosidl_typesupport_introspection_c.h
[6.571s] -- Up-to-date: /home/info/ros2_ws/install/my_custom_interfaces/include/my_custom_interfaces/my_custom_interfaces/msg/detail/sensor_status__rosidl_typesupport_introspection_c.h
[6.572s] -- Installing: /home/info/ros2_ws/install/my_custom_interfaces/include/my_custom_interfaces/my_custom_interfaces/msg/detail/sensor_status_stamped__type_support.c
[6.588s] -- Up-to-date: /home/info/ros2_ws/install/my_custom_interfaces/lib/libmy_custom_interfaces__rosidl_typesupport_introspection_c.so
[6.613s] -- Up-to-date: /home/info/ros2_ws/install/my_custom_interfaces/lib/libmy_custom_interfaces__rosidl_typesupport_c.so
[6.616s] -- Up-to-date: /home/info/ros2_ws/install/my_custom_interfaces/include/my_custom_interfaces/my_custom_interfaces
[6.619s] -- Up-to-date: /home/info/ros2_ws/install/my_custom_interfaces/include/my_custom_interfaces/my_custom_interfaces/srv
[6.620s] -- Up-to-date: /home/info/ros2_ws/install/my_custom_interfaces/include/my_custom_interfaces/my_custom_interfaces/srv/change_led_color.hpp
[6.622s] -- Up-to-date: /home/info/ros2_ws/install/my_custom_interfaces/include/my_custom_interfaces/my_custom_interfaces/srv/detail
[6.622s] -- Up-to-date: /home/info/ros2_ws/install/my_custom_interfaces/include/my_custom_interfaces/my_custom_interfaces/srv/detail/change_led_color__builder.hpp
[6.623s] -- Up-to-date: /home/info/ros2_ws/install/my_custom_interfaces/include/my_custom_interfaces/my_custom_interfaces/srv/detail/change_led_color__struct.hpp
[6.625s] -- Up-to-date: /home/info/ros2_ws/install/my_custom_interfaces/include/my_custom_interfaces/my_custom_interfaces/srv/detail/change_led_color__traits.hpp
[6.626s] -- Up-to-date: /home/info/ros2_ws/install/my_custom_interfaces/include/my_custom_interfaces/my_custom_interfaces/srv/detail/change_led_color__type_support.hpp
[6.627s] -- Up-to-date: /home/info/ros2_ws/install/my_custom_interfaces/include/my_custom_interfaces/my_custom_interfaces/msg
[6.628s] -- Up-to-date: /home/info/ros2_ws/install/my_custom_interfaces/include/my_custom_interfaces/my_custom_interfaces/msg/sensor_status.hpp
[6.629s] -- Up-to-date: /home/info/ros2_ws/install/my_custom_interfaces/include/my_custom_interfaces/my_custom_interfaces/msg/detail
[6.629s] -- Up-to-date: /home/info/ros2_ws/install/my_custom_interfaces/include/my_custom_interfaces/my_custom_interfaces/msg/detail/sensor_status_stamped__struct.hpp
[6.630s] -- Up-to-date: /home/info/ros2_ws/install/my_custom_interfaces/include/my_custom_interfaces/my_custom_interfaces/msg/detail/sensor_status__type_support.hpp
[6.631s] -- Up-to-date: /home/info/ros2_ws/install/my_custom_interfaces/include/my_custom_interfaces/my_custom_interfaces/msg/detail/sensor_status__traits.hpp
[6.631s] -- Up-to-date: /home/info/ros2_ws/install/my_custom_interfaces/include/my_custom_interfaces/my_custom_interfaces/msg/detail/sensor_status_stamped__traits.hpp
[6.632s] -- Up-to-date: /home/info/ros2_ws/install/my_custom_interfaces/include/my_custom_interfaces/my_custom_interfaces/msg/detail/sensor_status__builder.hpp
[6.632s] -- Up-to-date: /home/info/ros2_ws/install/my_custom_interfaces/include/my_custom_interfaces/my_custom_interfaces/msg/detail/sensor_status_stamped__type_support.hpp
[6.633s] -- Up-to-date: /home/info/ros2_ws/install/my_custom_interfaces/include/my_custom_interfaces/my_custom_interfaces/msg/detail/sensor_status__struct.hpp
[6.634s] -- Up-to-date: /home/info/ros2_ws/install/my_custom_interfaces/include/my_custom_interfaces/my_custom_interfaces/msg/detail/sensor_status_stamped__builder.hpp
[6.635s] -- Up-to-date: /home/info/ros2_ws/install/my_custom_interfaces/include/my_custom_interfaces/my_custom_interfaces/msg/rosidl_generator_cpp__visibility_control.hpp
[6.636s] -- Up-to-date: /home/info/ros2_ws/install/my_custom_interfaces/include/my_custom_interfaces/my_custom_interfaces/msg/sensor_status_stamped.hpp
[6.637s] -- Up-to-date: /home/info/ros2_ws/install/my_custom_interfaces/include/my_custom_interfaces/my_custom_interfaces
[6.637s] -- Up-to-date: /home/info/ros2_ws/install/my_custom_interfaces/include/my_custom_interfaces/my_custom_interfaces/srv
[6.638s] -- Up-to-date: /home/info/ros2_ws/install/my_custom_interfaces/include/my_custom_interfaces/my_custom_interfaces/srv/detail
[6.638s] -- Up-to-date: /home/info/ros2_ws/install/my_custom_interfaces/include/my_custom_interfaces/my_custom_interfaces/srv/detail/dds_fastrtps
[6.639s] -- Up-to-date: /home/info/ros2_ws/install/my_custom_interfaces/include/my_custom_interfaces/my_custom_interfaces/srv/detail/change_led_color__rosidl_typesupport_fastrtps_cpp.hpp
[6.640s] -- Up-to-date: /home/info/ros2_ws/install/my_custom_interfaces/include/my_custom_interfaces/my_custom_interfaces/msg
[6.640s] -- Up-to-date: /home/info/ros2_ws/install/my_custom_interfaces/include/my_custom_interfaces/my_custom_interfaces/msg/rosidl_typesupport_fastrtps_cpp__visibility_control.h
[6.640s] -- Up-to-date: /home/info/ros2_ws/install/my_custom_interfaces/include/my_custom_interfaces/my_custom_interfaces/msg/detail
[6.641s] -- Up-to-date: /home/info/ros2_ws/install/my_custom_interfaces/include/my_custom_interfaces/my_custom_interfaces/msg/detail/dds_fastrtps
[6.641s] -- Up-to-date: /home/info/ros2_ws/install/my_custom_interfaces/include/my_custom_interfaces/my_custom_interfaces/msg/detail/sensor_status_stamped__rosidl_typesupport_fastrtps_cpp.hpp
[6.642s] -- Up-to-date: /home/info/ros2_ws/install/my_custom_interfaces/include/my_custom_interfaces/my_custom_interfaces/msg/detail/sensor_status__rosidl_typesupport_fastrtps_cpp.hpp
[6.661s] -- Up-to-date: /home/info/ros2_ws/install/my_custom_interfaces/lib/libmy_custom_interfaces__rosidl_typesupport_fastrtps_cpp.so
[6.666s] -- Up-to-date: /home/info/ros2_ws/install/my_custom_interfaces/include/my_custom_interfaces/my_custom_interfaces
[6.667s] -- Up-to-date: /home/info/ros2_ws/install/my_custom_interfaces/include/my_custom_interfaces/my_custom_interfaces/srv
[6.669s] -- Up-to-date: /home/info/ros2_ws/install/my_custom_interfaces/include/my_custom_interfaces/my_custom_interfaces/srv/detail
[6.670s] -- Up-to-date: /home/info/ros2_ws/install/my_custom_interfaces/include/my_custom_interfaces/my_custom_interfaces/srv/detail/change_led_color__rosidl_typesupport_introspection_cpp.hpp
[6.671s] -- Up-to-date: /home/info/ros2_ws/install/my_custom_interfaces/include/my_custom_interfaces/my_custom_interfaces/srv/detail/change_led_color__type_support.cpp
[6.672s] -- Up-to-date: /home/info/ros2_ws/install/my_custom_interfaces/include/my_custom_interfaces/my_custom_interfaces/msg
[6.673s] -- Up-to-date: /home/info/ros2_ws/install/my_custom_interfaces/include/my_custom_interfaces/my_custom_interfaces/msg/detail
[6.674s] -- Up-to-date: /home/info/ros2_ws/install/my_custom_interfaces/include/my_custom_interfaces/my_custom_interfaces/msg/detail/sensor_status__type_support.cpp
[6.674s] -- Up-to-date: /home/info/ros2_ws/install/my_custom_interfaces/include/my_custom_interfaces/my_custom_interfaces/msg/detail/sensor_status_stamped__rosidl_typesupport_introspection_cpp.hpp
[6.675s] -- Up-to-date: /home/info/ros2_ws/install/my_custom_interfaces/include/my_custom_interfaces/my_custom_interfaces/msg/detail/sensor_status__rosidl_typesupport_introspection_cpp.hpp
[6.676s] -- Up-to-date: /home/info/ros2_ws/install/my_custom_interfaces/include/my_custom_interfaces/my_custom_interfaces/msg/detail/sensor_status_stamped__type_support.cpp
[6.688s] -- Up-to-date: /home/info/ros2_ws/install/my_custom_interfaces/lib/libmy_custom_interfaces__rosidl_typesupport_introspection_cpp.so
[6.729s] -- Up-to-date: /home/info/ros2_ws/install/my_custom_interfaces/lib/libmy_custom_interfaces__rosidl_typesupport_cpp.so
[6.735s] -- Up-to-date: /home/info/ros2_ws/install/my_custom_interfaces/share/my_custom_interfaces/environment/pythonpath.sh
[6.735s] -- Up-to-date: /home/info/ros2_ws/install/my_custom_interfaces/share/my_custom_interfaces/environment/pythonpath.dsv
[6.741s] -- Up-to-date: /home/info/ros2_ws/install/my_custom_interfaces/lib/python3.12/site-packages/my_custom_interfaces-0.0.0-py3.12.egg-info
[6.751s] -- Installing: /home/info/ros2_ws/install/my_custom_interfaces/lib/python3.12/site-packages/my_custom_interfaces-0.0.0-py3.12.egg-info/top_level.txt
[6.753s] -- Installing: /home/info/ros2_ws/install/my_custom_interfaces/lib/python3.12/site-packages/my_custom_interfaces-0.0.0-py3.12.egg-info/dependency_links.txt
[6.754s] -- Installing: /home/info/ros2_ws/install/my_custom_interfaces/lib/python3.12/site-packages/my_custom_interfaces-0.0.0-py3.12.egg-info/SOURCES.txt
[6.760s] -- Installing: /home/info/ros2_ws/install/my_custom_interfaces/lib/python3.12/site-packages/my_custom_interfaces-0.0.0-py3.12.egg-info/PKG-INFO
[6.761s] -- Up-to-date: /home/info/ros2_ws/install/my_custom_interfaces/lib/python3.12/site-packages/my_custom_interfaces
[6.762s] -- Up-to-date: /home/info/ros2_ws/install/my_custom_interfaces/lib/python3.12/site-packages/my_custom_interfaces/_my_custom_interfaces_s.ep.rosidl_typesupport_c.c
[6.762s] -- Up-to-date: /home/info/ros2_ws/install/my_custom_interfaces/lib/python3.12/site-packages/my_custom_interfaces/srv
[6.765s] -- Up-to-date: /home/info/ros2_ws/install/my_custom_interfaces/lib/python3.12/site-packages/my_custom_interfaces/srv/_change_led_color_s.c
[6.766s] -- Up-to-date: /home/info/ros2_ws/install/my_custom_interfaces/lib/python3.12/site-packages/my_custom_interfaces/srv/__init__.py
[6.767s] -- Up-to-date: /home/info/ros2_ws/install/my_custom_interfaces/lib/python3.12/site-packages/my_custom_interfaces/srv/_change_led_color.py
[6.767s] -- Up-to-date: /home/info/ros2_ws/install/my_custom_interfaces/lib/python3.12/site-packages/my_custom_interfaces/msg
[6.776s] -- Up-to-date: /home/info/ros2_ws/install/my_custom_interfaces/lib/python3.12/site-packages/my_custom_interfaces/msg/_sensor_status.py
[6.777s] -- Up-to-date: /home/info/ros2_ws/install/my_custom_interfaces/lib/python3.12/site-packages/my_custom_interfaces/msg/_sensor_status_stamped.py
[6.778s] -- Up-to-date: /home/info/ros2_ws/install/my_custom_interfaces/lib/python3.12/site-packages/my_custom_interfaces/msg/_sensor_status_stamped_s.c
[6.787s] -- Up-to-date: /home/info/ros2_ws/install/my_custom_interfaces/lib/python3.12/site-packages/my_custom_interfaces/msg/_sensor_status_s.c
[6.788s] -- Up-to-date: /home/info/ros2_ws/install/my_custom_interfaces/lib/python3.12/site-packages/my_custom_interfaces/msg/__init__.py
[6.790s] -- Up-to-date: /home/info/ros2_ws/install/my_custom_interfaces/lib/python3.12/site-packages/my_custom_interfaces/_my_custom_interfaces_s.ep.rosidl_typesupport_introspection_c.c
[6.823s] -- Up-to-date: /home/info/ros2_ws/install/my_custom_interfaces/lib/python3.12/site-packages/my_custom_interfaces/__init__.py
[6.824s] -- Up-to-date: /home/info/ros2_ws/install/my_custom_interfaces/lib/python3.12/site-packages/my_custom_interfaces/my_custom_interfaces_s__rosidl_typesupport_introspection_c.so
[6.826s] -- Up-to-date: /home/info/ros2_ws/install/my_custom_interfaces/lib/python3.12/site-packages/my_custom_interfaces/my_custom_interfaces_s__rosidl_typesupport_c.so
[6.849s] -- Up-to-date: /home/info/ros2_ws/install/my_custom_interfaces/lib/python3.12/site-packages/my_custom_interfaces/_my_custom_interfaces_s.ep.rosidl_typesupport_fastrtps_c.c
[6.874s] -- Up-to-date: /home/info/ros2_ws/install/my_custom_interfaces/lib/python3.12/site-packages/my_custom_interfaces/my_custom_interfaces_s__rosidl_typesupport_fastrtps_c.so
[7.070s] Listing '/home/info/ros2_ws/install/my_custom_interfaces/lib/python3.12/site-packages/my_custom_interfaces'...
[7.071s] Listing '/home/info/ros2_ws/install/my_custom_interfaces/lib/python3.12/site-packages/my_custom_interfaces/msg'...
[7.071s] Listing '/home/info/ros2_ws/install/my_custom_interfaces/lib/python3.12/site-packages/my_custom_interfaces/srv'...
[7.121s] -- Up-to-date: /home/info/ros2_ws/install/my_custom_interfaces/lib/python3.12/site-packages/my_custom_interfaces/my_custom_interfaces_s__rosidl_typesupport_fastrtps_c.so
[7.140s] -- Up-to-date: /home/info/ros2_ws/install/my_custom_interfaces/lib/python3.12/site-packages/my_custom_interfaces/my_custom_interfaces_s__rosidl_typesupport_introspection_c.so
[7.159s] -- Up-to-date: /home/info/ros2_ws/install/my_custom_interfaces/lib/python3.12/site-packages/my_custom_interfaces/my_custom_interfaces_s__rosidl_typesupport_c.so
[7.180s] -- Up-to-date: /home/info/ros2_ws/install/my_custom_interfaces/lib/libmy_custom_interfaces__rosidl_generator_py.so
[7.186s] -- Up-to-date: /home/info/ros2_ws/install/my_custom_interfaces/share/my_custom_interfaces/msg/SensorStatus.idl
[7.187s] -- Up-to-date: /home/info/ros2_ws/install/my_custom_interfaces/share/my_custom_interfaces/msg/SensorStatusStamped.idl
[7.188s] -- Up-to-date: /home/info/ros2_ws/install/my_custom_interfaces/share/my_custom_interfaces/srv/ChangeLedColor.idl
[7.190s] -- Up-to-date: /home/info/ros2_ws/install/my_custom_interfaces/share/my_custom_interfaces/msg/SensorStatus.msg
[7.191s] -- Up-to-date: /home/info/ros2_ws/install/my_custom_interfaces/share/my_custom_interfaces/msg/SensorStatusStamped.msg
[7.191s] -- Up-to-date: /home/info/ros2_ws/install/my_custom_interfaces/share/my_custom_interfaces/srv/ChangeLedColor.srv
[7.197s] -- Up-to-date: /home/info/ros2_ws/install/my_custom_interfaces/share/ament_index/resource_index/package_run_dependencies/my_custom_interfaces
[7.198s] -- Up-to-date: /home/info/ros2_ws/install/my_custom_interfaces/share/ament_index/resource_index/parent_prefix_path/my_custom_interfaces
[7.198s] -- Up-to-date: /home/info/ros2_ws/install/my_custom_interfaces/share/my_custom_interfaces/environment/ament_prefix_path.sh
[7.200s] -- Up-to-date: /home/info/ros2_ws/install/my_custom_interfaces/share/my_custom_interfaces/environment/ament_prefix_path.dsv
[7.200s] -- Up-to-date: /home/info/ros2_ws/install/my_custom_interfaces/share/my_custom_interfaces/environment/path.sh
[7.200s] -- Up-to-date: /home/info/ros2_ws/install/my_custom_interfaces/share/my_custom_interfaces/environment/path.dsv
[7.201s] -- Up-to-date: /home/info/ros2_ws/install/my_custom_interfaces/share/my_custom_interfaces/local_setup.bash
[7.201s] -- Up-to-date: /home/info/ros2_ws/install/my_custom_interfaces/share/my_custom_interfaces/local_setup.sh
[7.202s] -- Up-to-date: /home/info/ros2_ws/install/my_custom_interfaces/share/my_custom_interfaces/local_setup.zsh
[7.202s] -- Up-to-date: /home/info/ros2_ws/install/my_custom_interfaces/share/my_custom_interfaces/local_setup.dsv
[7.202s] -- Installing: /home/info/ros2_ws/install/my_custom_interfaces/share/my_custom_interfaces/package.dsv
[7.217s] -- Up-to-date: /home/info/ros2_ws/install/my_custom_interfaces/share/ament_index/resource_index/packages/my_custom_interfaces
[7.247s] -- Up-to-date: /home/info/ros2_ws/install/my_custom_interfaces/share/my_custom_interfaces/cmake/export_my_custom_interfaces__rosidl_generator_cExport.cmake
[7.247s] -- Up-to-date: /home/info/ros2_ws/install/my_custom_interfaces/share/my_custom_interfaces/cmake/export_my_custom_interfaces__rosidl_generator_cExport-noconfig.cmake
[7.254s] -- Up-to-date: /home/info/ros2_ws/install/my_custom_interfaces/share/my_custom_interfaces/cmake/export_my_custom_interfaces__rosidl_typesupport_fastrtps_cExport.cmake
[7.254s] -- Up-to-date: /home/info/ros2_ws/install/my_custom_interfaces/share/my_custom_interfaces/cmake/export_my_custom_interfaces__rosidl_typesupport_fastrtps_cExport-noconfig.cmake
[7.263s] -- Up-to-date: /home/info/ros2_ws/install/my_custom_interfaces/share/my_custom_interfaces/cmake/my_custom_interfaces__rosidl_typesupport_introspection_cExport.cmake
[7.263s] -- Up-to-date: /home/info/ros2_ws/install/my_custom_interfaces/share/my_custom_interfaces/cmake/my_custom_interfaces__rosidl_typesupport_introspection_cExport-noconfig.cmake
[7.266s] -- Up-to-date: /home/info/ros2_ws/install/my_custom_interfaces/share/my_custom_interfaces/cmake/my_custom_interfaces__rosidl_typesupport_cExport.cmake
[7.266s] -- Up-to-date: /home/info/ros2_ws/install/my_custom_interfaces/share/my_custom_interfaces/cmake/my_custom_interfaces__rosidl_typesupport_cExport-noconfig.cmake
[7.266s] -- Up-to-date: /home/info/ros2_ws/install/my_custom_interfaces/share/my_custom_interfaces/cmake/export_my_custom_interfaces__rosidl_generator_cppExport.cmake
[7.273s] -- Up-to-date: /home/info/ros2_ws/install/my_custom_interfaces/share/my_custom_interfaces/cmake/export_my_custom_interfaces__rosidl_typesupport_fastrtps_cppExport.cmake
[7.274s] -- Up-to-date: /home/info/ros2_ws/install/my_custom_interfaces/share/my_custom_interfaces/cmake/export_my_custom_interfaces__rosidl_typesupport_fastrtps_cppExport-noconfig.cmake
[7.285s] -- Up-to-date: /home/info/ros2_ws/install/my_custom_interfaces/share/my_custom_interfaces/cmake/my_custom_interfaces__rosidl_typesupport_introspection_cppExport.cmake
[7.285s] -- Up-to-date: /home/info/ros2_ws/install/my_custom_interfaces/share/my_custom_interfaces/cmake/my_custom_interfaces__rosidl_typesupport_introspection_cppExport-noconfig.cmake
[7.292s] -- Up-to-date: /home/info/ros2_ws/install/my_custom_interfaces/share/my_custom_interfaces/cmake/my_custom_interfaces__rosidl_typesupport_cppExport.cmake
[7.293s] -- Up-to-date: /home/info/ros2_ws/install/my_custom_interfaces/share/my_custom_interfaces/cmake/my_custom_interfaces__rosidl_typesupport_cppExport-noconfig.cmake
[7.304s] -- Up-to-date: /home/info/ros2_ws/install/my_custom_interfaces/share/my_custom_interfaces/cmake/export_my_custom_interfaces__rosidl_generator_pyExport.cmake
[7.304s] -- Up-to-date: /home/info/ros2_ws/install/my_custom_interfaces/share/my_custom_interfaces/cmake/export_my_custom_interfaces__rosidl_generator_pyExport-noconfig.cmake
[7.304s] -- Up-to-date: /home/info/ros2_ws/install/my_custom_interfaces/share/my_custom_interfaces/cmake/rosidl_cmake-extras.cmake
[7.304s] -- Up-to-date: /home/info/ros2_ws/install/my_custom_interfaces/share/my_custom_interfaces/cmake/ament_cmake_export_dependencies-extras.cmake
[7.305s] -- Up-to-date: /home/info/ros2_ws/install/my_custom_interfaces/share/my_custom_interfaces/cmake/ament_cmake_export_include_directories-extras.cmake
[7.305s] -- Up-to-date: /home/info/ros2_ws/install/my_custom_interfaces/share/my_custom_interfaces/cmake/ament_cmake_export_libraries-extras.cmake
[7.305s] -- Up-to-date: /home/info/ros2_ws/install/my_custom_interfaces/share/my_custom_interfaces/cmake/ament_cmake_export_targets-extras.cmake
[7.306s] -- Up-to-date: /home/info/ros2_ws/install/my_custom_interfaces/share/my_custom_interfaces/cmake/rosidl_cmake_export_typesupport_targets-extras.cmake
[7.306s] -- Up-to-date: /home/info/ros2_ws/install/my_custom_interfaces/share/my_custom_interfaces/cmake/rosidl_cmake_export_typesupport_libraries-extras.cmake
[7.306s] -- Up-to-date: /home/info/ros2_ws/install/my_custom_interfaces/share/my_custom_interfaces/cmake/my_custom_interfacesConfig.cmake
[7.306s] -- Up-to-date: /home/info/ros2_ws/install/my_custom_interfaces/share/my_custom_interfaces/cmake/my_custom_interfacesConfig-version.cmake
[7.306s] -- Up-to-date: /home/info/ros2_ws/install/my_custom_interfaces/share/my_custom_interfaces/package.xml
[7.326s] Invoked command in '/home/info/ros2_ws/build/my_custom_interfaces' returned '0': CMAKE_PREFIX_PATH=${CMAKE_PREFIX_PATH}:/opt/ros/jazzy DEBUGINFOD_URLS=https://debuginfod.ubuntu.com /usr/bin/cmake --install /home/info/ros2_ws/build/my_custom_interfaces
