[1.729s] DEBUG:colcon:Command line arguments: ['/usr/bin/colcon', 'build']
[1.729s] DEBUG:colcon:Parsed command line arguments: Namespace(log_base=None, log_level=None, verb_name='build', build_base='build', install_base='install', merge_install=False, symlink_install=False, test_result_base=None, continue_on_error=False, executor='parallel', parallel_workers=6, event_handlers=None, ignore_user_meta=False, metas=['./colcon.meta'], base_paths=['.'], packages_ignore=None, packages_ignore_regex=None, paths=None, packages_up_to=None, packages_up_to_regex=None, packages_above=None, packages_above_and_dependencies=None, packages_above_depth=None, packages_select_by_dep=None, packages_skip_by_dep=None, packages_skip_up_to=None, packages_select_build_failed=False, packages_skip_build_finished=False, packages_select_test_failures=False, packages_skip_test_passed=False, packages_select=None, packages_skip=None, packages_select_regex=None, packages_skip_regex=None, packages_start=None, packages_end=None, allow_overriding=[], cmake_args=None, cmake_target=None, cmake_target_skip_unavailable=False, cmake_clean_cache=False, cmake_clean_first=False, cmake_force_configure=False, ament_cmake_args=None, catkin_cmake_args=None, catkin_skip_building_tests=False, mixin_files=None, mixin=None, verb_parser=<colcon_mixin.mixin.mixin_argument.MixinArgumentDecorator object at 0x719fd89634a0>, verb_extension=<colcon_core.verb.build.BuildVerb object at 0x719fd8962f00>, main=<bound method BuildVerb.main of <colcon_core.verb.build.BuildVerb object at 0x719fd8962f00>>, mixin_verb=('build',))
[1.916s] Level 1:colcon.colcon_core.package_discovery:discover_packages(colcon_meta) check parameters
[1.916s] Level 1:colcon.colcon_core.package_discovery:discover_packages(recursive) check parameters
[1.916s] Level 1:colcon.colcon_core.package_discovery:discover_packages(ignore) check parameters
[1.916s] Level 1:colcon.colcon_core.package_discovery:discover_packages(path) check parameters
[1.916s] Level 1:colcon.colcon_core.package_discovery:discover_packages(colcon_meta) discover
[1.916s] Level 1:colcon.colcon_core.package_discovery:discover_packages(recursive) discover
[1.916s] INFO:colcon.colcon_core.package_discovery:Crawling recursively for packages in '/home/info/ros2_ws'
[1.917s] Level 1:colcon.colcon_core.package_identification:_identify(.) by extensions ['ignore', 'ignore_ament_install']
[1.917s] Level 1:colcon.colcon_core.package_identification:_identify(.) by extension 'ignore'
[1.917s] Level 1:colcon.colcon_core.package_identification:_identify(.) by extension 'ignore_ament_install'
[1.917s] Level 1:colcon.colcon_core.package_identification:_identify(.) by extensions ['colcon_pkg']
[1.917s] Level 1:colcon.colcon_core.package_identification:_identify(.) by extension 'colcon_pkg'
[1.917s] Level 1:colcon.colcon_core.package_identification:_identify(.) by extensions ['colcon_meta']
[1.917s] Level 1:colcon.colcon_core.package_identification:_identify(.) by extension 'colcon_meta'
[1.917s] Level 1:colcon.colcon_core.package_identification:_identify(.) by extensions ['ros']
[1.917s] Level 1:colcon.colcon_core.package_identification:_identify(.) by extension 'ros'
[1.991s] Level 1:colcon.colcon_core.package_identification:_identify(.) by extensions ['cmake', 'python']
[1.991s] Level 1:colcon.colcon_core.package_identification:_identify(.) by extension 'cmake'
[1.991s] Level 1:colcon.colcon_core.package_identification:_identify(.) by extension 'python'
[1.991s] Level 1:colcon.colcon_core.package_identification:_identify(.) by extensions ['python_setup_py']
[1.991s] Level 1:colcon.colcon_core.package_identification:_identify(.) by extension 'python_setup_py'
[1.991s] Level 1:colcon.colcon_core.package_identification:_identify(build) by extensions ['ignore', 'ignore_ament_install']
[1.991s] Level 1:colcon.colcon_core.package_identification:_identify(build) by extension 'ignore'
[1.991s] Level 1:colcon.colcon_core.package_identification:_identify(build) ignored
[1.991s] Level 1:colcon.colcon_core.package_identification:_identify(install) by extensions ['ignore', 'ignore_ament_install']
[1.992s] Level 1:colcon.colcon_core.package_identification:_identify(install) by extension 'ignore'
[1.992s] Level 1:colcon.colcon_core.package_identification:_identify(install) ignored
[1.992s] Level 1:colcon.colcon_core.package_identification:_identify(log) by extensions ['ignore', 'ignore_ament_install']
[1.992s] Level 1:colcon.colcon_core.package_identification:_identify(log) by extension 'ignore'
[1.992s] Level 1:colcon.colcon_core.package_identification:_identify(log) ignored
[1.993s] Level 1:colcon.colcon_core.package_identification:_identify(src) by extensions ['ignore', 'ignore_ament_install']
[1.993s] Level 1:colcon.colcon_core.package_identification:_identify(src) by extension 'ignore'
[1.993s] Level 1:colcon.colcon_core.package_identification:_identify(src) by extension 'ignore_ament_install'
[1.993s] Level 1:colcon.colcon_core.package_identification:_identify(src) by extensions ['colcon_pkg']
[1.993s] Level 1:colcon.colcon_core.package_identification:_identify(src) by extension 'colcon_pkg'
[1.993s] Level 1:colcon.colcon_core.package_identification:_identify(src) by extensions ['colcon_meta']
[1.993s] Level 1:colcon.colcon_core.package_identification:_identify(src) by extension 'colcon_meta'
[1.993s] Level 1:colcon.colcon_core.package_identification:_identify(src) by extensions ['ros']
[1.993s] Level 1:colcon.colcon_core.package_identification:_identify(src) by extension 'ros'
[1.994s] Level 1:colcon.colcon_core.package_identification:_identify(src) by extensions ['cmake', 'python']
[1.994s] Level 1:colcon.colcon_core.package_identification:_identify(src) by extension 'cmake'
[1.994s] Level 1:colcon.colcon_core.package_identification:_identify(src) by extension 'python'
[1.994s] Level 1:colcon.colcon_core.package_identification:_identify(src) by extensions ['python_setup_py']
[1.994s] Level 1:colcon.colcon_core.package_identification:_identify(src) by extension 'python_setup_py'
[1.994s] Level 1:colcon.colcon_core.package_identification:_identify(src/move_pose) by extensions ['ignore', 'ignore_ament_install']
[1.994s] Level 1:colcon.colcon_core.package_identification:_identify(src/move_pose) by extension 'ignore'
[1.994s] Level 1:colcon.colcon_core.package_identification:_identify(src/move_pose) by extension 'ignore_ament_install'
[1.995s] Level 1:colcon.colcon_core.package_identification:_identify(src/move_pose) by extensions ['colcon_pkg']
[1.995s] Level 1:colcon.colcon_core.package_identification:_identify(src/move_pose) by extension 'colcon_pkg'
[1.995s] Level 1:colcon.colcon_core.package_identification:_identify(src/move_pose) by extensions ['colcon_meta']
[1.995s] Level 1:colcon.colcon_core.package_identification:_identify(src/move_pose) by extension 'colcon_meta'
[1.995s] Level 1:colcon.colcon_core.package_identification:_identify(src/move_pose) by extensions ['ros']
[1.995s] Level 1:colcon.colcon_core.package_identification:_identify(src/move_pose) by extension 'ros'
[2.009s] DEBUG:colcon.colcon_core.package_identification:Package 'src/move_pose' with type 'ros.ament_python' and name 'move_pose'
[2.010s] Level 1:colcon.colcon_core.package_identification:_identify(src/move_turtle) by extensions ['ignore', 'ignore_ament_install']
[2.010s] Level 1:colcon.colcon_core.package_identification:_identify(src/move_turtle) by extension 'ignore'
[2.011s] Level 1:colcon.colcon_core.package_identification:_identify(src/move_turtle) by extension 'ignore_ament_install'
[2.011s] Level 1:colcon.colcon_core.package_identification:_identify(src/move_turtle) by extensions ['colcon_pkg']
[2.011s] Level 1:colcon.colcon_core.package_identification:_identify(src/move_turtle) by extension 'colcon_pkg'
[2.011s] Level 1:colcon.colcon_core.package_identification:_identify(src/move_turtle) by extensions ['colcon_meta']
[2.011s] Level 1:colcon.colcon_core.package_identification:_identify(src/move_turtle) by extension 'colcon_meta'
[2.011s] Level 1:colcon.colcon_core.package_identification:_identify(src/move_turtle) by extensions ['ros']
[2.011s] Level 1:colcon.colcon_core.package_identification:_identify(src/move_turtle) by extension 'ros'
[2.013s] DEBUG:colcon.colcon_core.package_identification:Package 'src/move_turtle' with type 'ros.ament_python' and name 'move_turtle'
[2.014s] Level 1:colcon.colcon_core.package_identification:_identify(src/ros2_tutorial) by extensions ['ignore', 'ignore_ament_install']
[2.014s] Level 1:colcon.colcon_core.package_identification:_identify(src/ros2_tutorial) by extension 'ignore'
[2.014s] Level 1:colcon.colcon_core.package_identification:_identify(src/ros2_tutorial) by extension 'ignore_ament_install'
[2.014s] Level 1:colcon.colcon_core.package_identification:_identify(src/ros2_tutorial) by extensions ['colcon_pkg']
[2.014s] Level 1:colcon.colcon_core.package_identification:_identify(src/ros2_tutorial) by extension 'colcon_pkg'
[2.014s] Level 1:colcon.colcon_core.package_identification:_identify(src/ros2_tutorial) by extensions ['colcon_meta']
[2.015s] Level 1:colcon.colcon_core.package_identification:_identify(src/ros2_tutorial) by extension 'colcon_meta'
[2.015s] Level 1:colcon.colcon_core.package_identification:_identify(src/ros2_tutorial) by extensions ['ros']
[2.015s] Level 1:colcon.colcon_core.package_identification:_identify(src/ros2_tutorial) by extension 'ros'
[2.015s] Level 1:colcon.colcon_core.package_identification:_identify(src/ros2_tutorial) by extensions ['cmake', 'python']
[2.015s] Level 1:colcon.colcon_core.package_identification:_identify(src/ros2_tutorial) by extension 'cmake'
[2.015s] Level 1:colcon.colcon_core.package_identification:_identify(src/ros2_tutorial) by extension 'python'
[2.015s] Level 1:colcon.colcon_core.package_identification:_identify(src/ros2_tutorial) by extensions ['python_setup_py']
[2.015s] Level 1:colcon.colcon_core.package_identification:_identify(src/ros2_tutorial) by extension 'python_setup_py'
[2.016s] Level 1:colcon.colcon_core.package_identification:_identify(src/ros2_tutorial/my_custom_interfaces) by extensions ['ignore', 'ignore_ament_install']
[2.016s] Level 1:colcon.colcon_core.package_identification:_identify(src/ros2_tutorial/my_custom_interfaces) by extension 'ignore'
[2.016s] Level 1:colcon.colcon_core.package_identification:_identify(src/ros2_tutorial/my_custom_interfaces) by extension 'ignore_ament_install'
[2.017s] Level 1:colcon.colcon_core.package_identification:_identify(src/ros2_tutorial/my_custom_interfaces) by extensions ['colcon_pkg']
[2.017s] Level 1:colcon.colcon_core.package_identification:_identify(src/ros2_tutorial/my_custom_interfaces) by extension 'colcon_pkg'
[2.017s] Level 1:colcon.colcon_core.package_identification:_identify(src/ros2_tutorial/my_custom_interfaces) by extensions ['colcon_meta']
[2.017s] Level 1:colcon.colcon_core.package_identification:_identify(src/ros2_tutorial/my_custom_interfaces) by extension 'colcon_meta'
[2.017s] Level 1:colcon.colcon_core.package_identification:_identify(src/ros2_tutorial/my_custom_interfaces) by extensions ['ros']
[2.017s] Level 1:colcon.colcon_core.package_identification:_identify(src/ros2_tutorial/my_custom_interfaces) by extension 'ros'
[2.018s] DEBUG:colcon.colcon_core.package_identification:Package 'src/ros2_tutorial/my_custom_interfaces' with type 'ros.ament_cmake' and name 'my_custom_interfaces'
[2.019s] Level 1:colcon.colcon_core.package_identification:_identify(src/ros2_tutorial/my_py_pkg) by extensions ['ignore', 'ignore_ament_install']
[2.019s] Level 1:colcon.colcon_core.package_identification:_identify(src/ros2_tutorial/my_py_pkg) by extension 'ignore'
[2.019s] Level 1:colcon.colcon_core.package_identification:_identify(src/ros2_tutorial/my_py_pkg) by extension 'ignore_ament_install'
[2.020s] Level 1:colcon.colcon_core.package_identification:_identify(src/ros2_tutorial/my_py_pkg) by extensions ['colcon_pkg']
[2.020s] Level 1:colcon.colcon_core.package_identification:_identify(src/ros2_tutorial/my_py_pkg) by extension 'colcon_pkg'
[2.020s] Level 1:colcon.colcon_core.package_identification:_identify(src/ros2_tutorial/my_py_pkg) by extensions ['colcon_meta']
[2.020s] Level 1:colcon.colcon_core.package_identification:_identify(src/ros2_tutorial/my_py_pkg) by extension 'colcon_meta'
[2.020s] Level 1:colcon.colcon_core.package_identification:_identify(src/ros2_tutorial/my_py_pkg) by extensions ['ros']
[2.020s] Level 1:colcon.colcon_core.package_identification:_identify(src/ros2_tutorial/my_py_pkg) by extension 'ros'
[2.022s] DEBUG:colcon.colcon_core.package_identification:Package 'src/ros2_tutorial/my_py_pkg' with type 'ros.ament_python' and name 'my_py_pkg'
[2.022s] Level 1:colcon.colcon_core.package_identification:_identify(src/ros2_tutorial/my_service_pkg) by extensions ['ignore', 'ignore_ament_install']
[2.023s] Level 1:colcon.colcon_core.package_identification:_identify(src/ros2_tutorial/my_service_pkg) by extension 'ignore'
[2.023s] Level 1:colcon.colcon_core.package_identification:_identify(src/ros2_tutorial/my_service_pkg) by extension 'ignore_ament_install'
[2.023s] Level 1:colcon.colcon_core.package_identification:_identify(src/ros2_tutorial/my_service_pkg) by extensions ['colcon_pkg']
[2.023s] Level 1:colcon.colcon_core.package_identification:_identify(src/ros2_tutorial/my_service_pkg) by extension 'colcon_pkg'
[2.023s] Level 1:colcon.colcon_core.package_identification:_identify(src/ros2_tutorial/my_service_pkg) by extensions ['colcon_meta']
[2.023s] Level 1:colcon.colcon_core.package_identification:_identify(src/ros2_tutorial/my_service_pkg) by extension 'colcon_meta'
[2.023s] Level 1:colcon.colcon_core.package_identification:_identify(src/ros2_tutorial/my_service_pkg) by extensions ['ros']
[2.023s] Level 1:colcon.colcon_core.package_identification:_identify(src/ros2_tutorial/my_service_pkg) by extension 'ros'
[2.025s] DEBUG:colcon.colcon_core.package_identification:Package 'src/ros2_tutorial/my_service_pkg' with type 'ros.ament_python' and name 'my_service_pkg'
[2.025s] Level 1:colcon.colcon_core.package_discovery:discover_packages(recursive) using defaults
[2.026s] Level 1:colcon.colcon_core.package_discovery:discover_packages(ignore) discover
[2.026s] Level 1:colcon.colcon_core.package_discovery:discover_packages(ignore) using defaults
[2.026s] Level 1:colcon.colcon_core.package_discovery:discover_packages(path) discover
[2.026s] Level 1:colcon.colcon_core.package_discovery:discover_packages(path) using defaults
[2.157s] Level 1:colcon.colcon_core.package_discovery:discover_packages(prefix_path) check parameters
[2.157s] Level 1:colcon.colcon_core.package_discovery:discover_packages(prefix_path) discover
[2.163s] DEBUG:colcon.colcon_installed_package_information.package_discovery:Found 285 installed packages in /opt/ros/jazzy
[2.165s] Level 1:colcon.colcon_core.package_discovery:discover_packages(prefix_path) using defaults
[2.279s] Level 5:colcon.colcon_core.verb:set package 'move_pose' build argument 'cmake_args' from command line to 'None'
[2.279s] Level 5:colcon.colcon_core.verb:set package 'move_pose' build argument 'cmake_target' from command line to 'None'
[2.279s] Level 5:colcon.colcon_core.verb:set package 'move_pose' build argument 'cmake_target_skip_unavailable' from command line to 'False'
[2.279s] Level 5:colcon.colcon_core.verb:set package 'move_pose' build argument 'cmake_clean_cache' from command line to 'False'
[2.279s] Level 5:colcon.colcon_core.verb:set package 'move_pose' build argument 'cmake_clean_first' from command line to 'False'
[2.279s] Level 5:colcon.colcon_core.verb:set package 'move_pose' build argument 'cmake_force_configure' from command line to 'False'
[2.279s] Level 5:colcon.colcon_core.verb:set package 'move_pose' build argument 'ament_cmake_args' from command line to 'None'
[2.279s] Level 5:colcon.colcon_core.verb:set package 'move_pose' build argument 'catkin_cmake_args' from command line to 'None'
[2.280s] Level 5:colcon.colcon_core.verb:set package 'move_pose' build argument 'catkin_skip_building_tests' from command line to 'False'
[2.280s] DEBUG:colcon.colcon_core.verb:Building package 'move_pose' with the following arguments: {'ament_cmake_args': None, 'build_base': '/home/info/ros2_ws/build/move_pose', 'catkin_cmake_args': None, 'catkin_skip_building_tests': False, 'cmake_args': None, 'cmake_clean_cache': False, 'cmake_clean_first': False, 'cmake_force_configure': False, 'cmake_target': None, 'cmake_target_skip_unavailable': False, 'install_base': '/home/info/ros2_ws/install/move_pose', 'merge_install': False, 'path': '/home/info/ros2_ws/src/move_pose', 'symlink_install': False, 'test_result_base': None}
[2.280s] Level 5:colcon.colcon_core.verb:set package 'move_turtle' build argument 'cmake_args' from command line to 'None'
[2.280s] Level 5:colcon.colcon_core.verb:set package 'move_turtle' build argument 'cmake_target' from command line to 'None'
[2.280s] Level 5:colcon.colcon_core.verb:set package 'move_turtle' build argument 'cmake_target_skip_unavailable' from command line to 'False'
[2.280s] Level 5:colcon.colcon_core.verb:set package 'move_turtle' build argument 'cmake_clean_cache' from command line to 'False'
[2.280s] Level 5:colcon.colcon_core.verb:set package 'move_turtle' build argument 'cmake_clean_first' from command line to 'False'
[2.280s] Level 5:colcon.colcon_core.verb:set package 'move_turtle' build argument 'cmake_force_configure' from command line to 'False'
[2.280s] Level 5:colcon.colcon_core.verb:set package 'move_turtle' build argument 'ament_cmake_args' from command line to 'None'
[2.280s] Level 5:colcon.colcon_core.verb:set package 'move_turtle' build argument 'catkin_cmake_args' from command line to 'None'
[2.280s] Level 5:colcon.colcon_core.verb:set package 'move_turtle' build argument 'catkin_skip_building_tests' from command line to 'False'
[2.280s] DEBUG:colcon.colcon_core.verb:Building package 'move_turtle' with the following arguments: {'ament_cmake_args': None, 'build_base': '/home/info/ros2_ws/build/move_turtle', 'catkin_cmake_args': None, 'catkin_skip_building_tests': False, 'cmake_args': None, 'cmake_clean_cache': False, 'cmake_clean_first': False, 'cmake_force_configure': False, 'cmake_target': None, 'cmake_target_skip_unavailable': False, 'install_base': '/home/info/ros2_ws/install/move_turtle', 'merge_install': False, 'path': '/home/info/ros2_ws/src/move_turtle', 'symlink_install': False, 'test_result_base': None}
[2.281s] Level 5:colcon.colcon_core.verb:set package 'my_custom_interfaces' build argument 'cmake_args' from command line to 'None'
[2.281s] Level 5:colcon.colcon_core.verb:set package 'my_custom_interfaces' build argument 'cmake_target' from command line to 'None'
[2.281s] Level 5:colcon.colcon_core.verb:set package 'my_custom_interfaces' build argument 'cmake_target_skip_unavailable' from command line to 'False'
[2.281s] Level 5:colcon.colcon_core.verb:set package 'my_custom_interfaces' build argument 'cmake_clean_cache' from command line to 'False'
[2.281s] Level 5:colcon.colcon_core.verb:set package 'my_custom_interfaces' build argument 'cmake_clean_first' from command line to 'False'
[2.281s] Level 5:colcon.colcon_core.verb:set package 'my_custom_interfaces' build argument 'cmake_force_configure' from command line to 'False'
[2.281s] Level 5:colcon.colcon_core.verb:set package 'my_custom_interfaces' build argument 'ament_cmake_args' from command line to 'None'
[2.281s] Level 5:colcon.colcon_core.verb:set package 'my_custom_interfaces' build argument 'catkin_cmake_args' from command line to 'None'
[2.281s] Level 5:colcon.colcon_core.verb:set package 'my_custom_interfaces' build argument 'catkin_skip_building_tests' from command line to 'False'
[2.281s] DEBUG:colcon.colcon_core.verb:Building package 'my_custom_interfaces' with the following arguments: {'ament_cmake_args': None, 'build_base': '/home/info/ros2_ws/build/my_custom_interfaces', 'catkin_cmake_args': None, 'catkin_skip_building_tests': False, 'cmake_args': None, 'cmake_clean_cache': False, 'cmake_clean_first': False, 'cmake_force_configure': False, 'cmake_target': None, 'cmake_target_skip_unavailable': False, 'install_base': '/home/info/ros2_ws/install/my_custom_interfaces', 'merge_install': False, 'path': '/home/info/ros2_ws/src/ros2_tutorial/my_custom_interfaces', 'symlink_install': False, 'test_result_base': None}
[2.282s] Level 5:colcon.colcon_core.verb:set package 'my_service_pkg' build argument 'cmake_args' from command line to 'None'
[2.282s] Level 5:colcon.colcon_core.verb:set package 'my_service_pkg' build argument 'cmake_target' from command line to 'None'
[2.282s] Level 5:colcon.colcon_core.verb:set package 'my_service_pkg' build argument 'cmake_target_skip_unavailable' from command line to 'False'
[2.282s] Level 5:colcon.colcon_core.verb:set package 'my_service_pkg' build argument 'cmake_clean_cache' from command line to 'False'
[2.282s] Level 5:colcon.colcon_core.verb:set package 'my_service_pkg' build argument 'cmake_clean_first' from command line to 'False'
[2.282s] Level 5:colcon.colcon_core.verb:set package 'my_service_pkg' build argument 'cmake_force_configure' from command line to 'False'
[2.282s] Level 5:colcon.colcon_core.verb:set package 'my_service_pkg' build argument 'ament_cmake_args' from command line to 'None'
[2.282s] Level 5:colcon.colcon_core.verb:set package 'my_service_pkg' build argument 'catkin_cmake_args' from command line to 'None'
[2.282s] Level 5:colcon.colcon_core.verb:set package 'my_service_pkg' build argument 'catkin_skip_building_tests' from command line to 'False'
[2.282s] DEBUG:colcon.colcon_core.verb:Building package 'my_service_pkg' with the following arguments: {'ament_cmake_args': None, 'build_base': '/home/info/ros2_ws/build/my_service_pkg', 'catkin_cmake_args': None, 'catkin_skip_building_tests': False, 'cmake_args': None, 'cmake_clean_cache': False, 'cmake_clean_first': False, 'cmake_force_configure': False, 'cmake_target': None, 'cmake_target_skip_unavailable': False, 'install_base': '/home/info/ros2_ws/install/my_service_pkg', 'merge_install': False, 'path': '/home/info/ros2_ws/src/ros2_tutorial/my_service_pkg', 'symlink_install': False, 'test_result_base': None}
[2.282s] Level 5:colcon.colcon_core.verb:set package 'my_py_pkg' build argument 'cmake_args' from command line to 'None'
[2.282s] Level 5:colcon.colcon_core.verb:set package 'my_py_pkg' build argument 'cmake_target' from command line to 'None'
[2.282s] Level 5:colcon.colcon_core.verb:set package 'my_py_pkg' build argument 'cmake_target_skip_unavailable' from command line to 'False'
[2.282s] Level 5:colcon.colcon_core.verb:set package 'my_py_pkg' build argument 'cmake_clean_cache' from command line to 'False'
[2.282s] Level 5:colcon.colcon_core.verb:set package 'my_py_pkg' build argument 'cmake_clean_first' from command line to 'False'
[2.283s] Level 5:colcon.colcon_core.verb:set package 'my_py_pkg' build argument 'cmake_force_configure' from command line to 'False'
[2.283s] Level 5:colcon.colcon_core.verb:set package 'my_py_pkg' build argument 'ament_cmake_args' from command line to 'None'
[2.283s] Level 5:colcon.colcon_core.verb:set package 'my_py_pkg' build argument 'catkin_cmake_args' from command line to 'None'
[2.283s] Level 5:colcon.colcon_core.verb:set package 'my_py_pkg' build argument 'catkin_skip_building_tests' from command line to 'False'
[2.283s] DEBUG:colcon.colcon_core.verb:Building package 'my_py_pkg' with the following arguments: {'ament_cmake_args': None, 'build_base': '/home/info/ros2_ws/build/my_py_pkg', 'catkin_cmake_args': None, 'catkin_skip_building_tests': False, 'cmake_args': None, 'cmake_clean_cache': False, 'cmake_clean_first': False, 'cmake_force_configure': False, 'cmake_target': None, 'cmake_target_skip_unavailable': False, 'install_base': '/home/info/ros2_ws/install/my_py_pkg', 'merge_install': False, 'path': '/home/info/ros2_ws/src/ros2_tutorial/my_py_pkg', 'symlink_install': False, 'test_result_base': None}
[2.283s] INFO:colcon.colcon_core.executor:Executing jobs using 'parallel' executor
[2.284s] DEBUG:colcon.colcon_parallel_executor.executor.parallel:run_until_complete
[2.284s] INFO:colcon.colcon_ros.task.ament_cmake.build:Building ROS package in '/home/info/ros2_ws/src/ros2_tutorial/my_custom_interfaces' with build type 'ament_cmake'
[2.284s] INFO:colcon.colcon_cmake.task.cmake.build:Building CMake package in '/home/info/ros2_ws/src/ros2_tutorial/my_custom_interfaces'
[2.297s] INFO:colcon.colcon_core.plugin_system:Skipping extension 'colcon_core.shell.bat': Not used on non-Windows systems
[2.297s] INFO:colcon.colcon_core.shell:Skip shell extension 'powershell' for command environment: Not usable outside of PowerShell
[2.298s] DEBUG:colcon.colcon_core.shell:Skip shell extension 'dsv' for command environment
[2.319s] INFO:colcon.colcon_ros.task.ament_python.build:Building ROS package in '/home/info/ros2_ws/src/move_pose' with build type 'ament_python'
[2.319s] Level 1:colcon.colcon_core.shell:create_environment_hook('move_pose', 'ament_prefix_path')
[2.319s] INFO:colcon.colcon_core.shell:Creating environment hook '/home/info/ros2_ws/install/move_pose/share/move_pose/hook/ament_prefix_path.ps1'
[2.333s] INFO:colcon.colcon_core.shell:Creating environment descriptor '/home/info/ros2_ws/install/move_pose/share/move_pose/hook/ament_prefix_path.dsv'
[2.334s] INFO:colcon.colcon_core.shell:Creating environment hook '/home/info/ros2_ws/install/move_pose/share/move_pose/hook/ament_prefix_path.sh'
[2.335s] INFO:colcon.colcon_core.shell:Skip shell extension 'powershell' for command environment: Not usable outside of PowerShell
[2.335s] DEBUG:colcon.colcon_core.shell:Skip shell extension 'dsv' for command environment
[2.345s] INFO:colcon.colcon_ros.task.ament_python.build:Building ROS package in '/home/info/ros2_ws/src/move_turtle' with build type 'ament_python'
[2.346s] Level 1:colcon.colcon_core.shell:create_environment_hook('move_turtle', 'ament_prefix_path')
[2.346s] INFO:colcon.colcon_core.shell:Creating environment hook '/home/info/ros2_ws/install/move_turtle/share/move_turtle/hook/ament_prefix_path.ps1'
[2.351s] INFO:colcon.colcon_core.shell:Creating environment descriptor '/home/info/ros2_ws/install/move_turtle/share/move_turtle/hook/ament_prefix_path.dsv'
[2.351s] INFO:colcon.colcon_core.shell:Creating environment hook '/home/info/ros2_ws/install/move_turtle/share/move_turtle/hook/ament_prefix_path.sh'
[2.356s] INFO:colcon.colcon_core.shell:Skip shell extension 'powershell' for command environment: Not usable outside of PowerShell
[2.356s] DEBUG:colcon.colcon_core.shell:Skip shell extension 'dsv' for command environment
[2.369s] INFO:colcon.colcon_ros.task.ament_python.build:Building ROS package in '/home/info/ros2_ws/src/ros2_tutorial/my_service_pkg' with build type 'ament_python'
[2.369s] Level 1:colcon.colcon_core.shell:create_environment_hook('my_service_pkg', 'ament_prefix_path')
[2.369s] INFO:colcon.colcon_core.shell:Creating environment hook '/home/info/ros2_ws/install/my_service_pkg/share/my_service_pkg/hook/ament_prefix_path.ps1'
[2.371s] INFO:colcon.colcon_core.shell:Creating environment descriptor '/home/info/ros2_ws/install/my_service_pkg/share/my_service_pkg/hook/ament_prefix_path.dsv'
[2.372s] INFO:colcon.colcon_core.shell:Creating environment hook '/home/info/ros2_ws/install/my_service_pkg/share/my_service_pkg/hook/ament_prefix_path.sh'
[2.373s] INFO:colcon.colcon_core.shell:Skip shell extension 'powershell' for command environment: Not usable outside of PowerShell
[2.373s] DEBUG:colcon.colcon_core.shell:Skip shell extension 'dsv' for command environment
[2.401s] DEBUG:colcon.colcon_core.event_handler.log_command:Invoking command in '/home/info/ros2_ws/build/my_custom_interfaces': CMAKE_PREFIX_PATH=${CMAKE_PREFIX_PATH}:/opt/ros/jazzy DEBUGINFOD_URLS=https://debuginfod.ubuntu.com /usr/bin/cmake --build /home/info/ros2_ws/build/my_custom_interfaces -- -j6 -l6
[2.951s] INFO:colcon.colcon_core.task.python.build:Building Python package in '/home/info/ros2_ws/src/move_pose'
[2.952s] INFO:colcon.colcon_core.shell:Skip shell extension 'powershell' for command environment: Not usable outside of PowerShell
[2.952s] DEBUG:colcon.colcon_core.shell:Skip shell extension 'dsv' for command environment
[4.374s] INFO:colcon.colcon_core.task.python.build:Building Python package in '/home/info/ros2_ws/src/move_turtle'
[4.381s] INFO:colcon.colcon_core.shell:Skip shell extension 'powershell' for command environment: Not usable outside of PowerShell
[4.382s] DEBUG:colcon.colcon_core.shell:Skip shell extension 'dsv' for command environment
[6.610s] INFO:colcon.colcon_core.task.python.build:Building Python package in '/home/info/ros2_ws/src/ros2_tutorial/my_service_pkg'
[6.611s] INFO:colcon.colcon_core.shell:Skip shell extension 'powershell' for command environment: Not usable outside of PowerShell
[6.611s] DEBUG:colcon.colcon_core.shell:Skip shell extension 'dsv' for command environment
[8.398s] DEBUG:colcon.colcon_core.event_handler.log_command:Invoked command in '/home/info/ros2_ws/build/my_custom_interfaces' returned '0': CMAKE_PREFIX_PATH=${CMAKE_PREFIX_PATH}:/opt/ros/jazzy DEBUGINFOD_URLS=https://debuginfod.ubuntu.com /usr/bin/cmake --build /home/info/ros2_ws/build/my_custom_interfaces -- -j6 -l6
[8.572s] DEBUG:colcon.colcon_core.event_handler.log_command:Invoking command in '/home/info/ros2_ws/build/my_custom_interfaces': CMAKE_PREFIX_PATH=${CMAKE_PREFIX_PATH}:/opt/ros/jazzy DEBUGINFOD_URLS=https://debuginfod.ubuntu.com /usr/bin/cmake --install /home/info/ros2_ws/build/my_custom_interfaces
[9.611s] Level 1:colcon.colcon_core.environment:create_environment_scripts_only(my_custom_interfaces)
[9.611s] DEBUG:colcon.colcon_core.event_handler.log_command:Invoked command in '/home/info/ros2_ws/build/my_custom_interfaces' returned '0': CMAKE_PREFIX_PATH=${CMAKE_PREFIX_PATH}:/opt/ros/jazzy DEBUGINFOD_URLS=https://debuginfod.ubuntu.com /usr/bin/cmake --install /home/info/ros2_ws/build/my_custom_interfaces
[9.715s] Level 1:colcon.colcon_core.environment:checking '/home/info/ros2_ws/install/my_custom_interfaces' for CMake module files
[9.721s] Level 1:colcon.colcon_core.environment:checking '/home/info/ros2_ws/install/my_custom_interfaces' for CMake config files
[9.730s] Level 1:colcon.colcon_core.shell:create_environment_hook('my_custom_interfaces', 'cmake_prefix_path')
[9.730s] INFO:colcon.colcon_core.shell:Creating environment hook '/home/info/ros2_ws/install/my_custom_interfaces/share/my_custom_interfaces/hook/cmake_prefix_path.ps1'
[9.731s] INFO:colcon.colcon_core.shell:Creating environment descriptor '/home/info/ros2_ws/install/my_custom_interfaces/share/my_custom_interfaces/hook/cmake_prefix_path.dsv'
[9.732s] INFO:colcon.colcon_core.shell:Creating environment hook '/home/info/ros2_ws/install/my_custom_interfaces/share/my_custom_interfaces/hook/cmake_prefix_path.sh'
[9.733s] Level 1:colcon.colcon_core.environment:checking '/home/info/ros2_ws/install/my_custom_interfaces/lib'
[9.733s] Level 1:colcon.colcon_core.shell:create_environment_hook('my_custom_interfaces', 'ld_library_path_lib')
[9.733s] INFO:colcon.colcon_core.shell:Creating environment hook '/home/info/ros2_ws/install/my_custom_interfaces/share/my_custom_interfaces/hook/ld_library_path_lib.ps1'
[9.734s] INFO:colcon.colcon_core.shell:Creating environment descriptor '/home/info/ros2_ws/install/my_custom_interfaces/share/my_custom_interfaces/hook/ld_library_path_lib.dsv'
[9.734s] INFO:colcon.colcon_core.shell:Creating environment hook '/home/info/ros2_ws/install/my_custom_interfaces/share/my_custom_interfaces/hook/ld_library_path_lib.sh'
[9.735s] Level 1:colcon.colcon_core.environment:checking '/home/info/ros2_ws/install/my_custom_interfaces/bin'
[9.735s] Level 1:colcon.colcon_core.environment:checking '/home/info/ros2_ws/install/my_custom_interfaces/lib/pkgconfig/my_custom_interfaces.pc'
[9.736s] Level 1:colcon.colcon_core.environment:checking '/home/info/ros2_ws/install/my_custom_interfaces/lib/python3.12/site-packages'
[9.736s] Level 1:colcon.colcon_core.shell:create_environment_hook('my_custom_interfaces', 'pythonpath')
[9.736s] INFO:colcon.colcon_core.shell:Creating environment hook '/home/info/ros2_ws/install/my_custom_interfaces/share/my_custom_interfaces/hook/pythonpath.ps1'
[9.737s] INFO:colcon.colcon_core.shell:Creating environment descriptor '/home/info/ros2_ws/install/my_custom_interfaces/share/my_custom_interfaces/hook/pythonpath.dsv'
[9.737s] INFO:colcon.colcon_core.shell:Creating environment hook '/home/info/ros2_ws/install/my_custom_interfaces/share/my_custom_interfaces/hook/pythonpath.sh'
[9.738s] Level 1:colcon.colcon_core.environment:checking '/home/info/ros2_ws/install/my_custom_interfaces/bin'
[9.739s] INFO:colcon.colcon_core.shell:Creating package script '/home/info/ros2_ws/install/my_custom_interfaces/share/my_custom_interfaces/package.ps1'
[9.742s] INFO:colcon.colcon_core.shell:Creating package descriptor '/home/info/ros2_ws/install/my_custom_interfaces/share/my_custom_interfaces/package.dsv'
[9.763s] INFO:colcon.colcon_core.shell:Creating package script '/home/info/ros2_ws/install/my_custom_interfaces/share/my_custom_interfaces/package.sh'
[9.769s] INFO:colcon.colcon_core.shell:Creating package script '/home/info/ros2_ws/install/my_custom_interfaces/share/my_custom_interfaces/package.bash'
[9.791s] INFO:colcon.colcon_core.shell:Creating package script '/home/info/ros2_ws/install/my_custom_interfaces/share/my_custom_interfaces/package.zsh'
[9.802s] Level 1:colcon.colcon_core.environment:create_file_with_runtime_dependencies(/home/info/ros2_ws/install/my_custom_interfaces/share/colcon-core/packages/my_custom_interfaces)
[9.810s] Level 1:colcon.colcon_core.environment:create_environment_scripts_only(my_custom_interfaces)
[9.810s] Level 1:colcon.colcon_core.environment:checking '/home/info/ros2_ws/install/my_custom_interfaces' for CMake module files
[9.811s] Level 1:colcon.colcon_core.environment:checking '/home/info/ros2_ws/install/my_custom_interfaces' for CMake config files
[9.813s] Level 1:colcon.colcon_core.shell:create_environment_hook('my_custom_interfaces', 'cmake_prefix_path')
[9.813s] INFO:colcon.colcon_core.shell:Creating environment hook '/home/info/ros2_ws/install/my_custom_interfaces/share/my_custom_interfaces/hook/cmake_prefix_path.ps1'
[9.814s] INFO:colcon.colcon_core.shell:Creating environment descriptor '/home/info/ros2_ws/install/my_custom_interfaces/share/my_custom_interfaces/hook/cmake_prefix_path.dsv'
[9.814s] INFO:colcon.colcon_core.shell:Creating environment hook '/home/info/ros2_ws/install/my_custom_interfaces/share/my_custom_interfaces/hook/cmake_prefix_path.sh'
[9.815s] Level 1:colcon.colcon_core.environment:checking '/home/info/ros2_ws/install/my_custom_interfaces/lib'
[9.815s] Level 1:colcon.colcon_core.shell:create_environment_hook('my_custom_interfaces', 'ld_library_path_lib')
[9.815s] INFO:colcon.colcon_core.shell:Creating environment hook '/home/info/ros2_ws/install/my_custom_interfaces/share/my_custom_interfaces/hook/ld_library_path_lib.ps1'
[9.816s] INFO:colcon.colcon_core.shell:Creating environment descriptor '/home/info/ros2_ws/install/my_custom_interfaces/share/my_custom_interfaces/hook/ld_library_path_lib.dsv'
[9.817s] INFO:colcon.colcon_core.shell:Creating environment hook '/home/info/ros2_ws/install/my_custom_interfaces/share/my_custom_interfaces/hook/ld_library_path_lib.sh'
[9.817s] Level 1:colcon.colcon_core.environment:checking '/home/info/ros2_ws/install/my_custom_interfaces/bin'
[9.817s] Level 1:colcon.colcon_core.environment:checking '/home/info/ros2_ws/install/my_custom_interfaces/lib/pkgconfig/my_custom_interfaces.pc'
[9.818s] Level 1:colcon.colcon_core.environment:checking '/home/info/ros2_ws/install/my_custom_interfaces/lib/python3.12/site-packages'
[9.818s] Level 1:colcon.colcon_core.shell:create_environment_hook('my_custom_interfaces', 'pythonpath')
[9.818s] INFO:colcon.colcon_core.shell:Creating environment hook '/home/info/ros2_ws/install/my_custom_interfaces/share/my_custom_interfaces/hook/pythonpath.ps1'
[9.819s] INFO:colcon.colcon_core.shell:Creating environment descriptor '/home/info/ros2_ws/install/my_custom_interfaces/share/my_custom_interfaces/hook/pythonpath.dsv'
[9.819s] INFO:colcon.colcon_core.shell:Creating environment hook '/home/info/ros2_ws/install/my_custom_interfaces/share/my_custom_interfaces/hook/pythonpath.sh'
[9.820s] Level 1:colcon.colcon_core.environment:checking '/home/info/ros2_ws/install/my_custom_interfaces/bin'
[9.821s] INFO:colcon.colcon_core.shell:Creating package script '/home/info/ros2_ws/install/my_custom_interfaces/share/my_custom_interfaces/package.ps1'
[9.821s] INFO:colcon.colcon_core.shell:Creating package descriptor '/home/info/ros2_ws/install/my_custom_interfaces/share/my_custom_interfaces/package.dsv'
[9.822s] INFO:colcon.colcon_core.shell:Creating package script '/home/info/ros2_ws/install/my_custom_interfaces/share/my_custom_interfaces/package.sh'
[9.823s] INFO:colcon.colcon_core.shell:Creating package script '/home/info/ros2_ws/install/my_custom_interfaces/share/my_custom_interfaces/package.bash'
[9.824s] INFO:colcon.colcon_core.shell:Creating package script '/home/info/ros2_ws/install/my_custom_interfaces/share/my_custom_interfaces/package.zsh'
[9.824s] Level 1:colcon.colcon_core.environment:create_file_with_runtime_dependencies(/home/info/ros2_ws/install/my_custom_interfaces/share/colcon-core/packages/my_custom_interfaces)
[9.825s] INFO:colcon.colcon_ros.task.ament_python.build:Building ROS package in '/home/info/ros2_ws/src/ros2_tutorial/my_py_pkg' with build type 'ament_python'
[9.825s] Level 1:colcon.colcon_core.shell:create_environment_hook('my_py_pkg', 'ament_prefix_path')
[9.825s] INFO:colcon.colcon_core.shell:Creating environment hook '/home/info/ros2_ws/install/my_py_pkg/share/my_py_pkg/hook/ament_prefix_path.ps1'
[9.836s] INFO:colcon.colcon_core.shell:Creating environment descriptor '/home/info/ros2_ws/install/my_py_pkg/share/my_py_pkg/hook/ament_prefix_path.dsv'
[9.836s] INFO:colcon.colcon_core.shell:Creating environment hook '/home/info/ros2_ws/install/my_py_pkg/share/my_py_pkg/hook/ament_prefix_path.sh'
[9.837s] INFO:colcon.colcon_core.shell:Skip shell extension 'powershell' for command environment: Not usable outside of PowerShell
[9.837s] DEBUG:colcon.colcon_core.shell:Skip shell extension 'dsv' for command environment
[10.479s] INFO:colcon.colcon_core.task.python.build:Building Python package in '/home/info/ros2_ws/src/ros2_tutorial/my_py_pkg'
[10.480s] INFO:colcon.colcon_core.shell:Skip shell extension 'powershell' for command environment: Not usable outside of PowerShell
[10.480s] DEBUG:colcon.colcon_core.shell:Skip shell extension 'dsv' for command environment
[11.409s] DEBUG:colcon.colcon_core.event_handler.log_command:Invoking command in '/home/info/ros2_ws/src/move_turtle': DEBUGINFOD_URLS=https://debuginfod.ubuntu.com PYTHONPATH=/home/info/ros2_ws/build/move_turtle/prefix_override:/usr/lib/python3/dist-packages/colcon_core/task/python/colcon_distutils_commands:/home/info/ros2_ws/install/move_turtle/lib/python3.12/site-packages:${PYTHONPATH} /usr/bin/python3 -W ignore:setup.py install is deprecated -W ignore:easy_install command is deprecated setup.py egg_info --egg-base ../../build/move_turtle build --build-base /home/info/ros2_ws/build/move_turtle/build install --record /home/info/ros2_ws/build/move_turtle/install.log --single-version-externally-managed install_data
[11.414s] DEBUG:colcon.colcon_core.event_handler.log_command:Invoking command in '/home/info/ros2_ws/src/move_pose': DEBUGINFOD_URLS=https://debuginfod.ubuntu.com PYTHONPATH=/home/info/ros2_ws/build/move_pose/prefix_override:/usr/lib/python3/dist-packages/colcon_core/task/python/colcon_distutils_commands:/home/info/ros2_ws/install/move_pose/lib/python3.12/site-packages:${PYTHONPATH} /usr/bin/python3 -W ignore:setup.py install is deprecated -W ignore:easy_install command is deprecated setup.py egg_info --egg-base ../../build/move_pose build --build-base /home/info/ros2_ws/build/move_pose/build install --record /home/info/ros2_ws/build/move_pose/install.log --single-version-externally-managed install_data
[11.494s] DEBUG:colcon.colcon_core.event_handler.log_command:Invoking command in '/home/info/ros2_ws/src/ros2_tutorial/my_service_pkg': DEBUGINFOD_URLS=https://debuginfod.ubuntu.com PYTHONPATH=/home/info/ros2_ws/build/my_service_pkg/prefix_override:/usr/lib/python3/dist-packages/colcon_core/task/python/colcon_distutils_commands:/home/info/ros2_ws/install/my_service_pkg/lib/python3.12/site-packages:${PYTHONPATH} /usr/bin/python3 -W ignore:setup.py install is deprecated -W ignore:easy_install command is deprecated setup.py egg_info --egg-base ../../../build/my_service_pkg build --build-base /home/info/ros2_ws/build/my_service_pkg/build install --record /home/info/ros2_ws/build/my_service_pkg/install.log --single-version-externally-managed install_data
[12.041s] DEBUG:colcon.colcon_core.event_handler.log_command:Invoking command in '/home/info/ros2_ws/src/ros2_tutorial/my_py_pkg': AMENT_PREFIX_PATH=/home/info/ros2_ws/install/my_custom_interfaces:${AMENT_PREFIX_PATH} CMAKE_PREFIX_PATH=/home/info/ros2_ws/install/my_custom_interfaces:${CMAKE_PREFIX_PATH} DEBUGINFOD_URLS=https://debuginfod.ubuntu.com LD_LIBRARY_PATH=/home/info/ros2_ws/install/my_custom_interfaces/lib:${LD_LIBRARY_PATH} PYTHONPATH=/home/info/ros2_ws/build/my_py_pkg/prefix_override:/usr/lib/python3/dist-packages/colcon_core/task/python/colcon_distutils_commands:/home/info/ros2_ws/install/my_py_pkg/lib/python3.12/site-packages:/home/info/ros2_ws/install/my_custom_interfaces/lib/python3.12/site-packages:${PYTHONPATH} /usr/bin/python3 -W ignore:setup.py install is deprecated -W ignore:easy_install command is deprecated setup.py egg_info --egg-base ../../../build/my_py_pkg build --build-base /home/info/ros2_ws/build/my_py_pkg/build install --record /home/info/ros2_ws/build/my_py_pkg/install.log --single-version-externally-managed install_data
[12.847s] Level 1:colcon.colcon_core.environment:checking '/home/info/ros2_ws/install/move_turtle' for CMake module files
[12.849s] Level 1:colcon.colcon_core.environment:checking '/home/info/ros2_ws/install/move_turtle' for CMake config files
[12.849s] DEBUG:colcon.colcon_core.event_handler.log_command:Invoked command in '/home/info/ros2_ws/src/move_turtle' returned '0': DEBUGINFOD_URLS=https://debuginfod.ubuntu.com PYTHONPATH=/home/info/ros2_ws/build/move_turtle/prefix_override:/usr/lib/python3/dist-packages/colcon_core/task/python/colcon_distutils_commands:/home/info/ros2_ws/install/move_turtle/lib/python3.12/site-packages:${PYTHONPATH} /usr/bin/python3 -W ignore:setup.py install is deprecated -W ignore:easy_install command is deprecated setup.py egg_info --egg-base ../../build/move_turtle build --build-base /home/info/ros2_ws/build/move_turtle/build install --record /home/info/ros2_ws/build/move_turtle/install.log --single-version-externally-managed install_data
[12.851s] Level 1:colcon.colcon_core.environment:checking '/home/info/ros2_ws/install/move_turtle/lib'
[12.851s] Level 1:colcon.colcon_core.environment:checking '/home/info/ros2_ws/install/move_turtle/bin'
[12.851s] Level 1:colcon.colcon_core.environment:checking '/home/info/ros2_ws/install/move_turtle/lib/pkgconfig/move_turtle.pc'
[12.851s] Level 1:colcon.colcon_core.environment:checking '/home/info/ros2_ws/install/move_turtle/lib/python3.12/site-packages'
[12.852s] Level 1:colcon.colcon_core.shell:create_environment_hook('move_turtle', 'pythonpath')
[12.852s] INFO:colcon.colcon_core.shell:Creating environment hook '/home/info/ros2_ws/install/move_turtle/share/move_turtle/hook/pythonpath.ps1'
[12.852s] INFO:colcon.colcon_core.shell:Creating environment descriptor '/home/info/ros2_ws/install/move_turtle/share/move_turtle/hook/pythonpath.dsv'
[12.853s] INFO:colcon.colcon_core.shell:Creating environment hook '/home/info/ros2_ws/install/move_turtle/share/move_turtle/hook/pythonpath.sh'
[12.854s] Level 1:colcon.colcon_core.environment:checking '/home/info/ros2_ws/install/move_turtle/bin'
[12.854s] Level 1:colcon.colcon_core.environment:create_environment_scripts_only(move_turtle)
[12.854s] INFO:colcon.colcon_core.shell:Creating package script '/home/info/ros2_ws/install/move_turtle/share/move_turtle/package.ps1'
[12.855s] INFO:colcon.colcon_core.shell:Creating package descriptor '/home/info/ros2_ws/install/move_turtle/share/move_turtle/package.dsv'
[12.856s] INFO:colcon.colcon_core.shell:Creating package script '/home/info/ros2_ws/install/move_turtle/share/move_turtle/package.sh'
[12.857s] INFO:colcon.colcon_core.shell:Creating package script '/home/info/ros2_ws/install/move_turtle/share/move_turtle/package.bash'
[12.857s] INFO:colcon.colcon_core.shell:Creating package script '/home/info/ros2_ws/install/move_turtle/share/move_turtle/package.zsh'
[12.858s] Level 1:colcon.colcon_core.environment:create_file_with_runtime_dependencies(/home/info/ros2_ws/install/move_turtle/share/colcon-core/packages/move_turtle)
[12.885s] Level 1:colcon.colcon_core.environment:checking '/home/info/ros2_ws/install/move_pose' for CMake module files
[12.887s] Level 1:colcon.colcon_core.environment:checking '/home/info/ros2_ws/install/move_pose' for CMake config files
[12.886s] DEBUG:colcon.colcon_core.event_handler.log_command:Invoked command in '/home/info/ros2_ws/src/move_pose' returned '0': DEBUGINFOD_URLS=https://debuginfod.ubuntu.com PYTHONPATH=/home/info/ros2_ws/build/move_pose/prefix_override:/usr/lib/python3/dist-packages/colcon_core/task/python/colcon_distutils_commands:/home/info/ros2_ws/install/move_pose/lib/python3.12/site-packages:${PYTHONPATH} /usr/bin/python3 -W ignore:setup.py install is deprecated -W ignore:easy_install command is deprecated setup.py egg_info --egg-base ../../build/move_pose build --build-base /home/info/ros2_ws/build/move_pose/build install --record /home/info/ros2_ws/build/move_pose/install.log --single-version-externally-managed install_data
[12.888s] Level 1:colcon.colcon_core.environment:checking '/home/info/ros2_ws/install/move_pose/lib'
[12.889s] Level 1:colcon.colcon_core.environment:checking '/home/info/ros2_ws/install/move_pose/bin'
[12.889s] Level 1:colcon.colcon_core.environment:checking '/home/info/ros2_ws/install/move_pose/lib/pkgconfig/move_pose.pc'
[12.889s] Level 1:colcon.colcon_core.environment:checking '/home/info/ros2_ws/install/move_pose/lib/python3.12/site-packages'
[12.889s] Level 1:colcon.colcon_core.shell:create_environment_hook('move_pose', 'pythonpath')
[12.889s] INFO:colcon.colcon_core.shell:Creating environment hook '/home/info/ros2_ws/install/move_pose/share/move_pose/hook/pythonpath.ps1'
[12.890s] INFO:colcon.colcon_core.shell:Creating environment descriptor '/home/info/ros2_ws/install/move_pose/share/move_pose/hook/pythonpath.dsv'
[12.891s] INFO:colcon.colcon_core.shell:Creating environment hook '/home/info/ros2_ws/install/move_pose/share/move_pose/hook/pythonpath.sh'
[12.892s] Level 1:colcon.colcon_core.environment:checking '/home/info/ros2_ws/install/move_pose/bin'
[12.892s] Level 1:colcon.colcon_core.environment:create_environment_scripts_only(move_pose)
[12.892s] INFO:colcon.colcon_core.shell:Creating package script '/home/info/ros2_ws/install/move_pose/share/move_pose/package.ps1'
[12.893s] INFO:colcon.colcon_core.shell:Creating package descriptor '/home/info/ros2_ws/install/move_pose/share/move_pose/package.dsv'
[12.894s] INFO:colcon.colcon_core.shell:Creating package script '/home/info/ros2_ws/install/move_pose/share/move_pose/package.sh'
[12.895s] INFO:colcon.colcon_core.shell:Creating package script '/home/info/ros2_ws/install/move_pose/share/move_pose/package.bash'
[12.895s] INFO:colcon.colcon_core.shell:Creating package script '/home/info/ros2_ws/install/move_pose/share/move_pose/package.zsh'
[12.896s] Level 1:colcon.colcon_core.environment:create_file_with_runtime_dependencies(/home/info/ros2_ws/install/move_pose/share/colcon-core/packages/move_pose)
[12.967s] Level 1:colcon.colcon_core.environment:checking '/home/info/ros2_ws/install/my_service_pkg' for CMake module files
[12.970s] DEBUG:colcon.colcon_core.event_handler.log_command:Invoked command in '/home/info/ros2_ws/src/ros2_tutorial/my_service_pkg' returned '0': DEBUGINFOD_URLS=https://debuginfod.ubuntu.com PYTHONPATH=/home/info/ros2_ws/build/my_service_pkg/prefix_override:/usr/lib/python3/dist-packages/colcon_core/task/python/colcon_distutils_commands:/home/info/ros2_ws/install/my_service_pkg/lib/python3.12/site-packages:${PYTHONPATH} /usr/bin/python3 -W ignore:setup.py install is deprecated -W ignore:easy_install command is deprecated setup.py egg_info --egg-base ../../../build/my_service_pkg build --build-base /home/info/ros2_ws/build/my_service_pkg/build install --record /home/info/ros2_ws/build/my_service_pkg/install.log --single-version-externally-managed install_data
[12.971s] Level 1:colcon.colcon_core.environment:checking '/home/info/ros2_ws/install/my_service_pkg' for CMake config files
[12.973s] Level 1:colcon.colcon_core.environment:checking '/home/info/ros2_ws/install/my_service_pkg/lib'
[12.973s] Level 1:colcon.colcon_core.environment:checking '/home/info/ros2_ws/install/my_service_pkg/bin'
[12.973s] Level 1:colcon.colcon_core.environment:checking '/home/info/ros2_ws/install/my_service_pkg/lib/pkgconfig/my_service_pkg.pc'
[12.973s] Level 1:colcon.colcon_core.environment:checking '/home/info/ros2_ws/install/my_service_pkg/lib/python3.12/site-packages'
[12.973s] Level 1:colcon.colcon_core.shell:create_environment_hook('my_service_pkg', 'pythonpath')
[12.974s] INFO:colcon.colcon_core.shell:Creating environment hook '/home/info/ros2_ws/install/my_service_pkg/share/my_service_pkg/hook/pythonpath.ps1'
[12.974s] INFO:colcon.colcon_core.shell:Creating environment descriptor '/home/info/ros2_ws/install/my_service_pkg/share/my_service_pkg/hook/pythonpath.dsv'
[12.975s] INFO:colcon.colcon_core.shell:Creating environment hook '/home/info/ros2_ws/install/my_service_pkg/share/my_service_pkg/hook/pythonpath.sh'
[12.976s] Level 1:colcon.colcon_core.environment:checking '/home/info/ros2_ws/install/my_service_pkg/bin'
[12.976s] Level 1:colcon.colcon_core.environment:create_environment_scripts_only(my_service_pkg)
[12.977s] INFO:colcon.colcon_core.shell:Creating package script '/home/info/ros2_ws/install/my_service_pkg/share/my_service_pkg/package.ps1'
[12.978s] INFO:colcon.colcon_core.shell:Creating package descriptor '/home/info/ros2_ws/install/my_service_pkg/share/my_service_pkg/package.dsv'
[12.978s] INFO:colcon.colcon_core.shell:Creating package script '/home/info/ros2_ws/install/my_service_pkg/share/my_service_pkg/package.sh'
[12.979s] INFO:colcon.colcon_core.shell:Creating package script '/home/info/ros2_ws/install/my_service_pkg/share/my_service_pkg/package.bash'
[12.980s] INFO:colcon.colcon_core.shell:Creating package script '/home/info/ros2_ws/install/my_service_pkg/share/my_service_pkg/package.zsh'
[12.980s] Level 1:colcon.colcon_core.environment:create_file_with_runtime_dependencies(/home/info/ros2_ws/install/my_service_pkg/share/colcon-core/packages/my_service_pkg)
[13.372s] Level 1:colcon.colcon_core.environment:checking '/home/info/ros2_ws/install/my_py_pkg' for CMake module files
[13.373s] DEBUG:colcon.colcon_core.event_handler.log_command:Invoked command in '/home/info/ros2_ws/src/ros2_tutorial/my_py_pkg' returned '0': AMENT_PREFIX_PATH=/home/info/ros2_ws/install/my_custom_interfaces:${AMENT_PREFIX_PATH} CMAKE_PREFIX_PATH=/home/info/ros2_ws/install/my_custom_interfaces:${CMAKE_PREFIX_PATH} DEBUGINFOD_URLS=https://debuginfod.ubuntu.com LD_LIBRARY_PATH=/home/info/ros2_ws/install/my_custom_interfaces/lib:${LD_LIBRARY_PATH} PYTHONPATH=/home/info/ros2_ws/build/my_py_pkg/prefix_override:/usr/lib/python3/dist-packages/colcon_core/task/python/colcon_distutils_commands:/home/info/ros2_ws/install/my_py_pkg/lib/python3.12/site-packages:/home/info/ros2_ws/install/my_custom_interfaces/lib/python3.12/site-packages:${PYTHONPATH} /usr/bin/python3 -W ignore:setup.py install is deprecated -W ignore:easy_install command is deprecated setup.py egg_info --egg-base ../../../build/my_py_pkg build --build-base /home/info/ros2_ws/build/my_py_pkg/build install --record /home/info/ros2_ws/build/my_py_pkg/install.log --single-version-externally-managed install_data
[13.374s] Level 1:colcon.colcon_core.environment:checking '/home/info/ros2_ws/install/my_py_pkg' for CMake config files
[13.376s] Level 1:colcon.colcon_core.environment:checking '/home/info/ros2_ws/install/my_py_pkg/lib'
[13.376s] Level 1:colcon.colcon_core.environment:checking '/home/info/ros2_ws/install/my_py_pkg/bin'
[13.376s] Level 1:colcon.colcon_core.environment:checking '/home/info/ros2_ws/install/my_py_pkg/lib/pkgconfig/my_py_pkg.pc'
[13.376s] Level 1:colcon.colcon_core.environment:checking '/home/info/ros2_ws/install/my_py_pkg/lib/python3.12/site-packages'
[13.376s] Level 1:colcon.colcon_core.shell:create_environment_hook('my_py_pkg', 'pythonpath')
[13.377s] INFO:colcon.colcon_core.shell:Creating environment hook '/home/info/ros2_ws/install/my_py_pkg/share/my_py_pkg/hook/pythonpath.ps1'
[13.377s] INFO:colcon.colcon_core.shell:Creating environment descriptor '/home/info/ros2_ws/install/my_py_pkg/share/my_py_pkg/hook/pythonpath.dsv'
[13.378s] INFO:colcon.colcon_core.shell:Creating environment hook '/home/info/ros2_ws/install/my_py_pkg/share/my_py_pkg/hook/pythonpath.sh'
[13.379s] Level 1:colcon.colcon_core.environment:checking '/home/info/ros2_ws/install/my_py_pkg/bin'
[13.379s] Level 1:colcon.colcon_core.environment:create_environment_scripts_only(my_py_pkg)
[13.379s] INFO:colcon.colcon_core.shell:Creating package script '/home/info/ros2_ws/install/my_py_pkg/share/my_py_pkg/package.ps1'
[13.380s] INFO:colcon.colcon_core.shell:Creating package descriptor '/home/info/ros2_ws/install/my_py_pkg/share/my_py_pkg/package.dsv'
[13.381s] INFO:colcon.colcon_core.shell:Creating package script '/home/info/ros2_ws/install/my_py_pkg/share/my_py_pkg/package.sh'
[13.381s] INFO:colcon.colcon_core.shell:Creating package script '/home/info/ros2_ws/install/my_py_pkg/share/my_py_pkg/package.bash'
[13.382s] INFO:colcon.colcon_core.shell:Creating package script '/home/info/ros2_ws/install/my_py_pkg/share/my_py_pkg/package.zsh'
[13.382s] Level 1:colcon.colcon_core.environment:create_file_with_runtime_dependencies(/home/info/ros2_ws/install/my_py_pkg/share/colcon-core/packages/my_py_pkg)
[13.383s] DEBUG:colcon.colcon_parallel_executor.executor.parallel:closing loop
[13.383s] DEBUG:colcon.colcon_parallel_executor.executor.parallel:loop closed
[13.383s] DEBUG:colcon.colcon_parallel_executor.executor.parallel:run_until_complete finished with '0'
[13.383s] DEBUG:colcon.colcon_core.event_reactor:joining thread
[13.437s] INFO:colcon.colcon_core.plugin_system:Skipping extension 'colcon_notification.desktop_notification.terminal_notifier': Not used on non-Darwin systems
[13.437s] INFO:colcon.colcon_core.plugin_system:Skipping extension 'colcon_notification.desktop_notification.win32': Not used on non-Windows systems
[13.438s] INFO:colcon.colcon_notification.desktop_notification:Sending desktop notification using 'notify2'
[13.499s] DEBUG:colcon.colcon_core.event_reactor:joined thread
[13.499s] INFO:colcon.colcon_core.shell:Creating prefix script '/home/info/ros2_ws/install/local_setup.ps1'
[13.515s] INFO:colcon.colcon_core.shell:Creating prefix util module '/home/info/ros2_ws/install/_local_setup_util_ps1.py'
[13.533s] INFO:colcon.colcon_core.shell:Creating prefix chain script '/home/info/ros2_ws/install/setup.ps1'
[13.539s] INFO:colcon.colcon_core.shell:Creating prefix script '/home/info/ros2_ws/install/local_setup.sh'
[13.540s] INFO:colcon.colcon_core.shell:Creating prefix util module '/home/info/ros2_ws/install/_local_setup_util_sh.py'
[13.542s] INFO:colcon.colcon_core.shell:Creating prefix chain script '/home/info/ros2_ws/install/setup.sh'
[13.544s] INFO:colcon.colcon_core.shell:Creating prefix script '/home/info/ros2_ws/install/local_setup.bash'
[13.546s] INFO:colcon.colcon_core.shell:Creating prefix chain script '/home/info/ros2_ws/install/setup.bash'
[13.548s] INFO:colcon.colcon_core.shell:Creating prefix script '/home/info/ros2_ws/install/local_setup.zsh'
[13.554s] INFO:colcon.colcon_core.shell:Creating prefix chain script '/home/info/ros2_ws/install/setup.zsh'
