[0.184s] Invoking command in '/home/info/ros2_ws/build/my_custom_interfaces': CMAKE_PREFIX_PATH=${CMAKE_PREFIX_PATH}:/home/info/ros2_ws/install/turtle_regulation:/home/info/ros2_ws/install/my_service_pkg:/home/info/ros2_ws/install/my_py_pkg:/home/info/ros2_ws/install/move_turtle:/home/info/ros2_ws/install/move_pose:/opt/ros/jazzy DEBUGINFOD_URLS=https://debuginfod.ubuntu.com /usr/bin/cmake --build /home/info/ros2_ws/build/my_custom_interfaces -- -j6 -l6
[5.094s] [  1%] Built target my_custom_interfaces__rosidl_generator_type_description
[5.094s] [  1%] Built target ament_cmake_python_copy_my_custom_interfaces
[5.095s] [ 22%] Built target my_custom_interfaces__rosidl_generator_c
[5.095s] [ 24%] Built target my_custom_interfaces__cpp
[5.105s] [ 33%] Built target my_custom_interfaces__rosidl_typesupport_fastrtps_c
[5.106s] [ 42%] Built target my_custom_interfaces__rosidl_typesupport_introspection_c
[5.107s] [ 51%] Built target my_custom_interfaces__rosidl_typesupport_c
[5.112s] [ 61%] Built target my_custom_interfaces__rosidl_typesupport_fastrtps_cpp
[5.123s] [ 70%] Built target my_custom_interfaces__rosidl_typesupport_cpp
[5.125s] [ 79%] Built target my_custom_interfaces__rosidl_typesupport_introspection_cpp
[5.125s] running egg_info
[5.125s] writing my_custom_interfaces.egg-info/PKG-INFO
[5.126s] writing dependency_links to my_custom_interfaces.egg-info/dependency_links.txt
[5.126s] writing top-level names to my_custom_interfaces.egg-info/top_level.txt
[5.126s] [ 79%] Built target my_custom_interfaces
[5.127s] reading manifest file 'my_custom_interfaces.egg-info/SOURCES.txt'
[5.127s] writing manifest file 'my_custom_interfaces.egg-info/SOURCES.txt'
[5.127s] [ 81%] Built target my_custom_interfaces__py
[5.138s] [ 81%] Built target ament_cmake_python_build_my_custom_interfaces_egg
[5.138s] [ 88%] Built target my_custom_interfaces__rosidl_generator_py
[5.667s] [ 92%] Built target my_custom_interfaces_s__rosidl_typesupport_c
[5.714s] [ 96%] Built target my_custom_interfaces_s__rosidl_typesupport_introspection_c
[5.728s] [100%] Built target my_custom_interfaces_s__rosidl_typesupport_fastrtps_c
[6.212s] Invoked command in '/home/info/ros2_ws/build/my_custom_interfaces' returned '0': CMAKE_PREFIX_PATH=${CMAKE_PREFIX_PATH}:/home/info/ros2_ws/install/turtle_regulation:/home/info/ros2_ws/install/my_service_pkg:/home/info/ros2_ws/install/my_py_pkg:/home/info/ros2_ws/install/move_turtle:/home/info/ros2_ws/install/move_pose:/opt/ros/jazzy DEBUGINFOD_URLS=https://debuginfod.ubuntu.com /usr/bin/cmake --build /home/info/ros2_ws/build/my_custom_interfaces -- -j6 -l6
[6.519s] Invoking command in '/home/info/ros2_ws/build/my_custom_interfaces': CMAKE_PREFIX_PATH=${CMAKE_PREFIX_PATH}:/home/info/ros2_ws/install/turtle_regulation:/home/info/ros2_ws/install/my_service_pkg:/home/info/ros2_ws/install/my_py_pkg:/home/info/ros2_ws/install/move_turtle:/home/info/ros2_ws/install/move_pose:/opt/ros/jazzy DEBUGINFOD_URLS=https://debuginfod.ubuntu.com /usr/bin/cmake --install /home/info/ros2_ws/build/my_custom_interfaces
[6.822s] -- Install configuration: ""
[6.823s] -- Up-to-date: /home/info/ros2_ws/install/my_custom_interfaces/share/ament_index/resource_index/rosidl_interfaces/my_custom_interfaces
[6.823s] -- Up-to-date: /home/info/ros2_ws/install/my_custom_interfaces/share/my_custom_interfaces/msg/SensorStatus.json
[6.825s] -- Up-to-date: /home/info/ros2_ws/install/my_custom_interfaces/share/my_custom_interfaces/msg/SensorStatusStamped.json
[6.825s] -- Up-to-date: /home/info/ros2_ws/install/my_custom_interfaces/share/my_custom_interfaces/srv/ChangeLedColor.json
[6.825s] -- Up-to-date: /home/info/ros2_ws/install/my_custom_interfaces/include/my_custom_interfaces/my_custom_interfaces
[6.826s] -- Up-to-date: /home/info/ros2_ws/install/my_custom_interfaces/include/my_custom_interfaces/my_custom_interfaces/srv
[6.826s] -- Up-to-date: /home/info/ros2_ws/install/my_custom_interfaces/include/my_custom_interfaces/my_custom_interfaces/srv/detail
[6.826s] -- Up-to-date: /home/info/ros2_ws/install/my_custom_interfaces/include/my_custom_interfaces/my_custom_interfaces/srv/detail/change_led_color__functions.c
[6.827s] -- Up-to-date: /home/info/ros2_ws/install/my_custom_interfaces/include/my_custom_interfaces/my_custom_interfaces/srv/detail/change_led_color__type_support.h
[6.827s] -- Installing: /home/info/ros2_ws/install/my_custom_interfaces/include/my_custom_interfaces/my_custom_interfaces/srv/detail/change_led_color__type_support.c
[6.827s] -- Up-to-date: /home/info/ros2_ws/install/my_custom_interfaces/include/my_custom_interfaces/my_custom_interfaces/srv/detail/change_led_color__description.c
[6.827s] -- Up-to-date: /home/info/ros2_ws/install/my_custom_interfaces/include/my_custom_interfaces/my_custom_interfaces/srv/detail/change_led_color__functions.h
[6.828s] -- Up-to-date: /home/info/ros2_ws/install/my_custom_interfaces/include/my_custom_interfaces/my_custom_interfaces/srv/detail/change_led_color__struct.h
[6.828s] -- Up-to-date: /home/info/ros2_ws/install/my_custom_interfaces/include/my_custom_interfaces/my_custom_interfaces/srv/change_led_color.h
[6.828s] -- Up-to-date: /home/info/ros2_ws/install/my_custom_interfaces/include/my_custom_interfaces/my_custom_interfaces/msg
[6.828s] -- Up-to-date: /home/info/ros2_ws/install/my_custom_interfaces/include/my_custom_interfaces/my_custom_interfaces/msg/sensor_status_stamped.h
[6.829s] -- Up-to-date: /home/info/ros2_ws/install/my_custom_interfaces/include/my_custom_interfaces/my_custom_interfaces/msg/detail
[6.829s] -- Up-to-date: /home/info/ros2_ws/install/my_custom_interfaces/include/my_custom_interfaces/my_custom_interfaces/msg/detail/sensor_status_stamped__functions.h
[6.829s] -- Up-to-date: /home/info/ros2_ws/install/my_custom_interfaces/include/my_custom_interfaces/my_custom_interfaces/msg/detail/sensor_status_stamped__functions.c
[6.829s] -- Installing: /home/info/ros2_ws/install/my_custom_interfaces/include/my_custom_interfaces/my_custom_interfaces/msg/detail/sensor_status__type_support.c
[6.830s] -- Up-to-date: /home/info/ros2_ws/install/my_custom_interfaces/include/my_custom_interfaces/my_custom_interfaces/msg/detail/sensor_status_stamped__description.c
[6.830s] -- Up-to-date: /home/info/ros2_ws/install/my_custom_interfaces/include/my_custom_interfaces/my_custom_interfaces/msg/detail/sensor_status__struct.h
[6.834s] -- Up-to-date: /home/info/ros2_ws/install/my_custom_interfaces/include/my_custom_interfaces/my_custom_interfaces/msg/detail/sensor_status__description.c
[6.834s] -- Up-to-date: /home/info/ros2_ws/install/my_custom_interfaces/include/my_custom_interfaces/my_custom_interfaces/msg/detail/sensor_status__functions.c
[6.835s] -- Up-to-date: /home/info/ros2_ws/install/my_custom_interfaces/include/my_custom_interfaces/my_custom_interfaces/msg/detail/sensor_status_stamped__type_support.h
[6.835s] -- Installing: /home/info/ros2_ws/install/my_custom_interfaces/include/my_custom_interfaces/my_custom_interfaces/msg/detail/sensor_status_stamped__type_support.c
[6.835s] -- Up-to-date: /home/info/ros2_ws/install/my_custom_interfaces/include/my_custom_interfaces/my_custom_interfaces/msg/detail/sensor_status_stamped__struct.h
[6.835s] -- Up-to-date: /home/info/ros2_ws/install/my_custom_interfaces/include/my_custom_interfaces/my_custom_interfaces/msg/detail/sensor_status__functions.h
[6.847s] -- Up-to-date: /home/info/ros2_ws/install/my_custom_interfaces/include/my_custom_interfaces/my_custom_interfaces/msg/detail/sensor_status__type_support.h
[6.851s] -- Up-to-date: /home/info/ros2_ws/install/my_custom_interfaces/include/my_custom_interfaces/my_custom_interfaces/msg/rosidl_generator_c__visibility_control.h
[6.851s] -- Up-to-date: /home/info/ros2_ws/install/my_custom_interfaces/include/my_custom_interfaces/my_custom_interfaces/msg/sensor_status.h
[6.852s] -- Up-to-date: /home/info/ros2_ws/install/my_custom_interfaces/share/my_custom_interfaces/environment/library_path.sh
[6.852s] -- Up-to-date: /home/info/ros2_ws/install/my_custom_interfaces/share/my_custom_interfaces/environment/library_path.dsv
[6.852s] -- Up-to-date: /home/info/ros2_ws/install/my_custom_interfaces/lib/libmy_custom_interfaces__rosidl_generator_c.so
[6.852s] -- Up-to-date: /home/info/ros2_ws/install/my_custom_interfaces/include/my_custom_interfaces/my_custom_interfaces
[6.852s] -- Up-to-date: /home/info/ros2_ws/install/my_custom_interfaces/include/my_custom_interfaces/my_custom_interfaces/srv
[6.852s] -- Up-to-date: /home/info/ros2_ws/install/my_custom_interfaces/include/my_custom_interfaces/my_custom_interfaces/srv/detail
[6.853s] -- Up-to-date: /home/info/ros2_ws/install/my_custom_interfaces/include/my_custom_interfaces/my_custom_interfaces/srv/detail/change_led_color__rosidl_typesupport_fastrtps_c.h
[6.853s] -- Up-to-date: /home/info/ros2_ws/install/my_custom_interfaces/include/my_custom_interfaces/my_custom_interfaces/msg
[6.853s] -- Up-to-date: /home/info/ros2_ws/install/my_custom_interfaces/include/my_custom_interfaces/my_custom_interfaces/msg/rosidl_typesupport_fastrtps_c__visibility_control.h
[6.853s] -- Up-to-date: /home/info/ros2_ws/install/my_custom_interfaces/include/my_custom_interfaces/my_custom_interfaces/msg/detail
[6.854s] -- Up-to-date: /home/info/ros2_ws/install/my_custom_interfaces/include/my_custom_interfaces/my_custom_interfaces/msg/detail/sensor_status__rosidl_typesupport_fastrtps_c.h
[6.858s] -- Up-to-date: /home/info/ros2_ws/install/my_custom_interfaces/include/my_custom_interfaces/my_custom_interfaces/msg/detail/sensor_status_stamped__rosidl_typesupport_fastrtps_c.h
[6.859s] -- Up-to-date: /home/info/ros2_ws/install/my_custom_interfaces/lib/libmy_custom_interfaces__rosidl_typesupport_fastrtps_c.so
[6.866s] -- Up-to-date: /home/info/ros2_ws/install/my_custom_interfaces/include/my_custom_interfaces/my_custom_interfaces
[6.866s] -- Up-to-date: /home/info/ros2_ws/install/my_custom_interfaces/include/my_custom_interfaces/my_custom_interfaces/srv
[6.866s] -- Up-to-date: /home/info/ros2_ws/install/my_custom_interfaces/include/my_custom_interfaces/my_custom_interfaces/srv/detail
[6.867s] -- Up-to-date: /home/info/ros2_ws/install/my_custom_interfaces/include/my_custom_interfaces/my_custom_interfaces/srv/detail/change_led_color__rosidl_typesupport_introspection_c.h
[6.867s] -- Installing: /home/info/ros2_ws/install/my_custom_interfaces/include/my_custom_interfaces/my_custom_interfaces/srv/detail/change_led_color__type_support.c
[6.867s] -- Up-to-date: /home/info/ros2_ws/install/my_custom_interfaces/include/my_custom_interfaces/my_custom_interfaces/msg
[6.870s] -- Up-to-date: /home/info/ros2_ws/install/my_custom_interfaces/include/my_custom_interfaces/my_custom_interfaces/msg/rosidl_typesupport_introspection_c__visibility_control.h
[6.871s] -- Up-to-date: /home/info/ros2_ws/install/my_custom_interfaces/include/my_custom_interfaces/my_custom_interfaces/msg/detail
[6.871s] -- Installing: /home/info/ros2_ws/install/my_custom_interfaces/include/my_custom_interfaces/my_custom_interfaces/msg/detail/sensor_status__type_support.c
[6.871s] -- Up-to-date: /home/info/ros2_ws/install/my_custom_interfaces/include/my_custom_interfaces/my_custom_interfaces/msg/detail/sensor_status_stamped__rosidl_typesupport_introspection_c.h
[6.871s] -- Up-to-date: /home/info/ros2_ws/install/my_custom_interfaces/include/my_custom_interfaces/my_custom_interfaces/msg/detail/sensor_status__rosidl_typesupport_introspection_c.h
[6.871s] -- Installing: /home/info/ros2_ws/install/my_custom_interfaces/include/my_custom_interfaces/my_custom_interfaces/msg/detail/sensor_status_stamped__type_support.c
[6.872s] -- Up-to-date: /home/info/ros2_ws/install/my_custom_interfaces/lib/libmy_custom_interfaces__rosidl_typesupport_introspection_c.so
[6.874s] -- Up-to-date: /home/info/ros2_ws/install/my_custom_interfaces/lib/libmy_custom_interfaces__rosidl_typesupport_c.so
[6.877s] -- Up-to-date: /home/info/ros2_ws/install/my_custom_interfaces/include/my_custom_interfaces/my_custom_interfaces
[6.877s] -- Up-to-date: /home/info/ros2_ws/install/my_custom_interfaces/include/my_custom_interfaces/my_custom_interfaces/srv
[6.877s] -- Up-to-date: /home/info/ros2_ws/install/my_custom_interfaces/include/my_custom_interfaces/my_custom_interfaces/srv/change_led_color.hpp
[6.878s] -- Up-to-date: /home/info/ros2_ws/install/my_custom_interfaces/include/my_custom_interfaces/my_custom_interfaces/srv/detail
[6.879s] -- Up-to-date: /home/info/ros2_ws/install/my_custom_interfaces/include/my_custom_interfaces/my_custom_interfaces/srv/detail/change_led_color__builder.hpp
[6.879s] -- Up-to-date: /home/info/ros2_ws/install/my_custom_interfaces/include/my_custom_interfaces/my_custom_interfaces/srv/detail/change_led_color__struct.hpp
[6.879s] -- Up-to-date: /home/info/ros2_ws/install/my_custom_interfaces/include/my_custom_interfaces/my_custom_interfaces/srv/detail/change_led_color__traits.hpp
[6.880s] -- Up-to-date: /home/info/ros2_ws/install/my_custom_interfaces/include/my_custom_interfaces/my_custom_interfaces/srv/detail/change_led_color__type_support.hpp
[6.880s] -- Up-to-date: /home/info/ros2_ws/install/my_custom_interfaces/include/my_custom_interfaces/my_custom_interfaces/msg
[6.882s] -- Up-to-date: /home/info/ros2_ws/install/my_custom_interfaces/include/my_custom_interfaces/my_custom_interfaces/msg/sensor_status.hpp
[6.882s] -- Up-to-date: /home/info/ros2_ws/install/my_custom_interfaces/include/my_custom_interfaces/my_custom_interfaces/msg/detail
[6.883s] -- Up-to-date: /home/info/ros2_ws/install/my_custom_interfaces/include/my_custom_interfaces/my_custom_interfaces/msg/detail/sensor_status_stamped__struct.hpp
[6.883s] -- Up-to-date: /home/info/ros2_ws/install/my_custom_interfaces/include/my_custom_interfaces/my_custom_interfaces/msg/detail/sensor_status__type_support.hpp
[6.884s] -- Up-to-date: /home/info/ros2_ws/install/my_custom_interfaces/include/my_custom_interfaces/my_custom_interfaces/msg/detail/sensor_status__traits.hpp
[6.884s] -- Up-to-date: /home/info/ros2_ws/install/my_custom_interfaces/include/my_custom_interfaces/my_custom_interfaces/msg/detail/sensor_status_stamped__traits.hpp
[6.884s] -- Up-to-date: /home/info/ros2_ws/install/my_custom_interfaces/include/my_custom_interfaces/my_custom_interfaces/msg/detail/sensor_status__builder.hpp
[6.884s] -- Up-to-date: /home/info/ros2_ws/install/my_custom_interfaces/include/my_custom_interfaces/my_custom_interfaces/msg/detail/sensor_status_stamped__type_support.hpp
[6.885s] -- Up-to-date: /home/info/ros2_ws/install/my_custom_interfaces/include/my_custom_interfaces/my_custom_interfaces/msg/detail/sensor_status__struct.hpp
[6.885s] -- Up-to-date: /home/info/ros2_ws/install/my_custom_interfaces/include/my_custom_interfaces/my_custom_interfaces/msg/detail/sensor_status_stamped__builder.hpp
[6.885s] -- Up-to-date: /home/info/ros2_ws/install/my_custom_interfaces/include/my_custom_interfaces/my_custom_interfaces/msg/rosidl_generator_cpp__visibility_control.hpp
[6.885s] -- Up-to-date: /home/info/ros2_ws/install/my_custom_interfaces/include/my_custom_interfaces/my_custom_interfaces/msg/sensor_status_stamped.hpp
[6.885s] -- Up-to-date: /home/info/ros2_ws/install/my_custom_interfaces/include/my_custom_interfaces/my_custom_interfaces
[6.886s] -- Up-to-date: /home/info/ros2_ws/install/my_custom_interfaces/include/my_custom_interfaces/my_custom_interfaces/srv
[6.887s] -- Up-to-date: /home/info/ros2_ws/install/my_custom_interfaces/include/my_custom_interfaces/my_custom_interfaces/srv/detail
[6.887s] -- Up-to-date: /home/info/ros2_ws/install/my_custom_interfaces/include/my_custom_interfaces/my_custom_interfaces/srv/detail/dds_fastrtps
[6.888s] -- Up-to-date: /home/info/ros2_ws/install/my_custom_interfaces/include/my_custom_interfaces/my_custom_interfaces/srv/detail/change_led_color__rosidl_typesupport_fastrtps_cpp.hpp
[6.888s] -- Up-to-date: /home/info/ros2_ws/install/my_custom_interfaces/include/my_custom_interfaces/my_custom_interfaces/msg
[6.888s] -- Up-to-date: /home/info/ros2_ws/install/my_custom_interfaces/include/my_custom_interfaces/my_custom_interfaces/msg/rosidl_typesupport_fastrtps_cpp__visibility_control.h
[6.888s] -- Up-to-date: /home/info/ros2_ws/install/my_custom_interfaces/include/my_custom_interfaces/my_custom_interfaces/msg/detail
[6.888s] -- Up-to-date: /home/info/ros2_ws/install/my_custom_interfaces/include/my_custom_interfaces/my_custom_interfaces/msg/detail/dds_fastrtps
[6.889s] -- Up-to-date: /home/info/ros2_ws/install/my_custom_interfaces/include/my_custom_interfaces/my_custom_interfaces/msg/detail/sensor_status_stamped__rosidl_typesupport_fastrtps_cpp.hpp
[6.889s] -- Up-to-date: /home/info/ros2_ws/install/my_custom_interfaces/include/my_custom_interfaces/my_custom_interfaces/msg/detail/sensor_status__rosidl_typesupport_fastrtps_cpp.hpp
[6.889s] -- Up-to-date: /home/info/ros2_ws/install/my_custom_interfaces/lib/libmy_custom_interfaces__rosidl_typesupport_fastrtps_cpp.so
[6.890s] -- Up-to-date: /home/info/ros2_ws/install/my_custom_interfaces/include/my_custom_interfaces/my_custom_interfaces
[6.890s] -- Up-to-date: /home/info/ros2_ws/install/my_custom_interfaces/include/my_custom_interfaces/my_custom_interfaces/srv
[6.891s] -- Up-to-date: /home/info/ros2_ws/install/my_custom_interfaces/include/my_custom_interfaces/my_custom_interfaces/srv/detail
[6.892s] -- Up-to-date: /home/info/ros2_ws/install/my_custom_interfaces/include/my_custom_interfaces/my_custom_interfaces/srv/detail/change_led_color__rosidl_typesupport_introspection_cpp.hpp
[6.893s] -- Up-to-date: /home/info/ros2_ws/install/my_custom_interfaces/include/my_custom_interfaces/my_custom_interfaces/srv/detail/change_led_color__type_support.cpp
[6.893s] -- Up-to-date: /home/info/ros2_ws/install/my_custom_interfaces/include/my_custom_interfaces/my_custom_interfaces/msg
[6.893s] -- Up-to-date: /home/info/ros2_ws/install/my_custom_interfaces/include/my_custom_interfaces/my_custom_interfaces/msg/detail
[6.893s] -- Up-to-date: /home/info/ros2_ws/install/my_custom_interfaces/include/my_custom_interfaces/my_custom_interfaces/msg/detail/sensor_status__type_support.cpp
[6.895s] -- Up-to-date: /home/info/ros2_ws/install/my_custom_interfaces/include/my_custom_interfaces/my_custom_interfaces/msg/detail/sensor_status_stamped__rosidl_typesupport_introspection_cpp.hpp
[6.895s] -- Up-to-date: /home/info/ros2_ws/install/my_custom_interfaces/include/my_custom_interfaces/my_custom_interfaces/msg/detail/sensor_status__rosidl_typesupport_introspection_cpp.hpp
[6.895s] -- Up-to-date: /home/info/ros2_ws/install/my_custom_interfaces/include/my_custom_interfaces/my_custom_interfaces/msg/detail/sensor_status_stamped__type_support.cpp
[6.896s] -- Up-to-date: /home/info/ros2_ws/install/my_custom_interfaces/lib/libmy_custom_interfaces__rosidl_typesupport_introspection_cpp.so
[6.903s] -- Up-to-date: /home/info/ros2_ws/install/my_custom_interfaces/lib/libmy_custom_interfaces__rosidl_typesupport_cpp.so
[6.904s] -- Up-to-date: /home/info/ros2_ws/install/my_custom_interfaces/share/my_custom_interfaces/environment/pythonpath.sh
[6.905s] -- Up-to-date: /home/info/ros2_ws/install/my_custom_interfaces/share/my_custom_interfaces/environment/pythonpath.dsv
[6.905s] -- Up-to-date: /home/info/ros2_ws/install/my_custom_interfaces/lib/python3.12/site-packages/my_custom_interfaces-0.0.0-py3.12.egg-info
[6.906s] -- Installing: /home/info/ros2_ws/install/my_custom_interfaces/lib/python3.12/site-packages/my_custom_interfaces-0.0.0-py3.12.egg-info/top_level.txt
[6.907s] -- Installing: /home/info/ros2_ws/install/my_custom_interfaces/lib/python3.12/site-packages/my_custom_interfaces-0.0.0-py3.12.egg-info/dependency_links.txt
[6.907s] -- Installing: /home/info/ros2_ws/install/my_custom_interfaces/lib/python3.12/site-packages/my_custom_interfaces-0.0.0-py3.12.egg-info/SOURCES.txt
[6.908s] -- Installing: /home/info/ros2_ws/install/my_custom_interfaces/lib/python3.12/site-packages/my_custom_interfaces-0.0.0-py3.12.egg-info/PKG-INFO
[6.909s] -- Up-to-date: /home/info/ros2_ws/install/my_custom_interfaces/lib/python3.12/site-packages/my_custom_interfaces
[6.910s] -- Up-to-date: /home/info/ros2_ws/install/my_custom_interfaces/lib/python3.12/site-packages/my_custom_interfaces/_my_custom_interfaces_s.ep.rosidl_typesupport_c.c
[6.910s] -- Up-to-date: /home/info/ros2_ws/install/my_custom_interfaces/lib/python3.12/site-packages/my_custom_interfaces/srv
[6.910s] -- Up-to-date: /home/info/ros2_ws/install/my_custom_interfaces/lib/python3.12/site-packages/my_custom_interfaces/srv/_change_led_color_s.c
[6.911s] -- Up-to-date: /home/info/ros2_ws/install/my_custom_interfaces/lib/python3.12/site-packages/my_custom_interfaces/srv/__init__.py
[6.911s] -- Up-to-date: /home/info/ros2_ws/install/my_custom_interfaces/lib/python3.12/site-packages/my_custom_interfaces/srv/_change_led_color.py
[6.911s] -- Up-to-date: /home/info/ros2_ws/install/my_custom_interfaces/lib/python3.12/site-packages/my_custom_interfaces/msg
[6.911s] -- Up-to-date: /home/info/ros2_ws/install/my_custom_interfaces/lib/python3.12/site-packages/my_custom_interfaces/msg/_sensor_status.py
[6.911s] -- Up-to-date: /home/info/ros2_ws/install/my_custom_interfaces/lib/python3.12/site-packages/my_custom_interfaces/msg/_sensor_status_stamped.py
[6.916s] -- Up-to-date: /home/info/ros2_ws/install/my_custom_interfaces/lib/python3.12/site-packages/my_custom_interfaces/msg/_sensor_status_stamped_s.c
[6.917s] -- Up-to-date: /home/info/ros2_ws/install/my_custom_interfaces/lib/python3.12/site-packages/my_custom_interfaces/msg/_sensor_status_s.c
[6.917s] -- Up-to-date: /home/info/ros2_ws/install/my_custom_interfaces/lib/python3.12/site-packages/my_custom_interfaces/msg/__init__.py
[6.917s] -- Up-to-date: /home/info/ros2_ws/install/my_custom_interfaces/lib/python3.12/site-packages/my_custom_interfaces/_my_custom_interfaces_s.ep.rosidl_typesupport_introspection_c.c
[6.918s] -- Up-to-date: /home/info/ros2_ws/install/my_custom_interfaces/lib/python3.12/site-packages/my_custom_interfaces/__init__.py
[6.918s] -- Up-to-date: /home/info/ros2_ws/install/my_custom_interfaces/lib/python3.12/site-packages/my_custom_interfaces/my_custom_interfaces_s__rosidl_typesupport_introspection_c.so
[6.918s] -- Up-to-date: /home/info/ros2_ws/install/my_custom_interfaces/lib/python3.12/site-packages/my_custom_interfaces/my_custom_interfaces_s__rosidl_typesupport_c.so
[6.919s] -- Up-to-date: /home/info/ros2_ws/install/my_custom_interfaces/lib/python3.12/site-packages/my_custom_interfaces/_my_custom_interfaces_s.ep.rosidl_typesupport_fastrtps_c.c
[6.919s] -- Up-to-date: /home/info/ros2_ws/install/my_custom_interfaces/lib/python3.12/site-packages/my_custom_interfaces/my_custom_interfaces_s__rosidl_typesupport_fastrtps_c.so
[7.187s] Listing '/home/info/ros2_ws/install/my_custom_interfaces/lib/python3.12/site-packages/my_custom_interfaces'...
[7.188s] Listing '/home/info/ros2_ws/install/my_custom_interfaces/lib/python3.12/site-packages/my_custom_interfaces/msg'...
[7.188s] Listing '/home/info/ros2_ws/install/my_custom_interfaces/lib/python3.12/site-packages/my_custom_interfaces/srv'...
[7.209s] -- Up-to-date: /home/info/ros2_ws/install/my_custom_interfaces/lib/python3.12/site-packages/my_custom_interfaces/my_custom_interfaces_s__rosidl_typesupport_fastrtps_c.so
[7.211s] -- Up-to-date: /home/info/ros2_ws/install/my_custom_interfaces/lib/python3.12/site-packages/my_custom_interfaces/my_custom_interfaces_s__rosidl_typesupport_introspection_c.so
[7.214s] -- Up-to-date: /home/info/ros2_ws/install/my_custom_interfaces/lib/python3.12/site-packages/my_custom_interfaces/my_custom_interfaces_s__rosidl_typesupport_c.so
[7.216s] -- Up-to-date: /home/info/ros2_ws/install/my_custom_interfaces/lib/libmy_custom_interfaces__rosidl_generator_py.so
[7.220s] -- Up-to-date: /home/info/ros2_ws/install/my_custom_interfaces/share/my_custom_interfaces/msg/SensorStatus.idl
[7.220s] -- Up-to-date: /home/info/ros2_ws/install/my_custom_interfaces/share/my_custom_interfaces/msg/SensorStatusStamped.idl
[7.220s] -- Up-to-date: /home/info/ros2_ws/install/my_custom_interfaces/share/my_custom_interfaces/srv/ChangeLedColor.idl
[7.220s] -- Up-to-date: /home/info/ros2_ws/install/my_custom_interfaces/share/my_custom_interfaces/msg/SensorStatus.msg
[7.220s] -- Up-to-date: /home/info/ros2_ws/install/my_custom_interfaces/share/my_custom_interfaces/msg/SensorStatusStamped.msg
[7.220s] -- Up-to-date: /home/info/ros2_ws/install/my_custom_interfaces/share/my_custom_interfaces/srv/ChangeLedColor.srv
[7.220s] -- Up-to-date: /home/info/ros2_ws/install/my_custom_interfaces/share/ament_index/resource_index/package_run_dependencies/my_custom_interfaces
[7.221s] -- Up-to-date: /home/info/ros2_ws/install/my_custom_interfaces/share/ament_index/resource_index/parent_prefix_path/my_custom_interfaces
[7.221s] -- Up-to-date: /home/info/ros2_ws/install/my_custom_interfaces/share/my_custom_interfaces/environment/ament_prefix_path.sh
[7.222s] -- Up-to-date: /home/info/ros2_ws/install/my_custom_interfaces/share/my_custom_interfaces/environment/ament_prefix_path.dsv
[7.222s] -- Up-to-date: /home/info/ros2_ws/install/my_custom_interfaces/share/my_custom_interfaces/environment/path.sh
[7.222s] -- Up-to-date: /home/info/ros2_ws/install/my_custom_interfaces/share/my_custom_interfaces/environment/path.dsv
[7.222s] -- Up-to-date: /home/info/ros2_ws/install/my_custom_interfaces/share/my_custom_interfaces/local_setup.bash
[7.231s] -- Up-to-date: /home/info/ros2_ws/install/my_custom_interfaces/share/my_custom_interfaces/local_setup.sh
[7.232s] -- Up-to-date: /home/info/ros2_ws/install/my_custom_interfaces/share/my_custom_interfaces/local_setup.zsh
[7.235s] -- Up-to-date: /home/info/ros2_ws/install/my_custom_interfaces/share/my_custom_interfaces/local_setup.dsv
[7.236s] -- Installing: /home/info/ros2_ws/install/my_custom_interfaces/share/my_custom_interfaces/package.dsv
[7.236s] -- Up-to-date: /home/info/ros2_ws/install/my_custom_interfaces/share/ament_index/resource_index/packages/my_custom_interfaces
[7.236s] -- Up-to-date: /home/info/ros2_ws/install/my_custom_interfaces/share/my_custom_interfaces/cmake/export_my_custom_interfaces__rosidl_generator_cExport.cmake
[7.236s] -- Up-to-date: /home/info/ros2_ws/install/my_custom_interfaces/share/my_custom_interfaces/cmake/export_my_custom_interfaces__rosidl_generator_cExport-noconfig.cmake
[7.237s] -- Up-to-date: /home/info/ros2_ws/install/my_custom_interfaces/share/my_custom_interfaces/cmake/export_my_custom_interfaces__rosidl_typesupport_fastrtps_cExport.cmake
[7.242s] -- Up-to-date: /home/info/ros2_ws/install/my_custom_interfaces/share/my_custom_interfaces/cmake/export_my_custom_interfaces__rosidl_typesupport_fastrtps_cExport-noconfig.cmake
[7.242s] -- Up-to-date: /home/info/ros2_ws/install/my_custom_interfaces/share/my_custom_interfaces/cmake/my_custom_interfaces__rosidl_typesupport_introspection_cExport.cmake
[7.242s] -- Up-to-date: /home/info/ros2_ws/install/my_custom_interfaces/share/my_custom_interfaces/cmake/my_custom_interfaces__rosidl_typesupport_introspection_cExport-noconfig.cmake
[7.242s] -- Up-to-date: /home/info/ros2_ws/install/my_custom_interfaces/share/my_custom_interfaces/cmake/my_custom_interfaces__rosidl_typesupport_cExport.cmake
[7.243s] -- Up-to-date: /home/info/ros2_ws/install/my_custom_interfaces/share/my_custom_interfaces/cmake/my_custom_interfaces__rosidl_typesupport_cExport-noconfig.cmake
[7.243s] -- Up-to-date: /home/info/ros2_ws/install/my_custom_interfaces/share/my_custom_interfaces/cmake/export_my_custom_interfaces__rosidl_generator_cppExport.cmake
[7.243s] -- Up-to-date: /home/info/ros2_ws/install/my_custom_interfaces/share/my_custom_interfaces/cmake/export_my_custom_interfaces__rosidl_typesupport_fastrtps_cppExport.cmake
[7.243s] -- Up-to-date: /home/info/ros2_ws/install/my_custom_interfaces/share/my_custom_interfaces/cmake/export_my_custom_interfaces__rosidl_typesupport_fastrtps_cppExport-noconfig.cmake
[7.244s] -- Up-to-date: /home/info/ros2_ws/install/my_custom_interfaces/share/my_custom_interfaces/cmake/my_custom_interfaces__rosidl_typesupport_introspection_cppExport.cmake
[7.244s] -- Up-to-date: /home/info/ros2_ws/install/my_custom_interfaces/share/my_custom_interfaces/cmake/my_custom_interfaces__rosidl_typesupport_introspection_cppExport-noconfig.cmake
[7.244s] -- Up-to-date: /home/info/ros2_ws/install/my_custom_interfaces/share/my_custom_interfaces/cmake/my_custom_interfaces__rosidl_typesupport_cppExport.cmake
[7.251s] -- Up-to-date: /home/info/ros2_ws/install/my_custom_interfaces/share/my_custom_interfaces/cmake/my_custom_interfaces__rosidl_typesupport_cppExport-noconfig.cmake
[7.251s] -- Up-to-date: /home/info/ros2_ws/install/my_custom_interfaces/share/my_custom_interfaces/cmake/export_my_custom_interfaces__rosidl_generator_pyExport.cmake
[7.251s] -- Up-to-date: /home/info/ros2_ws/install/my_custom_interfaces/share/my_custom_interfaces/cmake/export_my_custom_interfaces__rosidl_generator_pyExport-noconfig.cmake
[7.252s] -- Up-to-date: /home/info/ros2_ws/install/my_custom_interfaces/share/my_custom_interfaces/cmake/rosidl_cmake-extras.cmake
[7.252s] -- Up-to-date: /home/info/ros2_ws/install/my_custom_interfaces/share/my_custom_interfaces/cmake/ament_cmake_export_dependencies-extras.cmake
[7.252s] -- Up-to-date: /home/info/ros2_ws/install/my_custom_interfaces/share/my_custom_interfaces/cmake/ament_cmake_export_include_directories-extras.cmake
[7.252s] -- Up-to-date: /home/info/ros2_ws/install/my_custom_interfaces/share/my_custom_interfaces/cmake/ament_cmake_export_libraries-extras.cmake
[7.252s] -- Up-to-date: /home/info/ros2_ws/install/my_custom_interfaces/share/my_custom_interfaces/cmake/ament_cmake_export_targets-extras.cmake
[7.253s] -- Up-to-date: /home/info/ros2_ws/install/my_custom_interfaces/share/my_custom_interfaces/cmake/rosidl_cmake_export_typesupport_targets-extras.cmake
[7.253s] -- Up-to-date: /home/info/ros2_ws/install/my_custom_interfaces/share/my_custom_interfaces/cmake/rosidl_cmake_export_typesupport_libraries-extras.cmake
[7.253s] -- Up-to-date: /home/info/ros2_ws/install/my_custom_interfaces/share/my_custom_interfaces/cmake/my_custom_interfacesConfig.cmake
[7.253s] -- Up-to-date: /home/info/ros2_ws/install/my_custom_interfaces/share/my_custom_interfaces/cmake/my_custom_interfacesConfig-version.cmake
[7.253s] -- Up-to-date: /home/info/ros2_ws/install/my_custom_interfaces/share/my_custom_interfaces/package.xml
[7.264s] Invoked command in '/home/info/ros2_ws/build/my_custom_interfaces' returned '0': CMAKE_PREFIX_PATH=${CMAKE_PREFIX_PATH}:/home/info/ros2_ws/install/turtle_regulation:/home/info/ros2_ws/install/my_service_pkg:/home/info/ros2_ws/install/my_py_pkg:/home/info/ros2_ws/install/move_turtle:/home/info/ros2_ws/install/move_pose:/opt/ros/jazzy DEBUGINFOD_URLS=https://debuginfod.ubuntu.com /usr/bin/cmake --install /home/info/ros2_ws/build/my_custom_interfaces
