running egg_info
creating ../../../build/move_turtle/move_turtle.egg-info
writing ../../../build/move_turtle/move_turtle.egg-info/PKG-INFO
writing dependency_links to ../../../build/move_turtle/move_turtle.egg-info/dependency_links.txt
writing entry points to ../../../build/move_turtle/move_turtle.egg-info/entry_points.txt
writing requirements to ../../../build/move_turtle/move_turtle.egg-info/requires.txt
writing top-level names to ../../../build/move_turtle/move_turtle.egg-info/top_level.txt
writing manifest file '../../../build/move_turtle/move_turtle.egg-info/SOURCES.txt'
reading manifest file '../../../build/move_turtle/move_turtle.egg-info/SOURCES.txt'
writing manifest file '../../../build/move_turtle/move_turtle.egg-info/SOURCES.txt'
running build
running build_py
creating /home/info/ros2_ws/build/move_turtle/build
creating /home/info/ros2_ws/build/move_turtle/build/lib
creating /home/info/ros2_ws/build/move_turtle/build/lib/move_turtle
copying move_turtle/move_turtle.py -> /home/info/ros2_ws/build/move_turtle/build/lib/move_turtle
copying move_turtle/__init__.py -> /home/info/ros2_ws/build/move_turtle/build/lib/move_turtle
running install
running install_lib
creating /home/info/ros2_ws/install/move_turtle/lib/python3.12/site-packages/move_turtle
copying /home/info/ros2_ws/build/move_turtle/build/lib/move_turtle/move_turtle.py -> /home/info/ros2_ws/install/move_turtle/lib/python3.12/site-packages/move_turtle
copying /home/info/ros2_ws/build/move_turtle/build/lib/move_turtle/__init__.py -> /home/info/ros2_ws/install/move_turtle/lib/python3.12/site-packages/move_turtle
byte-compiling /home/info/ros2_ws/install/move_turtle/lib/python3.12/site-packages/move_turtle/move_turtle.py to move_turtle.cpython-312.pyc
byte-compiling /home/info/ros2_ws/install/move_turtle/lib/python3.12/site-packages/move_turtle/__init__.py to __init__.cpython-312.pyc
running install_data
creating /home/info/ros2_ws/install/move_turtle/share/ament_index
creating /home/info/ros2_ws/install/move_turtle/share/ament_index/resource_index
creating /home/info/ros2_ws/install/move_turtle/share/ament_index/resource_index/packages
copying resource/move_turtle -> /home/info/ros2_ws/install/move_turtle/share/ament_index/resource_index/packages
copying package.xml -> /home/info/ros2_ws/install/move_turtle/share/move_turtle
running install_egg_info
Copying ../../../build/move_turtle/move_turtle.egg-info to /home/info/ros2_ws/install/move_turtle/lib/python3.12/site-packages/move_turtle-0.0.0-py3.12.egg-info
running install_scripts
Installing my_move_square script to /home/info/ros2_ws/install/move_turtle/lib/move_turtle
writing list of installed files to '/home/info/ros2_ws/build/move_turtle/install.log'
