running develop
running egg_info
creating my_service_pkg.egg-info
writing my_service_pkg.egg-info/PKG-INFO
writing dependency_links to my_service_pkg.egg-info/dependency_links.txt
writing entry points to my_service_pkg.egg-info/entry_points.txt
writing requirements to my_service_pkg.egg-info/requires.txt
writing top-level names to my_service_pkg.egg-info/top_level.txt
writing manifest file 'my_service_pkg.egg-info/SOURCES.txt'
reading manifest file 'my_service_pkg.egg-info/SOURCES.txt'
writing manifest file 'my_service_pkg.egg-info/SOURCES.txt'
running build_ext
Creating /home/info/ros2_ws/install/my_service_pkg/lib/python3.12/site-packages/my-service-pkg.egg-link (link to .)
Installing add_two_int_client_no_oop_node script to /home/info/ros2_ws/install/my_service_pkg/lib/my_service_pkg
Installing add_two_int_client_oop_node script to /home/info/ros2_ws/install/my_service_pkg/lib/my_service_pkg
Installing add_two_int_server_node script to /home/info/ros2_ws/install/my_service_pkg/lib/my_service_pkg

Installed /home/info/ros2_ws/build/my_service_pkg
running symlink_data
creating /home/info/ros2_ws/install/my_service_pkg/share/ament_index
creating /home/info/ros2_ws/install/my_service_pkg/share/ament_index/resource_index
creating /home/info/ros2_ws/install/my_service_pkg/share/ament_index/resource_index/packages
symbolically linking /home/info/ros2_ws/build/my_service_pkg/resource/my_service_pkg -> /home/info/ros2_ws/install/my_service_pkg/share/ament_index/resource_index/packages
symbolically linking /home/info/ros2_ws/build/my_service_pkg/package.xml -> /home/info/ros2_ws/install/my_service_pkg/share/my_service_pkg
