[8.264s] Invoking command in '/home/info/ros2_ws/build/my_service_pkg': DEBUGINFOD_URLS=https://debuginfod.ubuntu.com PYTHONPATH=/home/info/ros2_ws/build/my_service_pkg/prefix_override:/usr/lib/python3/dist-packages/colcon_core/task/python/colcon_distutils_commands:/home/info/ros2_ws/install/my_service_pkg/lib/python3.12/site-packages:${PYTHONPATH} /usr/bin/python3 -W ignore:setup.py install is deprecated -W ignore:easy_install command is deprecated setup.py develop --editable --build-directory /home/info/ros2_ws/build/my_service_pkg/build --no-deps symlink_data
[10.746s] running develop
[12.232s] running egg_info
[12.232s] creating my_service_pkg.egg-info
[12.400s] writing my_service_pkg.egg-info/PKG-INFO
[12.400s] writing dependency_links to my_service_pkg.egg-info/dependency_links.txt
[12.401s] writing entry points to my_service_pkg.egg-info/entry_points.txt
[12.401s] writing requirements to my_service_pkg.egg-info/requires.txt
[12.402s] writing top-level names to my_service_pkg.egg-info/top_level.txt
[12.407s] writing manifest file 'my_service_pkg.egg-info/SOURCES.txt'
[12.641s] reading manifest file 'my_service_pkg.egg-info/SOURCES.txt'
[12.643s] writing manifest file 'my_service_pkg.egg-info/SOURCES.txt'
[12.770s] running build_ext
[12.771s] Creating /home/info/ros2_ws/install/my_service_pkg/lib/python3.12/site-packages/my-service-pkg.egg-link (link to .)
[12.773s] Installing add_two_int_client_no_oop_node script to /home/info/ros2_ws/install/my_service_pkg/lib/my_service_pkg
[12.774s] Installing add_two_int_client_oop_node script to /home/info/ros2_ws/install/my_service_pkg/lib/my_service_pkg
[12.774s] Installing add_two_int_server_node script to /home/info/ros2_ws/install/my_service_pkg/lib/my_service_pkg
[12.779s] 
[12.779s] Installed /home/info/ros2_ws/build/my_service_pkg
[12.779s] running symlink_data
[12.780s] creating /home/info/ros2_ws/install/my_service_pkg/share/ament_index
[12.780s] creating /home/info/ros2_ws/install/my_service_pkg/share/ament_index/resource_index
[12.780s] creating /home/info/ros2_ws/install/my_service_pkg/share/ament_index/resource_index/packages
[12.780s] symbolically linking /home/info/ros2_ws/build/my_service_pkg/resource/my_service_pkg -> /home/info/ros2_ws/install/my_service_pkg/share/ament_index/resource_index/packages
[12.781s] symbolically linking /home/info/ros2_ws/build/my_service_pkg/package.xml -> /home/info/ros2_ws/install/my_service_pkg/share/my_service_pkg
[12.868s] Invoked command in '/home/info/ros2_ws/build/my_service_pkg' returned '0': DEBUGINFOD_URLS=https://debuginfod.ubuntu.com PYTHONPATH=/home/info/ros2_ws/build/my_service_pkg/prefix_override:/usr/lib/python3/dist-packages/colcon_core/task/python/colcon_distutils_commands:/home/info/ros2_ws/install/my_service_pkg/lib/python3.12/site-packages:${PYTHONPATH} /usr/bin/python3 -W ignore:setup.py install is deprecated -W ignore:easy_install command is deprecated setup.py develop --editable --build-directory /home/info/ros2_ws/build/my_service_pkg/build --no-deps symlink_data
