[12.675s] Invoking command in '/home/info/ros2_ws/tp_turtle_regulation_Emie/src/move_pose': DEBUGINFOD_URLS=https://debuginfod.ubuntu.com PYTHONPATH=/home/info/ros2_ws/build/move_pose/prefix_override:/usr/lib/python3/dist-packages/colcon_core/task/python/colcon_distutils_commands:/home/info/ros2_ws/install/move_pose/lib/python3.12/site-packages:${PYTHONPATH} /usr/bin/python3 -W ignore:setup.py install is deprecated -W ignore:easy_install command is deprecated setup.py egg_info --egg-base ../../../build/move_pose build --build-base /home/info/ros2_ws/build/move_pose/build install --record /home/info/ros2_ws/build/move_pose/install.log --single-version-externally-managed install_data
[14.370s] running egg_info
[14.456s] writing ../../../build/move_pose/move_pose.egg-info/PKG-INFO
[14.457s] writing dependency_links to ../../../build/move_pose/move_pose.egg-info/dependency_links.txt
[14.460s] writing entry points to ../../../build/move_pose/move_pose.egg-info/entry_points.txt
[14.460s] writing requirements to ../../../build/move_pose/move_pose.egg-info/requires.txt
[14.460s] writing top-level names to ../../../build/move_pose/move_pose.egg-info/top_level.txt
[14.612s] reading manifest file '../../../build/move_pose/move_pose.egg-info/SOURCES.txt'
[14.620s] writing manifest file '../../../build/move_pose/move_pose.egg-info/SOURCES.txt'
[14.620s] running build
[14.620s] running build_py
[14.621s] running install
[14.636s] running install_lib
[14.738s] running install_data
[14.738s] running install_egg_info
[14.834s] removing '/home/info/ros2_ws/install/move_pose/lib/python3.12/site-packages/move_pose-0.0.0-py3.12.egg-info' (and everything under it)
[14.835s] Copying ../../../build/move_pose/move_pose.egg-info to /home/info/ros2_ws/install/move_pose/lib/python3.12/site-packages/move_pose-0.0.0-py3.12.egg-info
[14.846s] running install_scripts
[16.062s] Installing move_circle script to /home/info/ros2_ws/install/move_pose/lib/move_pose
[16.064s] Installing move_teleop script to /home/info/ros2_ws/install/move_pose/lib/move_pose
[16.066s] writing list of installed files to '/home/info/ros2_ws/build/move_pose/install.log'
[16.138s] Invoked command in '/home/info/ros2_ws/tp_turtle_regulation_Emie/src/move_pose' returned '0': DEBUGINFOD_URLS=https://debuginfod.ubuntu.com PYTHONPATH=/home/info/ros2_ws/build/move_pose/prefix_override:/usr/lib/python3/dist-packages/colcon_core/task/python/colcon_distutils_commands:/home/info/ros2_ws/install/move_pose/lib/python3.12/site-packages:${PYTHONPATH} /usr/bin/python3 -W ignore:setup.py install is deprecated -W ignore:easy_install command is deprecated setup.py egg_info --egg-base ../../../build/move_pose build --build-base /home/info/ros2_ws/build/move_pose/build install --record /home/info/ros2_ws/build/move_pose/install.log --single-version-externally-managed install_data
