[7.465s] Invoking command in '/home/info/ros2_ws/build/turtle_interfaces': CMAKE_PREFIX_PATH=${CMAKE_PREFIX_PATH}:/opt/ros/jazzy DEBUGINFOD_URLS=https://debuginfod.ubuntu.com /usr/bin/cmake --build /home/info/ros2_ws/build/turtle_interfaces -- -j6 -l6
[10.052s] [  2%] Built target turtle_interfaces__rosidl_generator_type_description
[10.371s] [  2%] Built target ament_cmake_python_copy_turtle_interfaces
[11.538s] [  5%] Built target turtle_interfaces__cpp
[12.640s] [ 20%] Built target turtle_interfaces__rosidl_generator_c
[14.528s] [ 29%] Built target turtle_interfaces__rosidl_typesupport_fastrtps_cpp
[14.837s] [ 47%] Built target turtle_interfaces__rosidl_typesupport_introspection_cpp
[14.850s] [ 47%] Built target turtle_interfaces__rosidl_typesupport_cpp
[15.275s] running egg_info
[15.351s] [ 55%] Built target turtle_interfaces__rosidl_typesupport_introspection_c
[15.545s] writing turtle_interfaces.egg-info/PKG-INFO
[15.547s] writing dependency_links to turtle_interfaces.egg-info/dependency_links.txt
[15.550s] writing top-level names to turtle_interfaces.egg-info/top_level.txt
[15.566s] [ 64%] Built target turtle_interfaces__rosidl_typesupport_fastrtps_c
[16.026s] [ 73%] Built target turtle_interfaces__rosidl_typesupport_c
[16.182s] reading manifest file 'turtle_interfaces.egg-info/SOURCES.txt'
[16.182s] writing manifest file 'turtle_interfaces.egg-info/SOURCES.txt'
[16.778s] [ 73%] Built target ament_cmake_python_build_turtle_interfaces_egg
[17.125s] [ 73%] Built target turtle_interfaces
[17.455s] [ 76%] Built target turtle_interfaces__py
[18.040s] [ 82%] Built target turtle_interfaces__rosidl_generator_py
[19.360s] [ 88%] Built target turtle_interfaces_s__rosidl_typesupport_fastrtps_c
[19.630s] [ 94%] Built target turtle_interfaces_s__rosidl_typesupport_introspection_c
[20.112s] [100%] Built target turtle_interfaces_s__rosidl_typesupport_c
[20.278s] Invoked command in '/home/info/ros2_ws/build/turtle_interfaces' returned '0': CMAKE_PREFIX_PATH=${CMAKE_PREFIX_PATH}:/opt/ros/jazzy DEBUGINFOD_URLS=https://debuginfod.ubuntu.com /usr/bin/cmake --build /home/info/ros2_ws/build/turtle_interfaces -- -j6 -l6
[20.280s] Invoking command in '/home/info/ros2_ws/build/turtle_interfaces': CMAKE_PREFIX_PATH=${CMAKE_PREFIX_PATH}:/opt/ros/jazzy DEBUGINFOD_URLS=https://debuginfod.ubuntu.com /usr/bin/cmake --install /home/info/ros2_ws/build/turtle_interfaces
[20.452s] -- Install configuration: ""
[20.453s] -- Up-to-date: /home/info/ros2_ws/install/turtle_interfaces/share/ament_index/resource_index/rosidl_interfaces/turtle_interfaces
[20.454s] -- Up-to-date: /home/info/ros2_ws/install/turtle_interfaces/share/turtle_interfaces/srv/SetWayPoint.json
[20.454s] -- Up-to-date: /home/info/ros2_ws/install/turtle_interfaces/include/turtle_interfaces/turtle_interfaces
[20.455s] -- Up-to-date: /home/info/ros2_ws/install/turtle_interfaces/include/turtle_interfaces/turtle_interfaces/srv
[20.456s] -- Up-to-date: /home/info/ros2_ws/install/turtle_interfaces/include/turtle_interfaces/turtle_interfaces/srv/set_way_point.h
[20.456s] -- Up-to-date: /home/info/ros2_ws/install/turtle_interfaces/include/turtle_interfaces/turtle_interfaces/srv/detail
[20.457s] -- Up-to-date: /home/info/ros2_ws/install/turtle_interfaces/include/turtle_interfaces/turtle_interfaces/srv/detail/set_way_point__functions.c
[20.458s] -- Installing: /home/info/ros2_ws/install/turtle_interfaces/include/turtle_interfaces/turtle_interfaces/srv/detail/set_way_point__type_support.c
[20.459s] -- Up-to-date: /home/info/ros2_ws/install/turtle_interfaces/include/turtle_interfaces/turtle_interfaces/srv/detail/set_way_point__description.c
[20.459s] -- Up-to-date: /home/info/ros2_ws/install/turtle_interfaces/include/turtle_interfaces/turtle_interfaces/srv/detail/set_way_point__struct.h
[20.460s] -- Up-to-date: /home/info/ros2_ws/install/turtle_interfaces/include/turtle_interfaces/turtle_interfaces/srv/detail/set_way_point__functions.h
[20.460s] -- Up-to-date: /home/info/ros2_ws/install/turtle_interfaces/include/turtle_interfaces/turtle_interfaces/srv/detail/set_way_point__type_support.h
[20.461s] -- Up-to-date: /home/info/ros2_ws/install/turtle_interfaces/include/turtle_interfaces/turtle_interfaces/msg
[20.462s] -- Up-to-date: /home/info/ros2_ws/install/turtle_interfaces/include/turtle_interfaces/turtle_interfaces/msg/rosidl_generator_c__visibility_control.h
[20.462s] -- Up-to-date: /home/info/ros2_ws/install/turtle_interfaces/share/turtle_interfaces/environment/library_path.sh
[20.464s] -- Up-to-date: /home/info/ros2_ws/install/turtle_interfaces/share/turtle_interfaces/environment/library_path.dsv
[20.466s] -- Up-to-date: /home/info/ros2_ws/install/turtle_interfaces/lib/libturtle_interfaces__rosidl_generator_c.so
[20.494s] -- Up-to-date: /home/info/ros2_ws/install/turtle_interfaces/include/turtle_interfaces/turtle_interfaces
[20.495s] -- Up-to-date: /home/info/ros2_ws/install/turtle_interfaces/include/turtle_interfaces/turtle_interfaces/srv
[20.495s] -- Up-to-date: /home/info/ros2_ws/install/turtle_interfaces/include/turtle_interfaces/turtle_interfaces/srv/detail
[20.495s] -- Up-to-date: /home/info/ros2_ws/install/turtle_interfaces/include/turtle_interfaces/turtle_interfaces/srv/detail/set_way_point__rosidl_typesupport_fastrtps_c.h
[20.496s] -- Up-to-date: /home/info/ros2_ws/install/turtle_interfaces/include/turtle_interfaces/turtle_interfaces/msg
[20.499s] -- Up-to-date: /home/info/ros2_ws/install/turtle_interfaces/include/turtle_interfaces/turtle_interfaces/msg/rosidl_typesupport_fastrtps_c__visibility_control.h
[20.500s] -- Up-to-date: /home/info/ros2_ws/install/turtle_interfaces/lib/libturtle_interfaces__rosidl_typesupport_fastrtps_c.so
[20.522s] -- Up-to-date: /home/info/ros2_ws/install/turtle_interfaces/include/turtle_interfaces/turtle_interfaces
[20.525s] -- Up-to-date: /home/info/ros2_ws/install/turtle_interfaces/include/turtle_interfaces/turtle_interfaces/srv
[20.525s] -- Up-to-date: /home/info/ros2_ws/install/turtle_interfaces/include/turtle_interfaces/turtle_interfaces/srv/detail
[20.525s] -- Up-to-date: /home/info/ros2_ws/install/turtle_interfaces/include/turtle_interfaces/turtle_interfaces/srv/detail/set_way_point__rosidl_typesupport_introspection_c.h
[20.525s] -- Installing: /home/info/ros2_ws/install/turtle_interfaces/include/turtle_interfaces/turtle_interfaces/srv/detail/set_way_point__type_support.c
[20.527s] -- Up-to-date: /home/info/ros2_ws/install/turtle_interfaces/include/turtle_interfaces/turtle_interfaces/msg
[20.527s] -- Up-to-date: /home/info/ros2_ws/install/turtle_interfaces/include/turtle_interfaces/turtle_interfaces/msg/rosidl_typesupport_introspection_c__visibility_control.h
[20.533s] -- Up-to-date: /home/info/ros2_ws/install/turtle_interfaces/lib/libturtle_interfaces__rosidl_typesupport_introspection_c.so
[20.536s] -- Up-to-date: /home/info/ros2_ws/install/turtle_interfaces/lib/libturtle_interfaces__rosidl_typesupport_c.so
[20.538s] -- Up-to-date: /home/info/ros2_ws/install/turtle_interfaces/include/turtle_interfaces/turtle_interfaces
[20.538s] -- Up-to-date: /home/info/ros2_ws/install/turtle_interfaces/include/turtle_interfaces/turtle_interfaces/srv
[20.539s] -- Up-to-date: /home/info/ros2_ws/install/turtle_interfaces/include/turtle_interfaces/turtle_interfaces/srv/detail
[20.539s] -- Up-to-date: /home/info/ros2_ws/install/turtle_interfaces/include/turtle_interfaces/turtle_interfaces/srv/detail/set_way_point__builder.hpp
[20.540s] -- Up-to-date: /home/info/ros2_ws/install/turtle_interfaces/include/turtle_interfaces/turtle_interfaces/srv/detail/set_way_point__type_support.hpp
[20.540s] -- Up-to-date: /home/info/ros2_ws/install/turtle_interfaces/include/turtle_interfaces/turtle_interfaces/srv/detail/set_way_point__traits.hpp
[20.541s] -- Up-to-date: /home/info/ros2_ws/install/turtle_interfaces/include/turtle_interfaces/turtle_interfaces/srv/detail/set_way_point__struct.hpp
[20.541s] -- Up-to-date: /home/info/ros2_ws/install/turtle_interfaces/include/turtle_interfaces/turtle_interfaces/srv/set_way_point.hpp
[20.541s] -- Up-to-date: /home/info/ros2_ws/install/turtle_interfaces/include/turtle_interfaces/turtle_interfaces/msg
[20.546s] -- Up-to-date: /home/info/ros2_ws/install/turtle_interfaces/include/turtle_interfaces/turtle_interfaces/msg/rosidl_generator_cpp__visibility_control.hpp
[20.546s] -- Up-to-date: /home/info/ros2_ws/install/turtle_interfaces/include/turtle_interfaces/turtle_interfaces
[20.546s] -- Up-to-date: /home/info/ros2_ws/install/turtle_interfaces/include/turtle_interfaces/turtle_interfaces/srv
[20.547s] -- Up-to-date: /home/info/ros2_ws/install/turtle_interfaces/include/turtle_interfaces/turtle_interfaces/srv/detail
[20.547s] -- Up-to-date: /home/info/ros2_ws/install/turtle_interfaces/include/turtle_interfaces/turtle_interfaces/srv/detail/dds_fastrtps
[20.551s] -- Up-to-date: /home/info/ros2_ws/install/turtle_interfaces/include/turtle_interfaces/turtle_interfaces/srv/detail/set_way_point__rosidl_typesupport_fastrtps_cpp.hpp
[20.552s] -- Up-to-date: /home/info/ros2_ws/install/turtle_interfaces/include/turtle_interfaces/turtle_interfaces/msg
[20.552s] -- Up-to-date: /home/info/ros2_ws/install/turtle_interfaces/include/turtle_interfaces/turtle_interfaces/msg/rosidl_typesupport_fastrtps_cpp__visibility_control.h
[20.554s] -- Up-to-date: /home/info/ros2_ws/install/turtle_interfaces/lib/libturtle_interfaces__rosidl_typesupport_fastrtps_cpp.so
[20.556s] -- Up-to-date: /home/info/ros2_ws/install/turtle_interfaces/include/turtle_interfaces/turtle_interfaces
[20.556s] -- Up-to-date: /home/info/ros2_ws/install/turtle_interfaces/include/turtle_interfaces/turtle_interfaces/srv
[20.557s] -- Up-to-date: /home/info/ros2_ws/install/turtle_interfaces/include/turtle_interfaces/turtle_interfaces/srv/detail
[20.557s] -- Up-to-date: /home/info/ros2_ws/install/turtle_interfaces/include/turtle_interfaces/turtle_interfaces/srv/detail/set_way_point__rosidl_typesupport_introspection_cpp.hpp
[20.560s] -- Up-to-date: /home/info/ros2_ws/install/turtle_interfaces/include/turtle_interfaces/turtle_interfaces/srv/detail/set_way_point__type_support.cpp
[20.561s] -- Up-to-date: /home/info/ros2_ws/install/turtle_interfaces/lib/libturtle_interfaces__rosidl_typesupport_introspection_cpp.so
[20.565s] -- Up-to-date: /home/info/ros2_ws/install/turtle_interfaces/lib/libturtle_interfaces__rosidl_typesupport_cpp.so
[20.568s] -- Up-to-date: /home/info/ros2_ws/install/turtle_interfaces/share/turtle_interfaces/environment/pythonpath.sh
[20.568s] -- Up-to-date: /home/info/ros2_ws/install/turtle_interfaces/share/turtle_interfaces/environment/pythonpath.dsv
[20.569s] -- Up-to-date: /home/info/ros2_ws/install/turtle_interfaces/lib/python3.12/site-packages/turtle_interfaces-0.0.0-py3.12.egg-info
[20.569s] -- Installing: /home/info/ros2_ws/install/turtle_interfaces/lib/python3.12/site-packages/turtle_interfaces-0.0.0-py3.12.egg-info/top_level.txt
[20.574s] -- Installing: /home/info/ros2_ws/install/turtle_interfaces/lib/python3.12/site-packages/turtle_interfaces-0.0.0-py3.12.egg-info/dependency_links.txt
[20.576s] -- Installing: /home/info/ros2_ws/install/turtle_interfaces/lib/python3.12/site-packages/turtle_interfaces-0.0.0-py3.12.egg-info/SOURCES.txt
[20.578s] -- Installing: /home/info/ros2_ws/install/turtle_interfaces/lib/python3.12/site-packages/turtle_interfaces-0.0.0-py3.12.egg-info/PKG-INFO
[20.579s] -- Up-to-date: /home/info/ros2_ws/install/turtle_interfaces/lib/python3.12/site-packages/turtle_interfaces
[20.580s] -- Up-to-date: /home/info/ros2_ws/install/turtle_interfaces/lib/python3.12/site-packages/turtle_interfaces/turtle_interfaces_s__rosidl_typesupport_c.so
[20.580s] -- Up-to-date: /home/info/ros2_ws/install/turtle_interfaces/lib/python3.12/site-packages/turtle_interfaces/_turtle_interfaces_s.ep.rosidl_typesupport_fastrtps_c.c
[20.580s] -- Up-to-date: /home/info/ros2_ws/install/turtle_interfaces/lib/python3.12/site-packages/turtle_interfaces/_turtle_interfaces_s.ep.rosidl_typesupport_c.c
[20.582s] -- Up-to-date: /home/info/ros2_ws/install/turtle_interfaces/lib/python3.12/site-packages/turtle_interfaces/srv
[20.582s] -- Up-to-date: /home/info/ros2_ws/install/turtle_interfaces/lib/python3.12/site-packages/turtle_interfaces/srv/__init__.py
[20.582s] -- Up-to-date: /home/info/ros2_ws/install/turtle_interfaces/lib/python3.12/site-packages/turtle_interfaces/srv/_set_way_point.py
[20.583s] -- Up-to-date: /home/info/ros2_ws/install/turtle_interfaces/lib/python3.12/site-packages/turtle_interfaces/srv/_set_way_point_s.c
[20.584s] -- Up-to-date: /home/info/ros2_ws/install/turtle_interfaces/lib/python3.12/site-packages/turtle_interfaces/__init__.py
[20.586s] -- Up-to-date: /home/info/ros2_ws/install/turtle_interfaces/lib/python3.12/site-packages/turtle_interfaces/_turtle_interfaces_s.ep.rosidl_typesupport_introspection_c.c
[20.586s] -- Up-to-date: /home/info/ros2_ws/install/turtle_interfaces/lib/python3.12/site-packages/turtle_interfaces/turtle_interfaces_s__rosidl_typesupport_introspection_c.so
[20.586s] -- Up-to-date: /home/info/ros2_ws/install/turtle_interfaces/lib/python3.12/site-packages/turtle_interfaces/turtle_interfaces_s__rosidl_typesupport_fastrtps_c.so
[20.814s] Listing '/home/info/ros2_ws/install/turtle_interfaces/lib/python3.12/site-packages/turtle_interfaces'...
[20.814s] Listing '/home/info/ros2_ws/install/turtle_interfaces/lib/python3.12/site-packages/turtle_interfaces/srv'...
[20.836s] -- Up-to-date: /home/info/ros2_ws/install/turtle_interfaces/lib/python3.12/site-packages/turtle_interfaces/turtle_interfaces_s__rosidl_typesupport_fastrtps_c.so
[20.839s] -- Up-to-date: /home/info/ros2_ws/install/turtle_interfaces/lib/python3.12/site-packages/turtle_interfaces/turtle_interfaces_s__rosidl_typesupport_introspection_c.so
[20.840s] -- Up-to-date: /home/info/ros2_ws/install/turtle_interfaces/lib/python3.12/site-packages/turtle_interfaces/turtle_interfaces_s__rosidl_typesupport_c.so
[20.843s] -- Up-to-date: /home/info/ros2_ws/install/turtle_interfaces/lib/libturtle_interfaces__rosidl_generator_py.so
[20.844s] -- Up-to-date: /home/info/ros2_ws/install/turtle_interfaces/share/turtle_interfaces/srv/SetWayPoint.idl
[20.844s] -- Up-to-date: /home/info/ros2_ws/install/turtle_interfaces/share/turtle_interfaces/srv/SetWayPoint.srv
[20.845s] -- Up-to-date: /home/info/ros2_ws/install/turtle_interfaces/share/ament_index/resource_index/package_run_dependencies/turtle_interfaces
[20.846s] -- Up-to-date: /home/info/ros2_ws/install/turtle_interfaces/share/ament_index/resource_index/parent_prefix_path/turtle_interfaces
[20.846s] -- Up-to-date: /home/info/ros2_ws/install/turtle_interfaces/share/turtle_interfaces/environment/ament_prefix_path.sh
[20.847s] -- Up-to-date: /home/info/ros2_ws/install/turtle_interfaces/share/turtle_interfaces/environment/ament_prefix_path.dsv
[20.848s] -- Up-to-date: /home/info/ros2_ws/install/turtle_interfaces/share/turtle_interfaces/environment/path.sh
[20.849s] -- Up-to-date: /home/info/ros2_ws/install/turtle_interfaces/share/turtle_interfaces/environment/path.dsv
[20.850s] -- Up-to-date: /home/info/ros2_ws/install/turtle_interfaces/share/turtle_interfaces/local_setup.bash
[20.850s] -- Up-to-date: /home/info/ros2_ws/install/turtle_interfaces/share/turtle_interfaces/local_setup.sh
[20.850s] -- Up-to-date: /home/info/ros2_ws/install/turtle_interfaces/share/turtle_interfaces/local_setup.zsh
[20.850s] -- Up-to-date: /home/info/ros2_ws/install/turtle_interfaces/share/turtle_interfaces/local_setup.dsv
[20.850s] -- Installing: /home/info/ros2_ws/install/turtle_interfaces/share/turtle_interfaces/package.dsv
[20.852s] -- Up-to-date: /home/info/ros2_ws/install/turtle_interfaces/share/ament_index/resource_index/packages/turtle_interfaces
[20.852s] -- Up-to-date: /home/info/ros2_ws/install/turtle_interfaces/share/turtle_interfaces/cmake/export_turtle_interfaces__rosidl_generator_cExport.cmake
[20.852s] -- Up-to-date: /home/info/ros2_ws/install/turtle_interfaces/share/turtle_interfaces/cmake/export_turtle_interfaces__rosidl_generator_cExport-noconfig.cmake
[20.853s] -- Up-to-date: /home/info/ros2_ws/install/turtle_interfaces/share/turtle_interfaces/cmake/export_turtle_interfaces__rosidl_typesupport_fastrtps_cExport.cmake
[20.854s] -- Up-to-date: /home/info/ros2_ws/install/turtle_interfaces/share/turtle_interfaces/cmake/export_turtle_interfaces__rosidl_typesupport_fastrtps_cExport-noconfig.cmake
[20.854s] -- Up-to-date: /home/info/ros2_ws/install/turtle_interfaces/share/turtle_interfaces/cmake/turtle_interfaces__rosidl_typesupport_introspection_cExport.cmake
[20.855s] -- Up-to-date: /home/info/ros2_ws/install/turtle_interfaces/share/turtle_interfaces/cmake/turtle_interfaces__rosidl_typesupport_introspection_cExport-noconfig.cmake
[20.855s] -- Up-to-date: /home/info/ros2_ws/install/turtle_interfaces/share/turtle_interfaces/cmake/turtle_interfaces__rosidl_typesupport_cExport.cmake
[20.855s] -- Up-to-date: /home/info/ros2_ws/install/turtle_interfaces/share/turtle_interfaces/cmake/turtle_interfaces__rosidl_typesupport_cExport-noconfig.cmake
[20.856s] -- Up-to-date: /home/info/ros2_ws/install/turtle_interfaces/share/turtle_interfaces/cmake/export_turtle_interfaces__rosidl_generator_cppExport.cmake
[20.857s] -- Up-to-date: /home/info/ros2_ws/install/turtle_interfaces/share/turtle_interfaces/cmake/export_turtle_interfaces__rosidl_typesupport_fastrtps_cppExport.cmake
[20.857s] -- Up-to-date: /home/info/ros2_ws/install/turtle_interfaces/share/turtle_interfaces/cmake/export_turtle_interfaces__rosidl_typesupport_fastrtps_cppExport-noconfig.cmake
[20.858s] -- Up-to-date: /home/info/ros2_ws/install/turtle_interfaces/share/turtle_interfaces/cmake/turtle_interfaces__rosidl_typesupport_introspection_cppExport.cmake
[20.858s] -- Up-to-date: /home/info/ros2_ws/install/turtle_interfaces/share/turtle_interfaces/cmake/turtle_interfaces__rosidl_typesupport_introspection_cppExport-noconfig.cmake
[20.858s] -- Up-to-date: /home/info/ros2_ws/install/turtle_interfaces/share/turtle_interfaces/cmake/turtle_interfaces__rosidl_typesupport_cppExport.cmake
[20.859s] -- Up-to-date: /home/info/ros2_ws/install/turtle_interfaces/share/turtle_interfaces/cmake/turtle_interfaces__rosidl_typesupport_cppExport-noconfig.cmake
[20.859s] -- Up-to-date: /home/info/ros2_ws/install/turtle_interfaces/share/turtle_interfaces/cmake/export_turtle_interfaces__rosidl_generator_pyExport.cmake
[20.864s] -- Up-to-date: /home/info/ros2_ws/install/turtle_interfaces/share/turtle_interfaces/cmake/export_turtle_interfaces__rosidl_generator_pyExport-noconfig.cmake
[20.864s] -- Up-to-date: /home/info/ros2_ws/install/turtle_interfaces/share/turtle_interfaces/cmake/rosidl_cmake-extras.cmake
[20.864s] -- Up-to-date: /home/info/ros2_ws/install/turtle_interfaces/share/turtle_interfaces/cmake/ament_cmake_export_dependencies-extras.cmake
[20.864s] -- Up-to-date: /home/info/ros2_ws/install/turtle_interfaces/share/turtle_interfaces/cmake/ament_cmake_export_include_directories-extras.cmake
[20.864s] -- Up-to-date: /home/info/ros2_ws/install/turtle_interfaces/share/turtle_interfaces/cmake/ament_cmake_export_libraries-extras.cmake
[20.864s] -- Up-to-date: /home/info/ros2_ws/install/turtle_interfaces/share/turtle_interfaces/cmake/ament_cmake_export_targets-extras.cmake
[20.865s] -- Up-to-date: /home/info/ros2_ws/install/turtle_interfaces/share/turtle_interfaces/cmake/rosidl_cmake_export_typesupport_targets-extras.cmake
[20.865s] -- Up-to-date: /home/info/ros2_ws/install/turtle_interfaces/share/turtle_interfaces/cmake/rosidl_cmake_export_typesupport_libraries-extras.cmake
[20.865s] -- Up-to-date: /home/info/ros2_ws/install/turtle_interfaces/share/turtle_interfaces/cmake/turtle_interfacesConfig.cmake
[20.865s] -- Up-to-date: /home/info/ros2_ws/install/turtle_interfaces/share/turtle_interfaces/cmake/turtle_interfacesConfig-version.cmake
[20.865s] -- Up-to-date: /home/info/ros2_ws/install/turtle_interfaces/share/turtle_interfaces/package.xml
[20.909s] Invoked command in '/home/info/ros2_ws/build/turtle_interfaces' returned '0': CMAKE_PREFIX_PATH=${CMAKE_PREFIX_PATH}:/opt/ros/jazzy DEBUGINFOD_URLS=https://debuginfod.ubuntu.com /usr/bin/cmake --install /home/info/ros2_ws/build/turtle_interfaces
